{"C:\\Users\\User\\Desktop\\ELPIS\\interface\\web\\src\\App.jsx": {"path":"C:\\Users\\User\\Desktop\\ELPIS\\interface\\web\\src\\App.jsx","statementMap":{"0":{"start":{"line":12,"column":6},"end":{"line":12,"column":null}},"1":{"start":{"line":12,"column":29},"end":{"line":12,"column":null}},"2":{"start":{"line":13,"column":6},"end":{"line":13,"column":null}},"3":{"start":{"line":13,"column":36},"end":{"line":13,"column":null}},"4":{"start":{"line":14,"column":6},"end":{"line":14,"column":null}},"5":{"start":{"line":14,"column":36},"end":{"line":14,"column":null}},"6":{"start":{"line":15,"column":6},"end":{"line":15,"column":null}},"7":{"start":{"line":15,"column":32},"end":{"line":15,"column":null}},"8":{"start":{"line":16,"column":6},"end":{"line":16,"column":null}},"9":{"start":{"line":16,"column":40},"end":{"line":16,"column":null}},"10":{"start":{"line":17,"column":6},"end":{"line":17,"column":null}},"11":{"start":{"line":17,"column":41},"end":{"line":17,"column":null}},"12":{"start":{"line":21,"column":6},"end":{"line":26,"column":null}},"13":{"start":{"line":22,"column":2},"end":{"line":26,"column":null}},"14":{"start":{"line":30,"column":16},"end":{"line":30,"column":null}},"15":{"start":{"line":31,"column":27},"end":{"line":31,"column":null}},"16":{"start":{"line":32,"column":25},"end":{"line":32,"column":null}},"17":{"start":{"line":33,"column":10},"end":{"line":33,"column":null}},"18":{"start":{"line":35,"column":93},"end":{"line":35,"column":null}},"19":{"start":{"line":37,"column":2},"end":{"line":49,"column":null}},"20":{"start":{"line":38,"column":4},"end":{"line":38,"column":null}},"21":{"start":{"line":39,"column":4},"end":{"line":43,"column":null}},"22":{"start":{"line":40,"column":6},"end":{"line":40,"column":null}},"23":{"start":{"line":42,"column":6},"end":{"line":42,"column":null}},"24":{"start":{"line":46,"column":4},"end":{"line":48,"column":null}},"25":{"start":{"line":47,"column":6},"end":{"line":47,"column":null}},"26":{"start":{"line":51,"column":2},"end":{"line":53,"column":null}},"27":{"start":{"line":52,"column":4},"end":{"line":52,"column":null}},"28":{"start":{"line":55,"column":2},"end":{"line":57,"column":null}},"29":{"start":{"line":56,"column":4},"end":{"line":56,"column":null}},"30":{"start":{"line":56,"column":15},"end":{"line":56,"column":null}},"31":{"start":{"line":61,"column":2},"end":{"line":78,"column":null}},"32":{"start":{"line":62,"column":4},"end":{"line":77,"column":null}},"33":{"start":{"line":63,"column":20},"end":{"line":63,"column":null}},"34":{"start":{"line":64,"column":27},"end":{"line":64,"column":null}},"35":{"start":{"line":66,"column":6},"end":{"line":76,"column":null}},"36":{"start":{"line":67,"column":8},"end":{"line":74,"column":null}},"37":{"start":{"line":68,"column":10},"end":{"line":71,"column":null}},"38":{"start":{"line":73,"column":10},"end":{"line":73,"column":null}},"39":{"start":{"line":75,"column":8},"end":{"line":75,"column":null}},"40":{"start":{"line":81,"column":8},"end":{"line":100,"column":null}},"41":{"start":{"line":82,"column":4},"end":{"line":82,"column":null}},"42":{"start":{"line":82,"column":22},"end":{"line":82,"column":null}},"43":{"start":{"line":83,"column":14},"end":{"line":83,"column":17}},"44":{"start":{"line":83,"column":28},"end":{"line":83,"column":31}},"45":{"start":{"line":83,"column":36},"end":{"line":83,"column":39}},"46":{"start":{"line":83,"column":44},"end":{"line":83,"column":47}},"47":{"start":{"line":83,"column":52},"end":{"line":83,"column":null}},"48":{"start":{"line":84,"column":20},"end":{"line":84,"column":null}},"49":{"start":{"line":85,"column":4},"end":{"line":98,"column":null}},"50":{"start":{"line":86,"column":6},"end":{"line":97,"column":null}},"51":{"start":{"line":87,"column":8},"end":{"line":87,"column":null}},"52":{"start":{"line":88,"column":8},"end":{"line":96,"column":null}},"53":{"start":{"line":89,"column":10},"end":{"line":89,"column":null}},"54":{"start":{"line":90,"column":10},"end":{"line":95,"column":null}},"55":{"start":{"line":91,"column":12},"end":{"line":91,"column":null}},"56":{"start":{"line":92,"column":12},"end":{"line":92,"column":null}},"57":{"start":{"line":93,"column":12},"end":{"line":93,"column":null}},"58":{"start":{"line":94,"column":12},"end":{"line":94,"column":null}},"59":{"start":{"line":99,"column":4},"end":{"line":99,"column":null}},"60":{"start":{"line":106,"column":8},"end":{"line":115,"column":null}},"61":{"start":{"line":107,"column":20},"end":{"line":107,"column":null}},"62":{"start":{"line":108,"column":31},"end":{"line":108,"column":null}},"63":{"start":{"line":109,"column":4},"end":{"line":109,"column":null}},"64":{"start":{"line":110,"column":4},"end":{"line":110,"column":null}},"65":{"start":{"line":111,"column":4},"end":{"line":111,"column":null}},"66":{"start":{"line":112,"column":4},"end":{"line":112,"column":null}},"67":{"start":{"line":113,"column":4},"end":{"line":113,"column":null}},"68":{"start":{"line":114,"column":4},"end":{"line":114,"column":null}},"69":{"start":{"line":117,"column":8},"end":{"line":136,"column":null}},"70":{"start":{"line":118,"column":17},"end":{"line":118,"column":null}},"71":{"start":{"line":119,"column":4},"end":{"line":119,"column":null}},"72":{"start":{"line":119,"column":15},"end":{"line":119,"column":null}},"73":{"start":{"line":120,"column":19},"end":{"line":120,"column":null}},"74":{"start":{"line":121,"column":4},"end":{"line":133,"column":null}},"75":{"start":{"line":122,"column":6},"end":{"line":132,"column":null}},"76":{"start":{"line":123,"column":21},"end":{"line":123,"column":null}},"77":{"start":{"line":124,"column":8},"end":{"line":129,"column":null}},"78":{"start":{"line":125,"column":10},"end":{"line":125,"column":null}},"79":{"start":{"line":126,"column":10},"end":{"line":126,"column":null}},"80":{"start":{"line":128,"column":10},"end":{"line":128,"column":null}},"81":{"start":{"line":131,"column":8},"end":{"line":131,"column":null}},"82":{"start":{"line":134,"column":4},"end":{"line":134,"column":null}},"83":{"start":{"line":135,"column":4},"end":{"line":135,"column":null}},"84":{"start":{"line":138,"column":29},"end":{"line":153,"column":null}},"85":{"start":{"line":139,"column":4},"end":{"line":152,"column":null}},"86":{"start":{"line":140,"column":6},"end":{"line":151,"column":null}},"87":{"start":{"line":141,"column":8},"end":{"line":150,"column":null}},"88":{"start":{"line":142,"column":30},"end":{"line":142,"column":null}},"89":{"start":{"line":143,"column":10},"end":{"line":143,"column":null}},"90":{"start":{"line":144,"column":29},"end":{"line":144,"column":null}},"91":{"start":{"line":145,"column":10},"end":{"line":145,"column":null}},"92":{"start":{"line":146,"column":10},"end":{"line":146,"column":null}},"93":{"start":{"line":147,"column":10},"end":{"line":147,"column":null}},"94":{"start":{"line":147,"column":27},"end":{"line":147,"column":53}},"95":{"start":{"line":149,"column":10},"end":{"line":149,"column":null}},"96":{"start":{"line":155,"column":2},"end":{"line":160,"column":null}},"97":{"start":{"line":155,"column":15},"end":{"line":160,"column":null}},"98":{"start":{"line":163,"column":8},"end":{"line":166,"column":null}},"99":{"start":{"line":164,"column":4},"end":{"line":164,"column":null}},"100":{"start":{"line":165,"column":4},"end":{"line":165,"column":null}},"101":{"start":{"line":168,"column":2},"end":{"line":558,"column":null}},"102":{"start":{"line":177,"column":25},"end":{"line":177,"column":null}},"103":{"start":{"line":186,"column":23},"end":{"line":186,"column":null}},"104":{"start":{"line":192,"column":10},"end":{"line":192,"column":null}},"105":{"start":{"line":193,"column":10},"end":{"line":193,"column":null}},"106":{"start":{"line":287,"column":18},"end":{"line":291,"column":null}},"107":{"start":{"line":313,"column":37},"end":{"line":313,"column":null}},"108":{"start":{"line":326,"column":39},"end":{"line":326,"column":null}},"109":{"start":{"line":344,"column":39},"end":{"line":344,"column":null}},"110":{"start":{"line":358,"column":39},"end":{"line":358,"column":null}},"111":{"start":{"line":369,"column":39},"end":{"line":369,"column":null}},"112":{"start":{"line":395,"column":39},"end":{"line":395,"column":null}},"113":{"start":{"line":411,"column":39},"end":{"line":411,"column":null}},"114":{"start":{"line":424,"column":39},"end":{"line":424,"column":null}},"115":{"start":{"line":455,"column":22},"end":{"line":467,"column":null}},"116":{"start":{"line":462,"column":43},"end":{"line":462,"column":null}},"117":{"start":{"line":515,"column":41},"end":{"line":515,"column":87}},"118":{"start":{"line":515,"column":87},"end":{"line":515,"column":123}},"119":{"start":{"line":516,"column":40},"end":{"line":516,"column":101}},"120":{"start":{"line":516,"column":101},"end":{"line":516,"column":140}},"121":{"start":{"line":563,"column":2},"end":{"line":566,"column":null}}},"fnMap":{"0":{"name":"(anonymous_0)","decl":{"start":{"line":12,"column":18},"end":{"line":12,"column":29}},"loc":{"start":{"line":12,"column":29},"end":{"line":12,"column":null}},"line":12},"1":{"name":"(anonymous_1)","decl":{"start":{"line":13,"column":25},"end":{"line":13,"column":36}},"loc":{"start":{"line":13,"column":36},"end":{"line":13,"column":null}},"line":13},"2":{"name":"(anonymous_2)","decl":{"start":{"line":14,"column":25},"end":{"line":14,"column":36}},"loc":{"start":{"line":14,"column":36},"end":{"line":14,"column":null}},"line":14},"3":{"name":"(anonymous_3)","decl":{"start":{"line":15,"column":21},"end":{"line":15,"column":32}},"loc":{"start":{"line":15,"column":32},"end":{"line":15,"column":null}},"line":15},"4":{"name":"(anonymous_4)","decl":{"start":{"line":16,"column":29},"end":{"line":16,"column":40}},"loc":{"start":{"line":16,"column":40},"end":{"line":16,"column":null}},"line":16},"5":{"name":"(anonymous_5)","decl":{"start":{"line":17,"column":30},"end":{"line":17,"column":41}},"loc":{"start":{"line":17,"column":41},"end":{"line":17,"column":null}},"line":17},"6":{"name":"(anonymous_6)","decl":{"start":{"line":21,"column":6},"end":{"line":21,"column":null}},"loc":{"start":{"line":22,"column":2},"end":{"line":26,"column":null}},"line":22},"7":{"name":"AppInner","decl":{"start":{"line":29,"column":9},"end":{"line":29,"column":20}},"loc":{"start":{"line":29,"column":20},"end":{"line":560,"column":null}},"line":29},"8":{"name":"(anonymous_8)","decl":{"start":{"line":37,"column":2},"end":{"line":37,"column":18}},"loc":{"start":{"line":37,"column":18},"end":{"line":49,"column":5}},"line":37},"9":{"name":"(anonymous_9)","decl":{"start":{"line":51,"column":2},"end":{"line":51,"column":18}},"loc":{"start":{"line":51,"column":18},"end":{"line":53,"column":5}},"line":51},"10":{"name":"(anonymous_10)","decl":{"start":{"line":55,"column":2},"end":{"line":55,"column":18}},"loc":{"start":{"line":55,"column":18},"end":{"line":57,"column":5}},"line":55},"11":{"name":"(anonymous_11)","decl":{"start":{"line":61,"column":2},"end":{"line":61,"column":18}},"loc":{"start":{"line":61,"column":18},"end":{"line":78,"column":5}},"line":61},"12":{"name":"(anonymous_12)","decl":{"start":{"line":81,"column":25},"end":{"line":81,"column":39}},"loc":{"start":{"line":81,"column":39},"end":{"line":100,"column":5}},"line":81},"13":{"name":"(anonymous_13)","decl":{"start":{"line":85,"column":26},"end":{"line":85,"column":34}},"loc":{"start":{"line":85,"column":39},"end":{"line":98,"column":5}},"line":85},"14":{"name":"(anonymous_14)","decl":{"start":{"line":86,"column":19},"end":{"line":86,"column":27}},"loc":{"start":{"line":86,"column":32},"end":{"line":97,"column":7}},"line":86},"15":{"name":"(anonymous_15)","decl":{"start":{"line":88,"column":15},"end":{"line":88,"column":23}},"loc":{"start":{"line":88,"column":28},"end":{"line":96,"column":9}},"line":88},"16":{"name":"(anonymous_16)","decl":{"start":{"line":90,"column":22},"end":{"line":90,"column":30}},"loc":{"start":{"line":90,"column":35},"end":{"line":95,"column":11}},"line":90},"17":{"name":"(anonymous_17)","decl":{"start":{"line":106,"column":8},"end":{"line":106,"column":31}},"loc":{"start":{"line":106,"column":31},"end":{"line":115,"column":null}},"line":106},"18":{"name":"(anonymous_18)","decl":{"start":{"line":117,"column":8},"end":{"line":117,"column":30}},"loc":{"start":{"line":117,"column":40},"end":{"line":136,"column":null}},"line":117},"19":{"name":"(anonymous_19)","decl":{"start":{"line":121,"column":11},"end":{"line":121,"column":21}},"loc":{"start":{"line":121,"column":27},"end":{"line":133,"column":null}},"line":121},"20":{"name":"(anonymous_20)","decl":{"start":{"line":138,"column":29},"end":{"line":138,"column":41}},"loc":{"start":{"line":138,"column":41},"end":{"line":153,"column":null}},"line":138},"21":{"name":"(anonymous_21)","decl":{"start":{"line":147,"column":10},"end":{"line":147,"column":27}},"loc":{"start":{"line":147,"column":27},"end":{"line":147,"column":53}},"line":147},"22":{"name":"(anonymous_22)","decl":{"start":{"line":163,"column":8},"end":{"line":163,"column":38}},"loc":{"start":{"line":163,"column":38},"end":{"line":166,"column":null}},"line":163},"23":{"name":"(anonymous_23)","decl":{"start":{"line":177,"column":10},"end":{"line":177,"column":25}},"loc":{"start":{"line":177,"column":25},"end":{"line":177,"column":null}},"line":177},"24":{"name":"(anonymous_24)","decl":{"start":{"line":186,"column":8},"end":{"line":186,"column":23}},"loc":{"start":{"line":186,"column":23},"end":{"line":186,"column":null}},"line":186},"25":{"name":"(anonymous_25)","decl":{"start":{"line":191,"column":8},"end":{"line":191,"column":23}},"loc":{"start":{"line":191,"column":29},"end":{"line":194,"column":null}},"line":191},"26":{"name":"(anonymous_26)","decl":{"start":{"line":286,"column":18},"end":{"line":286,"column":23}},"loc":{"start":{"line":287,"column":18},"end":{"line":291,"column":null}},"line":287},"27":{"name":"(anonymous_27)","decl":{"start":{"line":313,"column":22},"end":{"line":313,"column":32}},"loc":{"start":{"line":313,"column":37},"end":{"line":313,"column":null}},"line":313},"28":{"name":"(anonymous_28)","decl":{"start":{"line":326,"column":24},"end":{"line":326,"column":34}},"loc":{"start":{"line":326,"column":39},"end":{"line":326,"column":null}},"line":326},"29":{"name":"(anonymous_29)","decl":{"start":{"line":344,"column":24},"end":{"line":344,"column":34}},"loc":{"start":{"line":344,"column":39},"end":{"line":344,"column":null}},"line":344},"30":{"name":"(anonymous_30)","decl":{"start":{"line":358,"column":24},"end":{"line":358,"column":34}},"loc":{"start":{"line":358,"column":39},"end":{"line":358,"column":null}},"line":358},"31":{"name":"(anonymous_31)","decl":{"start":{"line":369,"column":24},"end":{"line":369,"column":34}},"loc":{"start":{"line":369,"column":39},"end":{"line":369,"column":null}},"line":369},"32":{"name":"(anonymous_32)","decl":{"start":{"line":395,"column":24},"end":{"line":395,"column":34}},"loc":{"start":{"line":395,"column":39},"end":{"line":395,"column":null}},"line":395},"33":{"name":"(anonymous_33)","decl":{"start":{"line":411,"column":24},"end":{"line":411,"column":34}},"loc":{"start":{"line":411,"column":39},"end":{"line":411,"column":null}},"line":411},"34":{"name":"(anonymous_34)","decl":{"start":{"line":424,"column":24},"end":{"line":424,"column":34}},"loc":{"start":{"line":424,"column":39},"end":{"line":424,"column":null}},"line":424},"35":{"name":"(anonymous_35)","decl":{"start":{"line":454,"column":22},"end":{"line":454,"column":26}},"loc":{"start":{"line":455,"column":22},"end":{"line":467,"column":null}},"line":455},"36":{"name":"(anonymous_36)","decl":{"start":{"line":462,"column":28},"end":{"line":462,"column":38}},"loc":{"start":{"line":462,"column":43},"end":{"line":462,"column":null}},"line":462},"37":{"name":"(anonymous_37)","decl":{"start":{"line":515,"column":22},"end":{"line":515,"column":35}},"loc":{"start":{"line":515,"column":40},"end":{"line":515,"column":null}},"line":515},"38":{"name":"(anonymous_38)","decl":{"start":{"line":516,"column":22},"end":{"line":516,"column":34}},"loc":{"start":{"line":516,"column":39},"end":{"line":516,"column":null}},"line":516},"39":{"name":"App","decl":{"start":{"line":562,"column":9},"end":{"line":562,"column":15}},"loc":{"start":{"line":562,"column":15},"end":{"line":568,"column":null}},"line":562}},"branchMap":{"0":{"loc":{"start":{"line":30,"column":37},"end":{"line":30,"column":76}},"type":"binary-expr","locations":[{"start":{"line":30,"column":37},"end":{"line":30,"column":70}},{"start":{"line":30,"column":70},"end":{"line":30,"column":76}}],"line":30},"1":{"loc":{"start":{"line":39,"column":4},"end":{"line":43,"column":null}},"type":"if","locations":[{"start":{"line":39,"column":4},"end":{"line":43,"column":null}},{"start":{"line":41,"column":11},"end":{"line":43,"column":null}}],"line":39},"2":{"loc":{"start":{"line":46,"column":4},"end":{"line":48,"column":null}},"type":"if","locations":[{"start":{"line":46,"column":4},"end":{"line":48,"column":null}},{"start":{},"end":{}}],"line":46},"3":{"loc":{"start":{"line":46,"column":8},"end":{"line":46,"column":75}},"type":"binary-expr","locations":[{"start":{"line":46,"column":8},"end":{"line":46,"column":36}},{"start":{"line":46,"column":36},"end":{"line":46,"column":75}}],"line":46},"4":{"loc":{"start":{"line":56,"column":4},"end":{"line":56,"column":null}},"type":"if","locations":[{"start":{"line":56,"column":4},"end":{"line":56,"column":null}},{"start":{},"end":{}}],"line":56},"5":{"loc":{"start":{"line":62,"column":4},"end":{"line":77,"column":null}},"type":"if","locations":[{"start":{"line":62,"column":4},"end":{"line":77,"column":null}},{"start":{},"end":{}}],"line":62},"6":{"loc":{"start":{"line":62,"column":8},"end":{"line":62,"column":100}},"type":"binary-expr","locations":[{"start":{"line":62,"column":8},"end":{"line":62,"column":33}},{"start":{"line":62,"column":33},"end":{"line":62,"column":61}},{"start":{"line":62,"column":61},"end":{"line":62,"column":100}}],"line":62},"7":{"loc":{"start":{"line":66,"column":6},"end":{"line":76,"column":null}},"type":"if","locations":[{"start":{"line":66,"column":6},"end":{"line":76,"column":null}},{"start":{},"end":{}}],"line":66},"8":{"loc":{"start":{"line":82,"column":4},"end":{"line":82,"column":null}},"type":"if","locations":[{"start":{"line":82,"column":4},"end":{"line":82,"column":null}},{"start":{},"end":{}}],"line":82},"9":{"loc":{"start":{"line":92,"column":18},"end":{"line":92,"column":null}},"type":"binary-expr","locations":[{"start":{"line":92,"column":18},"end":{"line":92,"column":39}},{"start":{"line":92,"column":39},"end":{"line":92,"column":null}}],"line":92},"10":{"loc":{"start":{"line":93,"column":18},"end":{"line":93,"column":null}},"type":"binary-expr","locations":[{"start":{"line":93,"column":18},"end":{"line":93,"column":39}},{"start":{"line":93,"column":39},"end":{"line":93,"column":null}}],"line":93},"11":{"loc":{"start":{"line":94,"column":18},"end":{"line":94,"column":null}},"type":"binary-expr","locations":[{"start":{"line":94,"column":18},"end":{"line":94,"column":39}},{"start":{"line":94,"column":39},"end":{"line":94,"column":null}}],"line":94},"12":{"loc":{"start":{"line":119,"column":4},"end":{"line":119,"column":null}},"type":"if","locations":[{"start":{"line":119,"column":4},"end":{"line":119,"column":null}},{"start":{},"end":{}}],"line":119},"13":{"loc":{"start":{"line":124,"column":8},"end":{"line":129,"column":null}},"type":"if","locations":[{"start":{"line":124,"column":8},"end":{"line":129,"column":null}},{"start":{"line":127,"column":15},"end":{"line":129,"column":null}}],"line":124},"14":{"loc":{"start":{"line":124,"column":12},"end":{"line":124,"column":45}},"type":"binary-expr","locations":[{"start":{"line":124,"column":12},"end":{"line":124,"column":29}},{"start":{"line":124,"column":29},"end":{"line":124,"column":45}}],"line":124},"15":{"loc":{"start":{"line":139,"column":4},"end":{"line":152,"column":null}},"type":"if","locations":[{"start":{"line":139,"column":4},"end":{"line":152,"column":null}},{"start":{},"end":{}}],"line":139},"16":{"loc":{"start":{"line":140,"column":6},"end":{"line":151,"column":null}},"type":"if","locations":[{"start":{"line":140,"column":6},"end":{"line":151,"column":null}},{"start":{},"end":{}}],"line":140},"17":{"loc":{"start":{"line":155,"column":2},"end":{"line":160,"column":null}},"type":"if","locations":[{"start":{"line":155,"column":2},"end":{"line":160,"column":null}},{"start":{},"end":{}}],"line":155},"18":{"loc":{"start":{"line":170,"column":7},"end":{"line":170,"column":null}},"type":"binary-expr","locations":[{"start":{"line":170,"column":7},"end":{"line":170,"column":25}},{"start":{"line":170,"column":25},"end":{"line":170,"column":null}}],"line":170},"19":{"loc":{"start":{"line":185,"column":37},"end":{"line":185,"column":null}},"type":"cond-expr","locations":[{"start":{"line":185,"column":56},"end":{"line":185,"column":67}},{"start":{"line":185,"column":67},"end":{"line":185,"column":null}}],"line":185},"20":{"loc":{"start":{"line":197,"column":16},"end":{"line":197,"column":null}},"type":"binary-expr","locations":[{"start":{"line":197,"column":16},"end":{"line":197,"column":41}},{"start":{"line":197,"column":41},"end":{"line":197,"column":null}}],"line":197},"21":{"loc":{"start":{"line":204,"column":11},"end":{"line":205,"column":null}},"type":"binary-expr","locations":[{"start":{"line":204,"column":11},"end":{"line":204,"column":null}},{"start":{"line":205,"column":12},"end":{"line":205,"column":null}}],"line":204},"22":{"loc":{"start":{"line":208,"column":11},"end":{"line":219,"column":null}},"type":"binary-expr","locations":[{"start":{"line":208,"column":11},"end":{"line":208,"column":null}},{"start":{"line":209,"column":12},"end":{"line":219,"column":null}}],"line":208},"23":{"loc":{"start":{"line":222,"column":11},"end":{"line":233,"column":null}},"type":"binary-expr","locations":[{"start":{"line":222,"column":11},"end":{"line":222,"column":null}},{"start":{"line":223,"column":12},"end":{"line":233,"column":null}}],"line":222},"24":{"loc":{"start":{"line":236,"column":11},"end":{"line":247,"column":null}},"type":"binary-expr","locations":[{"start":{"line":236,"column":11},"end":{"line":236,"column":null}},{"start":{"line":237,"column":12},"end":{"line":247,"column":null}}],"line":236},"25":{"loc":{"start":{"line":250,"column":11},"end":{"line":261,"column":null}},"type":"binary-expr","locations":[{"start":{"line":250,"column":11},"end":{"line":250,"column":null}},{"start":{"line":251,"column":12},"end":{"line":261,"column":null}}],"line":250},"26":{"loc":{"start":{"line":264,"column":11},"end":{"line":523,"column":null}},"type":"binary-expr","locations":[{"start":{"line":264,"column":11},"end":{"line":264,"column":null}},{"start":{"line":265,"column":12},"end":{"line":523,"column":null}}],"line":264},"27":{"loc":{"start":{"line":308,"column":89},"end":{"line":308,"column":114}},"type":"binary-expr","locations":[{"start":{"line":308,"column":89},"end":{"line":308,"column":111}},{"start":{"line":308,"column":111},"end":{"line":308,"column":114}}],"line":308},"28":{"loc":{"start":{"line":312,"column":29},"end":{"line":312,"column":null}},"type":"binary-expr","locations":[{"start":{"line":312,"column":29},"end":{"line":312,"column":51}},{"start":{"line":312,"column":51},"end":{"line":312,"column":null}}],"line":312},"29":{"loc":{"start":{"line":313,"column":72},"end":{"line":313,"column":104}},"type":"binary-expr","locations":[{"start":{"line":313,"column":72},"end":{"line":313,"column":102}},{"start":{"line":313,"column":102},"end":{"line":313,"column":104}}],"line":313},"30":{"loc":{"start":{"line":325,"column":31},"end":{"line":325,"column":null}},"type":"binary-expr","locations":[{"start":{"line":325,"column":31},"end":{"line":325,"column":52}},{"start":{"line":325,"column":52},"end":{"line":325,"column":null}}],"line":325},"31":{"loc":{"start":{"line":326,"column":73},"end":{"line":326,"column":103}},"type":"binary-expr","locations":[{"start":{"line":326,"column":73},"end":{"line":326,"column":101}},{"start":{"line":326,"column":101},"end":{"line":326,"column":103}}],"line":326},"32":{"loc":{"start":{"line":343,"column":31},"end":{"line":343,"column":null}},"type":"binary-expr","locations":[{"start":{"line":343,"column":31},"end":{"line":343,"column":64}},{"start":{"line":343,"column":64},"end":{"line":343,"column":null}}],"line":343},"33":{"loc":{"start":{"line":357,"column":31},"end":{"line":357,"column":null}},"type":"binary-expr","locations":[{"start":{"line":357,"column":31},"end":{"line":357,"column":50}},{"start":{"line":357,"column":50},"end":{"line":357,"column":null}}],"line":357},"34":{"loc":{"start":{"line":368,"column":31},"end":{"line":368,"column":null}},"type":"binary-expr","locations":[{"start":{"line":368,"column":31},"end":{"line":368,"column":53}},{"start":{"line":368,"column":53},"end":{"line":368,"column":null}}],"line":368},"35":{"loc":{"start":{"line":389,"column":77},"end":{"line":389,"column":117}},"type":"binary-expr","locations":[{"start":{"line":389,"column":77},"end":{"line":389,"column":107}},{"start":{"line":389,"column":107},"end":{"line":389,"column":117}}],"line":389},"36":{"loc":{"start":{"line":394,"column":31},"end":{"line":394,"column":null}},"type":"binary-expr","locations":[{"start":{"line":394,"column":31},"end":{"line":394,"column":61}},{"start":{"line":394,"column":61},"end":{"line":394,"column":null}}],"line":394},"37":{"loc":{"start":{"line":395,"column":82},"end":{"line":395,"column":115}},"type":"binary-expr","locations":[{"start":{"line":395,"column":82},"end":{"line":395,"column":112}},{"start":{"line":395,"column":112},"end":{"line":395,"column":115}}],"line":395},"38":{"loc":{"start":{"line":410,"column":31},"end":{"line":410,"column":null}},"type":"binary-expr","locations":[{"start":{"line":410,"column":31},"end":{"line":410,"column":66}},{"start":{"line":410,"column":66},"end":{"line":410,"column":null}}],"line":410},"39":{"loc":{"start":{"line":411,"column":87},"end":{"line":411,"column":116}},"type":"binary-expr","locations":[{"start":{"line":411,"column":87},"end":{"line":411,"column":115}},{"start":{"line":411,"column":115},"end":{"line":411,"column":116}}],"line":411},"40":{"loc":{"start":{"line":423,"column":31},"end":{"line":423,"column":null}},"type":"binary-expr","locations":[{"start":{"line":423,"column":31},"end":{"line":423,"column":67}},{"start":{"line":423,"column":67},"end":{"line":423,"column":null}}],"line":423},"41":{"loc":{"start":{"line":424,"column":88},"end":{"line":424,"column":117}},"type":"binary-expr","locations":[{"start":{"line":424,"column":88},"end":{"line":424,"column":116}},{"start":{"line":424,"column":116},"end":{"line":424,"column":117}}],"line":424},"42":{"loc":{"start":{"line":461,"column":35},"end":{"line":461,"column":null}},"type":"binary-expr","locations":[{"start":{"line":461,"column":35},"end":{"line":461,"column":55}},{"start":{"line":461,"column":55},"end":{"line":461,"column":null}}],"line":461},"43":{"loc":{"start":{"line":462,"column":77},"end":{"line":462,"column":120}},"type":"binary-expr","locations":[{"start":{"line":462,"column":77},"end":{"line":462,"column":105}},{"start":{"line":462,"column":105},"end":{"line":462,"column":120}}],"line":462},"44":{"loc":{"start":{"line":526,"column":11},"end":{"line":537,"column":null}},"type":"binary-expr","locations":[{"start":{"line":526,"column":11},"end":{"line":526,"column":null}},{"start":{"line":527,"column":12},"end":{"line":537,"column":null}}],"line":526},"45":{"loc":{"start":{"line":540,"column":11},"end":{"line":551,"column":null}},"type":"binary-expr","locations":[{"start":{"line":540,"column":11},"end":{"line":540,"column":null}},{"start":{"line":541,"column":12},"end":{"line":551,"column":null}}],"line":540}},"s":{"0":1,"1":0,"2":1,"3":0,"4":1,"5":0,"6":1,"7":0,"8":1,"9":0,"10":1,"11":0,"12":1,"13":0,"14":2,"15":2,"16":2,"17":2,"18":2,"19":2,"20":1,"21":1,"22":0,"23":1,"24":1,"25":0,"26":2,"27":1,"28":2,"29":1,"30":0,"31":2,"32":1,"33":0,"34":0,"35":0,"36":0,"37":0,"38":0,"39":0,"40":2,"41":1,"42":0,"43":1,"44":1,"45":1,"46":1,"47":1,"48":1,"49":1,"50":0,"51":0,"52":0,"53":0,"54":0,"55":0,"56":0,"57":0,"58":0,"59":1,"60":2,"61":0,"62":0,"63":0,"64":0,"65":0,"66":0,"67":0,"68":0,"69":2,"70":0,"71":0,"72":0,"73":0,"74":0,"75":0,"76":0,"77":0,"78":0,"79":0,"80":0,"81":0,"82":0,"83":0,"84":2,"85":0,"86":0,"87":0,"88":0,"89":0,"90":0,"91":0,"92":0,"93":0,"94":0,"95":0,"96":2,"97":0,"98":2,"99":0,"100":0,"101":2,"102":0,"103":0,"104":0,"105":0,"106":0,"107":0,"108":0,"109":0,"110":0,"111":0,"112":0,"113":0,"114":0,"115":0,"116":0,"117":0,"118":0,"119":0,"120":0,"121":1},"f":{"0":0,"1":0,"2":0,"3":0,"4":0,"5":0,"6":0,"7":2,"8":1,"9":1,"10":1,"11":1,"12":1,"13":0,"14":0,"15":0,"16":0,"17":0,"18":0,"19":0,"20":0,"21":0,"22":0,"23":0,"24":0,"25":0,"26":0,"27":0,"28":0,"29":0,"30":0,"31":0,"32":0,"33":0,"34":0,"35":0,"36":0,"37":0,"38":0,"39":1},"b":{"0":[2,1],"1":[0,1],"2":[0,1],"3":[1,0],"4":[0,1],"5":[0,1],"6":[1,0,0],"7":[0,0],"8":[0,1],"9":[0,0],"10":[0,0],"11":[0,0],"12":[0,0],"13":[0,0],"14":[0,0],"15":[0,0],"16":[0,0],"17":[0,2],"18":[2,2],"19":[0,2],"20":[2,2],"21":[2,2],"22":[2,0],"23":[2,0],"24":[2,0],"25":[2,0],"26":[2,0],"27":[0,0],"28":[0,0],"29":[0,0],"30":[0,0],"31":[0,0],"32":[0,0],"33":[0,0],"34":[0,0],"35":[0,0],"36":[0,0],"37":[0,0],"38":[0,0],"39":[0,0],"40":[0,0],"41":[0,0],"42":[0,0],"43":[0,0],"44":[2,0],"45":[2,0]},"meta":{"lastBranch":46,"lastFunction":40,"lastStatement":122,"seen":{"s:12:6:12:Infinity":0,"f:12:18:12:29":0,"s:12:29:12:Infinity":1,"s:13:6:13:Infinity":2,"f:13:25:13:36":1,"s:13:36:13:Infinity":3,"s:14:6:14:Infinity":4,"f:14:25:14:36":2,"s:14:36:14:Infinity":5,"s:15:6:15:Infinity":6,"f:15:21:15:32":3,"s:15:32:15:Infinity":7,"s:16:6:16:Infinity":8,"f:16:29:16:40":4,"s:16:40:16:Infinity":9,"s:17:6:17:Infinity":10,"f:17:30:17:41":5,"s:17:41:17:Infinity":11,"s:21:6:26:Infinity":12,"f:21:6:21:Infinity":6,"s:22:2:26:Infinity":13,"f:29:9:29:20":7,"s:30:16:30:Infinity":14,"b:30:37:30:70:30:70:30:76":0,"s:31:27:31:Infinity":15,"s:32:25:32:Infinity":16,"s:33:10:33:Infinity":17,"s:35:93:35:Infinity":18,"s:37:2:49:Infinity":19,"f:37:2:37:18":8,"s:38:4:38:Infinity":20,"b:39:4:43:Infinity:41:11:43:Infinity":1,"s:39:4:43:Infinity":21,"s:40:6:40:Infinity":22,"s:42:6:42:Infinity":23,"b:46:4:48:Infinity:undefined:undefined:undefined:undefined":2,"s:46:4:48:Infinity":24,"b:46:8:46:36:46:36:46:75":3,"s:47:6:47:Infinity":25,"s:51:2:53:Infinity":26,"f:51:2:51:18":9,"s:52:4:52:Infinity":27,"s:55:2:57:Infinity":28,"f:55:2:55:18":10,"b:56:4:56:Infinity:undefined:undefined:undefined:undefined":4,"s:56:4:56:Infinity":29,"s:56:15:56:Infinity":30,"s:61:2:78:Infinity":31,"f:61:2:61:18":11,"b:62:4:77:Infinity:undefined:undefined:undefined:undefined":5,"s:62:4:77:Infinity":32,"b:62:8:62:33:62:33:62:61:62:61:62:100":6,"s:63:20:63:Infinity":33,"s:64:27:64:Infinity":34,"b:66:6:76:Infinity:undefined:undefined:undefined:undefined":7,"s:66:6:76:Infinity":35,"s:67:8:74:Infinity":36,"s:68:10:71:Infinity":37,"s:73:10:73:Infinity":38,"s:75:8:75:Infinity":39,"s:81:8:100:Infinity":40,"f:81:25:81:39":12,"b:82:4:82:Infinity:undefined:undefined:undefined:undefined":8,"s:82:4:82:Infinity":41,"s:82:22:82:Infinity":42,"s:83:14:83:17":43,"s:83:28:83:31":44,"s:83:36:83:39":45,"s:83:44:83:47":46,"s:83:52:83:Infinity":47,"s:84:20:84:Infinity":48,"s:85:4:98:Infinity":49,"f:85:26:85:34":13,"s:86:6:97:Infinity":50,"f:86:19:86:27":14,"s:87:8:87:Infinity":51,"s:88:8:96:Infinity":52,"f:88:15:88:23":15,"s:89:10:89:Infinity":53,"s:90:10:95:Infinity":54,"f:90:22:90:30":16,"s:91:12:91:Infinity":55,"s:92:12:92:Infinity":56,"b:92:18:92:39:92:39:92:Infinity":9,"s:93:12:93:Infinity":57,"b:93:18:93:39:93:39:93:Infinity":10,"s:94:12:94:Infinity":58,"b:94:18:94:39:94:39:94:Infinity":11,"s:99:4:99:Infinity":59,"s:106:8:115:Infinity":60,"f:106:8:106:31":17,"s:107:20:107:Infinity":61,"s:108:31:108:Infinity":62,"s:109:4:109:Infinity":63,"s:110:4:110:Infinity":64,"s:111:4:111:Infinity":65,"s:112:4:112:Infinity":66,"s:113:4:113:Infinity":67,"s:114:4:114:Infinity":68,"s:117:8:136:Infinity":69,"f:117:8:117:30":18,"s:118:17:118:Infinity":70,"b:119:4:119:Infinity:undefined:undefined:undefined:undefined":12,"s:119:4:119:Infinity":71,"s:119:15:119:Infinity":72,"s:120:19:120:Infinity":73,"s:121:4:133:Infinity":74,"f:121:11:121:21":19,"s:122:6:132:Infinity":75,"s:123:21:123:Infinity":76,"b:124:8:129:Infinity:127:15:129:Infinity":13,"s:124:8:129:Infinity":77,"b:124:12:124:29:124:29:124:45":14,"s:125:10:125:Infinity":78,"s:126:10:126:Infinity":79,"s:128:10:128:Infinity":80,"s:131:8:131:Infinity":81,"s:134:4:134:Infinity":82,"s:135:4:135:Infinity":83,"s:138:29:153:Infinity":84,"f:138:29:138:41":20,"b:139:4:152:Infinity:undefined:undefined:undefined:undefined":15,"s:139:4:152:Infinity":85,"b:140:6:151:Infinity:undefined:undefined:undefined:undefined":16,"s:140:6:151:Infinity":86,"s:141:8:150:Infinity":87,"s:142:30:142:Infinity":88,"s:143:10:143:Infinity":89,"s:144:29:144:Infinity":90,"s:145:10:145:Infinity":91,"s:146:10:146:Infinity":92,"s:147:10:147:Infinity":93,"f:147:10:147:27":21,"s:147:27:147:53":94,"s:149:10:149:Infinity":95,"b:155:2:160:Infinity:undefined:undefined:undefined:undefined":17,"s:155:2:160:Infinity":96,"s:155:15:160:Infinity":97,"s:163:8:166:Infinity":98,"f:163:8:163:38":22,"s:164:4:164:Infinity":99,"s:165:4:165:Infinity":100,"s:168:2:558:Infinity":101,"b:170:7:170:25:170:25:170:Infinity":18,"f:177:10:177:25":23,"s:177:25:177:Infinity":102,"b:185:56:185:67:185:67:185:Infinity":19,"f:186:8:186:23":24,"s:186:23:186:Infinity":103,"f:191:8:191:23":25,"s:192:10:192:Infinity":104,"s:193:10:193:Infinity":105,"b:197:16:197:41:197:41:197:Infinity":20,"b:204:11:204:Infinity:205:12:205:Infinity":21,"b:208:11:208:Infinity:209:12:219:Infinity":22,"b:222:11:222:Infinity:223:12:233:Infinity":23,"b:236:11:236:Infinity:237:12:247:Infinity":24,"b:250:11:250:Infinity:251:12:261:Infinity":25,"b:264:11:264:Infinity:265:12:523:Infinity":26,"f:286:18:286:23":26,"s:287:18:291:Infinity":106,"b:308:89:308:111:308:111:308:114":27,"b:312:29:312:51:312:51:312:Infinity":28,"f:313:22:313:32":27,"s:313:37:313:Infinity":107,"b:313:72:313:102:313:102:313:104":29,"b:325:31:325:52:325:52:325:Infinity":30,"f:326:24:326:34":28,"s:326:39:326:Infinity":108,"b:326:73:326:101:326:101:326:103":31,"b:343:31:343:64:343:64:343:Infinity":32,"f:344:24:344:34":29,"s:344:39:344:Infinity":109,"b:357:31:357:50:357:50:357:Infinity":33,"f:358:24:358:34":30,"s:358:39:358:Infinity":110,"b:368:31:368:53:368:53:368:Infinity":34,"f:369:24:369:34":31,"s:369:39:369:Infinity":111,"b:389:77:389:107:389:107:389:117":35,"b:394:31:394:61:394:61:394:Infinity":36,"f:395:24:395:34":32,"s:395:39:395:Infinity":112,"b:395:82:395:112:395:112:395:115":37,"b:410:31:410:66:410:66:410:Infinity":38,"f:411:24:411:34":33,"s:411:39:411:Infinity":113,"b:411:87:411:115:411:115:411:116":39,"b:423:31:423:67:423:67:423:Infinity":40,"f:424:24:424:34":34,"s:424:39:424:Infinity":114,"b:424:88:424:116:424:116:424:117":41,"f:454:22:454:26":35,"s:455:22:467:Infinity":115,"b:461:35:461:55:461:55:461:Infinity":42,"f:462:28:462:38":36,"s:462:43:462:Infinity":116,"b:462:77:462:105:462:105:462:120":43,"f:515:22:515:35":37,"s:515:41:515:87":117,"s:515:87:515:123":118,"f:516:22:516:34":38,"s:516:40:516:101":119,"s:516:101:516:140":120,"b:526:11:526:Infinity:527:12:537:Infinity":44,"b:540:11:540:Infinity:541:12:551:Infinity":45,"f:562:9:562:15":39,"s:563:2:566:Infinity":121},"fnNames":{}}}
,"C:\\Users\\User\\Desktop\\ELPIS\\interface\\web\\src\\BulletinPage.jsx": {"path":"C:\\Users\\User\\Desktop\\ELPIS\\interface\\web\\src\\BulletinPage.jsx","statementMap":{"0":{"start":{"line":8,"column":39},"end":{"line":8,"column":null}},"1":{"start":{"line":9,"column":29},"end":{"line":9,"column":null}},"2":{"start":{"line":10,"column":22},"end":{"line":10,"column":null}},"3":{"start":{"line":13,"column":27},"end":{"line":13,"column":null}},"4":{"start":{"line":14,"column":27},"end":{"line":14,"column":null}},"5":{"start":{"line":16,"column":8},"end":{"line":24,"column":null}},"6":{"start":{"line":17,"column":4},"end":{"line":23,"column":null}},"7":{"start":{"line":18,"column":6},"end":{"line":18,"column":null}},"8":{"start":{"line":19,"column":6},"end":{"line":19,"column":null}},"9":{"start":{"line":21,"column":6},"end":{"line":21,"column":null}},"10":{"start":{"line":22,"column":6},"end":{"line":22,"column":null}},"11":{"start":{"line":26,"column":23},"end":{"line":26,"column":null}},"12":{"start":{"line":28,"column":2},"end":{"line":30,"column":null}},"13":{"start":{"line":29,"column":4},"end":{"line":29,"column":null}},"14":{"start":{"line":32,"column":30},"end":{"line":32,"column":null}},"15":{"start":{"line":33,"column":18},"end":{"line":33,"column":null}},"16":{"start":{"line":35,"column":14},"end":{"line":35,"column":null}},"17":{"start":{"line":36,"column":2},"end":{"line":40,"column":null}},"18":{"start":{"line":37,"column":4},"end":{"line":39,"column":null}},"19":{"start":{"line":38,"column":6},"end":{"line":38,"column":null}},"20":{"start":{"line":42,"column":8},"end":{"line":48,"column":null}},"21":{"start":{"line":43,"column":4},"end":{"line":47,"column":null}},"22":{"start":{"line":44,"column":6},"end":{"line":44,"column":null}},"23":{"start":{"line":46,"column":6},"end":{"line":46,"column":null}},"24":{"start":{"line":50,"column":8},"end":{"line":56,"column":null}},"25":{"start":{"line":51,"column":16},"end":{"line":51,"column":null}},"26":{"start":{"line":52,"column":22},"end":{"line":52,"column":null}},"27":{"start":{"line":53,"column":4},"end":{"line":55,"column":null}},"28":{"start":{"line":54,"column":6},"end":{"line":54,"column":null}},"29":{"start":{"line":58,"column":8},"end":{"line":67,"column":null}},"30":{"start":{"line":59,"column":4},"end":{"line":66,"column":null}},"31":{"start":{"line":60,"column":16},"end":{"line":60,"column":null}},"32":{"start":{"line":61,"column":6},"end":{"line":64,"column":null}},"33":{"start":{"line":62,"column":8},"end":{"line":62,"column":null}},"34":{"start":{"line":63,"column":8},"end":{"line":63,"column":null}},"35":{"start":{"line":63,"column":35},"end":{"line":63,"column":null}},"36":{"start":{"line":65,"column":6},"end":{"line":65,"column":null}},"37":{"start":{"line":69,"column":8},"end":{"line":75,"column":null}},"38":{"start":{"line":70,"column":4},"end":{"line":74,"column":null}},"39":{"start":{"line":71,"column":18},"end":{"line":71,"column":null}},"40":{"start":{"line":72,"column":6},"end":{"line":72,"column":null}},"41":{"start":{"line":72,"column":28},"end":{"line":72,"column":null}},"42":{"start":{"line":73,"column":6},"end":{"line":73,"column":null}},"43":{"start":{"line":77,"column":8},"end":{"line":82,"column":null}},"44":{"start":{"line":78,"column":4},"end":{"line":78,"column":null}},"45":{"start":{"line":78,"column":57},"end":{"line":78,"column":null}},"46":{"start":{"line":79,"column":4},"end":{"line":81,"column":null}},"47":{"start":{"line":80,"column":6},"end":{"line":80,"column":null}},"48":{"start":{"line":84,"column":8},"end":{"line":96,"column":null}},"49":{"start":{"line":85,"column":4},"end":{"line":85,"column":null}},"50":{"start":{"line":85,"column":53},"end":{"line":85,"column":null}},"51":{"start":{"line":86,"column":21},"end":{"line":86,"column":null}},"52":{"start":{"line":87,"column":20},"end":{"line":87,"column":null}},"53":{"start":{"line":88,"column":4},"end":{"line":94,"column":null}},"54":{"start":{"line":89,"column":6},"end":{"line":93,"column":null}},"55":{"start":{"line":90,"column":18},"end":{"line":90,"column":null}},"56":{"start":{"line":91,"column":8},"end":{"line":91,"column":null}},"57":{"start":{"line":92,"column":8},"end":{"line":92,"column":null}},"58":{"start":{"line":95,"column":4},"end":{"line":95,"column":null}},"59":{"start":{"line":98,"column":27},"end":{"line":98,"column":null}},"60":{"start":{"line":99,"column":2},"end":{"line":125,"column":null}},"61":{"start":{"line":100,"column":22},"end":{"line":100,"column":null}},"62":{"start":{"line":101,"column":21},"end":{"line":101,"column":null}},"63":{"start":{"line":103,"column":4},"end":{"line":121,"column":null}},"64":{"start":{"line":104,"column":24},"end":{"line":104,"column":null}},"65":{"start":{"line":105,"column":23},"end":{"line":105,"column":null}},"66":{"start":{"line":106,"column":6},"end":{"line":113,"column":null}},"67":{"start":{"line":107,"column":20},"end":{"line":107,"column":null}},"68":{"start":{"line":108,"column":8},"end":{"line":112,"column":null}},"69":{"start":{"line":109,"column":23},"end":{"line":109,"column":null}},"70":{"start":{"line":110,"column":10},"end":{"line":110,"column":null}},"71":{"start":{"line":111,"column":10},"end":{"line":111,"column":null}},"72":{"start":{"line":115,"column":20},"end":{"line":115,"column":null}},"73":{"start":{"line":116,"column":6},"end":{"line":120,"column":null}},"74":{"start":{"line":117,"column":21},"end":{"line":117,"column":null}},"75":{"start":{"line":118,"column":8},"end":{"line":118,"column":null}},"76":{"start":{"line":119,"column":8},"end":{"line":119,"column":null}},"77":{"start":{"line":123,"column":19},"end":{"line":123,"column":null}},"78":{"start":{"line":124,"column":4},"end":{"line":124,"column":null}},"79":{"start":{"line":128,"column":8},"end":{"line":130,"column":null}},"80":{"start":{"line":129,"column":4},"end":{"line":129,"column":null}},"81":{"start":{"line":129,"column":28},"end":{"line":129,"column":92}},"82":{"start":{"line":132,"column":2},"end":{"line":362,"column":null}},"83":{"start":{"line":140,"column":14},"end":{"line":147,"column":null}},"84":{"start":{"line":142,"column":33},"end":{"line":142,"column":61}},"85":{"start":{"line":142,"column":61},"end":{"line":142,"column":81}},"86":{"start":{"line":184,"column":10},"end":{"line":192,"column":null}},"87":{"start":{"line":208,"column":26},"end":{"line":208,"column":null}},"88":{"start":{"line":209,"column":25},"end":{"line":209,"column":null}},"89":{"start":{"line":210,"column":8},"end":{"line":217,"column":null}},"90":{"start":{"line":211,"column":22},"end":{"line":211,"column":null}},"91":{"start":{"line":212,"column":10},"end":{"line":216,"column":null}},"92":{"start":{"line":213,"column":25},"end":{"line":213,"column":null}},"93":{"start":{"line":214,"column":12},"end":{"line":214,"column":null}},"94":{"start":{"line":215,"column":12},"end":{"line":215,"column":null}},"95":{"start":{"line":218,"column":26},"end":{"line":218,"column":null}},"96":{"start":{"line":219,"column":28},"end":{"line":219,"column":null}},"97":{"start":{"line":221,"column":8},"end":{"line":359,"column":null}},"98":{"start":{"line":225,"column":29},"end":{"line":225,"column":null}},"99":{"start":{"line":236,"column":18},"end":{"line":236,"column":null}},"100":{"start":{"line":236,"column":73},"end":{"line":236,"column":null}},"101":{"start":{"line":239,"column":35},"end":{"line":239,"column":null}},"102":{"start":{"line":240,"column":36},"end":{"line":240,"column":null}},"103":{"start":{"line":241,"column":18},"end":{"line":258,"column":null}},"104":{"start":{"line":242,"column":39},"end":{"line":242,"column":null}},"105":{"start":{"line":243,"column":38},"end":{"line":243,"column":null}},"106":{"start":{"line":244,"column":21},"end":{"line":251,"column":null}},"107":{"start":{"line":245,"column":35},"end":{"line":245,"column":null}},"108":{"start":{"line":246,"column":23},"end":{"line":250,"column":null}},"109":{"start":{"line":247,"column":38},"end":{"line":247,"column":null}},"110":{"start":{"line":248,"column":25},"end":{"line":248,"column":null}},"111":{"start":{"line":249,"column":25},"end":{"line":249,"column":null}},"112":{"start":{"line":252,"column":35},"end":{"line":252,"column":null}},"113":{"start":{"line":253,"column":21},"end":{"line":257,"column":null}},"114":{"start":{"line":254,"column":38},"end":{"line":254,"column":null}},"115":{"start":{"line":255,"column":25},"end":{"line":255,"column":null}},"116":{"start":{"line":256,"column":25},"end":{"line":256,"column":null}},"117":{"start":{"line":259,"column":37},"end":{"line":259,"column":null}},"118":{"start":{"line":260,"column":40},"end":{"line":260,"column":null}},"119":{"start":{"line":263,"column":18},"end":{"line":265,"column":null}},"120":{"start":{"line":277,"column":30},"end":{"line":277,"column":null}},"121":{"start":{"line":278,"column":31},"end":{"line":278,"column":null}},"122":{"start":{"line":279,"column":36},"end":{"line":279,"column":null}},"123":{"start":{"line":280,"column":18},"end":{"line":354,"column":null}},"124":{"start":{"line":299,"column":26},"end":{"line":343,"column":null}},"125":{"start":{"line":301,"column":45},"end":{"line":301,"column":null}},"126":{"start":{"line":308,"column":51},"end":{"line":308,"column":null}},"127":{"start":{"line":316,"column":53},"end":{"line":316,"column":null}},"128":{"start":{"line":320,"column":51},"end":{"line":320,"column":null}},"129":{"start":{"line":330,"column":49},"end":{"line":330,"column":null}},"130":{"start":{"line":340,"column":45},"end":{"line":340,"column":null}},"131":{"start":{"line":347,"column":41},"end":{"line":347,"column":null}}},"fnMap":{"0":{"name":"BulletinPage","decl":{"start":{"line":7,"column":24},"end":{"line":7,"column":39}},"loc":{"start":{"line":7,"column":39},"end":{"line":364,"column":null}},"line":7},"1":{"name":"(anonymous_1)","decl":{"start":{"line":16,"column":8},"end":{"line":16,"column":37}},"loc":{"start":{"line":16,"column":37},"end":{"line":24,"column":null}},"line":16},"2":{"name":"(anonymous_2)","decl":{"start":{"line":36,"column":21},"end":{"line":36,"column":30}},"loc":{"start":{"line":36,"column":48},"end":{"line":40,"column":3}},"line":36},"3":{"name":"(anonymous_3)","decl":{"start":{"line":37,"column":13},"end":{"line":37,"column":22}},"loc":{"start":{"line":37,"column":38},"end":{"line":39,"column":5}},"line":37},"4":{"name":"(anonymous_4)","decl":{"start":{"line":42,"column":8},"end":{"line":42,"column":24}},"loc":{"start":{"line":42,"column":35},"end":{"line":48,"column":null}},"line":42},"5":{"name":"(anonymous_5)","decl":{"start":{"line":50,"column":8},"end":{"line":50,"column":28}},"loc":{"start":{"line":50,"column":82},"end":{"line":56,"column":null}},"line":50},"6":{"name":"(anonymous_6)","decl":{"start":{"line":53,"column":4},"end":{"line":53,"column":17}},"loc":{"start":{"line":53,"column":26},"end":{"line":55,"column":5}},"line":53},"7":{"name":"(anonymous_7)","decl":{"start":{"line":58,"column":8},"end":{"line":58,"column":33}},"loc":{"start":{"line":58,"column":90},"end":{"line":67,"column":null}},"line":58},"8":{"name":"(anonymous_8)","decl":{"start":{"line":59,"column":4},"end":{"line":59,"column":17}},"loc":{"start":{"line":59,"column":26},"end":{"line":66,"column":5}},"line":59},"9":{"name":"(anonymous_9)","decl":{"start":{"line":69,"column":8},"end":{"line":69,"column":25}},"loc":{"start":{"line":69,"column":57},"end":{"line":75,"column":null}},"line":69},"10":{"name":"(anonymous_10)","decl":{"start":{"line":70,"column":4},"end":{"line":70,"column":17}},"loc":{"start":{"line":70,"column":26},"end":{"line":74,"column":5}},"line":70},"11":{"name":"(anonymous_11)","decl":{"start":{"line":77,"column":8},"end":{"line":77,"column":28}},"loc":{"start":{"line":77,"column":71},"end":{"line":82,"column":null}},"line":77},"12":{"name":"(anonymous_12)","decl":{"start":{"line":79,"column":4},"end":{"line":79,"column":17}},"loc":{"start":{"line":79,"column":26},"end":{"line":81,"column":5}},"line":79},"13":{"name":"(anonymous_13)","decl":{"start":{"line":84,"column":8},"end":{"line":84,"column":29}},"loc":{"start":{"line":84,"column":45},"end":{"line":96,"column":null}},"line":84},"14":{"name":"(anonymous_14)","decl":{"start":{"line":88,"column":16},"end":{"line":88,"column":24}},"loc":{"start":{"line":88,"column":30},"end":{"line":94,"column":5}},"line":88},"15":{"name":"(anonymous_15)","decl":{"start":{"line":99,"column":21},"end":{"line":99,"column":29}},"loc":{"start":{"line":99,"column":36},"end":{"line":125,"column":3}},"line":99},"16":{"name":"(anonymous_16)","decl":{"start":{"line":103,"column":13},"end":{"line":103,"column":21}},"loc":{"start":{"line":103,"column":27},"end":{"line":121,"column":5}},"line":103},"17":{"name":"(anonymous_17)","decl":{"start":{"line":106,"column":19},"end":{"line":106,"column":27}},"loc":{"start":{"line":106,"column":32},"end":{"line":113,"column":7}},"line":106},"18":{"name":"(anonymous_18)","decl":{"start":{"line":128,"column":8},"end":{"line":128,"column":20}},"loc":{"start":{"line":128,"column":28},"end":{"line":130,"column":null}},"line":128},"19":{"name":"(anonymous_19)","decl":{"start":{"line":129,"column":4},"end":{"line":129,"column":19}},"loc":{"start":{"line":129,"column":28},"end":{"line":129,"column":92}},"line":129},"20":{"name":"(anonymous_20)","decl":{"start":{"line":139,"column":34},"end":{"line":139,"column":39}},"loc":{"start":{"line":140,"column":14},"end":{"line":147,"column":null}},"line":140},"21":{"name":"(anonymous_21)","decl":{"start":{"line":142,"column":16},"end":{"line":142,"column":31}},"loc":{"start":{"line":142,"column":31},"end":{"line":142,"column":null}},"line":142},"22":{"name":"(anonymous_22)","decl":{"start":{"line":183,"column":26},"end":{"line":183,"column":31}},"loc":{"start":{"line":184,"column":10},"end":{"line":192,"column":null}},"line":184},"23":{"name":"(anonymous_23)","decl":{"start":{"line":207,"column":11},"end":{"line":207,"column":16}},"loc":{"start":{"line":207,"column":28},"end":{"line":361,"column":7}},"line":207},"24":{"name":"(anonymous_24)","decl":{"start":{"line":210,"column":21},"end":{"line":210,"column":29}},"loc":{"start":{"line":210,"column":34},"end":{"line":217,"column":9}},"line":210},"25":{"name":"(anonymous_25)","decl":{"start":{"line":225,"column":14},"end":{"line":225,"column":29}},"loc":{"start":{"line":225,"column":29},"end":{"line":225,"column":null}},"line":225},"26":{"name":"(anonymous_26)","decl":{"start":{"line":235,"column":24},"end":{"line":235,"column":null}},"loc":{"start":{"line":235,"column":24},"end":{"line":266,"column":19}},"line":235},"27":{"name":"(anonymous_27)","decl":{"start":{"line":241,"column":62},"end":{"line":241,"column":70}},"loc":{"start":{"line":241,"column":83},"end":{"line":258,"column":19}},"line":241},"28":{"name":"(anonymous_28)","decl":{"start":{"line":244,"column":41},"end":{"line":244,"column":49}},"loc":{"start":{"line":244,"column":54},"end":{"line":251,"column":22}},"line":244},"29":{"name":"(anonymous_29)","decl":{"start":{"line":276,"column":30},"end":{"line":276,"column":35}},"loc":{"start":{"line":276,"column":57},"end":{"line":356,"column":17}},"line":276},"30":{"name":"(anonymous_30)","decl":{"start":{"line":298,"column":53},"end":{"line":298,"column":58}},"loc":{"start":{"line":299,"column":26},"end":{"line":343,"column":null}},"line":299},"31":{"name":"(anonymous_31)","decl":{"start":{"line":301,"column":30},"end":{"line":301,"column":45}},"loc":{"start":{"line":301,"column":45},"end":{"line":301,"column":null}},"line":301},"32":{"name":"(anonymous_32)","decl":{"start":{"line":308,"column":32},"end":{"line":308,"column":43}},"loc":{"start":{"line":308,"column":51},"end":{"line":308,"column":null}},"line":308},"33":{"name":"(anonymous_33)","decl":{"start":{"line":316,"column":34},"end":{"line":316,"column":45}},"loc":{"start":{"line":316,"column":53},"end":{"line":316,"column":null}},"line":316},"34":{"name":"(anonymous_34)","decl":{"start":{"line":320,"column":34},"end":{"line":320,"column":45}},"loc":{"start":{"line":320,"column":51},"end":{"line":320,"column":null}},"line":320},"35":{"name":"(anonymous_35)","decl":{"start":{"line":330,"column":32},"end":{"line":330,"column":43}},"loc":{"start":{"line":330,"column":49},"end":{"line":330,"column":null}},"line":330},"36":{"name":"(anonymous_36)","decl":{"start":{"line":340,"column":30},"end":{"line":340,"column":39}},"loc":{"start":{"line":340,"column":45},"end":{"line":340,"column":null}},"line":340},"37":{"name":"(anonymous_37)","decl":{"start":{"line":347,"column":26},"end":{"line":347,"column":41}},"loc":{"start":{"line":347,"column":41},"end":{"line":347,"column":null}},"line":347}},"branchMap":{"0":{"loc":{"start":{"line":17,"column":4},"end":{"line":23,"column":null}},"type":"if","locations":[{"start":{"line":17,"column":4},"end":{"line":23,"column":null}},{"start":{"line":20,"column":11},"end":{"line":23,"column":null}}],"line":17},"1":{"loc":{"start":{"line":26,"column":23},"end":{"line":26,"column":null}},"type":"cond-expr","locations":[{"start":{"line":26,"column":42},"end":{"line":26,"column":61}},{"start":{"line":26,"column":61},"end":{"line":26,"column":null}}],"line":26},"2":{"loc":{"start":{"line":28,"column":2},"end":{"line":30,"column":null}},"type":"if","locations":[{"start":{"line":28,"column":2},"end":{"line":30,"column":null}},{"start":{},"end":{}}],"line":28},"3":{"loc":{"start":{"line":28,"column":6},"end":{"line":28,"column":85}},"type":"binary-expr","locations":[{"start":{"line":28,"column":6},"end":{"line":28,"column":23}},{"start":{"line":28,"column":23},"end":{"line":28,"column":49}},{"start":{"line":28,"column":49},"end":{"line":28,"column":85}}],"line":28},"4":{"loc":{"start":{"line":32,"column":30},"end":{"line":32,"column":null}},"type":"cond-expr","locations":[{"start":{"line":32,"column":82},"end":{"line":32,"column":103}},{"start":{"line":32,"column":103},"end":{"line":32,"column":null}}],"line":32},"5":{"loc":{"start":{"line":43,"column":4},"end":{"line":47,"column":null}},"type":"if","locations":[{"start":{"line":43,"column":4},"end":{"line":47,"column":null}},{"start":{"line":45,"column":11},"end":{"line":47,"column":null}}],"line":43},"6":{"loc":{"start":{"line":52,"column":22},"end":{"line":52,"column":null}},"type":"cond-expr","locations":[{"start":{"line":52,"column":62},"end":{"line":52,"column":68}},{"start":{"line":52,"column":68},"end":{"line":52,"column":null}}],"line":52},"7":{"loc":{"start":{"line":52,"column":22},"end":{"line":52,"column":62}},"type":"binary-expr","locations":[{"start":{"line":52,"column":22},"end":{"line":52,"column":37}},{"start":{"line":52,"column":37},"end":{"line":52,"column":49}},{"start":{"line":52,"column":49},"end":{"line":52,"column":62}}],"line":52},"8":{"loc":{"start":{"line":61,"column":6},"end":{"line":64,"column":null}},"type":"if","locations":[{"start":{"line":61,"column":6},"end":{"line":64,"column":null}},{"start":{},"end":{}}],"line":61},"9":{"loc":{"start":{"line":63,"column":8},"end":{"line":63,"column":null}},"type":"if","locations":[{"start":{"line":63,"column":8},"end":{"line":63,"column":null}},{"start":{},"end":{}}],"line":63},"10":{"loc":{"start":{"line":63,"column":12},"end":{"line":63,"column":35}},"type":"binary-expr","locations":[{"start":{"line":63,"column":12},"end":{"line":63,"column":26}},{"start":{"line":63,"column":26},"end":{"line":63,"column":35}}],"line":63},"11":{"loc":{"start":{"line":72,"column":6},"end":{"line":72,"column":null}},"type":"if","locations":[{"start":{"line":72,"column":6},"end":{"line":72,"column":null}},{"start":{},"end":{}}],"line":72},"12":{"loc":{"start":{"line":78,"column":4},"end":{"line":78,"column":null}},"type":"if","locations":[{"start":{"line":78,"column":4},"end":{"line":78,"column":null}},{"start":{},"end":{}}],"line":78},"13":{"loc":{"start":{"line":85,"column":4},"end":{"line":85,"column":null}},"type":"if","locations":[{"start":{"line":85,"column":4},"end":{"line":85,"column":null}},{"start":{},"end":{}}],"line":85},"14":{"loc":{"start":{"line":85,"column":8},"end":{"line":85,"column":53}},"type":"binary-expr","locations":[{"start":{"line":85,"column":8},"end":{"line":85,"column":24}},{"start":{"line":85,"column":24},"end":{"line":85,"column":53}}],"line":85},"15":{"loc":{"start":{"line":89,"column":6},"end":{"line":93,"column":null}},"type":"if","locations":[{"start":{"line":89,"column":6},"end":{"line":93,"column":null}},{"start":{},"end":{}}],"line":89},"16":{"loc":{"start":{"line":89,"column":10},"end":{"line":89,"column":72}},"type":"binary-expr","locations":[{"start":{"line":89,"column":10},"end":{"line":89,"column":30}},{"start":{"line":89,"column":30},"end":{"line":89,"column":55}},{"start":{"line":89,"column":55},"end":{"line":89,"column":72}}],"line":89},"17":{"loc":{"start":{"line":90,"column":18},"end":{"line":90,"column":null}},"type":"cond-expr","locations":[{"start":{"line":90,"column":49},"end":{"line":90,"column":74}},{"start":{"line":90,"column":74},"end":{"line":90,"column":null}}],"line":90},"18":{"loc":{"start":{"line":95,"column":11},"end":{"line":95,"column":null}},"type":"cond-expr","locations":[{"start":{"line":95,"column":28},"end":{"line":95,"column":54}},{"start":{"line":95,"column":54},"end":{"line":95,"column":null}}],"line":95},"19":{"loc":{"start":{"line":108,"column":8},"end":{"line":112,"column":null}},"type":"if","locations":[{"start":{"line":108,"column":8},"end":{"line":112,"column":null}},{"start":{},"end":{}}],"line":108},"20":{"loc":{"start":{"line":109,"column":23},"end":{"line":109,"column":null}},"type":"cond-expr","locations":[{"start":{"line":109,"column":53},"end":{"line":109,"column":77}},{"start":{"line":109,"column":77},"end":{"line":109,"column":null}}],"line":109},"21":{"loc":{"start":{"line":115,"column":20},"end":{"line":115,"column":null}},"type":"cond-expr","locations":[{"start":{"line":115,"column":38},"end":{"line":115,"column":65}},{"start":{"line":115,"column":65},"end":{"line":115,"column":null}}],"line":115},"22":{"loc":{"start":{"line":116,"column":6},"end":{"line":120,"column":null}},"type":"if","locations":[{"start":{"line":116,"column":6},"end":{"line":120,"column":null}},{"start":{},"end":{}}],"line":116},"23":{"loc":{"start":{"line":117,"column":21},"end":{"line":117,"column":null}},"type":"binary-expr","locations":[{"start":{"line":117,"column":21},"end":{"line":117,"column":32}},{"start":{"line":117,"column":32},"end":{"line":117,"column":null}}],"line":117},"24":{"loc":{"start":{"line":123,"column":19},"end":{"line":123,"column":null}},"type":"cond-expr","locations":[{"start":{"line":123,"column":32},"end":{"line":123,"column":76}},{"start":{"line":123,"column":76},"end":{"line":123,"column":null}}],"line":123},"25":{"loc":{"start":{"line":129,"column":46},"end":{"line":129,"column":90}},"type":"cond-expr","locations":[{"start":{"line":129,"column":72},"end":{"line":129,"column":85}},{"start":{"line":129,"column":85},"end":{"line":129,"column":90}}],"line":129},"26":{"loc":{"start":{"line":143,"column":34},"end":{"line":143,"column":null}},"type":"cond-expr","locations":[{"start":{"line":143,"column":64},"end":{"line":143,"column":80}},{"start":{"line":143,"column":80},"end":{"line":143,"column":null}}],"line":143},"27":{"loc":{"start":{"line":156,"column":22},"end":{"line":156,"column":null}},"type":"cond-expr","locations":[{"start":{"line":156,"column":41},"end":{"line":156,"column":63}},{"start":{"line":156,"column":63},"end":{"line":156,"column":null}}],"line":156},"28":{"loc":{"start":{"line":157,"column":26},"end":{"line":157,"column":null}},"type":"cond-expr","locations":[{"start":{"line":157,"column":45},"end":{"line":157,"column":74}},{"start":{"line":157,"column":74},"end":{"line":157,"column":null}}],"line":157},"29":{"loc":{"start":{"line":158,"column":21},"end":{"line":158,"column":null}},"type":"cond-expr","locations":[{"start":{"line":158,"column":40},"end":{"line":158,"column":52}},{"start":{"line":158,"column":52},"end":{"line":158,"column":null}}],"line":158},"30":{"loc":{"start":{"line":166,"column":13},"end":{"line":166,"column":null}},"type":"cond-expr","locations":[{"start":{"line":166,"column":32},"end":{"line":166,"column":66}},{"start":{"line":166,"column":66},"end":{"line":166,"column":null}}],"line":166},"31":{"loc":{"start":{"line":171,"column":7},"end":{"line":178,"column":null}},"type":"binary-expr","locations":[{"start":{"line":171,"column":7},"end":{"line":171,"column":null}},{"start":{"line":172,"column":8},"end":{"line":178,"column":null}}],"line":171},"32":{"loc":{"start":{"line":201,"column":7},"end":{"line":204,"column":null}},"type":"binary-expr","locations":[{"start":{"line":201,"column":7},"end":{"line":201,"column":null}},{"start":{"line":202,"column":8},"end":{"line":204,"column":null}}],"line":201},"33":{"loc":{"start":{"line":212,"column":10},"end":{"line":216,"column":null}},"type":"if","locations":[{"start":{"line":212,"column":10},"end":{"line":216,"column":null}},{"start":{},"end":{}}],"line":212},"34":{"loc":{"start":{"line":213,"column":25},"end":{"line":213,"column":null}},"type":"cond-expr","locations":[{"start":{"line":213,"column":55},"end":{"line":213,"column":79}},{"start":{"line":213,"column":79},"end":{"line":213,"column":null}}],"line":213},"35":{"loc":{"start":{"line":218,"column":26},"end":{"line":218,"column":null}},"type":"cond-expr","locations":[{"start":{"line":218,"column":40},"end":{"line":218,"column":84}},{"start":{"line":218,"column":84},"end":{"line":218,"column":null}}],"line":218},"36":{"loc":{"start":{"line":236,"column":18},"end":{"line":236,"column":null}},"type":"if","locations":[{"start":{"line":236,"column":18},"end":{"line":236,"column":null}},{"start":{},"end":{}}],"line":236},"37":{"loc":{"start":{"line":236,"column":22},"end":{"line":236,"column":73}},"type":"binary-expr","locations":[{"start":{"line":236,"column":22},"end":{"line":236,"column":44}},{"start":{"line":236,"column":44},"end":{"line":236,"column":73}}],"line":236},"38":{"loc":{"start":{"line":241,"column":19},"end":{"line":241,"column":62}},"type":"binary-expr","locations":[{"start":{"line":241,"column":19},"end":{"line":241,"column":58}},{"start":{"line":241,"column":58},"end":{"line":241,"column":62}}],"line":241},"39":{"loc":{"start":{"line":246,"column":23},"end":{"line":250,"column":null}},"type":"if","locations":[{"start":{"line":246,"column":23},"end":{"line":250,"column":null}},{"start":{},"end":{}}],"line":246},"40":{"loc":{"start":{"line":247,"column":38},"end":{"line":247,"column":null}},"type":"cond-expr","locations":[{"start":{"line":247,"column":68},"end":{"line":247,"column":92}},{"start":{"line":247,"column":92},"end":{"line":247,"column":null}}],"line":247},"41":{"loc":{"start":{"line":252,"column":35},"end":{"line":252,"column":null}},"type":"cond-expr","locations":[{"start":{"line":252,"column":53},"end":{"line":252,"column":80}},{"start":{"line":252,"column":80},"end":{"line":252,"column":null}}],"line":252},"42":{"loc":{"start":{"line":253,"column":21},"end":{"line":257,"column":null}},"type":"if","locations":[{"start":{"line":253,"column":21},"end":{"line":257,"column":null}},{"start":{},"end":{}}],"line":253},"43":{"loc":{"start":{"line":254,"column":38},"end":{"line":254,"column":null}},"type":"binary-expr","locations":[{"start":{"line":254,"column":38},"end":{"line":254,"column":56}},{"start":{"line":254,"column":56},"end":{"line":254,"column":null}}],"line":254},"44":{"loc":{"start":{"line":259,"column":37},"end":{"line":259,"column":null}},"type":"cond-expr","locations":[{"start":{"line":259,"column":55},"end":{"line":259,"column":83}},{"start":{"line":259,"column":83},"end":{"line":259,"column":null}}],"line":259},"45":{"loc":{"start":{"line":263,"column":25},"end":{"line":265,"column":null}},"type":"cond-expr","locations":[{"start":{"line":264,"column":24},"end":{"line":265,"column":25}},{"start":{"line":265,"column":24},"end":{"line":265,"column":null}}],"line":263},"46":{"loc":{"start":{"line":267,"column":57},"end":{"line":267,"column":159}},"type":"cond-expr","locations":[{"start":{"line":267,"column":79},"end":{"line":267,"column":135}},{"start":{"line":267,"column":135},"end":{"line":267,"column":159}}],"line":267},"47":{"loc":{"start":{"line":267,"column":79},"end":{"line":267,"column":135}},"type":"cond-expr","locations":[{"start":{"line":267,"column":97},"end":{"line":267,"column":116}},{"start":{"line":267,"column":116},"end":{"line":267,"column":135}}],"line":267},"48":{"loc":{"start":{"line":268,"column":19},"end":{"line":268,"column":null}},"type":"cond-expr","locations":[{"start":{"line":268,"column":40},"end":{"line":268,"column":72}},{"start":{"line":268,"column":72},"end":{"line":268,"column":null}}],"line":268},"49":{"loc":{"start":{"line":270,"column":63},"end":{"line":270,"column":92}},"type":"cond-expr","locations":[{"start":{"line":270,"column":77},"end":{"line":270,"column":83}},{"start":{"line":270,"column":83},"end":{"line":270,"column":92}}],"line":270},"50":{"loc":{"start":{"line":274,"column":13},"end":{"line":359,"column":null}},"type":"binary-expr","locations":[{"start":{"line":274,"column":13},"end":{"line":274,"column":null}},{"start":{"line":275,"column":14},"end":{"line":359,"column":null}}],"line":274},"51":{"loc":{"start":{"line":278,"column":31},"end":{"line":278,"column":null}},"type":"cond-expr","locations":[{"start":{"line":278,"column":67},"end":{"line":278,"column":97}},{"start":{"line":278,"column":97},"end":{"line":278,"column":null}}],"line":278},"52":{"loc":{"start":{"line":285,"column":27},"end":{"line":288,"column":null}},"type":"binary-expr","locations":[{"start":{"line":285,"column":27},"end":{"line":285,"column":null}},{"start":{"line":286,"column":28},"end":{"line":288,"column":null}}],"line":285},"53":{"loc":{"start":{"line":291,"column":88},"end":{"line":291,"column":178}},"type":"cond-expr","locations":[{"start":{"line":291,"column":104},"end":{"line":291,"column":154}},{"start":{"line":291,"column":154},"end":{"line":291,"column":178}}],"line":291},"54":{"loc":{"start":{"line":291,"column":104},"end":{"line":291,"column":154}},"type":"cond-expr","locations":[{"start":{"line":291,"column":116},"end":{"line":291,"column":135}},{"start":{"line":291,"column":135},"end":{"line":291,"column":154}}],"line":291},"55":{"loc":{"start":{"line":292,"column":29},"end":{"line":292,"column":null}},"type":"cond-expr","locations":[{"start":{"line":292,"column":44},"end":{"line":292,"column":71}},{"start":{"line":292,"column":71},"end":{"line":292,"column":null}}],"line":292},"56":{"loc":{"start":{"line":298,"column":26},"end":{"line":298,"column":53}},"type":"binary-expr","locations":[{"start":{"line":298,"column":26},"end":{"line":298,"column":49}},{"start":{"line":298,"column":49},"end":{"line":298,"column":53}}],"line":298},"57":{"loc":{"start":{"line":319,"column":41},"end":{"line":319,"column":null}},"type":"binary-expr","locations":[{"start":{"line":319,"column":41},"end":{"line":319,"column":52}},{"start":{"line":319,"column":52},"end":{"line":319,"column":null}}],"line":319},"58":{"loc":{"start":{"line":321,"column":81},"end":{"line":321,"column":156}},"type":"cond-expr","locations":[{"start":{"line":321,"column":100},"end":{"line":321,"column":128}},{"start":{"line":321,"column":128},"end":{"line":321,"column":156}}],"line":321},"59":{"loc":{"start":{"line":321,"column":163},"end":{"line":321,"column":205}},"type":"cond-expr","locations":[{"start":{"line":321,"column":182},"end":{"line":321,"column":194}},{"start":{"line":321,"column":194},"end":{"line":321,"column":205}}],"line":321},"60":{"loc":{"start":{"line":329,"column":39},"end":{"line":329,"column":null}},"type":"binary-expr","locations":[{"start":{"line":329,"column":39},"end":{"line":329,"column":50}},{"start":{"line":329,"column":50},"end":{"line":329,"column":null}}],"line":329},"61":{"loc":{"start":{"line":330,"column":123},"end":{"line":330,"column":145}},"type":"binary-expr","locations":[{"start":{"line":330,"column":123},"end":{"line":330,"column":141}},{"start":{"line":330,"column":141},"end":{"line":330,"column":145}}],"line":330},"62":{"loc":{"start":{"line":339,"column":44},"end":{"line":339,"column":null}},"type":"cond-expr","locations":[{"start":{"line":339,"column":63},"end":{"line":339,"column":73}},{"start":{"line":339,"column":73},"end":{"line":339,"column":null}}],"line":339}},"s":{"0":10,"1":10,"2":10,"3":10,"4":10,"5":10,"6":1,"7":0,"8":0,"9":1,"10":1,"11":10,"12":10,"13":1,"14":9,"15":10,"16":10,"17":10,"18":9,"19":10,"20":10,"21":2,"22":0,"23":2,"24":10,"25":1,"26":1,"27":1,"28":1,"29":10,"30":0,"31":0,"32":0,"33":0,"34":0,"35":0,"36":0,"37":10,"38":1,"39":1,"40":1,"41":0,"42":1,"43":10,"44":0,"45":0,"46":0,"47":0,"48":10,"49":60,"50":0,"51":60,"52":60,"53":60,"54":60,"55":60,"56":60,"57":60,"58":60,"59":10,"60":10,"61":9,"62":9,"63":9,"64":10,"65":10,"66":10,"67":19,"68":19,"69":19,"70":19,"71":19,"72":10,"73":10,"74":10,"75":10,"76":10,"77":9,"78":9,"79":10,"80":1,"81":1,"82":10,"83":9,"84":0,"85":0,"86":9,"87":10,"88":10,"89":10,"90":19,"91":19,"92":19,"93":19,"94":19,"95":10,"96":10,"97":10,"98":1,"99":10,"100":8,"101":2,"102":2,"103":2,"104":3,"105":3,"106":3,"107":5,"108":5,"109":5,"110":5,"111":5,"112":3,"113":3,"114":3,"115":3,"116":3,"117":10,"118":10,"119":10,"120":17,"121":17,"122":17,"123":17,"124":17,"125":0,"126":0,"127":0,"128":0,"129":0,"130":1,"131":1},"f":{"0":10,"1":1,"2":9,"3":10,"4":2,"5":1,"6":1,"7":0,"8":0,"9":1,"10":1,"11":0,"12":0,"13":60,"14":60,"15":9,"16":10,"17":19,"18":1,"19":1,"20":9,"21":0,"22":9,"23":10,"24":19,"25":1,"26":10,"27":3,"28":5,"29":17,"30":17,"31":0,"32":0,"33":0,"34":0,"35":0,"36":1,"37":1},"b":{"0":[0,1],"1":[1,9],"2":[1,9],"3":[10,9,9],"4":[9,0],"5":[0,2],"6":[1,0],"7":[1,1,1],"8":[0,0],"9":[0,0],"10":[0,0],"11":[0,1],"12":[0,0],"13":[0,60],"14":[60,60],"15":[60,0],"16":[60,60,60],"17":[60,0],"18":[60,0],"19":[19,0],"20":[19,0],"21":[10,0],"22":[10,0],"23":[10,0],"24":[9,0],"25":[0,1],"26":[9,0],"27":[1,8],"28":[1,8],"29":[1,8],"30":[1,8],"31":[10,1],"32":[10,0],"33":[19,0],"34":[19,0],"35":[10,0],"36":[8,2],"37":[10,10],"38":[2,0],"39":[5,0],"40":[5,0],"41":[3,0],"42":[3,0],"43":[3,0],"44":[2,0],"45":[1,1],"46":[10,0],"47":[8,2],"48":[10,0],"49":[1,9],"50":[10,9],"51":[17,0],"52":[17,0],"53":[17,0],"54":[7,10],"55":[17,0],"56":[17,0],"57":[17,17],"58":[0,17],"59":[0,17],"60":[17,17],"61":[0,0],"62":[17,0]},"meta":{"lastBranch":63,"lastFunction":38,"lastStatement":132,"seen":{"f:7:24:7:39":0,"s:8:39:8:Infinity":0,"s:9:29:9:Infinity":1,"s:10:22:10:Infinity":2,"s:13:27:13:Infinity":3,"s:14:27:14:Infinity":4,"s:16:8:24:Infinity":5,"f:16:8:16:37":1,"b:17:4:23:Infinity:20:11:23:Infinity":0,"s:17:4:23:Infinity":6,"s:18:6:18:Infinity":7,"s:19:6:19:Infinity":8,"s:21:6:21:Infinity":9,"s:22:6:22:Infinity":10,"s:26:23:26:Infinity":11,"b:26:42:26:61:26:61:26:Infinity":1,"b:28:2:30:Infinity:undefined:undefined:undefined:undefined":2,"s:28:2:30:Infinity":12,"b:28:6:28:23:28:23:28:49:28:49:28:85":3,"s:29:4:29:Infinity":13,"s:32:30:32:Infinity":14,"b:32:82:32:103:32:103:32:Infinity":4,"s:33:18:33:Infinity":15,"s:35:14:35:Infinity":16,"s:36:2:40:Infinity":17,"f:36:21:36:30":2,"s:37:4:39:Infinity":18,"f:37:13:37:22":3,"s:38:6:38:Infinity":19,"s:42:8:48:Infinity":20,"f:42:8:42:24":4,"b:43:4:47:Infinity:45:11:47:Infinity":5,"s:43:4:47:Infinity":21,"s:44:6:44:Infinity":22,"s:46:6:46:Infinity":23,"s:50:8:56:Infinity":24,"f:50:8:50:28":5,"s:51:16:51:Infinity":25,"s:52:22:52:Infinity":26,"b:52:62:52:68:52:68:52:Infinity":6,"b:52:22:52:37:52:37:52:49:52:49:52:62":7,"s:53:4:55:Infinity":27,"f:53:4:53:17":6,"s:54:6:54:Infinity":28,"s:58:8:67:Infinity":29,"f:58:8:58:33":7,"s:59:4:66:Infinity":30,"f:59:4:59:17":8,"s:60:16:60:Infinity":31,"b:61:6:64:Infinity:undefined:undefined:undefined:undefined":8,"s:61:6:64:Infinity":32,"s:62:8:62:Infinity":33,"b:63:8:63:Infinity:undefined:undefined:undefined:undefined":9,"s:63:8:63:Infinity":34,"b:63:12:63:26:63:26:63:35":10,"s:63:35:63:Infinity":35,"s:65:6:65:Infinity":36,"s:69:8:75:Infinity":37,"f:69:8:69:25":9,"s:70:4:74:Infinity":38,"f:70:4:70:17":10,"s:71:18:71:Infinity":39,"b:72:6:72:Infinity:undefined:undefined:undefined:undefined":11,"s:72:6:72:Infinity":40,"s:72:28:72:Infinity":41,"s:73:6:73:Infinity":42,"s:77:8:82:Infinity":43,"f:77:8:77:28":11,"b:78:4:78:Infinity:undefined:undefined:undefined:undefined":12,"s:78:4:78:Infinity":44,"s:78:57:78:Infinity":45,"s:79:4:81:Infinity":46,"f:79:4:79:17":12,"s:80:6:80:Infinity":47,"s:84:8:96:Infinity":48,"f:84:8:84:29":13,"b:85:4:85:Infinity:undefined:undefined:undefined:undefined":13,"s:85:4:85:Infinity":49,"b:85:8:85:24:85:24:85:53":14,"s:85:53:85:Infinity":50,"s:86:21:86:Infinity":51,"s:87:20:87:Infinity":52,"s:88:4:94:Infinity":53,"f:88:16:88:24":14,"b:89:6:93:Infinity:undefined:undefined:undefined:undefined":15,"s:89:6:93:Infinity":54,"b:89:10:89:30:89:30:89:55:89:55:89:72":16,"s:90:18:90:Infinity":55,"b:90:49:90:74:90:74:90:Infinity":17,"s:91:8:91:Infinity":56,"s:92:8:92:Infinity":57,"s:95:4:95:Infinity":58,"b:95:28:95:54:95:54:95:Infinity":18,"s:98:27:98:Infinity":59,"s:99:2:125:Infinity":60,"f:99:21:99:29":15,"s:100:22:100:Infinity":61,"s:101:21:101:Infinity":62,"s:103:4:121:Infinity":63,"f:103:13:103:21":16,"s:104:24:104:Infinity":64,"s:105:23:105:Infinity":65,"s:106:6:113:Infinity":66,"f:106:19:106:27":17,"s:107:20:107:Infinity":67,"b:108:8:112:Infinity:undefined:undefined:undefined:undefined":19,"s:108:8:112:Infinity":68,"s:109:23:109:Infinity":69,"b:109:53:109:77:109:77:109:Infinity":20,"s:110:10:110:Infinity":70,"s:111:10:111:Infinity":71,"s:115:20:115:Infinity":72,"b:115:38:115:65:115:65:115:Infinity":21,"b:116:6:120:Infinity:undefined:undefined:undefined:undefined":22,"s:116:6:120:Infinity":73,"s:117:21:117:Infinity":74,"b:117:21:117:32:117:32:117:Infinity":23,"s:118:8:118:Infinity":75,"s:119:8:119:Infinity":76,"s:123:19:123:Infinity":77,"b:123:32:123:76:123:76:123:Infinity":24,"s:124:4:124:Infinity":78,"s:128:8:130:Infinity":79,"f:128:8:128:20":18,"s:129:4:129:Infinity":80,"f:129:4:129:19":19,"s:129:28:129:92":81,"b:129:72:129:85:129:85:129:90":25,"s:132:2:362:Infinity":82,"f:139:34:139:39":20,"s:140:14:147:Infinity":83,"f:142:16:142:31":21,"s:142:33:142:61":84,"s:142:61:142:81":85,"b:143:64:143:80:143:80:143:Infinity":26,"b:156:41:156:63:156:63:156:Infinity":27,"b:157:45:157:74:157:74:157:Infinity":28,"b:158:40:158:52:158:52:158:Infinity":29,"b:166:32:166:66:166:66:166:Infinity":30,"b:171:7:171:Infinity:172:8:178:Infinity":31,"f:183:26:183:31":22,"s:184:10:192:Infinity":86,"b:201:7:201:Infinity:202:8:204:Infinity":32,"f:207:11:207:16":23,"s:208:26:208:Infinity":87,"s:209:25:209:Infinity":88,"s:210:8:217:Infinity":89,"f:210:21:210:29":24,"s:211:22:211:Infinity":90,"b:212:10:216:Infinity:undefined:undefined:undefined:undefined":33,"s:212:10:216:Infinity":91,"s:213:25:213:Infinity":92,"b:213:55:213:79:213:79:213:Infinity":34,"s:214:12:214:Infinity":93,"s:215:12:215:Infinity":94,"s:218:26:218:Infinity":95,"b:218:40:218:84:218:84:218:Infinity":35,"s:219:28:219:Infinity":96,"s:221:8:359:Infinity":97,"f:225:14:225:29":25,"s:225:29:225:Infinity":98,"f:235:24:235:Infinity":26,"b:236:18:236:Infinity:undefined:undefined:undefined:undefined":36,"s:236:18:236:Infinity":99,"b:236:22:236:44:236:44:236:73":37,"s:236:73:236:Infinity":100,"s:239:35:239:Infinity":101,"s:240:36:240:Infinity":102,"s:241:18:258:Infinity":103,"b:241:19:241:58:241:58:241:62":38,"f:241:62:241:70":27,"s:242:39:242:Infinity":104,"s:243:38:243:Infinity":105,"s:244:21:251:Infinity":106,"f:244:41:244:49":28,"s:245:35:245:Infinity":107,"b:246:23:250:Infinity:undefined:undefined:undefined:undefined":39,"s:246:23:250:Infinity":108,"s:247:38:247:Infinity":109,"b:247:68:247:92:247:92:247:Infinity":40,"s:248:25:248:Infinity":110,"s:249:25:249:Infinity":111,"s:252:35:252:Infinity":112,"b:252:53:252:80:252:80:252:Infinity":41,"b:253:21:257:Infinity:undefined:undefined:undefined:undefined":42,"s:253:21:257:Infinity":113,"s:254:38:254:Infinity":114,"b:254:38:254:56:254:56:254:Infinity":43,"s:255:25:255:Infinity":115,"s:256:25:256:Infinity":116,"s:259:37:259:Infinity":117,"b:259:55:259:83:259:83:259:Infinity":44,"s:260:40:260:Infinity":118,"s:263:18:265:Infinity":119,"b:264:24:265:25:265:24:265:Infinity":45,"b:267:79:267:135:267:135:267:159":46,"b:267:97:267:116:267:116:267:135":47,"b:268:40:268:72:268:72:268:Infinity":48,"b:270:77:270:83:270:83:270:92":49,"b:274:13:274:Infinity:275:14:359:Infinity":50,"f:276:30:276:35":29,"s:277:30:277:Infinity":120,"s:278:31:278:Infinity":121,"b:278:67:278:97:278:97:278:Infinity":51,"s:279:36:279:Infinity":122,"s:280:18:354:Infinity":123,"b:285:27:285:Infinity:286:28:288:Infinity":52,"b:291:104:291:154:291:154:291:178":53,"b:291:116:291:135:291:135:291:154":54,"b:292:44:292:71:292:71:292:Infinity":55,"b:298:26:298:49:298:49:298:53":56,"f:298:53:298:58":30,"s:299:26:343:Infinity":124,"f:301:30:301:45":31,"s:301:45:301:Infinity":125,"f:308:32:308:43":32,"s:308:51:308:Infinity":126,"f:316:34:316:45":33,"s:316:53:316:Infinity":127,"b:319:41:319:52:319:52:319:Infinity":57,"f:320:34:320:45":34,"s:320:51:320:Infinity":128,"b:321:100:321:128:321:128:321:156":58,"b:321:182:321:194:321:194:321:205":59,"b:329:39:329:50:329:50:329:Infinity":60,"f:330:32:330:43":35,"s:330:49:330:Infinity":129,"b:330:123:330:141:330:141:330:145":61,"b:339:63:339:73:339:73:339:Infinity":62,"f:340:30:340:39":36,"s:340:45:340:Infinity":130,"f:347:26:347:41":37,"s:347:41:347:Infinity":131},"fnNames":{}}}
,"C:\\Users\\User\\Desktop\\ELPIS\\interface\\web\\src\\CoursPage.jsx": {"path":"C:\\Users\\User\\Desktop\\ELPIS\\interface\\web\\src\\CoursPage.jsx","statementMap":{"0":{"start":{"line":10,"column":23},"end":{"line":10,"column":null}},"1":{"start":{"line":11,"column":22},"end":{"line":11,"column":null}},"2":{"start":{"line":12,"column":21},"end":{"line":12,"column":null}},"3":{"start":{"line":13,"column":29},"end":{"line":13,"column":null}},"4":{"start":{"line":14,"column":30},"end":{"line":14,"column":null}},"5":{"start":{"line":15,"column":24},"end":{"line":15,"column":null}},"6":{"start":{"line":16,"column":22},"end":{"line":16,"column":null}},"7":{"start":{"line":19,"column":8},"end":{"line":25,"column":null}},"8":{"start":{"line":20,"column":4},"end":{"line":24,"column":null}},"9":{"start":{"line":21,"column":12},"end":{"line":21,"column":null}},"10":{"start":{"line":22,"column":6},"end":{"line":22,"column":null}},"11":{"start":{"line":23,"column":6},"end":{"line":23,"column":null}},"12":{"start":{"line":28,"column":2},"end":{"line":31,"column":null}},"13":{"start":{"line":30,"column":4},"end":{"line":30,"column":null}},"14":{"start":{"line":30,"column":21},"end":{"line":30,"column":null}},"15":{"start":{"line":34,"column":2},"end":{"line":47,"column":null}},"16":{"start":{"line":35,"column":10},"end":{"line":44,"column":null}},"17":{"start":{"line":36,"column":19},"end":{"line":36,"column":null}},"18":{"start":{"line":37,"column":6},"end":{"line":43,"column":null}},"19":{"start":{"line":38,"column":8},"end":{"line":38,"column":null}},"20":{"start":{"line":39,"column":8},"end":{"line":39,"column":null}},"21":{"start":{"line":40,"column":8},"end":{"line":42,"column":null}},"22":{"start":{"line":41,"column":10},"end":{"line":41,"column":null}},"23":{"start":{"line":45,"column":4},"end":{"line":45,"column":null}},"24":{"start":{"line":46,"column":4},"end":{"line":46,"column":null}},"25":{"start":{"line":46,"column":17},"end":{"line":46,"column":null}},"26":{"start":{"line":50,"column":8},"end":{"line":53,"column":null}},"27":{"start":{"line":51,"column":4},"end":{"line":51,"column":null}},"28":{"start":{"line":51,"column":28},"end":{"line":51,"column":null}},"29":{"start":{"line":52,"column":4},"end":{"line":52,"column":null}},"30":{"start":{"line":54,"column":8},"end":{"line":54,"column":null}},"31":{"start":{"line":54,"column":34},"end":{"line":54,"column":null}},"32":{"start":{"line":54,"column":82},"end":{"line":54,"column":105}},"33":{"start":{"line":55,"column":8},"end":{"line":62,"column":null}},"34":{"start":{"line":56,"column":4},"end":{"line":56,"column":null}},"35":{"start":{"line":56,"column":30},"end":{"line":56,"column":null}},"36":{"start":{"line":57,"column":4},"end":{"line":57,"column":null}},"37":{"start":{"line":57,"column":30},"end":{"line":57,"column":80}},"38":{"start":{"line":57,"column":83},"end":{"line":57,"column":null}},"39":{"start":{"line":58,"column":4},"end":{"line":58,"column":null}},"40":{"start":{"line":58,"column":30},"end":{"line":58,"column":80}},"41":{"start":{"line":58,"colum
[...]
{"line":40,"column":28}}],"line":40},"4":{"loc":{"start":{"line":54,"column":8},"end":{"line":58,"column":null}},"type":"if","locations":[{"start":{"line":54,"column":8},"end":{"line":58,"column":null}},{"start":{"line":56,"column":15},"end":{"line":58,"column":null}}],"line":54},"5":{"loc":{"start":{"line":87,"column":19},"end":{"line":87,"column":null}},"type":"binary-expr","locations":[{"start":{"line":87,"column":19},"end":{"line":87,"column":45}},{"start":{"line":87,"column":45},"end":{"line":87,"column":null}}],"line":87},"6":{"loc":{"start":{"line":101,"column":16},"end":{"line":101,"column":39}},"type":"binary-expr","locations":[{"start":{"line":101,"column":16},"end":{"line":101,"column":35}},{"start":{"line":101,"column":35},"end":{"line":101,"column":39}}],"line":101},"7":{"loc":{"start":{"line":107,"column":42},"end":{"line":107,"column":66}},"type":"binary-expr","locations":[{"start":{"line":107,"column":42},"end":{"line":107,"column":63}},{"start":{"line":107,"column":63},"end":{"line":107,"column":66}}],"line":107},"8":{"loc":{"start":{"line":108,"column":23},"end":{"line":112,"column":null}},"type":"if","locations":[{"start":{"line":108,"column":23},"end":{"line":112,"column":null}},{"start":{"line":110,"column":30},"end":{"line":112,"column":null}}],"line":108},"9":{"loc":{"start":{"line":116,"column":34},"end":{"line":116,"column":null}},"type":"cond-expr","locations":[{"start":{"line":116,"column":47},"end":{"line":116,"column":75}},{"start":{"line":116,"column":75},"end":{"line":116,"column":null}}],"line":116},"10":{"loc":{"start":{"line":117,"column":30},"end":{"line":117,"column":null}},"type":"cond-expr","locations":[{"start":{"line":117,"column":43},"end":{"line":117,"column":65}},{"start":{"line":117,"column":65},"end":{"line":117,"column":null}}],"line":117},"11":{"loc":{"start":{"line":118,"column":29},"end":{"line":118,"column":null}},"type":"cond-expr","locations":[{"start":{"line":118,"column":42},"end":{"line":118,"column":54}},{"start":{"line":118,"column":54},"end":{"line":118,"column":null}}],"line":118},"12":{"loc":{"start":{"line":129,"column":15},"end":{"line":133,"column":null}},"type":"binary-expr","locations":[{"start":{"line":130,"column":16},"end":{"line":130,"column":36}},{"start":{"line":130,"column":36},"end":{"line":130,"column":null}},{"start":{"line":131,"column":17},"end":{"line":133,"column":null}}],"line":129},"13":{"loc":{"start":{"line":140,"column":74},"end":{"line":140,"column":103}},"type":"binary-expr","locations":[{"start":{"line":140,"column":74},"end":{"line":140,"column":101}},{"start":{"line":140,"column":101},"end":{"line":140,"column":103}}],"line":140},"14":{"loc":{"start":{"line":148,"column":14},"end":{"line":152,"column":null}},"type":"if","locations":[{"start":{"line":148,"column":14},"end":{"line":152,"column":null}},{"start":{"line":150,"column":21},"end":{"line":152,"column":null}}],"line":148},"15":{"loc":{"start":{"line":148,"column":18},"end":{"line":148,"column":84}},"type":"binary-expr","locations":[{"start":{"line":148,"column":18},"end":{"line":148,"column":32}},{"start":{"line":148,"column":32},"end":{"line":148,"column":84}}],"line":148},"16":{"loc":{"start":{"line":150,"column":21},"end":{"line":152,"column":null}},"type":"if","locations":[{"start":{"line":150,"column":21},"end":{"line":152,"column":null}},{"start":{},"end":{}}],"line":150},"17":{"loc":{"start":{"line":154,"column":105},"end":{"line":154,"column":127}},"type":"cond-expr","locations":[{"start":{"line":154,"column":118},"end":{"line":154,"column":122}},{"start":{"line":154,"column":122},"end":{"line":154,"column":127}}],"line":154},"18":{"loc":{"start":{"line":155,"column":19},"end":{"line":155,"column":null}},"type":"cond-expr","locations":[{"start":{"line":155,"column":32},"end":{"line":155,"column":74}},{"start":{"line":155,"column":74},"end":{"line":155,"column":null}}],"line":155},"19":{"loc":{"start":{"line":179,"column":23},"end":{"line":179,"column":46}},"type":"binary-expr","locations":[{"start":{"line":179,"column":23},"end":{"line":179,"column":41}},{"start":{"line":179,"column":41},"end":{"line":179,"column":46}}],"line":179},"20":{"loc":{"start":{"line":186,"column":23},"end":{"line":186,"column":null}},"type":"binary-expr","locations":[{"start":{"line":186,"column":23},"end":{"line":186,"column":37}},{"start":{"line":186,"column":37},"end":{"line":186,"column":null}}],"line":186},"21":{"loc":{"start":{"line":188,"column":31},"end":{"line":188,"column":null}},"type":"binary-expr","locations":[{"start":{"line":188,"column":31},"end":{"line":188,"column":59}},{"start":{"line":188,"column":59},"end":{"line":188,"column":null}}],"line":188},"22":{"loc":{"start":{"line":194,"column":22},"end":{"line":196,"column":null}},"type":"if","locations":[{"start":{"line":194,"column":22},"end":{"line":196,"column":null}},{"start":{},"end":{}}],"line":194},"23":{"loc":{"start":{"line":194,"column":26},"end":{"line":194,"column":106}},"type":"binary-expr","locations":[{"start":{"line":194,"column":26},"end":{"line":194,"column":39}},{"start":{"line":194,"column":39},"end":{"line":194,"column":70}},{"start":{"line":194,"column":70},"end":{"line":194,"column":106}}],"line":194},"24":{"loc":{"start":{"line":205,"column":60},"end":{"line":205,"column":123}},"type":"cond-expr","locations":[{"start":{"line":205,"column":84},"end":{"line":205,"column":111}},{"start":{"line":205,"column":111},"end":{"line":205,"column":123}}],"line":205},"25":{"loc":{"start":{"line":213,"column":73},"end":{"line":213,"column":102}},"type":"binary-expr","locations":[{"start":{"line":213,"column":73},"end":{"line":213,"column":100}},{"start":{"line":213,"column":100},"end":{"line":213,"column":102}}],"line":213},"26":{"loc":{"start":{"line":223,"column":14},"end":{"line":227,"column":null}},"type":"if","locations":[{"start":{"line":223,"column":14},"end":{"line":227,"column":null}},{"start":{"line":225,"column":21},"end":{"line":227,"column":null}}],"line":223},"27":{"loc":{"start":{"line":223,"column":18},"end":{"line":223,"column":84}},"type":"binary-expr","locations":[{"start":{"line":223,"column":18},"end":{"line":223,"column":32}},{"start":{"line":223,"column":32},"end":{"line":223,"column":84}}],"line":223},"28":{"loc":{"start":{"line":225,"column":21},"end":{"line":227,"column":null}},"type":"if","locations":[{"start":{"line":225,"column":21},"end":{"line":227,"column":null}},{"start":{},"end":{}}],"line":225},"29":{"loc":{"start":{"line":229,"column":105},"end":{"line":229,"column":127}},"type":"cond-expr","locations":[{"start":{"line":229,"column":118},"end":{"line":229,"column":122}},{"start":{"line":229,"column":122},"end":{"line":229,"column":127}}],"line":229},"30":{"loc":{"start":{"line":230,"column":19},"end":{"line":230,"column":null}},"type":"cond-expr","locations":[{"start":{"line":230,"column":32},"end":{"line":230,"column":74}},{"start":{"line":230,"column":74},"end":{"line":230,"column":null}}],"line":230},"31":{"loc":{"start":{"line":255,"column":21},"end":{"line":255,"column":null}},"type":"binary-expr","locations":[{"start":{"line":255,"column":21},"end":{"line":255,"column":46}},{"start":{"line":255,"column":46},"end":{"line":255,"column":null}}],"line":255},"32":{"loc":{"start":{"line":264,"column":73},"end":{"line":264,"column":102}},"type":"binary-expr","locations":[{"start":{"line":264,"column":73},"end":{"line":264,"column":100}},{"start":{"line":264,"column":100},"end":{"line":264,"column":102}}],"line":264},"33":{"loc":{"start":{"line":274,"column":14},"end":{"line":278,"column":null}},"type":"if","locations":[{"start":{"line":274,"column":14},"end":{"line":278,"column":null}},{"start":{"line":276,"column":21},"end":{"line":278,"column":null}}],"line":274},"34":{"loc":{"start":{"line":274,"column":18},"end":{"line":274,"column":84}},"type":"binary-expr","locations":[{"start":{"line":274,"column":18},"end":{"line":274,"column":32}},{"start":{"line":274,"column":32},"end":{"line":274,"column":84}}],"line":274},"35":{"loc":{"start":{"line":276,"column":21},"end":{"line":278,"column":null}},"type":"if","locations":[{"start":{"line":276,"column":21},"end":{"line":278,"column":null}},{"start":{},"end":{}}],"line":276},"36":{"loc":{"start":{"line":280,"column":105},"end":{"line":280,"column":127}},"type":"cond-expr","locations":[{"start":{"line":280,"column":118},"end":{"line":280,"column":122}},{"start":{"line":280,"column":122},"end":{"line":280,"column":127}}],"line":280},"37":{"loc":{"start":{"line":281,"column":19},"end":{"line":281,"column":null}},"type":"cond-expr","locations":[{"start":{"line":281,"column":32},"end":{"line":281,"column":74}},{"start":{"line":281,"column":74},"end":{"line":281,"column":null}}],"line":281},"38":{"loc":{"start":{"line":306,"column":23},"end":{"line":306,"column":null}},"type":"binary-expr","locations":[{"start":{"line":306,"column":23},"end":{"line":306,"column":36}},{"start":{"line":306,"column":36},"end":{"line":306,"column":null}}],"line":306},"39":{"loc":{"start":{"line":318,"column":21},"end":{"line":318,"column":null}},"type":"binary-expr","locations":[{"start":{"line":318,"column":21},"end":{"line":318,"column":46}},{"start":{"line":318,"column":46},"end":{"line":318,"column":null}}],"line":318},"40":{"loc":{"start":{"line":327,"column":60},"end":{"line":327,"column":94}},"type":"binary-expr","locations":[{"start":{"line":327,"column":60},"end":{"line":327,"column":92}},{"start":{"line":327,"column":92},"end":{"line":327,"column":94}}],"line":327},"41":{"loc":{"start":{"line":337,"column":14},"end":{"line":341,"column":null}},"type":"if","locations":[{"start":{"line":337,"column":14},"end":{"line":341,"column":null}},{"start":{"line":339,"column":21},"end":{"line":341,"column":null}}],"line":337},"42":{"loc":{"start":{"line":337,"column":18},"end":{"line":337,"column":88}},"type":"binary-expr","locations":[{"start":{"line":337,"column":18},"end":{"line":337,"column":36}},{"start":{"line":337,"column":36},"end":{"line":337,"column":88}}],"line":337},"43":{"loc":{"start":{"line":339,"column":21},"end":{"line":341,"column":null}},"type":"if","locations":[{"start":{"line":339,"column":21},"end":{"line":341,"column":null}},{"start":{},"end":{}}],"line":339},"44":{"loc":{"start":{"line":343,"column":105},"end":{"line":343,"column":131}},"type":"cond-expr","locations":[{"start":{"line":343,"column":122},"end":{"line":343,"column":126}},{"start":{"line":343,"column":126},"end":{"line":343,"column":131}}],"line":343},"45":{"loc":{"start":{"line":344,"column":19},"end":{"line":344,"column":null}},"type":"cond-expr","locations":[{"start":{"line":344,"column":36},"end":{"line":344,"column":78}},{"start":{"line":344,"column":78},"end":{"line":344,"column":null}}],"line":344},"46":{"loc":{"start":{"line":369,"column":21},"end":{"line":369,"column":null}},"type":"binary-expr","locations":[{"start":{"line":369,"column":21},"end":{"line":369,"column":50}},{"start":{"line":369,"column":50},"end":{"line":369,"column":null}}],"line":369}},"s":{"0":3,"1":3,"2":0,"3":0,"4":0,"5":0,"6":0,"7":0,"8":0,"9":0,"10":0,"11":0,"12":0,"13":0,"14":0,"15":0,"16":0,"17":0,"18":0,"19":0,"20":0,"21":0,"22":0,"23":0,"24":0,"25":3,"26":0,"27":0,"28":0,"29":2,"30":1,"31":1,"32":1,"33":1,"34":0,"35":0,"36":1,"37":1,"38":1,"39":3,"40":0,"41":0,"42":0,"43":0,"44":0,"45":0,"46":0,"47":0,"48":0,"49":0,"50":0,"51":0,"52":0,"53":0,"54":0,"55":0,"56":0,"57":0,"58":1,"59":3,"60":0,"61":0,"62":0,"63":0,"64":0,"65":0,"66":0,"67":0,"68":0,"69":0,"70":3,"71":0,"72":0,"73":0,"74":0,"75":0,"76":0,"77":0,"78":0,"79":0,"80":0,"81":0,"82":3,"83":0,"84":0,"85":0,"86":0,"87":0,"88":0,"89":0,"90":0,"91":0},"f":{"0":3,"1":0,"2":0,"3":0,"4":0,"5":0,"6":2,"7":1,"8":1,"9":0,"10":1,"11":3,"12":0,"13":0,"14":0,"15":0,"16":0,"17":0,"18":0,"19":0,"20":1,"21":3,"22":0,"23":0,"24":0,"25":0,"26":0,"27":0,"28":0,"29":3,"30":0,"31":0,"32":0,"33":0,"34":0,"35":0,"36":0,"37":0,"38":3,"39":0,"40":0,"41":0,"42":0,"43":0,"44":0},"b":{"0":[0,0],"1":[0,0],"2":[0,0],"3":[0,0],"4":[0,0],"5":[3,3],"6":[3,2],"7":[1,1],"8":[0,1],"9":[0,1],"10":[0,1],"11":[0,1],"12":[3,1,2],"13":[3,0],"14":[0,0],"15":[0,0],"16":[0,0],"17":[0,3],"18":[0,3],"19":[3,3],"20":[3,3],"21":[0,0],"22":[0,0],"23":[0,0,0],"24":[0,3],"25":[3,0],"26":[0,0],"27":[0,0],"28":[0,0],"29":[0,3],"30":[0,3],"31":[3,3],"32":[3,0],"33":[0,0],"34":[0,0],"35":[0,0],"36":[0,3],"37":[0,3],"38":[3,3],"39":[3,3],"40":[3,0],"41":[0,0],"42":[0,0],"43":[0,0],"44":[0,3],"45":[0,3],"46":[3,3]},"meta":{"lastBranch":47,"lastFunction":45,"lastStatement":92,"seen":{"f:7:24:7:36":0,"s:26:6:26:Infinity":0,"s:28:8:65:Infinity":1,"f:28:8:28:29":1,"s:29:18:29:Infinity":2,"s:30:4:30:Infinity":3,"s:31:4:31:Infinity":4,"s:33:4:63:Infinity":5,"f:33:21:33:28":2,"s:34:19:34:Infinity":6,"b:35:6:35:Infinity:undefined:undefined:undefined:undefined":0,"s:35:6:35:Infinity":7,"s:35:17:35:Infinity":8,"s:37:20:37:Infinity":9,"b:37:20:37:55:37:55:37:Infinity":1,"s:38:20:38:Infinity":10,"b:40:6:43:Infinity:undefined:undefined:undefined:undefined":2,"s:40:6:43:Infinity":11,"b:40:10:40:20:40:20:40:28":3,"s:41:8:41:Infinity":12,"s:42:8:42:Infinity":13,"s:45:23:45:Infinity":14,"s:46:6:46:Infinity":15,"s:48:6:62:Infinity":16,"s:49:20:52:Infinity":17,"s:53:21:53:Infinity":18,"b:54:8:58:Infinity:56:15:58:Infinity":4,"s:54:8:58:Infinity":19,"s:55:10:55:Infinity":20,"s:57:10:57:Infinity":21,"s:60:8:60:Infinity":22,"s:61:8:61:Infinity":23,"s:64:4:64:Infinity":24,"s:67:2:377:Infinity":25,"f:71:16:71:31":3,"s:71:31:71:78":26,"f:74:10:74:21":4,"s:74:27:74:Infinity":27,"b:87:19:87:45:87:45:87:Infinity":5,"f:88:12:88:23":5,"s:88:29:88:Infinity":28,"b:101:16:101:35:101:35:101:39":6,"f:101:39:101:46":6,"s:101:54:101:74":29,"f:101:76:101:80":7,"s:102:35:102:Infinity":30,"s:103:16:127:Infinity":31,"f:106:20:106:35":8,"s:107:37:107:Infinity":32,"b:107:42:107:63:107:63:107:66":7,"b:108:23:112:Infinity:110:30:112:Infinity":8,"s:108:23:112:Infinity":33,"s:109:25:109:Infinity":34,"f:109:43:109:50":9,"s:109:55:109:65":35,"s:111:25:111:Infinity":36,"s:113:23:113:Infinity":37,"b:116:47:116:75:116:75:116:Infinity":9,"b:117:43:117:65:117:65:117:Infinity":10,"b:118:42:118:54:118:54:118:Infinity":11,"b:130:16:130:36:130:36:130:Infinity:131:17:133:Infinity":12,"b:140:74:140:101:140:101:140:103":13,"f:141:95:141:110":10,"s:141:110:141:149":38,"f:143:24:143:29":11,"s:144:8:208:Infinity":39,"f:145:18:145:33":12,"s:145:33:145:84":40,"f:147:12:147:27":13,"b:148:14:152:Infinity:150:21:152:Infinity":14,"s:148:14:152:Infinity":41,"b:148:18:148:32:148:32:148:84":15,"s:149:16:149:Infinity":42,"b:150:21:152:Infinity:undefined:undefined:undefined:undefined":16,"s:150:21:152:Infinity":43,"s:151:16:151:Infinity":44,"b:154:118:154:122:154:122:154:127":17,"b:155:32:155:74:155:74:155:Infinity":18,"f:162:14:162:25":14,"s:162:31:162:Infinity":45,"f:168:14:168:29":15,"s:168:29:173:Infinity":46,"f:172:16:172:25":16,"s:172:31:172:Infinity":47,"b:179:23:179:41:179:41:179:46":19,"b:186:23:186:37:186:37:186:Infinity":20,"f:187:16:187:27":17,"s:188:31:188:Infinity":48,"b:188:31:188:59:188:59:188:Infinity":21,"s:189:18:200:Infinity":49,"f:189:18:189:33":18,"s:190:26:197:Infinity":50,"f:190:44:190:50":19,"s:191:40:191:Infinity":51,"s:192:22:192:Infinity":52,"s:193:22:193:Infinity":53,"b:194:22:196:Infinity:undefined:undefined:undefined:undefined":22,"s:194:22:196:Infinity":54,"b:194:26:194:39:194:39:194:70:194:70:194:106":23,"s:195:24:195:Infinity":55,"s:198:20:198:Infinity":56,"s:199:20:199:Infinity":57,"b:205:84:205:111:205:111:205:123":24,"b:213:73:213:100:213:100:213:102":25,"f:215:18:215:33":20,"s:215:33:215:78":58,"f:218:24:218:29":21,"s:219:8:259:Infinity":59,"f:220:18:220:33":22,"s:220:33:220:84":60,"f:222:12:222:27":23,"b:223:14:227:Infinity:225:21:227:Infinity":26,"s:223:14:227:Infinity":61,"b:223:18:223:32:223:32:223:84":27,"s:224:16:224:Infinity":62,"b:225:21:227:Infinity:undefined:undefined:undefined:undefined":28,"s:225:21:227:Infinity":63,"s:226:16:226:Infinity":64,"b:229:118:229:122:229:122:229:127":29,"b:230:32:230:74:230:74:230:Infinity":30,"f:237:14:237:25":24,"s:237:31:237:Infinity":65,"f:243:14:243:29":25,"s:243:29:248:Infinity":66,"f:247:16:247:25":26,"s:247:31:247:Infinity":67,"b:255:21:255:46:255:46:255:Infinity":31,"f:256:14:256:25":27,"s:256:31:256:Infinity":68,"b:264:73:264:100:264:100:264:102":32,"f:266:18:266:33":28,"s:266:33:266:78":69,"f:269:24:269:29":29,"s:270:8:322:Infinity":70,"f:271:18:271:33":30,"s:271:33:271:84":71,"f:273:12:273:27":31,"b:274:14:278:Infinity:276:21:278:Infinity":33,"s:274:14:278:Infinity":72,"b:274:18:274:32:274:32:274:84":34,"s:275:16:275:Infinity":73,"b:276:21:278:Infinity:undefined:undefined:undefined:undefined":35,"s:276:21:278:Infinity":74,"s:277:16:277:Infinity":75,"b:280:118:280:122:280:122:280:127":36,"b:281:32:281:74:281:74:281:Infinity":37,"f:288:14:288:25":32,"s:288:31:288:Infinity":76,"f:294:14:294:29":33,"s:294:29:299:Infinity":77,"f:298:16:298:25":34,"s:298:31:298:Infinity":78,"b:306:23:306:36:306:36:306:Infinity":38,"f:307:16:307:27":35,"s:307:33:307:Infinity":79,"b:318:21:318:46:318:46:318:Infinity":39,"f:319:14:319:25":36,"s:319:31:319:Infinity":80,"b:327:60:327:92:327:92:327:94":40,"f:329:18:329:33":37,"s:329:33:329:90":81,"f:332:29:332:34":38,"s:333:8:374:Infinity":82,"f:334:18:334:33":39,"s:334:33:334:95":83,"f:336:12:336:27":40,"b:337:14:341:Infinity:339:21:341:Infinity":41,"s:337:14:341:Infinity":84,"b:337:18:337:36:337:36:337:88":42,"s:338:16:338:Infinity":85,"b:339:21:341:Infinity:undefined:undefined:undefined:undefined":43,"s:339:21:341:Infinity":86,"s:340:16:340:Infinity":87,"b:343:122:343:126:343:126:343:131":44,"b:344:36:344:78:344:78:344:Infinity":45,"f:351:14:351:25":41,"s:351:31:351:Infinity":88,"f:357:14:357:29":42,"s:357:29:362:Infinity":89,"f:361:16:361:25":43,"s:361:31:361:Infinity":90,"b:369:21:369:50:369:50:369:Infinity":46,"f:370:14:370:25":44,"s:370:31:370:Infinity":91},"fnNames":{}}}
,"C:\\Users\\User\\Desktop\\ELPIS\\interface\\web\\src\\components\\cours\\StarRating.jsx": {"path":"C:\\Users\\User\\Desktop\\ELPIS\\interface\\web\\src\\components\\cours\\StarRating.jsx","statementMap":{"0":{"start":{"line":6,"column":2},"end":{"line":22,"column":null}},"1":{"start":{"line":9,"column":8},"end":{"line":20,"column":null}},"2":{"start":{"line":11,"column":25},"end":{"line":11,"column":null}}},"fnMap":{"0":{"name":"StarRating","decl":{"start":{"line":5,"column":24},"end":{"line":5,"column":35}},"loc":{"start":{"line":5,"column":65},"end":{"line":24,"column":null}},"line":5},"1":{"name":"(anonymous_1)","decl":{"start":{"line":8,"column":23},"end":{"line":8,"column":27}},"loc":{"start":{"line":9,"column":8},"end":{"line":20,"column":null}},"line":9},"2":{"name":"(anonymous_2)","decl":{"start":{"line":11,"column":10},"end":{"line":11,"column":25}},"loc":{"start":{"line":11,"column":25},"end":{"line":11,"column":null}},"line":11}},"branchMap":{"0":{"loc":{"start":{"line":7,"column":56},"end":{"line":7,"column":null}},"type":"binary-expr","locations":[{"start":{"line":7,"column":56},"end":{"line":7,"column":67}},{"start":{"line":7,"column":67},"end":{"line":7,"column":null}}],"line":7},"1":{"loc":{"start":{"line":14,"column":19},"end":{"line":14,"column":null}},"type":"cond-expr","locations":[{"start":{"line":14,"column":39},"end":{"line":14,"column":51}},{"start":{"line":14,"column":51},"end":{"line":14,"column":null}}],"line":14},"2":{"loc":{"start":{"line":14,"column":25},"end":{"line":14,"column":39}},"type":"binary-expr","locations":[{"start":{"line":14,"column":25},"end":{"line":14,"column":34}},{"start":{"line":14,"column":34},"end":{"line":14,"column":39}}],"line":14}},"s":{"0":17,"1":85,"2":2},"f":{"0":17,"1":85,"2":2},"b":{"0":[17,14],"1":[32,53],"2":[85,0]},"meta":{"lastBranch":3,"lastFunction":3,"lastStatement":3,"seen":{"f:5:24:5:35":0,"s:6:2:22:Infinity":0,"b:7:56:7:67:7:67:7:Infinity":0,"f:8:23:8:27":1,"s:9:8:20:Infinity":1,"f:11:10:11:25":2,"s:11:25:11:Infinity":2,"b:14:39:14:51:14:51:14:Infinity":1,"b:14:25:14:34:14:34:14:39":2},"fnNames":{}}}
}
