<?xml version="1.0" encoding="UTF-8"?>
<coverage generated="1782066909634" clover="3.2.0">
  <project timestamp="1782066909634" name="All files">
    <metrics statements="837" coveredstatements="585" conditionals="1016" coveredconditionals="497" methods="76" coveredmethods="43" elements="1929" coveredelements="1125" complexity="0" loc="837" ncloc="837" packages="1" files="5" classes="5"/>
    <file name="config.js" path="C:\Users\User\Desktop\ELPIS\interface\bridge\moteur\config.js">
      <metrics statements="79" coveredstatements="57" conditionals="91" coveredconditionals="74" methods="4" coveredmethods="4"/>
      <line num="1" count="3" type="stmt"/>
      <line num="2" count="3" type="stmt"/>
      <line num="4" count="3" type="stmt"/>
      <line num="5" count="3" type="stmt"/>
      <line num="7" count="3" type="stmt"/>
      <line num="49" count="329" type="cond" truecount="4" falsecount="1"/>
      <line num="50" count="0" type="stmt"/>
      <line num="51" count="0" type="stmt"/>
      <line num="54" count="329" type="stmt"/>
      <line num="60" count="18" type="stmt"/>
      <line num="61" count="1316" type="cond" truecount="5" falsecount="1"/>
      <line num="62" count="0" type="stmt"/>
      <line num="63" count="0" type="stmt"/>
      <line num="67" count="30" type="cond" truecount="2" falsecount="2"/>
      <line num="68" count="0" type="stmt"/>
      <line num="69" count="12" type="stmt"/>
      <line num="71" count="12" type="cond" truecount="3" falsecount="1"/>
      <line num="72" count="7" type="stmt"/>
      <line num="73" count="1" type="stmt"/>
      <line num="75" count="1" type="cond" truecount="3" falsecount="1"/>
      <line num="76" count="7" type="stmt"/>
      <line num="77" count="0" type="stmt"/>
      <line num="79" count="1" type="stmt"/>
      <line num="83" count="10" type="cond" truecount="2" falsecount="0"/>
      <line num="84" count="1" type="cond" truecount="2" falsecount="0"/>
      <line num="85" count="1" type="cond" truecount="2" falsecount="0"/>
      <line num="86" count="22" type="cond" truecount="2" falsecount="0"/>
      <line num="87" count="22" type="cond" truecount="2" falsecount="0"/>
      <line num="88" count="22" type="cond" truecount="2" falsecount="0"/>
      <line num="90" count="22" type="cond" truecount="2" falsecount="0"/>
      <line num="91" count="22" type="cond" truecount="2" falsecount="0"/>
      <line num="92" count="22" type="cond" truecount="2" falsecount="0"/>
      <line num="93" count="22" type="cond" truecount="2" falsecount="0"/>
      <line num="94" count="14" type="cond" truecount="2" falsecount="0"/>
      <line num="95" count="14" type="cond" truecount="2" falsecount="0"/>
      <line num="96" count="22" type="cond" truecount="2" falsecount="0"/>
      <line num="97" count="22" type="cond" truecount="2" falsecount="0"/>
      <line num="98" count="22" type="cond" truecount="2" falsecount="0"/>
      <line num="99" count="22" type="cond" truecount="2" falsecount="0"/>
      <line num="100" count="22" type="cond" truecount="2" falsecount="0"/>
      <line num="101" count="22" type="cond" truecount="2" falsecount="0"/>
      <line num="102" count="22" type="cond" truecount="2" falsecount="0"/>
      <line num="103" count="22" type="cond" truecount="2" falsecount="0"/>
      <line num="104" count="22" type="cond" truecount="2" falsecount="0"/>
      <line num="105" count="22" type="cond" truecount="2" falsecount="0"/>
      <line num="106" count="22" type="cond" truecount="2" falsecount="0"/>
      <line num="108" count="22" type="cond" truecount="3" falsecount="1"/>
      <line num="111" count="22" type="cond" truecount="1" falsecount="1"/>
      <line num="112" count="22" type="cond" truecount="1" falsecount="1"/>
      <line num="113" count="22" type="cond" truecount="1" falsecount="1"/>
      <line num="115" count="14" type="stmt"/>
      <line num="119" count="332" type="stmt"/>
      <line num="120" count="15" type="cond" truecount="2" falsecount="0"/>
      <line num="121" count="15" type="stmt"/>
      <line num="122" count="15" type="stmt"/>
      <line num="123" count="329" type="cond" truecount="1" falsecount="1"/>
      <line num="124" count="0" type="stmt"/>
      <line num="125" count="4" type="stmt"/>
      <line num="128" count="4" type="stmt"/>
      <line num="129" count="0" type="stmt"/>
      <line num="131" count="0" type="stmt"/>
      <line num="132" count="0" type="stmt"/>
      <line num="138" count="2" type="stmt"/>
      <line num="139" count="2" type="stmt"/>
      <line num="140" count="2" type="stmt"/>
      <line num="143" count="0" type="cond" truecount="0" falsecount="2"/>
      <line num="144" count="0" type="stmt"/>
      <line num="145" count="0" type="stmt"/>
      <line num="148" count="0" type="stmt"/>
      <line num="149" count="0" type="stmt"/>
      <line num="151" count="0" type="stmt"/>
      <line num="152" count="0" type="stmt"/>
      <line num="154" count="0" type="cond" truecount="0" falsecount="2"/>
      <line num="155" count="0" type="stmt"/>
      <line num="156" count="0" type="stmt"/>
      <line num="158" count="0" type="stmt"/>
      <line num="159" count="0" type="cond" truecount="0" falsecount="2"/>
      <line num="160" count="4" type="stmt"/>
      <line num="164" count="4" type="stmt"/>
    </file>
    <file name="cours.js" path="C:\Users\User\Desktop\ELPIS\interface\bridge\moteur\cours.js">
      <metrics statements="139" coveredstatements="101" conditionals="144" coveredconditionals="93" methods="13" coveredmethods="10"/>
      <line num="1" count="3" type="stmt"/>
      <line num="2" count="3" type="stmt"/>
      <line num="4" count="3" type="stmt"/>
      <line num="5" count="3" type="stmt"/>
      <line num="12" count="329" type="cond" truecount="3" falsecount="1"/>
      <line num="13" count="0" type="stmt"/>
      <line num="14" count="0" type="stmt"/>
      <line num="16" count="329" type="cond" truecount="1" falsecount="1"/>
      <line num="17" count="0" type="stmt"/>
      <line num="18" count="2" type="stmt"/>
      <line num="20" count="2" type="stmt"/>
      <line num="21" count="19" type="stmt"/>
      <line num="22" count="3" type="cond" truecount="3" falsecount="1"/>
      <line num="23" count="0" type="stmt"/>
      <line num="24" count="0" type="stmt"/>
      <line num="26" count="16" type="cond" truecount="1" falsecount="1"/>
      <line num="27" count="16" type="stmt"/>
      <line num="28" count="1" type="stmt"/>
      <line num="30" count="1" type="stmt"/>
      <line num="31" count="16" type="stmt"/>
      <line num="32" count="16" type="cond" truecount="5" falsecount="0"/>
      <line num="33" count="1" type="stmt"/>
      <line num="34" count="0" type="stmt"/>
      <line num="36" count="15" type="stmt"/>
      <line num="37" count="15" type="stmt"/>
      <line num="38" count="1" type="cond" truecount="3" falsecount="1"/>
      <line num="39" count="0" type="stmt"/>
      <line num="40" count="0" type="stmt"/>
      <line num="42" count="14" type="cond" truecount="1" falsecount="1"/>
      <line num="43" count="0" type="cond" truecount="2" falsecount="0"/>
      <line num="44" count="1" type="stmt"/>
      <line num="49" count="1" type="stmt"/>
      <line num="53" count="13" type="cond" truecount="2" falsecount="2"/>
      <line num="54" count="0" type="stmt"/>
      <line num="55" count="0" type="stmt"/>
      <line num="57" count="1" type="cond" truecount="1" falsecount="1"/>
      <line num="59" count="2" type="cond" truecount="1" falsecount="1"/>
      <line num="61" count="1" type="stmt"/>
      <line num="62" count="1" type="cond" truecount="1" falsecount="1"/>
      <line num="63" count="1" type="cond" truecount="1" falsecount="1"/>
      <line num="64" count="329" type="stmt"/>
      <line num="65" count="329" type="cond" truecount="1" falsecount="1"/>
      <line num="66" count="1" type="stmt"/>
      <line num="67" count="329" type="cond" truecount="2" falsecount="0"/>
      <line num="68" count="9" type="cond" truecount="1" falsecount="1"/>
      <line num="69" count="329" type="stmt"/>
      <line num="70" count="329" type="cond" truecount="2" falsecount="0"/>
      <line num="71" count="20" type="cond" truecount="2" falsecount="0"/>
      <line num="72" count="20" type="cond" truecount="2" falsecount="0"/>
      <line num="73" count="20" type="cond" truecount="2" falsecount="0"/>
      <line num="75" count="13" type="cond" truecount="1" falsecount="1"/>
      <line num="76" count="22" type="stmt"/>
      <line num="77" count="22" type="cond" truecount="2" falsecount="0"/>
      <line num="78" count="22" type="cond" truecount="5" falsecount="0"/>
      <line num="79" count="0" type="stmt"/>
      <line num="83" count="50" type="cond" truecount="1" falsecount="1"/>
      <line num="84" count="2" type="stmt"/>
      <line num="85" count="2" type="cond" truecount="2" falsecount="0"/>
      <line num="86" count="2" type="cond" truecount="2" falsecount="0"/>
      <line num="89" count="50" type="cond" truecount="1" falsecount="1"/>
      <line num="90" count="8" type="stmt"/>
      <line num="91" count="279" type="cond" truecount="2" falsecount="0"/>
      <line num="92" count="279" type="cond" truecount="2" falsecount="0"/>
      <line num="95" count="50" type="cond" truecount="1" falsecount="1"/>
      <line num="96" count="1" type="stmt"/>
      <line num="97" count="279" type="cond" truecount="2" falsecount="0"/>
      <line num="98" count="279" type="cond" truecount="2" falsecount="0"/>
      <line num="104" count="22" type="stmt"/>
      <line num="108" count="1" type="stmt"/>
      <line num="109" count="3" type="cond" truecount="1" falsecount="1"/>
      <line num="110" count="1" type="stmt"/>
      <line num="111" count="329" type="stmt"/>
      <line num="112" count="329" type="cond" truecount="1" falsecount="1"/>
      <line num="113" count="0" type="stmt"/>
      <line num="114" count="4" type="stmt"/>
      <line num="116" count="4" type="stmt"/>
      <line num="118" count="0" type="stmt"/>
      <line num="119" count="0" type="stmt"/>
      <line num="128" count="0" type="stmt"/>
      <line num="129" count="0" type="cond" truecount="0" falsecount="4"/>
      <line num="130" count="0" type="cond" truecount="0" falsecount="2"/>
      <line num="131" count="0" type="stmt"/>
      <line num="134" count="0" type="stmt"/>
      <line num="135" count="0" type="cond" truecount="0" falsecount="3"/>
      <line num="136" count="0" type="stmt"/>
      <line num="137" count="0" type="cond" truecount="1" falsecount="3"/>
      <line num="138" count="7" type="cond" truecount="2" falsecount="0"/>
      <line num="139" count="7" type="stmt"/>
      <line num="142" count="1" type="stmt"/>
      <line num="143" count="7" type="cond" truecount="3" falsecount="0"/>
      <line num="144" count="0" type="stmt"/>
      <line num="145" count="0" type="cond" truecount="1" falsecount="3"/>
      <line num="146" count="7" type="cond" truecount="2" falsecount="0"/>
      <line num="147" count="1" type="stmt"/>
      <line num="150" count="7" type="stmt"/>
      <line num="151" count="7" type="cond" truecount="2" falsecount="1"/>
      <line num="154" count="7" type="stmt"/>
      <line num="156" count="7" type="cond" truecount="1" falsecount="1"/>
      <line num="157" count="7" type="stmt"/>
      <line num="158" count="7" type="cond" truecount="3" falsecount="0"/>
      <line num="159" count="7" type="stmt"/>
      <line num="162" count="5" type="cond" truecount="1" falsecount="1"/>
      <line num="163" count="5" type="stmt"/>
      <line num="164" count="1" type="cond" truecount="3" falsecount="0"/>
      <line num="165" count="5" type="stmt"/>
      <line num="168" count="5" type="cond" truecount="1" falsecount="1"/>
      <line num="169" count="5" type="stmt"/>
      <line num="170" count="1" type="cond" truecount="3" falsecount="0"/>
      <line num="171" count="5" type="stmt"/>
      <line num="174" count="5" type="cond" truecount="1" falsecount="1"/>
      <line num="175" count="0" type="stmt"/>
      <line num="176" count="0" type="cond" truecount="1" falsecount="2"/>
      <line num="177" count="7" type="stmt"/>
      <line num="180" count="5" type="stmt"/>
      <line num="182" count="0" type="stmt"/>
      <line num="184" count="0" type="stmt"/>
      <line num="186" count="0" type="stmt"/>
      <line num="192" count="0" type="stmt"/>
      <line num="195" count="0" type="cond" truecount="0" falsecount="4"/>
      <line num="196" count="0" type="stmt"/>
      <line num="197" count="0" type="stmt"/>
      <line num="201" count="2" type="stmt"/>
      <line num="202" count="2" type="cond" truecount="3" falsecount="0"/>
      <line num="203" count="6" type="stmt"/>
      <line num="206" count="6" type="stmt"/>
      <line num="209" count="7" type="cond" truecount="1" falsecount="1"/>
      <line num="210" count="7" type="stmt"/>
      <line num="211" count="6" type="stmt"/>
      <line num="214" count="6" type="stmt"/>
      <line num="215" count="6" type="stmt"/>
      <line num="217" count="0" type="stmt"/>
      <line num="218" count="0" type="stmt"/>
      <line num="219" count="0" type="cond" truecount="0" falsecount="2"/>
      <line num="220" count="0" type="stmt"/>
      <line num="221" count="6" type="stmt"/>
      <line num="223" count="6" type="stmt"/>
      <line num="224" count="6" type="cond" truecount="1" falsecount="1"/>
      <line num="225" count="5" type="stmt"/>
      <line num="229" count="5" type="stmt"/>
    </file>
    <file name="intelligence.js" path="C:\Users\User\Desktop\ELPIS\interface\bridge\moteur\intelligence.js">
      <metrics statements="214" coveredstatements="147" conditionals="265" coveredconditionals="141" methods="29" coveredmethods="17"/>
      <line num="6" count="4" type="stmt"/>
      <line num="9" count="332" type="stmt"/>
      <line num="10" count="332" type="stmt"/>
      <line num="11" count="332" type="stmt"/>
      <line num="15" count="329" type="stmt"/>
      <line num="19" count="0" type="cond" truecount="0" falsecount="2"/>
      <line num="20" count="0" type="stmt"/>
      <line num="21" count="0" type="cond" truecount="0" falsecount="2"/>
      <line num="22" count="0" type="cond" truecount="0" falsecount="2"/>
      <line num="23" count="0" type="stmt"/>
      <line num="25" count="0" type="stmt"/>
      <line num="34" count="384" type="cond" truecount="2" falsecount="3"/>
      <line num="35" count="7" type="stmt"/>
      <line num="36" count="7" type="stmt"/>
      <line num="37" count="7" type="stmt"/>
      <line num="38" count="2" type="cond" truecount="4" falsecount="1"/>
      <line num="39" count="2" type="cond" truecount="1" falsecount="1"/>
      <line num="40" count="0" type="stmt"/>
      <line num="41" count="2" type="stmt"/>
      <line num="44" count="7" type="cond" truecount="2" falsecount="0"/>
      <line num="51" count="2" type="stmt"/>
      <line num="52" count="2" type="cond" truecount="3" falsecount="1"/>
      <line num="54" count="2" type="cond" truecount="1" falsecount="1"/>
      <line num="55" count="2" type="cond" truecount="0" falsecount="2"/>
      <line num="56" count="329" type="stmt"/>
      <line num="57" count="329" type="cond" truecount="1" falsecount="1"/>
      <line num="58" count="329" type="stmt"/>
      <line num="59" count="329" type="stmt"/>
      <line num="60" count="329" type="cond" truecount="1" falsecount="1"/>
      <line num="61" count="329" type="stmt"/>
      <line num="62" count="329" type="cond" truecount="1" falsecount="1"/>
      <line num="63" count="0" type="cond" truecount="0" falsecount="2"/>
      <line num="64" count="0" type="stmt"/>
      <line num="65" count="0" type="stmt"/>
      <line num="68" count="2" type="cond" truecount="1" falsecount="1"/>
      <line num="69" count="2" type="stmt"/>
      <line num="72" count="2" type="stmt"/>
      <line num="73" count="2" type="stmt"/>
      <line num="74" count="2" type="stmt"/>
      <line num="75" count="329" type="cond" truecount="1" falsecount="1"/>
      <line num="76" count="0" type="stmt"/>
      <line num="77" count="0" type="stmt"/>
      <line num="80" count="329" type="cond" truecount="1" falsecount="1"/>
      <line num="82" count="2" type="stmt"/>
      <line num="83" count="2" type="cond" truecount="1" falsecount="1"/>
      <line num="84" count="2" type="cond" truecount="2" falsecount="2"/>
      <line num="85" count="0" type="stmt"/>
      <line num="96" count="2" type="stmt"/>
      <line num="103" count="2" type="stmt"/>
      <line num="104" count="2" type="cond" truecount="4" falsecount="0"/>
      <line num="106" count="2" type="cond" truecount="2" falsecount="0"/>
      <line num="107" count="329" type="cond" truecount="2" falsecount="0"/>
      <line num="108" count="329" type="cond" truecount="2" falsecount="0"/>
      <line num="109" count="329" type="cond" truecount="2" falsecount="0"/>
      <line num="110" count="329" type="cond" truecount="2" falsecount="2"/>
      <line num="111" count="0" type="stmt"/>
      <line num="112" count="0" type="stmt"/>
      <line num="113" count="0" type="stmt"/>
      <line num="114" count="0" type="cond" truecount="0" falsecount="2"/>
      <line num="115" count="0" type="stmt"/>
      <line num="116" count="0" type="cond" truecount="0" falsecount="5"/>
      <line num="117" count="0" type="stmt"/>
      <line num="120" count="0" type="cond" truecount="1" falsecount="1"/>
      <line num="121" count="329" type="stmt"/>
      <line num="126" count="332" type="stmt"/>
      <line num="133" count="0" type="stmt"/>
      <line num="134" count="3" type="cond" truecount="1" falsecount="3"/>
      <line num="136" count="329" type="stmt"/>
      <line num="137" count="329" type="stmt"/>
      <line num="138" count="329" type="cond" truecount="1" falsecount="1"/>
      <line num="139" count="0" type="cond" truecount="0" falsecount="2"/>
      <line num="140" count="0" type="stmt"/>
      <line num="143" count="329" type="cond" truecount="3" falsecount="1"/>
      <line num="145" count="329" type="cond" truecount="2" falsecount="0"/>
      <line num="146" count="329" type="cond" truecount="2" falsecount="0"/>
      <line num="147" count="329" type="cond" truecount="2" falsecount="0"/>
      <line num="148" count="329" type="cond" truecount="2" falsecount="0"/>
      <line num="149" count="329" type="cond" truecount="2" falsecount="0"/>
      <line num="150" count="329" type="stmt"/>
      <line num="151" count="329" type="cond" truecount="1" falsecount="1"/>
      <line num="152" count="329" type="cond" truecount="3" falsecount="4"/>
      <line num="153" count="329" type="cond" truecount="2" falsecount="0"/>
      <line num="155" count="329" type="stmt"/>
      <line num="156" count="329" type="cond" truecount="2" falsecount="2"/>
      <line num="157" count="0" type="stmt"/>
      <line num="160" count="329" type="cond" truecount="1" falsecount="1"/>
      <line num="164" count="329" type="cond" truecount="1" falsecount="1"/>
      <line num="165" count="329" type="stmt"/>
      <line num="166" count="329" type="cond" truecount="2" falsecount="0"/>
      <line num="168" count="329" type="stmt"/>
      <line num="181" count="329" type="stmt"/>
      <line num="188" count="0" type="cond" truecount="0" falsecount="2"/>
      <line num="192" count="332" type="stmt"/>
      <line num="193" count="332" type="stmt"/>
      <line num="194" count="332" type="stmt"/>
      <line num="195" count="332" type="stmt"/>
      <line num="196" count="748" type="stmt"/>
      <line num="197" count="748" type="stmt"/>
      <line num="198" count="748" type="stmt"/>
      <line num="199" count="1002" type="cond" truecount="2" falsecount="0"/>
      <line num="200" count="419" type="stmt"/>
      <line num="203" count="1002" type="stmt"/>
      <line num="204" count="1002" type="stmt"/>
      <line num="205" count="1002" type="cond" truecount="4" falsecount="0"/>
      <line num="206" count="332" type="cond" truecount="2" falsecount="0"/>
      <line num="207" count="332" type="stmt"/>
      <line num="209" count="900" type="cond" truecount="2" falsecount="0"/>
      <line num="210" count="332" type="stmt"/>
      <line num="211" count="208" type="cond" truecount="1" falsecount="1"/>
      <line num="212" count="329" type="stmt"/>
      <line num="213" count="329" type="cond" truecount="2" falsecount="0"/>
      <line num="216" count="0" type="stmt"/>
      <line num="217" count="332" type="stmt"/>
      <line num="218" count="208" type="stmt"/>
      <line num="220" count="208" type="cond" truecount="5" falsecount="0"/>
      <line num="221" count="208" type="stmt"/>
      <line num="222" count="208" type="stmt"/>
      <line num="223" count="3" type="cond" truecount="1" falsecount="1"/>
      <line num="224" count="3" type="stmt"/>
      <line num="226" count="0" type="stmt"/>
      <line num="228" count="329" type="cond" truecount="2" falsecount="2"/>
      <line num="229" count="0" type="stmt"/>
      <line num="230" count="0" type="stmt"/>
      <line num="231" count="0" type="cond" truecount="0" falsecount="2"/>
      <line num="232" count="0" type="stmt"/>
      <line num="233" count="0" type="stmt"/>
      <line num="236" count="26" type="stmt"/>
      <line num="243" count="332" type="stmt"/>
      <line num="244" count="332" type="cond" truecount="3" falsecount="1"/>
      <line num="246" count="332" type="stmt"/>
      <line num="247" count="329" type="cond" truecount="2" falsecount="0"/>
      <line num="248" count="329" type="cond" truecount="1" falsecount="1"/>
      <line num="249" count="329" type="cond" truecount="2" falsecount="0"/>
      <line num="250" count="329" type="stmt"/>
      <line num="252" count="0" type="stmt"/>
      <line num="253" count="329" type="cond" truecount="1" falsecount="1"/>
      <line num="254" count="0" type="cond" truecount="0" falsecount="4"/>
      <line num="256" count="329" type="cond" truecount="1" falsecount="1"/>
      <line num="257" count="329" type="stmt"/>
      <line num="258" count="1" type="cond" truecount="3" falsecount="4"/>
      <line num="259" count="0" type="stmt"/>
      <line num="264" count="0" type="cond" truecount="0" falsecount="2"/>
      <line num="265" count="0" type="stmt"/>
      <line num="268" count="0" type="stmt"/>
      <line num="269" count="0" type="stmt"/>
      <line num="270" count="329" type="cond" truecount="4" falsecount="1"/>
      <line num="271" count="1" type="stmt"/>
      <line num="272" count="0" type="stmt"/>
      <line num="275" count="329" type="stmt"/>
      <line num="276" count="329" type="cond" truecount="3" falsecount="1"/>
      <line num="277" count="329" type="cond" truecount="3" falsecount="1"/>
      <line num="278" count="329" type="stmt"/>
      <line num="280" count="0" type="stmt"/>
      <line num="281" count="0" type="stmt"/>
      <line num="282" count="0" type="stmt"/>
      <line num="287" count="332" type="stmt"/>
      <line num="294" count="332" type="stmt"/>
      <line num="295" count="332" type="cond" truecount="3" falsecount="1"/>
      <line num="297" count="332" type="cond" truecount="1" falsecount="1"/>
      <line num="298" count="329" type="cond" truecount="1" falsecount="1"/>
      <line num="299" count="329" type="cond" truecount="2" falsecount="0"/>
      <line num="300" count="329" type="cond" truecount="1" falsecount="1"/>
      <line num="301" count="329" type="stmt"/>
      <line num="302" count="329" type="stmt"/>
      <line num="303" count="0" type="cond" truecount="1" falsecount="1"/>
      <line num="304" count="329" type="cond" truecount="1" falsecount="1"/>
      <line num="305" count="0" type="stmt"/>
      <line num="306" count="0" type="stmt"/>
      <line num="309" count="2" type="cond" truecount="1" falsecount="1"/>
      <line num="310" count="2" type="stmt"/>
      <line num="311" count="4" type="cond" truecount="1" falsecount="1"/>
      <line num="312" count="4" type="cond" truecount="1" falsecount="1"/>
      <line num="314" count="2" type="stmt"/>
      <line num="319" count="2" type="stmt"/>
      <line num="326" count="2" type="stmt"/>
      <line num="327" count="2" type="cond" truecount="3" falsecount="1"/>
      <line num="329" count="1" type="stmt"/>
      <line num="330" count="1" type="stmt"/>
      <line num="332" count="329" type="cond" truecount="1" falsecount="1"/>
      <line num="333" count="329" type="cond" truecount="1" falsecount="1"/>
      <line num="334" count="329" type="cond" truecount="2" falsecount="0"/>
      <line num="335" count="3" type="cond" truecount="1" falsecount="1"/>
      <line num="336" count="3" type="cond" truecount="1" falsecount="1"/>
      <line num="338" count="3" type="stmt"/>
      <line num="340" count="2" type="cond" truecount="2" falsecount="2"/>
      <line num="341" count="0" type="stmt"/>
      <line num="342" count="0" type="cond" truecount="0" falsecount="2"/>
      <line num="344" count="0" type="stmt"/>
      <line num="345" count="0" type="cond" truecount="1" falsecount="1"/>
      <line num="346" count="0" type="cond" truecount="0" falsecount="2"/>
      <line num="347" count="0" type="stmt"/>
      <line num="348" count="0" type="stmt"/>
      <line num="349" count="0" type="stmt"/>
      <line num="350" count="0" type="cond" truecount="0" falsecount="2"/>
      <line num="351" count="0" type="stmt"/>
      <line num="352" count="0" type="cond" truecount="0" falsecount="4"/>
      <line num="356" count="0" type="cond" truecount="0" falsecount="4"/>
      <line num="357" count="0" type="stmt"/>
      <line num="358" count="4" type="cond" truecount="1" falsecount="1"/>
      <line num="359" count="4" type="stmt"/>
      <line num="360" count="0" type="cond" truecount="2" falsecount="0"/>
      <line num="361" count="1" type="cond" truecount="1" falsecount="1"/>
      <line num="362" count="1" type="stmt"/>
      <line num="363" count="1" type="cond" truecount="3" falsecount="1"/>
      <line num="367" count="0" type="cond" truecount="0" falsecount="2"/>
      <line num="369" count="0" type="stmt"/>
      <line num="370" count="0" type="cond" truecount="0" falsecount="2"/>
      <line num="371" count="0" type="cond" truecount="0" falsecount="2"/>
      <line num="372" count="0" type="cond" truecount="0" falsecount="2"/>
      <line num="373" count="5" type="cond" truecount="1" falsecount="1"/>
      <line num="375" count="5" type="stmt"/>
      <line num="376" count="4" type="stmt"/>
      <line num="381" count="2" type="stmt"/>
      <line num="384" count="0" type="stmt"/>
    </file>
    <file name="orchestrateur.js" path="C:\Users\User\Desktop\ELPIS\interface\bridge\moteur\orchestrateur.js">
      <metrics statements="328" coveredstatements="226" conditionals="415" coveredconditionals="126" methods="27" coveredmethods="11"/>
      <line num="7" count="3" type="stmt"/>
      <line num="8" count="3" type="stmt"/>
      <line num="9" count="3" type="stmt"/>
      <line num="11" count="3" type="stmt"/>
      <line num="26" count="3" type="stmt"/>
      <line num="27" count="3" type="stmt"/>
      <line num="38" count="3" type="stmt"/>
      <line num="39" count="3" type="stmt"/>
      <line num="45" count="1714" type="cond" truecount="2" falsecount="0"/>
      <line num="46" count="953" type="stmt"/>
      <line num="47" count="953" type="cond" truecount="1" falsecount="1"/>
      <line num="48" count="953" type="cond" truecount="2" falsecount="0"/>
      <line num="50" count="624" type="stmt"/>
      <line num="53" count="329" type="stmt"/>
      <line num="58" count="332" type="stmt"/>
      <line num="59" count="332" type="stmt"/>
      <line num="60" count="332" type="stmt"/>
      <line num="62" count="332" type="stmt"/>
      <line num="63" count="332" type="stmt"/>
      <line num="65" count="332" type="stmt"/>
      <line num="66" count="332" type="stmt"/>
      <line num="67" count="332" type="stmt"/>
      <line num="68" count="332" type="stmt"/>
      <line num="69" count="332" type="stmt"/>
      <line num="70" count="332" type="cond" truecount="1" falsecount="1"/>
      <line num="73" count="332" type="stmt"/>
      <line num="74" count="332" type="stmt"/>
      <line num="75" count="332" type="stmt"/>
      <line num="76" count="332" type="cond" truecount="2" falsecount="0"/>
      <line num="77" count="329" type="stmt"/>
      <line num="80" count="0" type="stmt"/>
      <line num="84" count="332" type="stmt"/>
      <line num="85" count="332" type="stmt"/>
      <line num="86" count="332" type="stmt"/>
      <line num="87" count="332" type="stmt"/>
      <line num="88" count="332" type="stmt"/>
      <line num="89" count="332" type="stmt"/>
      <line num="91" count="332" type="stmt"/>
      <line num="101" count="332" type="cond" truecount="2" falsecount="0"/>
      <line num="102" count="3" type="stmt"/>
      <line num="103" count="3" type="stmt"/>
      <line num="104" count="3" type="stmt"/>
      <line num="105" count="3" type="stmt"/>
      <line num="106" count="3" type="stmt"/>
      <line num="107" count="3" type="stmt"/>
      <line num="111" count="329" type="cond" truecount="3" falsecount="1"/>
      <line num="112" count="0" type="stmt"/>
      <line num="113" count="0" type="stmt"/>
      <line num="114" count="0" type="stmt"/>
      <line num="115" count="0" type="stmt"/>
      <line num="116" count="0" type="stmt"/>
      <line num="117" count="0" type="stmt"/>
      <line num="120" count="329" type="stmt"/>
      <line num="123" count="329" type="cond" truecount="1" falsecount="1"/>
      <line num="124" count="332" type="cond" truecount="1" falsecount="1"/>
      <line num="125" count="332" type="stmt"/>
      <line num="128" count="332" type="stmt"/>
      <line num="129" count="332" type="stmt"/>
      <line num="130" count="332" type="stmt"/>
      <line num="131" count="332" type="cond" truecount="2" falsecount="0"/>
      <line num="132" count="329" type="stmt"/>
      <line num="133" count="0" type="cond" truecount="0" falsecount="4"/>
      <line num="134" count="0" type="cond" truecount="0" falsecount="2"/>
      <line num="135" count="0" type="stmt"/>
      <line num="137" count="0" type="cond" truecount="0" falsecount="4"/>
      <line num="138" count="0" type="stmt"/>
      <line num="139" count="0" type="stmt"/>
      <line num="140" count="0" type="cond" truecount="0" falsecount="6"/>
      <line num="141" count="0" type="stmt"/>
      <line num="142" count="0" type="stmt"/>
      <line num="143" count="0" type="cond" truecount="0" falsecount="2"/>
      <line num="144" count="0" type="stmt"/>
      <line num="146" count="0" type="stmt"/>
      <line num="154" count="329" type="stmt"/>
      <line num="155" count="329" type="cond" truecount="1" falsecount="1"/>
      <line num="157" count="329" type="stmt"/>
      <line num="158" count="329" type="stmt"/>
      <line num="159" count="329" type="stmt"/>
      <line num="162" count="329" type="stmt"/>
      <line num="163" count="329" type="cond" truecount="2" falsecount="2"/>
      <line num="164" count="0" type="cond" truecount="0" falsecount="2"/>
      <line num="167" count="329" type="cond" truecount="1" falsecount="1"/>
      <line num="168" count="329" type="cond" truecount="1" falsecount="1"/>
      <line num="169" count="329" type="cond" truecount="1" falsecount="1"/>
      <line num="170" count="329" type="cond" truecount="1" falsecount="1"/>
      <line num="171" count="329" type="cond" truecount="1" falsecount="1"/>
      <line num="172" count="329" type="cond" truecount="1" falsecount="1"/>
      <line num="173" count="0" type="cond" truecount="0" falsecount="6"/>
      <line num="174" count="0" type="cond" truecount="0" falsecount="4"/>
      <line num="177" count="329" type="cond" truecount="1" falsecount="1"/>
      <line num="178" count="279" type="cond" truecount="1" falsecount="1"/>
      <line num="179" count="0" type="cond" truecount="0" falsecount="2"/>
      <line num="180" count="0" type="cond" truecount="0" falsecount="4"/>
      <line num="183" count="329" type="cond" truecount="1" falsecount="1"/>
      <line num="184" count="279" type="cond" truecount="1" falsecount="1"/>
      <line num="185" count="0" type="cond" truecount="0" falsecount="2"/>
      <line num="186" count="0" type="stmt"/>
      <line num="192" count="0" type="cond" truecount="0" falsecount="2"/>
      <line num="193" count="0" type="cond" truecount="0" falsecount="6"/>
      <line num="194" count="0" type="cond" truecount="0" falsecount="4"/>
      <line num="197" count="329" type="cond" truecount="1" falsecount="1"/>
      <line num="198" count="279" type="cond" truecount="1" falsecount="1"/>
      <line num="199" count="0" type="cond" truecount="0" falsecount="2"/>
      <line num="200" count="0" type="cond" truecount="0" falsecount="4"/>
      <line num="208" count="329" type="stmt"/>
      <line num="209" count="329" type="stmt"/>
      <line num="210" count="329" type="cond" truecount="1" falsecount="1"/>
      <line num="213" count="329" type="stmt"/>
      <line num="214" count="329" type="cond" truecount="1" falsecount="1"/>
      <line num="215" count="332" type="cond" truecount="3" falsecount="1"/>
      <line num="216" count="332" type="stmt"/>
      <line num="219" count="332" type="stmt"/>
      <line num="220" count="332" type="stmt"/>
      <line num="221" count="332" type="stmt"/>
      <line num="222" count="332" type="stmt"/>
      <line num="224" count="332" type="cond" truecount="1" falsecount="1"/>
      <line num="225" count="332" type="cond" truecount="1" falsecount="1"/>
      <line num="227" count="332" type="cond" truecount="1" falsecount="1"/>
      <line num="228" count="329" type="cond" truecount="1" falsecount="1"/>
      <line num="229" count="329" type="stmt"/>
      <line num="230" count="329" type="stmt"/>
      <line num="231" count="329" type="cond" truecount="1" falsecount="1"/>
      <line num="233" count="329" type="cond" truecount="1" falsecount="1"/>
      <line num="234" count="329" type="cond" truecount="1" falsecount="1"/>
      <line num="235" count="329" type="stmt"/>
      <line num="236" count="329" type="stmt"/>
      <line num="237" count="329" type="stmt"/>
      <line num="238" count="329" type="stmt"/>
      <line num="241" count="329" type="stmt"/>
      <line num="242" count="329" type="stmt"/>
      <line num="243" count="1166" type="stmt"/>
      <line num="244" count="1166" type="cond" truecount="2" falsecount="0"/>
      <line num="245" count="405" type="stmt"/>
      <line num="246" count="405" type="cond" truecount="2" falsecount="0"/>
      <line num="249" count="329" type="cond" truecount="1" falsecount="1"/>
      <line num="250" count="329" type="cond" truecount="1" falsecount="1"/>
      <line num="251" count="329" type="cond" truecount="1" falsecount="1"/>
      <line num="252" count="329" type="cond" truecount="1" falsecount="1"/>
      <line num="254" count="329" type="stmt"/>
      <line num="255" count="329" type="cond" truecount="2" falsecount="0"/>
      <line num="256" count="219" type="stmt"/>
      <line num="258" count="219" type="cond" truecount="1" falsecount="1"/>
      <line num="259" count="0" type="stmt"/>
      <line num="263" count="329" type="stmt"/>
      <line num="264" count="329" type="cond" truecount="4" falsecount="1"/>
      <line num="265" count="0" type="stmt"/>
      <line num="268" count="329" type="stmt"/>
      <line num="269" count="329" type="stmt"/>
      <line num="270" count="329" type="cond" truecount="1" falsecount="1"/>
      <line num="271" count="329" type="cond" truecount="1" falsecount="1"/>
      <line num="273" count="329" type="cond" truecount="1" falsecount="1"/>
      <line num="274" count="329" type="cond" truecount="1" falsecount="1"/>
      <line num="277" count="329" type="stmt"/>
      <line num="278" count="329" type="cond" truecount="1" falsecount="1"/>
      <line num="279" count="329" type="stmt"/>
      <line num="280" count="329" type="stmt"/>
      <line num="281" count="329" type="cond" truecount="2" falsecount="0"/>
      <line num="282" count="110" type="cond" truecount="1" falsecount="1"/>
      <line num="283" count="110" type="cond" truecount="4" falsecount="1"/>
      <line num="284" count="110" type="stmt"/>
      <line num="285" count="110" type="stmt"/>
      <line num="286" count="110" type="stmt"/>
      <line num="287" count="110" type="stmt"/>
      <line num="289" count="219" type="stmt"/>
      <line num="290" count="219" type="cond" truecount="1" falsecount="1"/>
      <line num="291" count="219" type="stmt"/>
      <line num="292" count="219" type="stmt"/>
      <line num="293" count="219" type="stmt"/>
      <line num="294" count="219" type="cond" truecount="3" falsecount="1"/>
      <line num="295" count="109" type="stmt"/>
      <line num="296" count="109" type="stmt"/>
      <line num="299" count="0" type="stmt"/>
      <line num="300" count="0" type="cond" truecount="0" falsecount="2"/>
      <line num="301" count="0" type="stmt"/>
      <line num="302" count="0" type="cond" truecount="0" falsecount="2"/>
      <line num="303" count="0" type="stmt"/>
      <line num="304" count="0" type="stmt"/>
      <line num="306" count="0" type="stmt"/>
      <line num="307" count="0" type="cond" truecount="0" falsecount="4"/>
      <line num="308" count="0" type="stmt"/>
      <line num="309" count="0" type="stmt"/>
      <line num="310" count="0" type="cond" truecount="0" falsecount="4"/>
      <line num="311" count="0" type="stmt"/>
      <line num="312" count="0" type="stmt"/>
      <line num="318" count="329" type="cond" truecount="2" falsecount="0"/>
      <line num="319" count="219" type="stmt"/>
      <line num="320" count="219" type="stmt"/>
      <line num="321" count="219" type="cond" truecount="4" falsecount="2"/>
      <line num="322" count="219" type="cond" truecount="2" falsecount="2"/>
      <line num="324" count="219" type="stmt"/>
      <line num="337" count="329" type="stmt"/>
      <line num="338" count="329" type="cond" truecount="1" falsecount="1"/>
      <line num="339" count="329" type="stmt"/>
      <line num="341" count="329" type="cond" truecount="1" falsecount="1"/>
      <line num="344" count="0" type="cond" truecount="0" falsecount="2"/>
      <line num="345" count="0" type="cond" truecount="0" falsecount="4"/>
      <line num="346" count="0" type="cond" truecount="0" falsecount="2"/>
      <line num="347" count="0" type="cond" truecount="0" falsecount="4"/>
      <line num="348" count="0" type="stmt"/>
      <line num="362" count="0" type="cond" truecount="0" falsecount="2"/>
      <line num="363" count="0" type="cond" truecount="0" falsecount="2"/>
      <line num="365" count="0" type="cond" truecount="0" falsecount="2"/>
      <line num="366" count="0" type="stmt"/>
      <line num="368" count="0" type="stmt"/>
      <line num="370" count="0" type="cond" truecount="0" falsecount="4"/>
      <line num="371" count="0" type="cond" truecount="0" falsecount="2"/>
      <line num="372" count="0" type="cond" truecount="0" falsecount="2"/>
      <line num="374" count="0" type="cond" truecount="0" falsecount="2"/>
      <line num="375" count="0" type="cond" truecount="0" falsecount="2"/>
      <line num="376" count="0" type="cond" truecount="0" falsecount="4"/>
      <line num="377" count="0" type="cond" truecount="0" falsecount="2"/>
      <line num="380" count="0" type="stmt"/>
      <line num="386" count="0" type="cond" truecount="0" falsecount="2"/>
      <line num="387" count="0" type="stmt"/>
      <line num="388" count="0" type="cond" truecount="0" falsecount="6"/>
      <line num="389" count="0" type="stmt"/>
      <line num="390" count="0" type="cond" truecount="0" falsecount="5"/>
      <line num="391" count="0" type="stmt"/>
      <line num="393" count="0" type="cond" truecount="0" falsecount="4"/>
      <line num="395" count="0" type="stmt"/>
      <line num="396" count="0" type="cond" truecount="0" falsecount="2"/>
      <line num="397" count="0" type="cond" truecount="0" falsecount="2"/>
      <line num="399" count="0" type="stmt"/>
      <line num="415" count="0" type="cond" truecount="0" falsecount="2"/>
      <line num="416" count="329" type="cond" truecount="1" falsecount="1"/>
      <line num="417" count="329" type="cond" truecount="0" falsecount="2"/>
      <line num="419" count="329" type="cond" truecount="1" falsecount="1"/>
      <line num="420" count="329" type="cond" truecount="1" falsecount="1"/>
      <line num="421" count="329" type="cond" truecount="0" falsecount="2"/>
      <line num="422" count="329" type="cond" truecount="1" falsecount="3"/>
      <line num="424" count="329" type="cond" truecount="1" falsecount="1"/>
      <line num="425" count="329" type="cond" truecount="1" falsecount="2"/>
      <line num="426" count="329" type="stmt"/>
      <line num="427" count="329" type="cond" truecount="1" falsecount="5"/>
      <line num="429" count="329" type="stmt"/>
      <line num="430" count="329" type="cond" truecount="0" falsecount="2"/>
      <line num="431" count="0" type="cond" truecount="0" falsecount="4"/>
      <line num="432" count="0" type="cond" truecount="0" falsecount="2"/>
      <line num="435" count="0" type="cond" truecount="0" falsecount="5"/>
      <line num="436" count="0" type="cond" truecount="0" falsecount="2"/>
      <line num="437" count="0" type="cond" truecount="0" falsecount="4"/>
      <line num="438" count="0" type="cond" truecount="0" falsecount="2"/>
      <line num="439" count="0" type="cond" truecount="0" falsecount="4"/>
      <line num="440" count="0" type="stmt"/>
      <line num="441" count="0" type="cond" truecount="0" falsecount="2"/>
      <line num="443" count="0" type="stmt"/>
      <line num="462" count="329" type="stmt"/>
      <line num="463" count="329" type="stmt"/>
      <line num="464" count="329" type="stmt"/>
      <line num="465" count="329" type="stmt"/>
      <line num="468" count="329" type="stmt"/>
      <line num="469" count="0" type="stmt"/>
      <line num="470" count="0" type="stmt"/>
      <line num="471" count="0" type="cond" truecount="0" falsecount="2"/>
      <line num="472" count="0" type="stmt"/>
      <line num="476" count="329" type="stmt"/>
      <line num="479" count="329" type="stmt"/>
      <line num="480" count="329" type="stmt"/>
      <line num="482" count="329" type="cond" truecount="2" falsecount="2"/>
      <line num="483" count="329" type="stmt"/>
      <line num="490" count="329" type="cond" truecount="1" falsecount="1"/>
      <line num="493" count="329" type="stmt"/>
      <line num="494" count="329" type="stmt"/>
      <line num="495" count="329" type="stmt"/>
      <line num="496" count="329" type="stmt"/>
      <line num="499" count="329" type="stmt"/>
      <line num="500" count="329" type="stmt"/>
      <line num="501" count="219" type="cond" truecount="2" falsecount="2"/>
      <line num="502" count="219" type="stmt"/>
      <line num="506" count="329" type="stmt"/>
      <line num="507" count="329" type="stmt"/>
      <line num="508" count="329" type="stmt"/>
      <line num="509" count="329" type="stmt"/>
      <line num="512" count="329" type="stmt"/>
      <line num="513" count="0" type="cond" truecount="0" falsecount="2"/>
      <line num="514" count="0" type="cond" truecount="0" falsecount="4"/>
      <line num="515" count="0" type="cond" truecount="0" falsecount="2"/>
      <line num="516" count="0" type="cond" truecount="0" falsecount="2"/>
      <line num="517" count="0" type="stmt"/>
      <line num="518" count="0" type="stmt"/>
      <line num="519" count="0" type="stmt"/>
      <line num="520" count="0" type="stmt"/>
      <line num="525" count="329" type="stmt"/>
      <line num="526" count="987" type="stmt"/>
      <line num="527" count="219" type="cond" truecount="1" falsecount="1"/>
      <line num="528" count="219" type="cond" truecount="3" falsecount="1"/>
      <line num="529" count="219" type="cond" truecount="1" falsecount="3"/>
      <line num="530" count="219" type="cond" truecount="2" falsecount="2"/>
      <line num="531" count="219" type="stmt"/>
      <line num="532" count="219" type="stmt"/>
      <line num="533" count="219" type="cond" truecount="1" falsecount="1"/>
      <line num="534" count="219" type="stmt"/>
      <line num="540" count="329" type="cond" truecount="1" falsecount="1"/>
      <line num="541" count="0" type="stmt"/>
      <line num="542" count="0" type="stmt"/>
      <line num="543" count="0" type="stmt"/>
      <line num="545" count="329" type="stmt"/>
      <line num="546" count="329" type="stmt"/>
      <line num="547" count="329" type="stmt"/>
      <line num="551" count="329" type="stmt"/>
      <line num="552" count="329" type="stmt"/>
      <line num="553" count="329" type="stmt"/>
      <line num="555" count="329" type="stmt"/>
      <line num="556" count="548" type="cond" truecount="2" falsecount="0"/>
      <line num="557" count="329" type="stmt"/>
      <line num="558" count="329" type="stmt"/>
      <line num="560" count="219" type="stmt"/>
      <line num="561" count="219" type="cond" truecount="3" falsecount="1"/>
      <line num="562" count="219" type="cond" truecount="3" falsecount="1"/>
      <line num="563" count="219" type="stmt"/>
      <line num="566" count="329" type="stmt"/>
      <line num="567" count="329" type="stmt"/>
      <line num="569" count="329" type="stmt"/>
      <line num="570" count="329" type="stmt"/>
      <line num="571" count="548" type="cond" truecount="1" falsecount="1"/>
      <line num="572" count="548" type="stmt"/>
      <line num="573" count="548" type="cond" truecount="1" falsecount="1"/>
      <line num="574" count="548" type="stmt"/>
      <line num="576" count="548" type="cond" truecount="2" falsecount="0"/>
      <line num="577" count="329" type="cond" truecount="2" falsecount="0"/>
      <line num="578" count="109" type="stmt"/>
      <line num="581" count="329" type="stmt"/>
      <line num="582" count="329" type="stmt"/>
      <line num="584" count="329" type="stmt"/>
      <line num="585" count="0" type="stmt"/>
      <line num="587" count="329" type="cond" truecount="1" falsecount="1"/>
      <line num="589" count="332" type="stmt"/>
      <line num="592" count="3" type="stmt"/>
    </file>
    <file name="scoring.js" path="C:\Users\User\Desktop\ELPIS\interface\bridge\moteur\scoring.js">
      <metrics statements="77" coveredstatements="54" conditionals="101" coveredconditionals="63" methods="3" coveredmethods="1"/>
      <line num="6" count="3" type="stmt"/>
      <line num="12" count="0" type="cond" truecount="2" falsecount="4"/>
      <line num="13" count="0" type="stmt"/>
      <line num="14" count="0" type="stmt"/>
      <line num="15" count="0" type="stmt"/>
      <line num="16" count="0" type="stmt"/>
      <line num="17" count="6" type="stmt"/>
      <line num="18" count="6" type="stmt"/>
      <line num="34" count="0" type="cond" truecount="0" falsecount="2"/>
      <line num="35" count="0" type="cond" truecount="0" falsecount="2"/>
      <line num="36" count="0" type="cond" truecount="0" falsecount="2"/>
      <line num="37" count="0" type="cond" truecount="0" falsecount="2"/>
      <line num="38" count="0" type="cond" truecount="0" falsecount="2"/>
      <line num="40" count="0" type="stmt"/>
      <line num="41" count="11" type="cond" truecount="5" falsecount="0"/>
      <line num="42" count="1" type="stmt"/>
      <line num="46" count="44" type="cond" truecount="3" falsecount="1"/>
      <line num="47" count="0" type="stmt"/>
      <line num="48" count="62" type="stmt"/>
      <line num="49" count="62" type="cond" truecount="1" falsecount="1"/>
      <line num="50" count="0" type="stmt"/>
      <line num="51" count="52" type="cond" truecount="4" falsecount="1"/>
      <line num="52" count="52" type="stmt"/>
      <line num="53" count="51" type="stmt"/>
      <line num="57" count="51" type="cond" truecount="1" falsecount="1"/>
      <line num="61" count="0" type="cond" truecount="0" falsecount="4"/>
      <line num="62" count="0" type="stmt"/>
      <line num="63" count="52" type="cond" truecount="2" falsecount="0"/>
      <line num="64" count="1" type="stmt"/>
      <line num="65" count="0" type="cond" truecount="0" falsecount="2"/>
      <line num="66" count="0" type="stmt"/>
      <line num="67" count="62" type="cond" truecount="2" falsecount="0"/>
      <line num="68" count="62" type="stmt"/>
      <line num="69" count="2" type="cond" truecount="1" falsecount="1"/>
      <line num="70" count="2" type="stmt"/>
      <line num="72" count="2" type="stmt"/>
      <line num="76" count="2" type="cond" truecount="5" falsecount="0"/>
      <line num="77" count="1" type="stmt"/>
      <line num="78" count="2" type="cond" truecount="3" falsecount="1"/>
      <line num="79" count="62" type="stmt"/>
      <line num="80" count="2" type="stmt"/>
      <line num="85" count="1" type="cond" truecount="4" falsecount="1"/>
      <line num="86" count="1" type="stmt"/>
      <line num="87" count="1" type="cond" truecount="4" falsecount="1"/>
      <line num="88" count="62" type="stmt"/>
      <line num="94" count="2" type="stmt"/>
      <line num="95" count="2" type="cond" truecount="6" falsecount="0"/>
      <line num="98" count="62" type="cond" truecount="1" falsecount="1"/>
      <line num="99" count="62" type="stmt"/>
      <line num="100" count="4" type="cond" truecount="1" falsecount="1"/>
      <line num="101" count="4" type="stmt"/>
      <line num="102" count="4" type="cond" truecount="3" falsecount="1"/>
      <line num="103" count="4" type="stmt"/>
      <line num="104" count="4" type="cond" truecount="2" falsecount="0"/>
      <line num="105" count="8" type="stmt"/>
      <line num="106" count="4" type="cond" truecount="1" falsecount="1"/>
      <line num="107" count="4" type="stmt"/>
      <line num="114" count="1" type="stmt"/>
      <line num="115" count="1" type="stmt"/>
      <line num="117" count="2" type="stmt"/>
      <line num="125" count="329" type="cond" truecount="3" falsecount="1"/>
      <line num="127" count="329" type="cond" truecount="2" falsecount="0"/>
      <line num="128" count="329" type="stmt"/>
      <line num="130" count="329" type="stmt"/>
      <line num="131" count="329" type="stmt"/>
      <line num="133" count="329" type="cond" truecount="1" falsecount="1"/>
      <line num="134" count="0" type="stmt"/>
      <line num="135" count="0" type="stmt"/>
      <line num="137" count="329" type="stmt"/>
      <line num="138" count="0" type="cond" truecount="3" falsecount="2"/>
      <line num="139" count="3" type="stmt"/>
      <line num="140" count="0" type="stmt"/>
      <line num="141" count="0" type="stmt"/>
      <line num="148" count="1" type="cond" truecount="3" falsecount="1"/>
      <line num="149" count="0" type="stmt"/>
      <line num="152" count="329" type="stmt"/>
      <line num="155" count="5" type="stmt"/>
    </file>
  </project>
</coverage>
