<?xml version="1.0" encoding="UTF-8"?>
<coverage generated="1782067356043" clover="3.2.0">
  <project timestamp="1782067356043" name="All files">
    <metrics statements="847" coveredstatements="592" conditionals="1016" coveredconditionals="496" methods="80" coveredmethods="46" elements="1943" coveredelements="1134" complexity="0" loc="847" ncloc="847" packages="1" files="5" classes="5"/>
    <file name="config.js" path="C:\Users\User\Desktop\ELPIS\interface\bridge\moteur\config.js">
      <metrics statements="79" coveredstatements="57" conditionals="91" coveredconditionals="74" methods="4" coveredmethods="4"/>
      <line num="1" count="3" type="stmt"/>
      <line num="2" count="3" type="stmt"/>
      <line num="4" count="3" type="stmt"/>
      <line num="5" count="3" type="stmt"/>
      <line num="7" count="3" type="stmt"/>
      <line num="49" count="329" type="cond" truecount="4" falsecount="1"/>
      <line num="50" count="0" type="stmt"/>
      <line num="51" count="0" type="stmt"/>
      <line num="54" count="329" type="stmt"/>
      <line num="60" count="18" type="stmt"/>
      <line num="61" count="1316" type="cond" truecount="5" falsecount="1"/>
      <line num="62" count="0" type="stmt"/>
      <line num="63" count="0" type="stmt"/>
      <line num="67" count="30" type="cond" truecount="2" falsecount="2"/>
      <line num="68" count="0" type="stmt"/>
      <line num="69" count="12" type="stmt"/>
      <line num="71" count="12" type="cond" truecount="3" falsecount="1"/>
      <line num="72" count="7" type="stmt"/>
      <line num="73" count="1" type="stmt"/>
      <line num="75" count="1" type="cond" truecount="3" falsecount="1"/>
      <line num="76" count="7" type="stmt"/>
      <line num="77" count="0" type="stmt"/>
      <line num="79" count="1" type="stmt"/>
      <line num="83" count="10" type="cond" truecount="2" falsecount="0"/>
      <line num="84" count="1" type="cond" truecount="2" falsecount="0"/>
      <line num="85" count="1" type="cond" truecount="2" falsecount="0"/>
      <line num="86" count="22" type="cond" truecount="2" falsecount="0"/>
      <line num="87" count="22" type="cond" truecount="2" falsecount="0"/>
      <line num="88" count="22" type="cond" truecount="2" falsecount="0"/>
      <line num="90" count="22" type="cond" truecount="2" falsecount="0"/>
      <line num="91" count="22" type="cond" truecount="2" falsecount="0"/>
      <line num="92" count="22" type="cond" truecount="2" falsecount="0"/>
      <line num="93" count="22" type="cond" truecount="2" falsecount="0"/>
      <line num="94" count="14" type="cond" truecount="2" falsecount="0"/>
      <line num="95" count="14" type="cond" truecount="2" falsecount="0"/>
      <line num="96" count="22" type="cond" truecount="2" falsecount="0"/>
      <line num="97" count="22" type="cond" truecount="2" falsecount="0"/>
      <line num="98" count="22" type="cond" truecount="2" falsecount="0"/>
      <line num="99" count="22" type="cond" truecount="2" falsecount="0"/>
      <line num="100" count="22" type="cond" truecount="2" falsecount="0"/>
      <line num="101" count="22" type="cond" truecount="2" falsecount="0"/>
      <line num="102" count="22" type="cond" truecount="2" falsecount="0"/>
      <line num="103" count="22" type="cond" truecount="2" falsecount="0"/>
      <line num="104" count="22" type="cond" truecount="2" falsecount="0"/>
      <line num="105" count="22" type="cond" truecount="2" falsecount="0"/>
      <line num="106" count="22" type="cond" truecount="2" falsecount="0"/>
      <line num="108" count="22" type="cond" truecount="3" falsecount="1"/>
      <line num="111" count="22" type="cond" truecount="1" falsecount="1"/>
      <line num="112" count="22" type="cond" truecount="1" falsecount="1"/>
      <line num="113" count="22" type="cond" truecount="1" falsecount="1"/>
      <line num="115" count="14" type="stmt"/>
      <line num="119" count="332" type="stmt"/>
      <line num="120" count="15" type="cond" truecount="2" falsecount="0"/>
      <line num="121" count="15" type="stmt"/>
      <line num="122" count="15" type="stmt"/>
      <line num="123" count="329" type="cond" truecount="1" falsecount="1"/>
      <line num="124" count="0" type="stmt"/>
      <line num="125" count="4" type="stmt"/>
      <line num="128" count="4" type="stmt"/>
      <line num="129" count="0" type="stmt"/>
      <line num="131" count="0" type="stmt"/>
      <line num="132" count="0" type="stmt"/>
      <line num="138" count="2" type="stmt"/>
      <line num="139" count="2" type="stmt"/>
      <line num="140" count="2" type="stmt"/>
      <line num="143" count="0" type="cond" truecount="0" falsecount="2"/>
      <line num="144" count="0" type="stmt"/>
      <line num="145" count="0" type="stmt"/>
      <line num="148" count="0" type="stmt"/>
      <line num="149" count="0" type="stmt"/>
      <line num="151" count="0" type="stmt"/>
      <line num="152" count="0" type="stmt"/>
      <line num="154" count="0" type="cond" truecount="0" falsecount="2"/>
      <line num="155" count="0" type="stmt"/>
      <line num="156" count="0" type="stmt"/>
      <line num="158" count="0" type="stmt"/>
      <line num="159" count="0" type="cond" truecount="0" falsecount="2"/>
      <line num="160" count="4" type="stmt"/>
      <line num="164" count="4" type="stmt"/>
    </file>
    <file name="cours.js" path="C:\Users\User\Desktop\ELPIS\interface\bridge\moteur\cours.js">
      <metrics statements="139" coveredstatements="101" conditionals="144" coveredconditionals="93" methods="13" coveredmethods="10"/>
      <line num="1" count="3" type="stmt"/>
      <line num="2" count="3" type="stmt"/>
      <line num="4" count="3" type="stmt"/>
      <line num="5" count="3" type="stmt"/>
      <line num="12" count="329" type="cond" truecount="3" falsecount="1"/>
      <line num="13" count="0" type="stmt"/>
      <line num="14" count="0" type="stmt"/>
      <line num="16" count="329" type="cond" truecount="1" falsecount="1"/>
      <line num="17" count="0" type="stmt"/>
      <line num="18" count="2" type="stmt"/>
      <line num="20" count="2" type="stmt"/>
      <line num="21" count="19" type="stmt"/>
      <line num="22" count="3" type="cond" truecount="3" falsecount="1"/>
      <line num="23" count="0" type="stmt"/>
      <line num="24" count="0" type="stmt"/>
      <line num="26" count="16" type="cond" truecount="1" falsecount="1"/>
      <line num="27" count="16" type="stmt"/>
      <line num="28" count="1" type="stmt"/>
      <line num="30" count="1" type="stmt"/>
      <line num="31" count="16" type="stmt"/>
      <line num="32" count="16" type="cond" truecount="5" falsecount="0"/>
      <line num="33" count="1" type="stmt"/>
      <line num="34" count="0" type="stmt"/>
      <line num="36" count="15" type="stmt"/>
      <line num="37" count="15" type="stmt"/>
      <line num="38" count="1" type="cond" truecount="3" falsecount="1"/>
      <line num="39" count="0" type="stmt"/>
      <line num="40" count="0" type="stmt"/>
      <line num="42" count="14" type="cond" truecount="1" falsecount="1"/>
      <line num="43" count="0" type="cond" truecount="2" falsecount="0"/>
      <line num="44" count="1" type="stmt"/>
      <line num="49" count="1" type="stmt"/>
      <line num="53" count="13" type="cond" truecount="2" falsecount="2"/>
      <line num="54" count="0" type="stmt"/>
      <line num="55" count="0" type="stmt"/>
      <line num="57" count="1" type="cond" truecount="1" falsecount="1"/>
      <line num="59" count="2" type="cond" truecount="1" falsecount="1"/>
      <line num="61" count="1" type="stmt"/>
      <line num="62" count="1" type="cond" truecount="1" falsecount="1"/>
      <line num="63" count="1" type="cond" truecount="1" falsecount="1"/>
      <line num="64" count="329" type="stmt"/>
      <line num="65" count="329" type="cond" truecount="1" falsecount="1"/>
      <line num="66" count="1" type="stmt"/>
      <line num="67" count="329" type="cond" truecount="2" falsecount="0"/>
      <line num="68" count="9" type="cond" truecount="1" falsecount="1"/>
      <line num="69" count="329" type="stmt"/>
      <line num="70" count="329" type="cond" truecount="2" falsecount="0"/>
      <line num="71" count="20" type="cond" truecount="2" falsecount="0"/>
      <line num="72" count="20" type="cond" truecount="2" falsecount="0"/>
      <line num="73" count="20" type="cond" truecount="2" falsecount="0"/>
      <line num="75" count="13" type="cond" truecount="1" falsecount="1"/>
      <line num="76" count="22" type="stmt"/>
      <line num="77" count="22" type="cond" truecount="2" falsecount="0"/>
      <line num="78" count="22" type="cond" truecount="5" falsecount="0"/>
      <line num="79" count="0" type="stmt"/>
      <line num="83" count="50" type="cond" truecount="1" falsecount="1"/>
      <line num="84" count="2" type="stmt"/>
      <line num="85" count="2" type="cond" truecount="2" falsecount="0"/>
      <line num="86" count="2" type="cond" truecount="2" falsecount="0"/>
      <line num="89" count="50" type="cond" truecount="1" falsecount="1"/>
      <line num="90" count="8" type="stmt"/>
      <line num="91" count="279" type="cond" truecount="2" falsecount="0"/>
      <line num="92" count="279" type="cond" truecount="2" falsecount="0"/>
      <line num="95" count="50" type="cond" truecount="1" falsecount="1"/>
      <line num="96" count="1" type="stmt"/>
      <line num="97" count="279" type="cond" truecount="2" falsecount="0"/>
      <line num="98" count="279" type="cond" truecount="2" falsecount="0"/>
      <line num="104" count="22" type="stmt"/>
      <line num="108" count="1" type="stmt"/>
      <line num="109" count="3" type="cond" truecount="1" falsecount="1"/>
      <line num="110" count="1" type="stmt"/>
      <line num="111" count="329" type="stmt"/>
      <line num="112" count="329" type="cond" truecount="1" falsecount="1"/>
      <line num="113" count="0" type="stmt"/>
      <line num="114" count="4" type="stmt"/>
      <line num="116" count="4" type="stmt"/>
      <line num="118" count="0" type="stmt"/>
      <line num="119" count="0" type="stmt"/>
      <line num="128" count="0" type="stmt"/>
      <line num="129" count="0" type="cond" truecount="0" falsecount="4"/>
      <line num="130" count="0" type="cond" truecount="0" falsecount="2"/>
      <line num="131" count="0" type="stmt"/>
      <line num="134" count="0" type="stmt"/>
      <line num="135" count="0" type="cond" truecount="0" falsecount="3"/>
      <line num="136" count="0" type="stmt"/>
      <line num="137" count="0" type="cond" truecount="1" falsecount="3"/>
      <line num="138" count="7" type="cond" truecount="2" falsecount="0"/>
      <line num="139" count="7" type="stmt"/>
      <line num="142" count="1" type="stmt"/>
      <line num="143" count="7" type="cond" truecount="3" falsecount="0"/>
      <line num="144" count="0" type="stmt"/>
      <line num="145" count="0" type="cond" truecount="1" falsecount="3"/>
      <line num="146" count="7" type="cond" truecount="2" falsecount="0"/>
      <line num="147" count="1" type="stmt"/>
      <line num="150" count="7" type="stmt"/>
      <line num="151" count="7" type="cond" truecount="2" falsecount="1"/>
      <line num="154" count="7" type="stmt"/>
      <line num="156" count="7" type="cond" truecount="1" falsecount="1"/>
      <line num="157" count="7" type="stmt"/>
      <line num="158" count="7" type="cond" truecount="3" falsecount="0"/>
      <line num="159" count="7" type="stmt"/>
      <line num="162" count="5" type="cond" truecount="1" falsecount="1"/>
      <line num="163" count="5" type="stmt"/>
      <line num="164" count="1" type="cond" truecount="3" falsecount="0"/>
      <line num="165" count="5" type="stmt"/>
      <line num="168" count="5" type="cond" truecount="1" falsecount="1"/>
      <line num="169" count="5" type="stmt"/>
      <line num="170" count="1" type="cond" truecount="3" falsecount="0"/>
      <line num="171" count="5" type="stmt"/>
      <line num="174" count="5" type="cond" truecount="1" falsecount="1"/>
      <line num="175" count="0" type="stmt"/>
      <line num="176" count="0" type="cond" truecount="1" falsecount="2"/>
      <line num="177" count="7" type="stmt"/>
      <line num="180" count="5" type="stmt"/>
      <line num="182" count="0" type="stmt"/>
      <line num="184" count="0" type="stmt"/>
      <line num="186" count="0" type="stmt"/>
      <line num="192" count="0" type="stmt"/>
      <line num="195" count="0" type="cond" truecount="0" falsecount="4"/>
      <line num="196" count="0" type="stmt"/>
      <line num="197" count="0" type="stmt"/>
      <line num="201" count="2" type="stmt"/>
      <line num="202" count="2" type="cond" truecount="3" falsecount="0"/>
      <line num="203" count="6" type="stmt"/>
      <line num="206" count="6" type="stmt"/>
      <line num="209" count="7" type="cond" truecount="1" falsecount="1"/>
      <line num="210" count="7" type="stmt"/>
      <line num="211" count="6" type="stmt"/>
      <line num="214" count="6" type="stmt"/>
      <line num="215" count="6" type="stmt"/>
      <line num="217" count="0" type="stmt"/>
      <line num="218" count="0" type="stmt"/>
      <line num="219" count="0" type="cond" truecount="0" falsecount="2"/>
      <line num="220" count="0" type="stmt"/>
      <line num="221" count="6" type="stmt"/>
      <line num="223" count="6" type="stmt"/>
      <line num="224" count="6" type="cond" truecount="1" falsecount="1"/>
      <line num="225" count="5" type="stmt"/>
      <line num="229" count="5" type="stmt"/>
    </file>
    <file name="intelligence.js" path="C:\Users\User\Desktop\ELPIS\interface\bridge\moteur\intelligence.js">
      <metrics statements="218" coveredstatements="147" conditionals="267" coveredconditionals="141" methods="30" coveredmethods="18"/>
      <line num="6" count="4" type="stmt"/>
      <line num="9" count="332" type="stmt"/>
      <line num="10" count="332" type="stmt"/>
      <line num="11" count="332" type="stmt"/>
      <line num="15" count="329" type="stmt"/>
      <line num="19" count="0" type="cond" truecount="0" falsecount="2"/>
      <line num="20" count="0" type="stmt"/>
      <line num="21" count="0" type="cond" truecount="0" falsecount="2"/>
      <line num="22" count="0" type="cond" truecount="0" falsecount="2"/>
      <line num="23" count="0" type="stmt"/>
      <line num="25" count="0" type="stmt"/>
      <line num="34" count="0" type="cond" truecount="0" falsecount="2"/>
      <line num="35" count="0" type="stmt"/>
      <line num="36" count="0" type="cond" truecount="0" falsecount="2"/>
      <line num="37" count="0" type="stmt"/>
      <line num="45" count="384" type="cond" truecount="4" falsecount="1"/>
      <line num="46" count="7" type="stmt"/>
      <line num="47" count="7" type="stmt"/>
      <line num="48" count="7" type="stmt"/>
      <line num="49" count="2" type="cond" truecount="4" falsecount="1"/>
      <line num="50" count="2" type="cond" truecount="1" falsecount="1"/>
      <line num="51" count="0" type="stmt"/>
      <line num="52" count="2" type="stmt"/>
      <line num="55" count="7" type="cond" truecount="2" falsecount="0"/>
      <line num="62" count="2" type="stmt"/>
      <line num="63" count="2" type="cond" truecount="3" falsecount="1"/>
      <line num="65" count="2" type="cond" truecount="1" falsecount="1"/>
      <line num="66" count="2" type="cond" truecount="0" falsecount="2"/>
      <line num="67" count="329" type="stmt"/>
      <line num="68" count="329" type="cond" truecount="1" falsecount="1"/>
      <line num="69" count="329" type="stmt"/>
      <line num="70" count="329" type="stmt"/>
      <line num="71" count="329" type="cond" truecount="1" falsecount="1"/>
      <line num="72" count="329" type="stmt"/>
      <line num="73" count="329" type="cond" truecount="1" falsecount="1"/>
      <line num="74" count="0" type="cond" truecount="0" falsecount="2"/>
      <line num="75" count="0" type="stmt"/>
      <line num="76" count="0" type="stmt"/>
      <line num="79" count="2" type="cond" truecount="1" falsecount="1"/>
      <line num="80" count="2" type="stmt"/>
      <line num="83" count="2" type="stmt"/>
      <line num="84" count="2" type="stmt"/>
      <line num="85" count="2" type="stmt"/>
      <line num="86" count="329" type="cond" truecount="1" falsecount="1"/>
      <line num="87" count="0" type="stmt"/>
      <line num="88" count="0" type="stmt"/>
      <line num="91" count="329" type="cond" truecount="1" falsecount="1"/>
      <line num="93" count="2" type="stmt"/>
      <line num="94" count="2" type="cond" truecount="1" falsecount="1"/>
      <line num="95" count="2" type="cond" truecount="2" falsecount="2"/>
      <line num="96" count="0" type="stmt"/>
      <line num="107" count="2" type="stmt"/>
      <line num="114" count="2" type="stmt"/>
      <line num="115" count="2" type="cond" truecount="4" falsecount="0"/>
      <line num="117" count="2" type="cond" truecount="2" falsecount="0"/>
      <line num="118" count="329" type="cond" truecount="2" falsecount="0"/>
      <line num="119" count="329" type="cond" truecount="2" falsecount="0"/>
      <line num="120" count="329" type="cond" truecount="2" falsecount="0"/>
      <line num="121" count="329" type="cond" truecount="2" falsecount="2"/>
      <line num="122" count="0" type="stmt"/>
      <line num="123" count="0" type="stmt"/>
      <line num="124" count="0" type="stmt"/>
      <line num="125" count="0" type="cond" truecount="0" falsecount="2"/>
      <line num="126" count="0" type="stmt"/>
      <line num="127" count="0" type="cond" truecount="0" falsecount="5"/>
      <line num="128" count="0" type="stmt"/>
      <line num="131" count="0" type="cond" truecount="1" falsecount="1"/>
      <line num="132" count="329" type="stmt"/>
      <line num="137" count="332" type="stmt"/>
      <line num="144" count="0" type="stmt"/>
      <line num="145" count="3" type="cond" truecount="1" falsecount="3"/>
      <line num="147" count="329" type="stmt"/>
      <line num="148" count="329" type="stmt"/>
      <line num="149" count="329" type="cond" truecount="1" falsecount="1"/>
      <line num="150" count="0" type="cond" truecount="0" falsecount="2"/>
      <line num="151" count="0" type="stmt"/>
      <line num="154" count="329" type="cond" truecount="3" falsecount="1"/>
      <line num="156" count="329" type="cond" truecount="2" falsecount="0"/>
      <line num="157" count="329" type="cond" truecount="2" falsecount="0"/>
      <line num="158" count="329" type="cond" truecount="2" falsecount="0"/>
      <line num="159" count="329" type="cond" truecount="2" falsecount="0"/>
      <line num="160" count="329" type="cond" truecount="2" falsecount="0"/>
      <line num="161" count="329" type="stmt"/>
      <line num="162" count="329" type="cond" truecount="1" falsecount="1"/>
      <line num="163" count="329" type="cond" truecount="3" falsecount="4"/>
      <line num="164" count="329" type="cond" truecount="2" falsecount="0"/>
      <line num="166" count="329" type="stmt"/>
      <line num="167" count="329" type="cond" truecount="2" falsecount="2"/>
      <line num="168" count="0" type="stmt"/>
      <line num="171" count="329" type="cond" truecount="1" falsecount="1"/>
      <line num="175" count="329" type="cond" truecount="1" falsecount="1"/>
      <line num="176" count="329" type="stmt"/>
      <line num="177" count="329" type="cond" truecount="2" falsecount="0"/>
      <line num="179" count="329" type="stmt"/>
      <line num="192" count="329" type="stmt"/>
      <line num="199" count="0" type="cond" truecount="0" falsecount="2"/>
      <line num="203" count="332" type="stmt"/>
      <line num="204" count="332" type="stmt"/>
      <line num="205" count="332" type="stmt"/>
      <line num="206" count="332" type="stmt"/>
      <line num="207" count="748" type="stmt"/>
      <line num="208" count="748" type="stmt"/>
      <line num="209" count="748" type="stmt"/>
      <line num="210" count="1002" type="cond" truecount="2" falsecount="0"/>
      <line num="211" count="419" type="stmt"/>
      <line num="214" count="1002" type="stmt"/>
      <line num="215" count="1002" type="stmt"/>
      <line num="216" count="1002" type="cond" truecount="4" falsecount="0"/>
      <line num="217" count="332" type="cond" truecount="2" falsecount="0"/>
      <line num="218" count="332" type="stmt"/>
      <line num="220" count="900" type="cond" truecount="2" falsecount="0"/>
      <line num="221" count="332" type="stmt"/>
      <line num="222" count="208" type="cond" truecount="1" falsecount="1"/>
      <line num="223" count="329" type="stmt"/>
      <line num="224" count="329" type="cond" truecount="2" falsecount="0"/>
      <line num="227" count="0" type="stmt"/>
      <line num="228" count="332" type="stmt"/>
      <line num="229" count="208" type="stmt"/>
      <line num="231" count="208" type="cond" truecount="5" falsecount="0"/>
      <line num="232" count="208" type="stmt"/>
      <line num="233" count="208" type="stmt"/>
      <line num="234" count="3" type="cond" truecount="1" falsecount="1"/>
      <line num="235" count="3" type="stmt"/>
      <line num="237" count="0" type="stmt"/>
      <line num="239" count="329" type="cond" truecount="2" falsecount="2"/>
      <line num="240" count="0" type="stmt"/>
      <line num="241" count="0" type="stmt"/>
      <line num="242" count="0" type="cond" truecount="0" falsecount="2"/>
      <line num="243" count="0" type="stmt"/>
      <line num="244" count="0" type="stmt"/>
      <line num="247" count="26" type="stmt"/>
      <line num="254" count="332" type="stmt"/>
      <line num="255" count="332" type="cond" truecount="3" falsecount="1"/>
      <line num="257" count="332" type="stmt"/>
      <line num="258" count="329" type="cond" truecount="2" falsecount="0"/>
      <line num="259" count="329" type="cond" truecount="1" falsecount="1"/>
      <line num="260" count="329" type="cond" truecount="2" falsecount="0"/>
      <line num="261" count="329" type="stmt"/>
      <line num="263" count="0" type="stmt"/>
      <line num="264" count="329" type="cond" truecount="1" falsecount="1"/>
      <line num="265" count="0" type="cond" truecount="0" falsecount="4"/>
      <line num="267" count="329" type="cond" truecount="1" falsecount="1"/>
      <line num="268" count="329" type="stmt"/>
      <line num="269" count="1" type="cond" truecount="3" falsecount="4"/>
      <line num="270" count="0" type="stmt"/>
      <line num="275" count="0" type="cond" truecount="0" falsecount="2"/>
      <line num="276" count="0" type="stmt"/>
      <line num="279" count="0" type="stmt"/>
      <line num="280" count="0" type="stmt"/>
      <line num="281" count="329" type="cond" truecount="4" falsecount="1"/>
      <line num="282" count="1" type="stmt"/>
      <line num="283" count="0" type="stmt"/>
      <line num="286" count="329" type="stmt"/>
      <line num="287" count="329" type="cond" truecount="3" falsecount="1"/>
      <line num="288" count="329" type="cond" truecount="3" falsecount="1"/>
      <line num="289" count="329" type="stmt"/>
      <line num="291" count="0" type="stmt"/>
      <line num="292" count="0" type="stmt"/>
      <line num="293" count="0" type="stmt"/>
      <line num="298" count="332" type="stmt"/>
      <line num="305" count="332" type="stmt"/>
      <line num="306" count="332" type="cond" truecount="3" falsecount="1"/>
      <line num="308" count="332" type="cond" truecount="1" falsecount="1"/>
      <line num="309" count="329" type="cond" truecount="1" falsecount="1"/>
      <line num="310" count="329" type="cond" truecount="2" falsecount="0"/>
      <line num="311" count="329" type="cond" truecount="1" falsecount="1"/>
      <line num="312" count="329" type="stmt"/>
      <line num="313" count="329" type="stmt"/>
      <line num="314" count="0" type="cond" truecount="1" falsecount="1"/>
      <line num="315" count="329" type="cond" truecount="1" falsecount="1"/>
      <line num="316" count="0" type="stmt"/>
      <line num="317" count="0" type="stmt"/>
      <line num="320" count="2" type="cond" truecount="1" falsecount="1"/>
      <line num="321" count="2" type="stmt"/>
      <line num="322" count="4" type="cond" truecount="1" falsecount="1"/>
      <line num="323" count="4" type="cond" truecount="1" falsecount="1"/>
      <line num="325" count="2" type="stmt"/>
      <line num="330" count="2" type="stmt"/>
      <line num="337" count="2" type="stmt"/>
      <line num="338" count="2" type="cond" truecount="3" falsecount="1"/>
      <line num="340" count="1" type="stmt"/>
      <line num="341" count="1" type="stmt"/>
      <line num="343" count="329" type="cond" truecount="1" falsecount="1"/>
      <line num="344" count="329" type="cond" truecount="1" falsecount="1"/>
      <line num="345" count="329" type="cond" truecount="2" falsecount="0"/>
      <line num="346" count="3" type="cond" truecount="1" falsecount="1"/>
      <line num="347" count="3" type="cond" truecount="1" falsecount="1"/>
      <line num="349" count="3" type="stmt"/>
      <line num="351" count="2" type="cond" truecount="2" falsecount="2"/>
      <line num="352" count="0" type="stmt"/>
      <line num="353" count="0" type="cond" truecount="0" falsecount="2"/>
      <line num="355" count="0" type="stmt"/>
      <line num="356" count="0" type="cond" truecount="1" falsecount="1"/>
      <line num="357" count="0" type="cond" truecount="0" falsecount="2"/>
      <line num="358" count="0" type="stmt"/>
      <line num="359" count="0" type="stmt"/>
      <line num="360" count="0" type="stmt"/>
      <line num="361" count="0" type="cond" truecount="0" falsecount="2"/>
      <line num="362" count="0" type="stmt"/>
      <line num="363" count="0" type="cond" truecount="0" falsecount="4"/>
      <line num="367" count="0" type="cond" truecount="0" falsecount="4"/>
      <line num="368" count="0" type="stmt"/>
      <line num="369" count="4" type="cond" truecount="1" falsecount="1"/>
      <line num="370" count="4" type="stmt"/>
      <line num="371" count="0" type="stmt"/>
      <line num="372" count="1" type="cond" truecount="1" falsecount="1"/>
      <line num="373" count="1" type="stmt"/>
      <line num="374" count="1" type="cond" truecount="3" falsecount="1"/>
      <line num="378" count="0" type="cond" truecount="0" falsecount="2"/>
      <line num="380" count="0" type="stmt"/>
      <line num="381" count="0" type="cond" truecount="0" falsecount="2"/>
      <line num="382" count="0" type="cond" truecount="0" falsecount="2"/>
      <line num="383" count="0" type="cond" truecount="0" falsecount="2"/>
      <line num="384" count="5" type="cond" truecount="1" falsecount="1"/>
      <line num="386" count="5" type="stmt"/>
      <line num="387" count="4" type="stmt"/>
      <line num="392" count="2" type="stmt"/>
      <line num="395" count="0" type="stmt"/>
    </file>
    <file name="orchestrateur.js" path="C:\Users\User\Desktop\ELPIS\interface\bridge\moteur\orchestrateur.js">
      <metrics statements="332" coveredstatements="230" conditionals="415" coveredconditionals="127" methods="28" coveredmethods="12"/>
      <line num="7" count="3" type="stmt"/>
      <line num="8" count="3" type="stmt"/>
      <line num="9" count="3" type="stmt"/>
      <line num="11" count="3" type="stmt"/>
      <line num="26" count="3" type="stmt"/>
      <line num="27" count="3" type="stmt"/>
      <line num="38" count="3" type="stmt"/>
      <line num="39" count="3" type="stmt"/>
      <line num="45" count="1714" type="cond" truecount="2" falsecount="0"/>
      <line num="46" count="953" type="stmt"/>
      <line num="47" count="953" type="cond" truecount="1" falsecount="1"/>
      <line num="48" count="953" type="cond" truecount="2" falsecount="0"/>
      <line num="49" count="624" type="stmt"/>
      <line num="51" count="329" type="stmt"/>
      <line num="56" count="1172" type="cond" truecount="1" falsecount="1"/>
      <line num="57" count="1172" type="stmt"/>
      <line num="58" count="1172" type="cond" truecount="1" falsecount="1"/>
      <line num="59" count="1172" type="stmt"/>
      <line num="63" count="332" type="stmt"/>
      <line num="64" count="332" type="stmt"/>
      <line num="65" count="332" type="stmt"/>
      <line num="67" count="332" type="stmt"/>
      <line num="68" count="332" type="stmt"/>
      <line num="70" count="332" type="stmt"/>
      <line num="71" count="332" type="stmt"/>
      <line num="72" count="332" type="stmt"/>
      <line num="73" count="332" type="stmt"/>
      <line num="74" count="332" type="stmt"/>
      <line num="75" count="332" type="cond" truecount="1" falsecount="1"/>
      <line num="78" count="332" type="stmt"/>
      <line num="79" count="332" type="stmt"/>
      <line num="80" count="332" type="stmt"/>
      <line num="81" count="332" type="cond" truecount="2" falsecount="0"/>
      <line num="82" count="329" type="stmt"/>
      <line num="85" count="0" type="stmt"/>
      <line num="89" count="332" type="stmt"/>
      <line num="90" count="332" type="stmt"/>
      <line num="91" count="332" type="stmt"/>
      <line num="92" count="332" type="stmt"/>
      <line num="93" count="332" type="stmt"/>
      <line num="94" count="332" type="stmt"/>
      <line num="96" count="332" type="stmt"/>
      <line num="106" count="332" type="cond" truecount="2" falsecount="0"/>
      <line num="107" count="3" type="stmt"/>
      <line num="108" count="3" type="stmt"/>
      <line num="109" count="3" type="stmt"/>
      <line num="110" count="3" type="stmt"/>
      <line num="111" count="3" type="stmt"/>
      <line num="112" count="3" type="stmt"/>
      <line num="116" count="329" type="cond" truecount="3" falsecount="1"/>
      <line num="117" count="0" type="stmt"/>
      <line num="118" count="0" type="stmt"/>
      <line num="119" count="0" type="stmt"/>
      <line num="120" count="0" type="stmt"/>
      <line num="121" count="0" type="stmt"/>
      <line num="122" count="0" type="stmt"/>
      <line num="125" count="329" type="stmt"/>
      <line num="128" count="329" type="cond" truecount="1" falsecount="1"/>
      <line num="129" count="332" type="cond" truecount="1" falsecount="1"/>
      <line num="130" count="332" type="stmt"/>
      <line num="133" count="332" type="stmt"/>
      <line num="134" count="332" type="stmt"/>
      <line num="135" count="332" type="stmt"/>
      <line num="136" count="332" type="cond" truecount="2" falsecount="0"/>
      <line num="137" count="329" type="stmt"/>
      <line num="138" count="0" type="cond" truecount="0" falsecount="4"/>
      <line num="139" count="0" type="cond" truecount="0" falsecount="2"/>
      <line num="140" count="0" type="stmt"/>
      <line num="142" count="0" type="cond" truecount="0" falsecount="4"/>
      <line num="143" count="0" type="stmt"/>
      <line num="144" count="0" type="stmt"/>
      <line num="145" count="0" type="cond" truecount="0" falsecount="6"/>
      <line num="146" count="0" type="stmt"/>
      <line num="147" count="0" type="stmt"/>
      <line num="148" count="0" type="cond" truecount="0" falsecount="2"/>
      <line num="149" count="0" type="stmt"/>
      <line num="151" count="0" type="stmt"/>
      <line num="159" count="329" type="stmt"/>
      <line num="160" count="329" type="cond" truecount="1" falsecount="1"/>
      <line num="162" count="329" type="stmt"/>
      <line num="163" count="329" type="stmt"/>
      <line num="164" count="329" type="stmt"/>
      <line num="167" count="329" type="stmt"/>
      <line num="168" count="329" type="cond" truecount="2" falsecount="2"/>
      <line num="169" count="0" type="cond" truecount="0" falsecount="2"/>
      <line num="172" count="329" type="cond" truecount="1" falsecount="1"/>
      <line num="173" count="329" type="cond" truecount="1" falsecount="1"/>
      <line num="174" count="329" type="cond" truecount="1" falsecount="1"/>
      <line num="175" count="329" type="cond" truecount="1" falsecount="1"/>
      <line num="176" count="329" type="cond" truecount="1" falsecount="1"/>
      <line num="177" count="329" type="cond" truecount="1" falsecount="1"/>
      <line num="178" count="0" type="cond" truecount="0" falsecount="6"/>
      <line num="179" count="0" type="cond" truecount="0" falsecount="4"/>
      <line num="182" count="329" type="cond" truecount="1" falsecount="1"/>
      <line num="183" count="279" type="cond" truecount="1" falsecount="1"/>
      <line num="184" count="0" type="cond" truecount="0" falsecount="2"/>
      <line num="185" count="0" type="cond" truecount="0" falsecount="4"/>
      <line num="188" count="329" type="cond" truecount="1" falsecount="1"/>
      <line num="189" count="279" type="cond" truecount="1" falsecount="1"/>
      <line num="190" count="0" type="cond" truecount="0" falsecount="2"/>
      <line num="191" count="0" type="stmt"/>
      <line num="197" count="0" type="cond" truecount="0" falsecount="2"/>
      <line num="198" count="0" type="cond" truecount="0" falsecount="6"/>
      <line num="199" count="0" type="cond" truecount="0" falsecount="4"/>
      <line num="202" count="329" type="cond" truecount="1" falsecount="1"/>
      <line num="203" count="279" type="cond" truecount="1" falsecount="1"/>
      <line num="204" count="0" type="cond" truecount="0" falsecount="2"/>
      <line num="205" count="0" type="cond" truecount="0" falsecount="4"/>
      <line num="213" count="329" type="stmt"/>
      <line num="214" count="329" type="stmt"/>
      <line num="215" count="329" type="cond" truecount="1" falsecount="1"/>
      <line num="218" count="329" type="stmt"/>
      <line num="219" count="329" type="stmt"/>
      <line num="220" count="329" type="cond" truecount="3" falsecount="1"/>
      <line num="221" count="332" type="stmt"/>
      <line num="224" count="332" type="stmt"/>
      <line num="225" count="332" type="stmt"/>
      <line num="226" count="332" type="stmt"/>
      <line num="227" count="332" type="stmt"/>
      <line num="229" count="332" type="cond" truecount="1" falsecount="1"/>
      <line num="230" count="332" type="cond" truecount="1" falsecount="1"/>
      <line num="232" count="332" type="cond" truecount="1" falsecount="1"/>
      <line num="233" count="329" type="cond" truecount="1" falsecount="1"/>
      <line num="234" count="329" type="stmt"/>
      <line num="235" count="329" type="stmt"/>
      <line num="236" count="329" type="cond" truecount="1" falsecount="1"/>
      <line num="238" count="329" type="cond" truecount="1" falsecount="1"/>
      <line num="239" count="329" type="cond" truecount="1" falsecount="1"/>
      <line num="240" count="329" type="stmt"/>
      <line num="241" count="329" type="stmt"/>
      <line num="242" count="329" type="stmt"/>
      <line num="243" count="329" type="stmt"/>
      <line num="246" count="329" type="stmt"/>
      <line num="247" count="329" type="stmt"/>
      <line num="248" count="1166" type="stmt"/>
      <line num="249" count="1166" type="cond" truecount="2" falsecount="0"/>
      <line num="250" count="405" type="stmt"/>
      <line num="251" count="405" type="cond" truecount="2" falsecount="0"/>
      <line num="254" count="329" type="cond" truecount="1" falsecount="1"/>
      <line num="255" count="329" type="cond" truecount="1" falsecount="1"/>
      <line num="256" count="329" type="cond" truecount="1" falsecount="1"/>
      <line num="257" count="329" type="cond" truecount="1" falsecount="1"/>
      <line num="259" count="329" type="stmt"/>
      <line num="260" count="329" type="cond" truecount="2" falsecount="0"/>
      <line num="261" count="219" type="stmt"/>
      <line num="263" count="219" type="cond" truecount="1" falsecount="1"/>
      <line num="264" count="0" type="stmt"/>
      <line num="268" count="329" type="stmt"/>
      <line num="269" count="329" type="cond" truecount="4" falsecount="1"/>
      <line num="270" count="0" type="stmt"/>
      <line num="273" count="329" type="stmt"/>
      <line num="274" count="329" type="stmt"/>
      <line num="275" count="329" type="cond" truecount="1" falsecount="1"/>
      <line num="276" count="329" type="cond" truecount="1" falsecount="1"/>
      <line num="278" count="329" type="cond" truecount="1" falsecount="1"/>
      <line num="279" count="329" type="cond" truecount="1" falsecount="1"/>
      <line num="282" count="329" type="stmt"/>
      <line num="283" count="329" type="cond" truecount="1" falsecount="1"/>
      <line num="284" count="329" type="stmt"/>
      <line num="285" count="329" type="stmt"/>
      <line num="286" count="329" type="cond" truecount="2" falsecount="0"/>
      <line num="287" count="110" type="cond" truecount="1" falsecount="1"/>
      <line num="288" count="110" type="cond" truecount="4" falsecount="1"/>
      <line num="289" count="110" type="stmt"/>
      <line num="290" count="110" type="stmt"/>
      <line num="291" count="110" type="stmt"/>
      <line num="292" count="110" type="stmt"/>
      <line num="294" count="219" type="stmt"/>
      <line num="295" count="219" type="cond" truecount="1" falsecount="1"/>
      <line num="296" count="219" type="stmt"/>
      <line num="297" count="219" type="stmt"/>
      <line num="298" count="219" type="stmt"/>
      <line num="299" count="219" type="cond" truecount="3" falsecount="1"/>
      <line num="300" count="109" type="stmt"/>
      <line num="301" count="109" type="stmt"/>
      <line num="304" count="0" type="stmt"/>
      <line num="305" count="0" type="stmt"/>
      <line num="306" count="0" type="stmt"/>
      <line num="307" count="0" type="cond" truecount="0" falsecount="2"/>
      <line num="308" count="0" type="stmt"/>
      <line num="309" count="0" type="stmt"/>
      <line num="311" count="0" type="stmt"/>
      <line num="312" count="0" type="cond" truecount="0" falsecount="4"/>
      <line num="313" count="0" type="stmt"/>
      <line num="314" count="0" type="stmt"/>
      <line num="315" count="0" type="cond" truecount="0" falsecount="4"/>
      <line num="316" count="0" type="stmt"/>
      <line num="317" count="0" type="stmt"/>
      <line num="323" count="329" type="cond" truecount="2" falsecount="0"/>
      <line num="324" count="219" type="stmt"/>
      <line num="325" count="219" type="stmt"/>
      <line num="326" count="219" type="cond" truecount="4" falsecount="2"/>
      <line num="327" count="219" type="cond" truecount="2" falsecount="2"/>
      <line num="329" count="219" type="stmt"/>
      <line num="342" count="329" type="stmt"/>
      <line num="343" count="329" type="cond" truecount="1" falsecount="1"/>
      <line num="344" count="329" type="stmt"/>
      <line num="346" count="329" type="cond" truecount="1" falsecount="1"/>
      <line num="349" count="0" type="cond" truecount="0" falsecount="2"/>
      <line num="350" count="0" type="cond" truecount="0" falsecount="4"/>
      <line num="351" count="0" type="cond" truecount="0" falsecount="2"/>
      <line num="352" count="0" type="cond" truecount="0" falsecount="4"/>
      <line num="353" count="0" type="stmt"/>
      <line num="367" count="0" type="cond" truecount="0" falsecount="2"/>
      <line num="368" count="0" type="cond" truecount="0" falsecount="2"/>
      <line num="370" count="0" type="cond" truecount="0" falsecount="2"/>
      <line num="371" count="0" type="stmt"/>
      <line num="373" count="0" type="stmt"/>
      <line num="375" count="0" type="cond" truecount="0" falsecount="4"/>
      <line num="376" count="0" type="cond" truecount="0" falsecount="2"/>
      <line num="377" count="0" type="cond" truecount="0" falsecount="2"/>
      <line num="379" count="0" type="cond" truecount="0" falsecount="2"/>
      <line num="380" count="0" type="cond" truecount="0" falsecount="2"/>
      <line num="381" count="0" type="cond" truecount="0" falsecount="4"/>
      <line num="382" count="0" type="cond" truecount="0" falsecount="2"/>
      <line num="385" count="0" type="stmt"/>
      <line num="391" count="0" type="cond" truecount="0" falsecount="2"/>
      <line num="392" count="0" type="stmt"/>
      <line num="393" count="0" type="cond" truecount="0" falsecount="6"/>
      <line num="394" count="0" type="stmt"/>
      <line num="395" count="0" type="cond" truecount="0" falsecount="5"/>
      <line num="396" count="0" type="stmt"/>
      <line num="398" count="0" type="cond" truecount="0" falsecount="4"/>
      <line num="400" count="0" type="stmt"/>
      <line num="401" count="0" type="cond" truecount="0" falsecount="2"/>
      <line num="402" count="0" type="cond" truecount="0" falsecount="2"/>
      <line num="404" count="0" type="stmt"/>
      <line num="420" count="0" type="cond" truecount="0" falsecount="2"/>
      <line num="421" count="329" type="cond" truecount="1" falsecount="1"/>
      <line num="422" count="329" type="cond" truecount="0" falsecount="2"/>
      <line num="424" count="329" type="cond" truecount="1" falsecount="1"/>
      <line num="425" count="329" type="cond" truecount="1" falsecount="1"/>
      <line num="426" count="329" type="cond" truecount="0" falsecount="2"/>
      <line num="427" count="329" type="cond" truecount="1" falsecount="3"/>
      <line num="429" count="329" type="cond" truecount="1" falsecount="1"/>
      <line num="430" count="329" type="cond" truecount="1" falsecount="2"/>
      <line num="431" count="329" type="stmt"/>
      <line num="432" count="329" type="cond" truecount="1" falsecount="5"/>
      <line num="434" count="329" type="stmt"/>
      <line num="435" count="329" type="cond" truecount="0" falsecount="2"/>
      <line num="436" count="0" type="cond" truecount="0" falsecount="4"/>
      <line num="437" count="0" type="cond" truecount="0" falsecount="2"/>
      <line num="440" count="0" type="cond" truecount="0" falsecount="5"/>
      <line num="441" count="0" type="cond" truecount="0" falsecount="2"/>
      <line num="442" count="0" type="cond" truecount="0" falsecount="4"/>
      <line num="443" count="0" type="cond" truecount="0" falsecount="2"/>
      <line num="444" count="0" type="cond" truecount="0" falsecount="4"/>
      <line num="445" count="0" type="stmt"/>
      <line num="446" count="0" type="cond" truecount="0" falsecount="2"/>
      <line num="448" count="0" type="stmt"/>
      <line num="467" count="329" type="stmt"/>
      <line num="468" count="329" type="stmt"/>
      <line num="469" count="329" type="stmt"/>
      <line num="470" count="329" type="stmt"/>
      <line num="473" count="329" type="stmt"/>
      <line num="474" count="0" type="stmt"/>
      <line num="475" count="0" type="stmt"/>
      <line num="476" count="0" type="cond" truecount="0" falsecount="2"/>
      <line num="477" count="0" type="stmt"/>
      <line num="481" count="329" type="stmt"/>
      <line num="484" count="329" type="stmt"/>
      <line num="485" count="329" type="stmt"/>
      <line num="487" count="329" type="cond" truecount="2" falsecount="2"/>
      <line num="488" count="329" type="stmt"/>
      <line num="495" count="329" type="cond" truecount="1" falsecount="1"/>
      <line num="498" count="329" type="stmt"/>
      <line num="499" count="329" type="stmt"/>
      <line num="500" count="329" type="stmt"/>
      <line num="501" count="329" type="stmt"/>
      <line num="504" count="329" type="stmt"/>
      <line num="505" count="329" type="stmt"/>
      <line num="506" count="219" type="cond" truecount="2" falsecount="2"/>
      <line num="507" count="219" type="stmt"/>
      <line num="511" count="329" type="stmt"/>
      <line num="512" count="329" type="stmt"/>
      <line num="513" count="329" type="stmt"/>
      <line num="514" count="329" type="stmt"/>
      <line num="517" count="329" type="stmt"/>
      <line num="518" count="0" type="cond" truecount="0" falsecount="2"/>
      <line num="519" count="0" type="cond" truecount="0" falsecount="4"/>
      <line num="520" count="0" type="cond" truecount="0" falsecount="2"/>
      <line num="521" count="0" type="cond" truecount="0" falsecount="2"/>
      <line num="522" count="0" type="stmt"/>
      <line num="523" count="0" type="stmt"/>
      <line num="524" count="0" type="stmt"/>
      <line num="525" count="0" type="stmt"/>
      <line num="530" count="329" type="stmt"/>
      <line num="531" count="987" type="stmt"/>
      <line num="532" count="219" type="cond" truecount="1" falsecount="1"/>
      <line num="533" count="219" type="cond" truecount="3" falsecount="1"/>
      <line num="534" count="219" type="cond" truecount="1" falsecount="3"/>
      <line num="535" count="219" type="cond" truecount="2" falsecount="2"/>
      <line num="536" count="219" type="stmt"/>
      <line num="537" count="219" type="stmt"/>
      <line num="538" count="219" type="cond" truecount="1" falsecount="1"/>
      <line num="539" count="219" type="stmt"/>
      <line num="545" count="329" type="cond" truecount="1" falsecount="1"/>
      <line num="546" count="0" type="stmt"/>
      <line num="547" count="0" type="stmt"/>
      <line num="548" count="0" type="stmt"/>
      <line num="550" count="329" type="stmt"/>
      <line num="551" count="329" type="stmt"/>
      <line num="552" count="329" type="stmt"/>
      <line num="556" count="329" type="stmt"/>
      <line num="557" count="329" type="stmt"/>
      <line num="558" count="329" type="stmt"/>
      <line num="560" count="329" type="stmt"/>
      <line num="561" count="548" type="cond" truecount="2" falsecount="0"/>
      <line num="562" count="329" type="stmt"/>
      <line num="563" count="329" type="stmt"/>
      <line num="565" count="219" type="stmt"/>
      <line num="566" count="219" type="cond" truecount="3" falsecount="1"/>
      <line num="567" count="219" type="cond" truecount="3" falsecount="1"/>
      <line num="568" count="219" type="stmt"/>
      <line num="571" count="329" type="stmt"/>
      <line num="572" count="329" type="stmt"/>
      <line num="574" count="329" type="stmt"/>
      <line num="575" count="329" type="stmt"/>
      <line num="576" count="548" type="cond" truecount="1" falsecount="1"/>
      <line num="577" count="548" type="stmt"/>
      <line num="578" count="548" type="cond" truecount="1" falsecount="1"/>
      <line num="579" count="548" type="stmt"/>
      <line num="581" count="548" type="cond" truecount="2" falsecount="0"/>
      <line num="582" count="329" type="cond" truecount="2" falsecount="0"/>
      <line num="583" count="109" type="stmt"/>
      <line num="586" count="329" type="stmt"/>
      <line num="587" count="329" type="stmt"/>
      <line num="589" count="329" type="stmt"/>
      <line num="590" count="0" type="stmt"/>
      <line num="592" count="329" type="cond" truecount="1" falsecount="1"/>
      <line num="594" count="332" type="stmt"/>
      <line num="597" count="3" type="stmt"/>
    </file>
    <file name="scoring.js" path="C:\Users\User\Desktop\ELPIS\interface\bridge\moteur\scoring.js">
      <metrics statements="79" coveredstatements="57" conditionals="99" coveredconditionals="61" methods="5" coveredmethods="2"/>
      <line num="6" count="3" type="stmt"/>
      <line num="12" count="0" type="cond" truecount="2" falsecount="4"/>
      <line num="13" count="0" type="stmt"/>
      <line num="14" count="0" type="stmt"/>
      <line num="15" count="0" type="stmt"/>
      <line num="16" count="0" type="stmt"/>
      <line num="17" count="6" type="stmt"/>
      <line num="18" count="6" type="stmt"/>
      <line num="34" count="0" type="cond" truecount="0" falsecount="2"/>
      <line num="35" count="0" type="cond" truecount="0" falsecount="2"/>
      <line num="36" count="0" type="cond" truecount="0" falsecount="2"/>
      <line num="37" count="0" type="cond" truecount="0" falsecount="2"/>
      <line num="38" count="0" type="cond" truecount="0" falsecount="2"/>
      <line num="40" count="0" type="stmt"/>
      <line num="41" count="11" type="cond" truecount="5" falsecount="0"/>
      <line num="42" count="1" type="stmt"/>
      <line num="46" count="44" type="cond" truecount="3" falsecount="1"/>
      <line num="47" count="0" type="stmt"/>
      <line num="48" count="62" type="stmt"/>
      <line num="49" count="62" type="cond" truecount="1" falsecount="1"/>
      <line num="51" count="52" type="stmt"/>
      <line num="52" count="52" type="stmt"/>
      <line num="53" count="51" type="cond" truecount="3" falsecount="1"/>
      <line num="54" count="51" type="stmt"/>
      <line num="55" count="51" type="stmt"/>
      <line num="59" count="51" type="cond" truecount="1" falsecount="1"/>
      <line num="63" count="0" type="cond" truecount="0" falsecount="4"/>
      <line num="64" count="0" type="stmt"/>
      <line num="65" count="52" type="cond" truecount="2" falsecount="0"/>
      <line num="66" count="1" type="stmt"/>
      <line num="67" count="0" type="cond" truecount="0" falsecount="2"/>
      <line num="68" count="0" type="stmt"/>
      <line num="69" count="62" type="cond" truecount="2" falsecount="0"/>
      <line num="70" count="62" type="stmt"/>
      <line num="71" count="2" type="cond" truecount="1" falsecount="1"/>
      <line num="72" count="2" type="stmt"/>
      <line num="74" count="2" type="stmt"/>
      <line num="78" count="2" type="cond" truecount="5" falsecount="0"/>
      <line num="79" count="1" type="stmt"/>
      <line num="80" count="2" type="cond" truecount="3" falsecount="1"/>
      <line num="81" count="62" type="stmt"/>
      <line num="82" count="2" type="stmt"/>
      <line num="87" count="1" type="cond" truecount="4" falsecount="1"/>
      <line num="88" count="1" type="stmt"/>
      <line num="89" count="1" type="cond" truecount="4" falsecount="1"/>
      <line num="90" count="62" type="stmt"/>
      <line num="96" count="2" type="stmt"/>
      <line num="97" count="2" type="cond" truecount="6" falsecount="0"/>
      <line num="100" count="62" type="cond" truecount="1" falsecount="1"/>
      <line num="101" count="62" type="stmt"/>
      <line num="102" count="4" type="cond" truecount="1" falsecount="1"/>
      <line num="103" count="4" type="stmt"/>
      <line num="104" count="4" type="cond" truecount="3" falsecount="1"/>
      <line num="105" count="4" type="stmt"/>
      <line num="106" count="4" type="cond" truecount="2" falsecount="0"/>
      <line num="107" count="8" type="stmt"/>
      <line num="108" count="4" type="cond" truecount="1" falsecount="1"/>
      <line num="109" count="4" type="stmt"/>
      <line num="116" count="1" type="stmt"/>
      <line num="117" count="1" type="stmt"/>
      <line num="119" count="2" type="stmt"/>
      <line num="127" count="329" type="cond" truecount="3" falsecount="1"/>
      <line num="129" count="329" type="cond" truecount="2" falsecount="0"/>
      <line num="130" count="329" type="stmt"/>
      <line num="132" count="329" type="stmt"/>
      <line num="133" count="329" type="stmt"/>
      <line num="135" count="329" type="cond" truecount="1" falsecount="1"/>
      <line num="136" count="0" type="stmt"/>
      <line num="137" count="0" type="stmt"/>
      <line num="140" count="329" type="stmt"/>
      <line num="141" count="3" type="stmt"/>
      <line num="142" count="3" type="cond" truecount="2" falsecount="2"/>
      <line num="143" count="0" type="stmt"/>
      <line num="144" count="0" type="stmt"/>
      <line num="145" count="0" type="stmt"/>
      <line num="152" count="1" type="cond" truecount="3" falsecount="1"/>
      <line num="153" count="0" type="stmt"/>
      <line num="156" count="329" type="stmt"/>
      <line num="159" count="5" type="stmt"/>
    </file>
  </project>
</coverage>
