{"C:\\Users\\User\\Desktop\\ELPIS\\interface\\bridge\\moteur\\config.js": {"path":"C:\\Users\\User\\Desktop\\ELPIS\\interface\\bridge\\moteur\\config.js","statementMap":{"0":{"start":{"line":1,"column":11},"end":{"line":1,"column":24}},"1":{"start":{"line":2,"column":13},"end":{"line":2,"column":28}},"2":{"start":{"line":4,"column":17},"end":{"line":4,"column":55}},"3":{"start":{"line":5,"column":20},"end":{"line":5,"column":61}},"4":{"start":{"line":7,"column":23},"end":{"line":42,"column":1}},"5":{"start":{"line":49,"column":2},"end":{"line":52,"column":null}},"6":{"start":{"line":50,"column":4},"end":{"line":50,"column":null}},"7":{"start":{"line":51,"column":4},"end":{"line":51,"column":null}},"8":{"start":{"line":54,"column":20},"end":{"line":59,"column":3}},"9":{"start":{"line":60,"column":2},"end":{"line":65,"column":null}},"10":{"start":{"line":61,"column":4},"end":{"line":64,"column":null}},"11":{"start":{"line":62,"column":6},"end":{"line":62,"column":null}},"12":{"start":{"line":63,"column":6},"end":{"line":63,"column":null}},"13":{"start":{"line":67,"column":2},"end":{"line":70,"column":null}},"14":{"start":{"line":68,"column":4},"end":{"line":68,"column":null}},"15":{"start":{"line":69,"column":4},"end":{"line":69,"column":null}},"16":{"start":{"line":71,"column":2},"end":{"line":74,"column":null}},"17":{"start":{"line":72,"column":4},"end":{"line":72,"column":null}},"18":{"start":{"line":73,"column":4},"end":{"line":73,"column":null}},"19":{"start":{"line":75,"column":2},"end":{"line":78,"column":null}},"20":{"start":{"line":76,"column":4},"end":{"line":76,"column":null}},"21":{"start":{"line":77,"column":4},"end":{"line":77,"column":null}},"22":{"start":{"line":79,"column":2},"end":{"line":79,"column":null}},"23":{"start":{"line":83,"column":2},"end":{"line":83,"column":null}},"24":{"start":{"line":84,"column":2},"end":{"line":84,"column":null}},"25":{"start":{"line":85,"column":2},"end":{"line":85,"column":null}},"26":{"start":{"line":86,"column":2},"end":{"line":86,"column":null}},"27":{"start":{"line":87,"column":2},"end":{"line":87,"column":null}},"28":{"start":{"line":88,"column":2},"end":{"line":88,"column":null}},"29":{"start":{"line":90,"column":2},"end":{"line":90,"column":null}},"30":{"start":{"line":91,"column":2},"end":{"line":91,"column":null}},"31":{"start":{"line":92,"column":2},"end":{"line":92,"column":null}},"32":{"start":{"line":93,"column":2},"end":{"line":93,"column":null}},"33":{"start":{"line":94,"column":2},"end":{"line":94,"column":null}},"34":{"start":{"line":95,"column":2},"end":{"line":95,"column":null}},"35":{"start":{"line":96,"column":2},"end":{"line":96,"column":null}},"36":{"start":{"line":97,"column":2},"end":{"line":97,"column":null}},"37":{"start":{"line":98,"column":2},"end":{"line":98,"column":null}},"38":{"start":{"line":99,"column":2},"end":{"line":99,"column":null}},"39":{"start":{"line":100,"column":2},"end":{"line":100,"column":null}},"40":{"start":{"line":101,"column":2},"end":{"line":101,"column":null}},"41":{"start":{"line":102,"column":2},"end":{"line":102,"column":null}},"42":{"start":{"line":103,"column":2},"end":{"line":103,"column":null}},"43":{"start":{"line":104,"column":2},"end":{"line":104,"column":null}},"44":{"start":{"line":105,"column":2},"end":{"line":105,"column":null}},"45":{"start":{"line":106,"column":2},"end":{"line":106,"column":null}},"46":{"start":{"line":108,"column":2},"end":{"line":108,"column":null}},"47":{"start":{"line":108,"column":49},"end":{"line":108,"column":null}},"48":{"start":{"line":111,"column":2},"end":{"line":111,"column":null}},"49":{"start":{"line":111,"column":34},"end":{"line":111,"column":null}},"50":{"start":{"line":112,"column":2},"end":{"line":112,"column":null}},"51":{"start":{"line":112,"column":42},"end":{"line":112,"column":null}},"52":{"start":{"line":113,"column":2},"end":{"line":113,"column":null}},"53":{"start":{"line":113,"column":34},"end":{"line":113,"column":null}},"54":{"start":{"line":115,"column":2},"end":{"line":115,"column":null}},"55":{"start":{"line":119,"column":2},"end":{"line":133,"column":null}},"56":{"start":{"line":120,"column":4},"end":{"line":120,"column":null}},"57":{"start":{"line":120,"column":34},"end":{"line":120,"column":null}},"58":{"start":{"line":121,"column":16},"end":{"line":121,"column":49}},"59":{"start":{"line":122,"column":19},"end":{"line":122,"column":34}},"60":{"start":{"line":123,"column":4},"end":{"line":126,"column":null}},"61":{"start":{"line":124,"column":6},"end":{"line":124,"column":null}},"62":{"start":{"line":125,"column":6},"end":{"line":125,"column":null}},"63":{"start":{"line":128,"column":19},"end":{"line":128,"column":51}},"64":{"start":{"line":129,"column":4},"end":{"line":129,"column":null}},"65":{"start":{"line":131,"column":4},"end":{"line":131,"column":null}},"66":{"start":{"line":132,"column":4},"end":{"line":132,"column":null}},"67":{"start":{"line":138,"column":19},"end":{"line":138,"column":39}},"68":{"start":{"line":139,"column":17},"end":{"line":139,"column":43}},"69":{"start":{"line":140,"column":18},"end":{"line":140,"column":34}},"70":{"start":{"line":143,"column":2},"end":{"line":146,"column":null}},"71":{"start":{"line":144,"column":4},"end":{"line":144,"column":null}},"72":{"start":{"line":145,"column":4},"end":{"line":145,"column":null}},"73":{"start":{"line":148,"column":15},"end":{"line":148,"column":47}},"74":{"start":{"line":149,"column":18},"end":{"line":149,"column":35}},"75":{"start":{"line":151,"column":2},"end":{"line":161,"column":null}},"76":{"start":{"line":152,"column":4},"end":{"line":152,"column":null}},"77":{"start":{"line":154,"column":4},"end":{"line":154,"column":null}},"78":{"start":{"line":154,"column":33},"end":{"line":154,"column":null}},"79":{"start":{"line":155,"column":4},"end":{"line":155,"column":null}},"80":{"start":{"line":156,"column":4},"end":{"line":156,"column":null}},"81":{"start":{"line":158,"column":4},"end":{"line":158,"column":null}},"82":{"start":{"line":159,"column":4},"end":{"line":159,"column":null}},"83":{"start":{"line":159,"column":10},"end":{"line":159,"column":61}},"84":{"start":{"line":159,"column":38},"end":{"line":159,"column":61}},"85":{"start":{"line":160,"column":4},"end":{"line":160,"column":null}},"86":{"start":{"line":164,"column":0},"end":{"line":164,"column":null}}},"fnMap":{"0":{"name":"validateConfigSchema","decl":{"start":{"line":48,"column":9},"end":{"line":48,"column":29}},"loc":{"start":{"line":48,"column":36},"end":{"line":80,"column":null}},"line":48},"1":{"name":"sanitize","decl":{"start":{"line":82,"column":9},"end":{"line":82,"column":17}},"loc":{"start":{"line":82,"column":21},"end":{"line":116,"column":null}},"line":82},"2":{"name":"loadConfig","decl":{"start":{"line":118,"column":9},"end":{"line":118,"column":19}},"loc":{"start":{"line":118,"column":44},"end":{"line":134,"column":null}},"line":118},"3":{"name":"saveConfig","decl":{"start":{"line":136,"column":9},"end":{"line":136,"column":19}},"loc":{"start":{"line":136,"column":52},"end":{"line":162,"column":null}},"line":136}},"branchMap":{"0":{"loc":{"start":{"line":49,"column":2},"end":{"line":52,"column":null}},"type":"if","locations":[{"start":{"line":49,"column":2},"end":{"line":52,"column":null}},{"start":{},"end":{}}],"line":49},"1":{"loc":{"start":{"line":49,"column":6},"end":{"line":49,"column":62}},"type":"binary-expr","locations":[{"start":{"line":49,"column":6},"end":{"line":49,"column":11}},{"start":{"line":49,"column":15},"end":{"line":49,"column":39}},{"start":{"line":49,"column":43},"end":{"line":49,"column":62}}],"line":49},"2":{"loc":{"start":{"line":61,"column":4},"end":{"line":64,"column":null}},"type":"if","locations":[{"start":{"line":61,"column":4},"end":{"line":64,"column":null}},{"start":{},"end":{}}],"line":61},"3":{"loc":{"start":{"line":61,"column":8},"end":{"line":61,"column":112}},"type":"binary-expr","locations":[{"start":{"line":61,"column":8},"end":{"line":61,"column":33}},{"start":{"line":61,"column":38},"end":{"line":61,"column":69}},{"start":{"line":61,"column":73},"end":{"line":61,"column":90}},{"start":{"line":61,"column":94},"end":{"line":61,"column":111}}],"line":61},"4":{"loc":{"start":{"line":67,"column":2},"end":{"line":70,"column":null}},"type":"if","locations":[{"start":{"line":67,"column":2},"end":{"line":70,"column":null}},{"start":{},"end":{}}],"line":67},"5":{"loc":{"start":{"line":67,"column":6},"end":{"line":67,"column":66}},"type":"binary-expr","locations":[{"start":{"line":67,"column":6},"end":{"line":67,"column":33}},{"start":{"line":67,"column":37},"end":{"line":67,"column":66}}],"line":67},"6":{"loc":{"start":{"line":71,"column":2},"end":{"line":74,"column":null}},"type":"if","locations":[{"start":{"line":71,"column":2},"end":{"line":74,"column":null}},{"start":{},"end":{}}],"line":71},"7":{"loc":{"start":{"line":71,"column":6},"end":{"line":71,"column":82}},"type":"binary-expr","locations":[{"start":{"line":71,"column":6},"end":{"line":71,"column":41}},{"start":{"line":71,"column":45},"end":{"line":71,"column":82}}],"line":71},"8":{"loc":{"start":{"line":75,"column":2},"end":{"line":78,"column":null}},"type":"if","locations":[{"start":{"line":75,"column":2},"end":{"line":78,"column":null}},{"start":{},"end":{}}],"line":75},"9":{"loc":{"start":{"line":75,"column":6},"end":{"line":75,"column":66}},"type":"binary-expr","locations":[{"start":{"line":75,"column":6},"end":{"line":75,"column":33}},{"start":{"line":75,"column":37},"end":{"line":75,"column":66}}],"line":75},"10":{"loc":{"start":{"line":83,"column":51},"end":{"line":83,"column":77}},"type":"binary-expr","locations":[{"start":{"line":83,"column":51},"end":{"line":83,"column":72}},{"start":{"line":83,"column":76},"end":{"line":83,"column":77}}],"line":83},"11":{"loc":{"start":{"line":84,"column":43},"end":{"line":84,"column":62}},"type":"binary-expr","locations":[{"start":{"line":84,"column":43},"end":{"line":84,"column":56}},{"start":{"line":84,"column":60},"end":{"line":84,"column":62}}],"line":84},"12":{"loc":{"start":{"line":85,"column":44},"end":{"line":85,"column":76}},"type":"binary-expr","locations":[{"start":{"line":85,"column":44},"end":{"line":85,"column":71}},{"start":{"line":85,"column":75},"end":{"line":85,"column":76}}],"line":85},"13":{"loc":{"start":{"line":86,"column":36},"end":{"line":86,"column":60}},"type":"binary-expr","locations":[{"start":{"line":86,"column":36},"end":{"line":86,"column":55}},{"start":{"line":86,"column":59},"end":{"line":86,"column":60}}],"line":86},"14":{"loc":{"start":{"line":87,"column":59},"end":{"line":87,"column":92}},"type":"binary-expr","locations":[{"start":{"line":87,"column":59},"end":{"line":87,"column":86}},{"start":{"line":87,"column":90},"end":{"line":87,"column":92}}],"line":87},"15":{"loc":{"start":{"line":88,"column":44},"end":{"line":88,"column":77}},"type":"binary-expr","locations":[{"start":{"line":88,"column":44},"end":{"line":88,"column":71}},{"start":{"line":88,"column":75},"end":{"line":88,"column":77}}],"line":88},"16":{"loc":{"start":{"line":90,"column":39},"end":{"line":90,"column":68}},"type":"binary-expr","locations":[{"start":{"line":90,"column":39},"end":{"line":90,"column":61}},{"start":{"line":90,"column":65},"end":{"line":90,"column":68}}],"line":90},"17":{"loc":{"start":{"line":91,"column":39},"end":{"line":91,"column":67}},"type":"binary-expr","locations":[{"start":{"line":91,"column":39},"end":{"line":91,"column":61}},{"start":{"line":91,"column":65},"end":{"line":91,"column":67}}],"line":91},"18":{"loc":{"start":{"line":92,"column":36},"end":{"line":92,"column":61}},"type":"binary-expr","locations":[{"start":{"line":92,"column":36},"end":{"line":92,"column":55}},{"start":{"line":92,"column":59},"end":{"line":92,"column":61}}],"line":92},"19":{"loc":{"start":{"line":93,"column":36},"end":{"line":93,"column":61}},"type":"binary-expr","locations":[{"start":{"line":93,"column":36},"end":{"line":93,"column":55}},{"start":{"line":93,"column":59},"end":{"line":93,"column":61}}],"line":93},"20":{"loc":{"start":{"line":94,"column":41},"end":{"line":94,"column":71}},"type":"binary-expr","locations":[{"start":{"line":94,"column":41},"end":{"line":94,"column":65}},{"start":{"line":94,"column":69},"end":{"line":94,"column":71}}],"line":94},"21":{"loc":{"start":{"line":95,"column":38},"end":{"line":95,"column":65}},"type":"binary-expr","locations":[{"start":{"line":95,"column":38},"end":{"line":95,"column":59}},{"start":{"line":95,"column":63},"end":{"line":95,"column":65}}],"line":95},"22":{"loc":{"start":{"line":96,"column":43},"end":{"line":96,"column":75}},"type":"binary-expr","locations":[{"start":{"line":96,"column":43},"end":{"line":96,"column":69}},{"start":{"line":96,"column":73},"end":{"line":96,"column":75}}],"line":96},"23":{"loc":{"start":{"line":97,"column":43},"end":{"line":97,"column":76}},"type":"binary-expr","locations":[{"start":{"line":97,"column":43},"end":{"line":97,"column":69}},{"start":{"line":97,"column":73},"end":{"line":97,"column":76}}],"line":97},"24":{"loc":{"start":{"line":98,"column":43},"end":{"line":98,"column":75}},"type":"binary-expr","locations":[{"start":{"line":98,"column":43},"end":{"line":98,"column":69}},{"start":{"line":98,"column":73},"end":{"line":98,"column":75}}],"line":98},"25":{"loc":{"start":{"line":99,"column":43},"end":{"line":99,"column":75}},"type":"binary-expr","locations":[{"start":{"line":99,"column":43},"end":{"line":99,"column":69}},{"start":{"line":99,"column":73},"end":{"line":99,"column":75}}],"line":99},"26":{"loc":{"start":{"line":100,"column":43},"end":{"line":100,"column":74}},"type":"binary-expr","locations":[{"start":{"line":100,"column":43},"end":{"line":100,"column":69}},{"start":{"line":100,"column":73},"end":{"line":100,"column":74}}],"line":100},"27":{"loc":{"start":{"line":101,"column":44},"end":{"line":101,"column":76}},"type":"binary-expr","locations":[{"start":{"line":101,"column":44},"end":{"line":101,"column":71}},{"start":{"line":101,"column":75},"end":{"line":101,"column":76}}],"line":101},"28":{"loc":{"start":{"line":102,"column":40},"end":{"line":102,"column":68}},"type":"binary-expr","locations":[{"start":{"line":102,"column":40},"end":{"line":102,"column":61}},{"start":{"line":102,"column":65},"end":{"line":102,"column":68}}],"line":102},"29":{"loc":{"start":{"line":103,"column":41},"end":{"line":103,"column":57}},"type":"binary-expr","locations":[{"start":{"line":103,"column":41},"end":{"line":103,"column":51}},{"start":{"line":103,"column":55},"end":{"line":103,"column":57}}],"line":103},"30":{"loc":{"start":{"line":104,"column":41},"end":{"line":104,"column":57}},"type":"binary-expr","locations":[{"start":{"line":104,"column":41},"end":{"line":104,"column":52}},{"start":{"line":104,"column":56},"end":{"line":104,"column":57}}],"line":104},"31":{"loc":{"start":{"line":105,"column":32},"end":{"line":105,"column":52}},"type":"binary-expr","locations":[{"start":{"line":105,"column":32},"end":{"line":105,"column":47}},{"start":{"line":105,"column":51},"end":{"line":105,"column":52}}],"line":105},"32":{"loc":{"start":{"line":106,"column":29},"end":{"line":106,"column":46}},"type":"binary-expr","locations":[{"start":{"line":106,"column":29},"end":{"line":106,"column":41}},{"start":{"line":106,"column":45},"end":{"line":106,"column":46}}],"line":106},"33":{"loc":{"start":{"line":108,"column":2},"end":{"line":108,"column":null}},"type":"if","locations":[{"start":{"line":108,"column":2},"end":{"line":108,"column":null}},{"start":{},"end":{}}],"line":108},"34":{"loc":{"start":{"line":108,"column":6},"end":{"line":108,"column":47}},"type":"binary-expr","locations":[{"start":{"line":108,"column":6},"end":{"line":108,"column":25}},{"start":{"line":108,"column":29},"end":{"line":108,"column":47}}],"line":108},"35":{"loc":{"start":{"line":111,"column":2},"end":{"line":111,"column":null}},"type":"if","locations":[{"start":{"line":111,"column":2},"end":{"line":111,"column":null}},{"start":{},"end":{}}],"line":111},"36":{"loc":{"start":{"line":112,"column":2},"end":{"line":112,"column":null}},"type":"if","locations":[{"start":{"line":112,"column":2},"end":{"line":112,"column":null}},{"start":{},"end":{}}],"line":112},"37":{"loc":{"start":{"line":113,"column":2},"end":{"line":113,"column":null}},"type":"if","locations":[{"start":{"line":113,"column":2},"end":{"line":113,"column":null}},{"start":{},"end":{}}],"line":113},"38":{"loc":{"start":{"line":118,"column":20},"end":{"line":118,"column":42}},"type":"default-arg","locations":[{"start":{"line":118,"column":31},"end":{"line":118,"column":42}}],"line":118},"39":{"loc":{"start":{"line":120,"column":4},"end":{"line":120,"column":null}},"type":"if","locations":[{"start":{"line":120,"column":4},"end":{"line":120,"column":null}},{"start":{},"end":{}}],"line":120},"40":{"loc":{"start":{"line":123,"column":4},"end":{"line":126,"column":null}},"type":"if","locations":[{"start":{"line":123,"column":4},"end":{"line":126,"column":null}},{"start":{},"end":{}}],"line":123},"41":{"loc":{"start":{"line":136,"column":28},"end":{"line":136,"column":50}},"type":"default-arg","locations":[{"start":{"line":136,"column":39},"end":{"line":136,"column":50}}],"line":136},"42":{"loc":{"start":{"line":143,"column":2},"end":{"line":146,"column":null}},"type":"if","locations":[{"start":{"line":143,"column":2},"end":{"line":146,"column":null}},{"start":{},"end":{}}],"line":143},"43":{"loc":{"start":{"line":154,"column":4},"end":{"line":154,"column":null}},"type":"if","locations":[{"start":{"line":154,"column":4},"end":{"line":154,"column":null}},{"start":{},"end":{}}],"line":154},"44":{"loc":{"start":{"line":159,"column":10},"end":{"line":159,"column":61}},"type":"if","locations":[{"start":{"line":159,"column":10},"end":{"line":159,"column":61}},{"start":{},"end":{}}],"line":159}},"s":{"0":1,"1":1,"2":1,"3":1,"4":1,"5":6,"6":0,"7":0,"8":6,"9":6,"10":24,"11":0,"12":0,"13":6,"14":0,"15":0,"16":6,"17":0,"18":0,"19":6,"20":0,"21":0,"22":6,"23":6,"24":6,"25":6,"26":6,"27":6,"28":6,"29":6,"30":6,"31":6,"32":6,"33":6,"34":6,"35":6,"36":6,"37":6,"38":6,"39":6,"40":6,"41":6,"42":6,"43":6,"44":6,"45":6,"46":6,"47":0,"48":6,"49":0,"50":6,"51":0,"52":6,"53":0,"54":6,"55":6,"56":6,"57":0,"58":6,"59":6,"60":6,"61":0,"62":0,"63":6,"64":6,"65":0,"66":0,"67":0,"68":0,"69":0,"70":0,"71":0,"72":0,"73":0,"74":0,"75":0,"76":0,"77":0,"78":0,"79":0,"80":0,"81":0,"82":0,"83":0,"84":0,"85":0,"86":1},"f":{"0":6,"1":6,"2":6,"3":0},"b":{"0":[0,6],"1":[6,6,6],"2":[0,24],"3":[24,5,5,5],"4":[0,6],"5":[6,0],"6":[0,6],"7":[6,1],"8":[0,6],"9":[6,1],"10":[6,6],"11":[6,6],"12":[6,6],"13":[6,6],"14":[6,6],"15":[6,6],"16":[6,6],"17":[6,6],"18":[6,6],"19":[6,6],"20":[6,6],"21":[6,6],"22":[6,6],"23":[6,6],"24":[6,6],"25":[6,6],"26":[6,6],"27":[6,6],"28":[6,6],"29":[6,6],"30":[6,6],"31":[6,6],"32":[6,6],"33":[0,6],"34":[6,6],"35":[0,6],"36":[0,6],"37":[0,6],"38":[6],"39":[0,6],"40":[0,6],"41":[0],"42":[0,0],"43":[0,0],"44":[0,0]},"meta":{"lastBranch":45,"lastFunction":4,"lastStatement":87,"seen":{"s:1:11:1:24":0,"s:2:13:2:28":1,"s:4:17:4:55":2,"s:5:20:5:61":3,"s:7:23:42:1":4,"f:48:9:48:29":0,"b:49:2:52:Infinity:undefined:undefined:undefined:undefined":0,"s:49:2:52:Infinity":5,"b:49:6:49:11:49:15:49:39:49:43:49:62":1,"s:50:4:50:Infinity":6,"s:51:4:51:Infinity":7,"s:54:20:59:3":8,"s:60:2:65:Infinity":9,"b:61:4:64:Infinity:undefined:undefined:undefined:undefined":2,"s:61:4:64:Infinity":10,"b:61:8:61:33:61:38:61:69:61:73:61:90:61:94:61:111":3,"s:62:6:62:Infinity":11,"s:63:6:63:Infinity":12,"b:67:2:70:Infinity:undefined:undefined:undefined:undefined":4,"s:67:2:70:Infinity":13,"b:67:6:67:33:67:37:67:66":5,"s:68:4:68:Infinity":14,"s:69:4:69:Infinity":15,"b:71:2:74:Infinity:undefined:undefined:undefined:undefined":6,"s:71:2:74:Infinity":16,"b:71:6:71:41:71:45:71:82":7,"s:72:4:72:Infinity":17,"s:73:4:73:Infinity":18,"b:75:2:78:Infinity:undefined:undefined:undefined:undefined":8,"s:75:2:78:Infinity":19,"b:75:6:75:33:75:37:75:66":9,"s:76:4:76:Infinity":20,"s:77:4:77:Infinity":21,"s:79:2:79:Infinity":22,"f:82:9:82:17":1,"s:83:2:83:Infinity":23,"b:83:51:83:72:83:76:83:77":10,"s:84:2:84:Infinity":24,"b:84:43:84:56:84:60:84:62":11,"s:85:2:85:Infinity":25,"b:85:44:85:71:85:75:85:76":12,"s:86:2:86:Infinity":26,"b:86:36:86:55:86:59:86:60":13,"s:87:2:87:Infinity":27,"b:87:59:87:86:87:90:87:92":14,"s:88:2:88:Infinity":28,"b:88:44:88:71:88:75:88:77":15,"s:90:2:90:Infinity":29,"b:90:39:90:61:90:65:90:68":16,"s:91:2:91:Infinity":30,"b:91:39:91:61:91:65:91:67":17,"s:92:2:92:Infinity":31,"b:92:36:92:55:92:59:92:61":18,"s:93:2:93:Infinity":32,"b:93:36:93:55:93:59:93:61":19,"s:94:2:94:Infinity":33,"b:94:41:94:65:94:69:94:71":20,"s:95:2:95:Infinity":34,"b:95:38:95:59:95:63:95:65":21,"s:96:2:96:Infinity":35,"b:96:43:96:69:96:73:96:75":22,"s:97:2:97:Infinity":36,"b:97:43:97:69:97:73:97:76":23,"s:98:2:98:Infinity":37,"b:98:43:98:69:98:73:98:75":24,"s:99:2:99:Infinity":38,"b:99:43:99:69:99:73:99:75":25,"s:100:2:100:Infinity":39,"b:100:43:100:69:100:73:100:74":26,"s:101:2:101:Infinity":40,"b:101:44:101:71:101:75:101:76":27,"s:102:2:102:Infinity":41,"b:102:40:102:61:102:65:102:68":28,"s:103:2:103:Infinity":42,"b:103:41:103:51:103:55:103:57":29,"s:104:2:104:Infinity":43,"b:104:41:104:52:104:56:104:57":30,"s:105:2:105:Infinity":44,"b:105:32:105:47:105:51:105:52":31,"s:106:2:106:Infinity":45,"b:106:29:106:41:106:45:106:46":32,"b:108:2:108:Infinity:undefined:undefined:undefined:undefined":33,"s:108:2:108:Infinity":46,"b:108:6:108:25:108:29:108:47":34,"s:108:49:108:Infinity":47,"b:111:2:111:Infinity:undefined:undefined:undefined:undefined":35,"s:111:2:111:Infinity":48,"s:111:34:111:Infinity":49,"b:112:2:112:Infinity:undefined:undefined:undefined:undefined":36,"s:112:2:112:Infinity":50,"s:112:42:112:Infinity":51,"b:113:2:113:Infinity:undefined:undefined:undefined:undefined":37,"s:113:2:113:Infinity":52,"s:113:34:113:Infinity":53,"s:115:2:115:Infinity":54,"f:118:9:118:19":2,"b:118:31:118:42":38,"s:119:2:133:Infinity":55,"b:120:4:120:Infinity:undefined:undefined:undefined:undefined":39,"s:120:4:120:Infinity":56,"s:120:34:120:Infinity":57,"s:121:16:121:49":58,"s:122:19:122:34":59,"b:123:4:126:Infinity:undefined:undefined:undefined:undefined":40,"s:123:4:126:Infinity":60,"s:124:6:124:Infinity":61,"s:125:6:125:Infinity":62,"s:128:19:128:51":63,"s:129:4:129:Infinity":64,"s:131:4:131:Infinity":65,"s:132:4:132:Infinity":66,"f:136:9:136:19":3,"b:136:39:136:50":41,"s:138:19:138:39":67,"s:139:17:139:43":68,"s:140:18:140:34":69,"b:143:2:146:Infinity:undefined:undefined:undefined:undefined":42,"s:143:2:146:Infinity":70,"s:144:4:144:Infinity":71,"s:145:4:145:Infinity":72,"s:148:15:148:47":73,"s:149:18:149:35":74,"s:151:2:161:Infinity":75,"s:152:4:152:Infinity":76,"b:154:4:154:Infinity:undefined:undefined:undefined:undefined":43,"s:154:4:154:Infinity":77,"s:154:33:154:Infinity":78,"s:155:4:155:Infinity":79,"s:156:4:156:Infinity":80,"s:158:4:158:Infinity":81,"s:159:4:159:Infinity":82,"b:159:10:159:61:undefined:undefined:undefined:undefined":44,"s:159:10:159:61":83,"s:159:38:159:61":84,"s:160:4:160:Infinity":85,"s:164:0:164:Infinity":86},"fnNames":{}}}
,"C:\\Users\\User\\Desktop\\ELPIS\\interface\\bridge\\moteur\\cours.js": {"path":"C:\\Users\\User\\Desktop\\ELPIS\\interface\\bridge\\moteur\\cours.js","statementMap":{"0":{"start":{"line":1,"column":11},"end":{"line":1,"column":24}},"1":{"start":{"line":2,"column":13},"end":{"line":2,"column":28}},"2":{"start":{"line":4,"column":17},"end":{"line":4,"column":55}},"3":{"start":{"line":5,"column":19},"end":{"line":5,"column":59}},"4":{"start":{"line":12,"column":2},"end":{"line":15,"column":null}},"5":{"start":{"line":13,"column":4},"end":{"line":13,"column":null}},"6":{"start":{"line":14,"column":4},"end":{"line":14,"column":null}},"7":{"start":{"line":16,"column":2},"end":{"line":19,"column":null}},"8":{"start":{"line":17,"column":4},"end":{"line":17,"column":null}},"9":{"start":{"line":18,"column":4},"end":{"line":18,"column":null}},"10":{"start":{"line":20,"column":2},"end":{"line":48,"column":null}},"11":{"start":{"line":20,"column":16},"end":{"line":20,"column":17}},"12":{"start":{"line":21,"column":14},"end":{"line":21,"column":31}},"13":{"start":{"line":22,"column":4},"end":{"line":25,"column":null}},"14":{"start":{"line":23,"column":6},"end":{"line":23,"column":null}},"15":{"start":{"line":24,"column":6},"end":{"line":24,"column":null}},"16":{"start":{"line":26,"column":4},"end":{"line":29,"column":null}},"17":{"start":{"line":27,"column":6},"end":{"line":27,"column":null}},"18":{"start":{"line":28,"column":6},"end":{"line":28,"column":null}},"19":{"start":{"line":30,"column":4},"end":{"line":47,"column":null}},"20":{"start":{"line":30,"column":18},"end":{"line":30,"column":19}},"21":{"start":{"line":31,"column":16},"end":{"line":31,"column":31}},"22":{"start":{"line":32,"column":6},"end":{"line":35,"column":null}},"23":{"start":{"line":33,"column":8},"end":{"line":33,"column":null}},"24":{"start":{"line":34,"column":8},"end":{"line":34,"column":null}},"25":{"start":{"line":36,"column":6},"end":{"line":46,"column":null}},"26":{"start":{"line":36,"column":20},"end":{"line":36,"column":21}},"27":{"start":{"line":37,"column":18},"end":{"line":37,"column":27}},"28":{"start":{"line":38,"column":8},"end":{"line":41,"column":null}},"29":{"start":{"line":39,"column":10},"end":{"line":39,"column":null}},"30":{"start":{"line":40,"column":10},"end":{"line":40,"column":null}},"31":{"start":{"line":42,"column":8},"end":{"line":45,"column":null}},"32":{"start":{"line":43,"column":10},"end":{"line":43,"column":null}},"33":{"start":{"line":44,"column":10},"end":{"line":44,"column":null}},"34":{"start":{"line":49,"column":2},"end":{"line":49,"column":null}},"35":{"start":{"line":53,"column":2},"end":{"line":56,"column":null}},"36":{"start":{"line":54,"column":4},"end":{"line":54,"column":null}},"37":{"start":{"line":55,"column":4},"end":{"line":55,"column":null}},"38":{"start":{"line":57,"column":2},"end":{"line":57,"column":null}},"39":{"start":{"line":57,"column":19},"end":{"line":57,"column":null}},"40":{"start":{"line":59,"column":2},"end":{"line":59,"column":null}},"41":{"start":{"line":59,"column":19},"end":{"line":59,"column":null}},"42":{"start":{"line":61,"column":2},"end":{"line":103,"column":null}},"43":{"start":{"line":62,"column":4},"end":{"line":62,"column":null}},"44":{"start":{"line":62,"column":16},"end":{"line":62,"column":null}},"45":{"start":{"line":63,"column":4},"end":{"line":63,"column":null}},"46":{"start":{"line":63,"column":22},"end":{"line":63,"column":null}},"47":{"start":{"line":64,"column":4},"end":{"line":102,"column":null}},"48":{"start":{"line":65,"column":6},"end":{"line":65,"column":null}},"49":{"start":{"line":65,"column":18},"end":{"line":65,"column":null}},"50":{"start":{"line":66,"column":6},"end":{"line":101,"column":null}},"51":{"start":{"line":67,"column":8},"end":{"line":67,"column":null}},"52":{"start":{"line":68,"column":8},"end":{"line":68,"column":null}},"53":{"start":{"line":68,"column":26},"end":{"line":68,"column":null}},"54":{"start":{"line":69,"column":8},"end":{"line":100,"column":null}},"55":{"start":{"line":70,"column":10},"end":{"line":70,"column":null}},"56":{"start":{"line":71,"column":10},"end":{"line":71,"column":null}},"57":{"start":{"line":72,"column":10},"end":{"line":72,"column":null}},"58":{"start":{"line":73,"column":10},"end":{"line":73,"column":null}},"59":{"start":{"line":75,"column":10},"end":{"line":75,"column":null}},"60":{"start":{"line":75,"column":26},"end":{"line":75,"column":null}},"61":{"start":{"line":76,"column":10},"end":{"line":81,"column":null}},"62":{"start":{"line":77,"column":12},"end":{"line":77,"column":null}},"63":{"start":{"line":78,"column":12},"end":{"line":80,"column":null}},"64":{"start":{"line":79,"column":14},"end":{"line":79,"column":null}},"65":{"start":{"line":83,"column":10},"end":{"line":83,"column":null}},"66":{"start":{"line":83,"column":26},"end":{"line":83,"column":null}},"67":{"start":{"line":84,"column":10},"end":{"line":87,"column":null}},"68":{"start":{"line":85,"column":12},"end":{"line":85,"column":null}},"69":{"start":{"line":86,"column":12},"end":{"line":86,"column":null}},"70":{"start":{"line":89,"column":10},"end":{"line":89,"column":null}},"71":{"start":{"line":89,"column":26},"end":{"line":89,"column":null}},"72":{"start":{"line":90,"column":10},"end":{"line":93,"column":null}},"73":{"start":{"line":91,"column":12},"end":{"line":91,"column":null}},"74":{"start":{"line":92,"column":12},"end":{"line":92,"column":null}},"75":{"start":{"line":95,"column":10},"end":{"line":95,"column":null}},"76":{"start":{"line":95,"column":31},"end":{"line":95,"column":null}},"77":{"start":{"line":96,"column":10},"end":{"line":99,"column":null}},"78":{"start":{"line":97,"column":12},"end":{"line":97,"column":null}},"79":{"start":{"line":98,"column":12},"end":{"line":98,"column":null}},"80":{"start":{"line":104,"column":2},"end":{"line":104,"column":null}},"81":{"start":{"line":108,"column":2},"end":{"line":120,"column":null}},"82":{"start":{"line":109,"column":4},"end":{"line":109,"column":null}},"83":{"start":{"line":109,"column":34},"end":{"line":109,"column":null}},"84":{"start":{"line":110,"column":16},"end":{"line":110,"column":49}},"85":{"start":{"line":111,"column":19},"end":{"line":111,"column":34}},"86":{"start":{"line":112,"column":4},"end":{"line":115,"column":null}},"87":{"start":{"line":113,"column":6},"end":{"line":113,"column":null}},"88":{"start":{"line":114,"column":6},"end":{"line":114,"column":null}},"89":{"start":{"line":116,"column":4},"end":{"line":116,"column":null}},"90":{"start":{"line":118,"column":4},"end":{"line":118,"column":null}},"91":{"start":{"line":119,"column":4},"end":{"line":119,"column":null}},"92":{"start":{"line":128,"column":17},"end":{"line":128,"column":54}},"93":{"start":{"line":129,"column":2},"end":{"line":132,"column":null}},"94":{"start":{"line":130,"column":4},"end":{"line":130,"column":null}},"95":{"start":{"line":131,"column":4},"end":{"line":131,"column":null}},"96":{"start":{"line":134,"column":2},"end":{"line":185,"column":null}},"97":{"start":{"line":135,"column":24},"end":{"line":135,"column":90}},"98":{"start":{"line":136,"column":22},"end":{"line":136,"column":51}},"99":{"start":{"line":137,"column":4},"end":{"line":140,"column":null}},"100":{"start":{"line":138,"column":6},"end":{"line":138,"column":null}},"101":{"start":{"line":139,"column":6},"end":{"line":139,"column":null}},"102":{"start":{"line":142,"column":4},"end":{"line":183,"column":null}},"103":{"start":{"line":143,"column":25},"end":{"line":143,"column":71}},"104":{"start":{"line":144,"column":23},"end":{"line":144,"column":50}},"105":{"start":{"line":145,"column":6},"end":{"line":148,"column":null}},"106":{"start":{"line":146,"column":8},"end":{"line":146,"column":null}},"107":{"start":{"line":147,"column":8},"end":{"line":147,"column":null}},"108":{"start":{"line":150,"column":6},"end":{"line":181,"column":null}},"109":{"start":{"line":151,"column":28},"end":{"line":151,"column":82}},"110":{"start":{"line":154,"column":26},"end":{"line":154,"column":55}},"111":{"start":{"line":156,"column":8},"end":{"line":161,"column":null}},"112":{"start":{"line":157,"column":10},"end":{"line":160,"column":null}},"113":{"start":{"line":158,"column":31},"end":{"line":158,"column":85}},"114":{"start":{"line":159,"column":12},"end":{"line":159,"column":null}},"115":{"start":{"line":162,"column":8},"end":{"line":167,"column":null}},"116":{"start":{"line":163,"column":10},"end":{"line":166,"column":null}},"117":{"start":{"line":164,"column":31},"end":{"line":164,"column":85}},"118":{"start":{"line":165,"column":12},"end":{"line":165,"column":null}},"119":{"start":{"line":168,"column":8},"end":{"line":173,"column":null}},"120":{"start":{"line":169,"column":10},"end":{"line":172,"column":null}},"121":{"start":{"line":170,"column":31},"end":{"line":170,"column":85}},"122":{"start":{"line":171,"column":12},"end":{"line":171,"column":null}},"123":{"start":{"line":174,"column":8},"end":{"line":179,"column":null}},"124":{"start":{"line":175,"column":10},"end":{"line":178,"column":null}},"125":{"start":{"line":176,"column":32},"end":{"line":176,"column":96}},"126":{"start":{"line":177,"column":12},"end":{"line":177,"column":null}},"127":{"start":{"line":180,"column":8},"end":{"line":180,"column":null}},"128":{"start":{"line":182,"column":6},"end":{"line":182,"column":null}},"129":{"start":{"line":184,"column":4},"end":{"line":184,"column":null}},"130":{"start":{"line":186,"column":2},"end":{"line":186,"column":null}},"131":{"start":{"line":192,"column":19},"end":{"line":192,"column":38}},"132":{"start":{"line":195,"column":2},"end":{"line":198,"column":null}},"133":{"start":{"line":196,"column":4},"end":{"line":196,"column":null}},"134":{"start":{"line":197,"column":4},"end":{"line":197,"column":null}},"135":{"start":{"line":201,"column":25},"end":{"line":204,"column":4}},"136":{"start":{"line":202,"column":28},"end":{"line":202,"column":78}},"137":{"start":{"line":203,"column":4},"end":{"line":203,"column":null}},"138":{"start":{"line":206,"column":18},"end":{"line":206,"column":61}},"139":{"start":{"line":209,"column":2},"end":{"line":212,"column":null}},"140":{"start":{"line":210,"column":4},"end":{"line":210,"column":null}},"141":{"start":{"line":211,"column":4},"end":{"line":211,"column":null}},"142":{"start":{"line":214,"column":15},"end":{"line":214,"column":47}},"143":{"start":{"line":215,"column":18},"end":{"line":215,"column":35}},"144":{"start":{"line":217,"column":2},"end":{"line":226,"column":null}},"145":{"start":{"line":218,"column":4},"end":{"line":218,"column":null}},"146":{"start":{"line":219,"column":4},"end":{"line":219,"column":null}},"147":{"start":{"line":219,"column":33},"end":{"line":219,"column":null}},"148":{"start":{"line":220,"column":4},"end":{"line":220,"column":null}},"149":{"start":{"line":221,"column":4},"end":{"line":221,"column":null}},"150":{"start":{"line":223,"column":4},"end":{"line":223,"column":null}},"151":{"start":{"line":224,"column":4},"end":{"line":224,"column":null}},"152":{"start":{"line":224,"column":10},"end":{"line":224,"column":61}},"153":{"start":{"line":224,"column":38},"end":{"line":224,"column":61}},"154":{"start":{"line":225,"column":4},"end":{"line":225,"column":null}},"155":{"start":{"line":229,"column":0},"end":{"line":229,"column":null}}},"fnMap":{"0":{"name":"validateCoursSchema","decl":{"start":{"line":11,"column":9},"end":{"line":11,"column":28}},"loc":{"start":{"line":11,"column":35},"end":{"line":50,"column":null}},"line":11},"1":{"name":"sanitizeCours","decl":{"start":{"line":52,"column":9},"end":{"line":52,"column":22}},"loc":{"start":{"line":52,"column":26},"end":{"line":105,"column":null}},"line":52},"2":{"name":"loadCours","decl":{"start":{"line":107,"column":9},"end":{"line":107,"column":18}},"loc":{"start":{"line":107,"column":42},"end":{"line":121,"column":null}},"line":107},"3":{"name":"deepMergeLicence","decl":{"start":{"line":127,"column":9},"end":{"line":127,"column":25}},"loc":{"start":{"line":127,"column":55},"end":{"line":187,"column":null}},"line":127},"4":{"name":"(anonymous_4)","decl":{"start":{"line":134,"column":46},"end":{"line":134,"column":47}},"loc":{"start":{"line":134,"column":62},"end":{"line":185,"column":3}},"line":134},"5":{"name":"(anonymous_5)","decl":{"start":{"line":142,"column":35},"end":{"line":142,"column":36}},"loc":{"start":{"line":142,"column":50},"end":{"line":183,"column":5}},"line":142},"6":{"name":"(anonymous_6)","decl":{"start":{"line":150,"column":45},"end":{"line":150,"column":46}},"loc":{"start":{"line":150,"column":61},"end":{"line":181,"column":7}},"line":150},"7":{"name":"(anonymous_7)","decl":{"start":{"line":157,"column":49},"end":{"line":157,"column":50}},"loc":{"start":{"line":157,"column":64},"end":{"line":160,"column":11}},"line":157},"8":{"name":"(anonymous_8)","decl":{"start":{"line":163,"column":49},"end":{"line":163,"column":50}},"loc":{"start":{"line":163,"column":64},"end":{"line":166,"column":11}},"line":163},"9":{"name":"(anonymous_9)","decl":{"start":{"line":169,"column":49},"end":{"line":169,"column":50}},"loc":{"start":{"line":169,"column":64},"end":{"line":172,"column":11}},"line":169},"10":{"name":"(anonymous_10)","decl":{"start":{"line":175,"column":59},"end":{"line":175,"column":60}},"loc":{"start":{"line":175,"column":75},"end":{"line":178,"column":11}},"line":175},"11":{"name":"saveCours","decl":{"start":{"line":189,"column":9},"end":{"line":189,"column":18}},"loc":{"start":{"line":189,"column":55},"end":{"line":227,"column":null}},"line":189},"12":{"name":"(anonymous_12)","decl":{"start":{"line":201,"column":50},"end":{"line":201,"column":51}},"loc":{"start":{"line":201,"column":70},"end":{"line":204,"column":3}},"line":201}},"branchMap":{"0":{"loc":{"start":{"line":12,"column":2},"end":{"line":15,"column":null}},"type":"if","locations":[{"start":{"line":12,"column":2},"end":{"line":15,"column":null}},{"start":{},"end":{}}],"line":12},"1":{"loc":{"start":{"line":12,"column":6},"end":{"line":12,"column":39}},"type":"binary-expr","locations":[{"start":{"line":12,"column":6},"end":{"line":12,"column":11}},{"start":{"line":12,"column":15},"end":{"line":12,"column":39}}],"line":12},"2":{"loc":{"start":{"line":16,"column":2},"end":{"line":19,"column":null}},"type":"if","locations":[{"start":{"line":16,"column":2},"end":{"line":19,"column":null}},{"start":{},"end":{}}],"line":16},"3":{"loc":{"start":{"line":22,"column":4},"end":{"line":25,"column":null}},"type":"if","locations":[{"start":{"line":22,"column":4},"end":{"line":25,"column":null}},{"start":{},"end":{}}],"line":22},"4":{"loc":{"start":{"line":22,"column":8},"end":{"line":22,"column":35}},"type":"binary-expr","locations":[{"start":{"line":22,"column":8},"end":{"line":22,"column":10}},{"start":{"line":22,"column":14},"end":{"line":22,"column":35}}],"line":22},"5":{"loc":{"start":{"line":26,"column":4},"end":{"line":29,"column":null}},"type":"if","locations":[{"start":{"line":26,"column":4},"end":{"line":29,"column":null}},{"start":{},"end":{}}],"line":26},"6":{"loc":{"start":{"line":32,"column":6},"end":{"line":35,"column":null}},"type":"if","locations":[{"start":{"line":32,"column":6},"end":{"line":35,"column":null}},{"start":{},"end":{}}],"line":32},"7":{"loc":{"start":{"line":32,"column":10},"end":{"line":32,"column":62}},"type":"binary-expr","locations":[{"start":{"line":32,"column":10},"end":{"line":32,"column":12}},{"start":{"line":32,"column":16},"end":{"line":32,"column":37}},{"start":{"line":32,"column":41},"end":{"line":32,"column":62}}],"line":32},"8":{"loc":{"start":{"line":38,"column":8},"end":{"line":41,"column":null}},"type":"if","locations":[{"start":{"line":38,"column":8},"end":{"line":41,"column":null}},{"start":{},"end":{}}],"line":38},"9":{"loc":{"start":{"line":38,"column":12},"end":{"line":38,"column":39}},"type":"binary-expr","locations":[{"start":{"line":38,"column":12},"end":{"line":38,"column":14}},{"start":{"line":38,"column":18},"end":{"line":38,"column":39}}],"line":38},"10":{"loc":{"start":{"line":42,"column":8},"end":{"line":45,"column":null}},"type":"if","locations":[{"start":{"line":42,"column":8},"end":{"line":45,"column":null}},{"start":{},"end":{}}],"line":42},"11":{"loc":{"start":{"line":43,"column":44},"end":{"line":43,"column":56}},"type":"binary-expr","locations":[{"start":{"line":43,"column":44},"end":{"line":43,"column":49}},{"start":{"line":43,"column":53},"end":{"line":43,"column":56}}],"line":43},"12":{"loc":{"start":{"line":53,"column":2},"end":{"line":56,"column":null}},"type":"if","locations":[{"start":{"line":53,"column":2},"end":{"line":56,"column":null}},{"start":{},"end":{}}],"line":53},"13":{"loc":{"start":{"line":53,"column":6},"end":{"line":53,"column":32}},"type":"binary-expr","locations":[{"start":{"line":53,"column":6},"end":{"line":53,"column":17}},{"start":{"line":53,"column":21},"end":{"line":53,"column":32}}],"line":53},"14":{"loc":{"start":{"line":57,"column":2},"end":{"line":57,"column":null}},"type":"if","locations":[{"start":{"line":57,"column":2},"end":{"line":57,"column":null}},{"start":{},"end":{}}],"line":57},"15":{"loc":{"start":{"line":59,"column":2},"end":{"line":59,"column":null}},"type":"if","locations":[{"start":{"line":59,"column":2},"end":{"line":59,"column":null}},{"start":{},"end":{}}],"line":59},"16":{"loc":{"start":{"line":62,"column":4},"end":{"line":62,"column":null}},"type":"if","locations":[{"start":{"line":62,"column":4},"end":{"line":62,"column":null}},{"start":{},"end":{}}],"line":62},"17":{"loc":{"start":{"line":63,"column":4},"end":{"line":63,"column":null}},"type":"if","locations":[{"start":{"line":63,"column":4},"end":{"line":63,"column":null}},{"start":{},"end":{}}],"line":63},"18":{"loc":{"start":{"line":65,"column":6},"end":{"line":65,"column":null}},"type":"if","locations":[{"start":{"line":65,"column":6},"end":{"line":65,"column":null}},{"start":{},"end":{}}],"line":65},"19":{"loc":{"start":{"line":67,"column":44},"end":{"line":67,"column":56}},"type":"binary-expr","locations":[{"start":{"line":67,"column":44},"end":{"line":67,"column":51}},{"start":{"line":67,"column":55},"end":{"line":67,"column":56}}],"line":67},"20":{"loc":{"start":{"line":68,"column":8},"end":{"line":68,"column":null}},"type":"if","locations":[{"start":{"line":68,"column":8},"end":{"line":68,"column":null}},{"start":{},"end":{}}],"line":68},"21":{"loc":{"start":{"line":70,"column":51},"end":{"line":70,"column":69}},"type":"binary-expr","locations":[{"start":{"line":70,"column":51},"end":{"line":70,"column":64}},{"start":{"line":70,"column":68},"end":{"line":70,"column":69}}],"line":70},"22":{"loc":{"start":{"line":71,"column":45},"end":{"line":71,"column":56}},"type":"binary-expr","locations":[{"start":{"line":71,"column":45},"end":{"line":71,"column":51}},{"start":{"line":71,"column":55},"end":{"line":71,"column":56}}],"line":71},"23":{"loc":{"start":{"line":72,"column":45},"end":{"line":72,"column":56}},"type":"binary-expr","locations":[{"start":{"line":72,"column":45},"end":{"line":72,"column":51}},{"start":{"line":72,"column":55},"end":{"line":72,"column":56}}],"line":72},"24":{"loc":{"start":{"line":73,"column":45},"end":{"line":73,"column":56}},"type":"binary-expr","locations":[{"start":{"line":73,"column":45},"end":{"line":73,"column":51}},{"start":{"line":73,"column":55},"end":{"line":73,"column":56}}],"line":73},"25":{"loc":{"start":{"line":75,"column":10},"end":{"line":75,"column":null}},"type":"if","locations":[{"start":{"line":75,"column":10},"end":{"line":75,"column":null}},{"start":{},"end":{}}],"line":75},"26":{"loc":{"start":{"line":77,"column":52},"end":{"line":77,"column":67}},"type":"binary-expr","locations":[{"start":{"line":77,"column":52},"end":{"line":77,"column":62}},{"start":{"line":77,"column":66},"end":{"line":77,"column":67}}],"line":77},"27":{"loc":{"start":{"line":78,"column":12},"end":{"line":80,"column":null}},"type":"if","locations":[{"start":{"line":78,"column":12},"end":{"line":80,"column":null}},{"start":{},"end":{}}],"line":78},"28":{"loc":{"start":{"line":78,"column":16},"end":{"line":78,"column":86}},"type":"binary-expr","locations":[{"start":{"line":78,"column":16},"end":{"line":78,"column":30}},{"start":{"line":78,"column":35},"end":{"line":78,"column":55}},{"start":{"line":78,"column":59},"end":{"line":78,"column":85}}],"line":78},"29":{"loc":{"start":{"line":83,"column":10},"end":{"line":83,"column":null}},"type":"if","locations":[{"start":{"line":83,"column":10},"end":{"line":83,"column":null}},{"start":{},"end":{}}],"line":83},"30":{"loc":{"start":{"line":85,"column":49},"end":{"line":85,"column":61}},"type":"binary-expr","locations":[{"start":{"line":85,"column":49},"end":{"line":85,"column":56}},{"start":{"line":85,"column":60},"end":{"line":85,"column":61}}],"line":85},"31":{"loc":{"start":{"line":86,"column":61},"end":{"line":86,"column":84}},"type":"binary-expr","locations":[{"start":{"line":86,"column":61},"end":{"line":86,"column":79}},{"start":{"line":86,"column":83},"end":{"line":86,"column":84}}],"line":86},"32":{"loc":{"start":{"line":89,"column":10},"end":{"line":89,"column":null}},"type":"if","locations":[{"start":{"line":89,"column":10},"end":{"line":89,"column":null}},{"start":{},"end":{}}],"line":89},"33":{"loc":{"start":{"line":91,"column":49},"end":{"line":91,"column":61}},"type":"binary-expr","locations":[{"start":{"line":91,"column":49},"end":{"line":91,"column":56}},{"start":{"line":91,"column":60},"end":{"line":91,"column":61}}],"line":91},"34":{"loc":{"start":{"line":92,"column":61},"end":{"line":92,"column":84}},"type":"binary-expr","locations":[{"start":{"line":92,"column":61},"end":{"line":92,"column":79}},{"start":{"line":92,"column":83},"end":{"line":92,"column":84}}],"line":92},"35":{"loc":{"start":{"line":95,"column":10},"end":{"line":95,"column":null}},"type":"if","locations":[{"start":{"line":95,"column":10},"end":{"line":95,"column":null}},{"start":{},"end":{}}],"line":95},"36":{"loc":{"start":{"line":97,"column":49},"end":{"line":97,"column":61}},"type":"binary-expr","locations":[{"start":{"line":97,"column":49},"end":{"line":97,"column":56}},{"start":{"line":97,"column":60},"end":{"line":97,"column":61}}],"line":97},"37":{"loc":{"start":{"line":98,"column":61},"end":{"line":98,"column":84}},"type":"binary-expr","locations":[{"start":{"line":98,"column":61},"end":{"line":98,"column":79}},{"start":{"line":98,"column":83},"end":{"line":98,"column":84}}],"line":98},"38":{"loc":{"start":{"line":107,"column":19},"end":{"line":107,"column":40}},"type":"default-arg","locations":[{"start":{"line":107,"column":30},"end":{"line":107,"column":40}}],"line":107},"39":{"loc":{"start":{"line":109,"column":4},"end":{"line":109,"column":null}},"type":"if","locations":[{"start":{"line":109,"column":4},"end":{"line":109,"column":null}},{"start":{},"end":{}}],"line":109},"40":{"loc":{"start":{"line":112,"column":4},"end":{"line":115,"column":null}},"type":"if","locations":[{"start":{"line":112,"column":4},"end":{"line":115,"column":null}},{"start":{},"end":{}}],"line":112},"41":{"loc":{"start":{"line":129,"column":2},"end":{"line":132,"column":null}},"type":"if","locations":[{"start":{"line":129,"column":2},"end":{"line":132,"column":null}},{"start":{},"end":{}}],"line":129},"42":{"loc":{"start":{"line":129,"column":6},"end":{"line":129,"column":67}},"type":"binary-expr","locations":[{"start":{"line":129,"column":6},"end":{"line":129,"column":27}},{"start":{"line":129,"column":31},"end":{"line":129,"column":67}}],"line":129},"43":{"loc":{"start":{"line":130,"column":23},"end":{"line":130,"column":54}},"type":"binary-expr","locations":[{"start":{"line":130,"column":23},"end":{"line":130,"column":48}},{"start":{"line":130,"column":52},"end":{"line":130,"column":54}}],"line":130},"44":{"loc":{"start":{"line":135,"column":24},"end":{"line":135,"column":90}},"type":"binary-expr","locations":[{"start":{"line":135,"column":25},"end":{"line":135,"column":50}},{"start":{"line":135,"column":54},"end":{"line":135,"column":83}},{"start":{"line":135,"column":88},"end":{"line":135,"column":90}}],"line":135},"45":{"loc":{"start":{"line":137,"column":4},"end":{"line":140,"column":null}},"type":"if","locations":[{"start":{"line":137,"column":4},"end":{"line":140,"column":null}},{"start":{},"end":{}}],"line":137},"46":{"loc":{"start":{"line":137,"column":8},"end":{"line":137,"column":49}},"type":"binary-expr","locations":[{"start":{"line":137,"column":8},"end":{"line":137,"column":19}},{"start":{"line":137,"column":23},"end":{"line":137,"column":49}}],"line":137},"47":{"loc":{"start":{"line":138,"column":22},"end":{"line":138,"column":43}},"type":"binary-expr","locations":[{"start":{"line":138,"column":22},"end":{"line":138,"column":37}},{"start":{"line":138,"column":41},"end":{"line":138,"column":43}}],"line":138},"48":{"loc":{"start":{"line":143,"column":25},"end":{"line":143,"column":71}},"type":"binary-expr","locations":[{"start":{"line":143,"column":26},"end":{"line":143,"column":41}},{"start":{"line":143,"column":45},"end":{"line":143,"column":64}},{"start":{"line":143,"column":69},"end":{"line":143,"column":71}}],"line":143},"49":{"loc":{"start":{"line":145,"column":6},"end":{"line":148,"column":null}},"type":"if","locations":[{"start":{"line":145,"column":6},"end":{"line":148,"column":null}},{"start":{},"end":{}}],"line":145},"50":{"loc":{"start":{"line":145,"column":10},"end":{"line":145,"column":59}},"type":"binary-expr","locations":[{"start":{"line":145,"column":10},"end":{"line":145,"column":25}},{"start":{"line":145,"column":29},"end":{"line":145,"column":59}}],"line":145},"51":{"loc":{"start":{"line":146,"column":28},"end":{"line":146,"column":53}},"type":"binary-expr","locations":[{"start":{"line":146,"column":28},"end":{"line":146,"column":47}},{"start":{"line":146,"column":51},"end":{"line":146,"column":53}}],"line":146},"52":{"loc":{"start":{"line":151,"column":28},"end":{"line":151,"column":82}},"type":"binary-expr","locations":[{"start":{"line":151,"column":29},"end":{"line":151,"column":48}},{"start":{"line":151,"column":52},"end":{"line":151,"column":75}},{"start":{"line":151,"column":80},"end":{"line":151,"column":82}}],"line":151},"53":{"loc":{"start":{"line":156,"column":8},"end":{"line":161,"column":null}},"type":"if","locations":[{"start":{"line":156,"column":8},"end":{"line":161,"column":null}},{"start":{},"end":{}}],"line":156},"54":{"loc":{"start":{"line":158,"column":31},"end":{"line":158,"column":85}},"type":"binary-expr","locations":[{"start":{"line":158,"column":32},"end":{"line":158,"column":51}},{"start":{"line":158,"column":55},"end":{"line":158,"column":78}},{"start":{"line":158,"column":83},"end":{"line":158,"column":85}}],"line":158},"55":{"loc":{"start":{"line":162,"column":8},"end":{"line":167,"column":null}},"type":"if","locations":[{"start":{"line":162,"column":8},"end":{"line":167,"column":null}},{"start":{},"end":{}}],"line":162},"56":{"loc":{"start":{"line":164,"column":31},"end":{"line":164,"column":85}},"type":"binary-expr","locations":[{"start":{"line":164,"column":32},"end":{"line":164,"column":51}},{"start":{"line":164,"column":55},"end":{"line":164,"column":78}},{"start":{"line":164,"column":83},"end":{"line":164,"column":85}}],"line":164},"57":{"loc":{"start":{"line":168,"column":8},"end":{"line":173,"column":null}},"type":"if","locations":[{"start":{"line":168,"column":8},"end":{"line":173,"column":null}},{"start":{},"end":{}}],"line":168},"58":{"loc":{"start":{"line":170,"column":31},"end":{"line":170,"column":85}},"type":"binary-expr","locations":[{"start":{"line":170,"column":32},"end":{"line":170,"column":51}},{"start":{"line":170,"column":55},"end":{"line":170,"column":78}},{"start":{"line":170,"column":83},"end":{"line":170,"column":85}}],"line":170},"59":{"loc":{"start":{"line":174,"column":8},"end":{"line":179,"column":null}},"type":"if","locations":[{"start":{"line":174,"column":8},"end":{"line":179,"column":null}},{"start":{},"end":{}}],"line":174},"60":{"loc":{"start":{"line":176,"column":32},"end":{"line":176,"column":96}},"type":"binary-expr","locations":[{"start":{"line":176,"column":33},"end":{"line":176,"column":57}},{"start":{"line":176,"column":61},"end":{"line":176,"column":89}},{"start":{"line":176,"column":94},"end":{"line":176,"column":96}}],"line":176},"61":{"loc":{"start":{"line":189,"column":32},"end":{"line":189,"column":53}},"type":"default-arg","locations":[{"start":{"line":189,"column":43},"end":{"line":189,"column":53}}],"line":189},"62":{"loc":{"start":{"line":195,"column":2},"end":{"line":198,"column":null}},"type":"if","locations":[{"start":{"line":195,"column":2},"end":{"line":198,"column":null}},{"start":{},"end":{}}],"line":195},"63":{"loc":{"start":{"line":195,"column":6},"end":{"line":195,"column":67}},"type":"binary-expr","locations":[{"start":{"line":195,"column":6},"end":{"line":195,"column":27}},{"start":{"line":195,"column":31},"end":{"line":195,"column":67}}],"line":195},"64":{"loc":{"start":{"line":202,"column":28},"end":{"line":202,"column":78}},"type":"binary-expr","locations":[{"start":{"line":202,"column":29},"end":{"line":202,"column":46}},{"start":{"line":202,"column":50},"end":{"line":202,"column":71}},{"start":{"line":202,"column":76},"end":{"line":202,"column":78}}],"line":202},"65":{"loc":{"start":{"line":209,"column":2},"end":{"line":212,"column":null}},"type":"if","locations":[{"start":{"line":209,"column":2},"end":{"line":212,"column":null}},{"start":{},"end":{}}],"line":209},"66":{"loc":{"start":{"line":219,"column":4},"end":{"line":219,"column":null}},"type":"if","locations":[{"start":{"line":219,"column":4},"end":{"line":219,"column":null}},{"start":{},"end":{}}],"line":219},"67":{"loc":{"start":{"line":224,"column":10},"end":{"line":224,"column":61}},"type":"if","locations":[{"start":{"line":224,"column":10},"end":{"line":224,"column":61}},{"start":{},"end":{}}],"line":224}},"s":{"0":1,"1":1,"2":1,"3":1,"4":6,"5":0,"6":0,"7":6,"8":0,"9":0,"10":6,"11":6,"12":6,"13":6,"14":0,"15":0,"16":6,"17":0,"18":0,"19":6,"20":6,"21":6,"22":6,"23":0,"24":0,"25":6,"26":6,"27":6,"28":6,"29":0,"30":0,"31":6,"32":0,"33":0,"34":6,"35":6,"36":0,"37":0,"38":6,"39":0,"40":6,"41":0,"42":6,"43":6,"44":6,"45":6,"46":0,"47":6,"48":6,"49":0,"50":6,"51":6,"52":6,"53":0,"54":6,"55":6,"56":6,"57":6,"58":6,"59":6,"60":0,"61":6,"62":3,"63":3,"64":0,"65":6,"66":0,"67":6,"68":3,"69":3,"70":6,"71":0,"72":6,"73":2,"74":2,"75":6,"76":0,"77":6,"78":2,"79":2,"80":1,"81":6,"82":6,"83":0,"84":6,"85":6,"86":6,"87":0,"88":0,"89":6,"90":0,"91":0,"92":0,"93":0,"94":0,"95":0,"96":0,"97":0,"98":0,"99":0,"100":0,"101":0,"102":0,"103":0,"104":0,"105":0,"106":0,"107":0,"108":0,"109":0,"110":0,"111":0,"112":0,"113":0,"114":0,"115":0,"116":0,"117":0,"118":0,"119":0,"120":0,"121":0,"122":0,"123":0,"124":0,"125":0,"126":0,"127":0,"128":0,"129":0,"130":0,"131":0,"132":0,"133":0,"134":0,"135":0,"136":0,"137":0,"138":0,"139":0,"140":0,"141":0,"142":0,"143":0,"144":0,"145":0,"146":0,"147":0,"148":0,"149":0,"150":0,"151":0,"152":0,"153":0,"154":1,"155":1},"f":{"0":6,"1":6,"2":6,"3":0,"4":0,"5":0,"6":0,"7":0,"8":0,"9":0,"10":0,"11":0,"12":0},"b":{"0":[0,6],"1":[6,6],"2":[0,6],"3":[0,6],"4":[6,6],"5":[0,6],"6":[0,6],"7":[6,6,6],"8":[0,6],"9":[6,6],"10":[0,6],"11":[0,0],"12":[0,6],"13":[6,0],"14":[0,6],"15":[0,6],"16":[6,0],"17":[0,6],"18":[0,6],"19":[6,6],"20":[0,6],"21":[6,6],"22":[6,6],"23":[6,6],"24":[6,6],"25":[0,6],"26":[3,3],"27":[0,3],"28":[3,0,0],"29":[0,6],"30":[3,3],"31":[3,3],"32":[0,6],"33":[2,2],"34":[2,2],"35":[0,6],"36":[2,2],"37":[2,2],"38":[6],"39":[0,6],"40":[0,6],"41":[0,0],"42":[0,0],"43":[0,0],"44":[0,0,0],"45":[0,0],"46":[0,0],"47":[0,0],"48":[0,0,0],"49":[0,0],"50":[0,0],"51":[0,0],"52":[0,0,0],"53":[0,0],"54":[0,0,0],"55":[0,0],"56":[0,0,0],"57":[0,0],"58":[0,0,0],"59":[0,0],"60":[0,0,0],"61":[0],"62":[0,0],"63":[0,0],"64":[0,0,0],"65":[0,0],"66":[0,0],"67":[0,0]},"meta":{"lastBranch":68,"lastFunction":13,"lastStatement":156,"seen":{"s:1:11:1:24":0,"s:2:13:2:28":1,"s:4:17:4:55":2,"s:5:19:5:59":3,"f:11:9:11:28":0,"b:12:2:15:Infinity:undefined:undefined:undefined:undefined":0,"s:12:2:15:Infinity":4,"b:12:6:12:11:12:15:12:39":1,"s:13:4:13:Infinity":5,"s:14:4:14:Infinity":6,"b:16:2:19:Infinity:undefined:undefined:undefined:undefined":2,"s:16:2:19:Infinity":7,"s:17:4:17:Infinity":8,"s:18:4:18:Infinity":9,"s:20:2:48:Infinity":10,"s:20:16:20:17":11,"s:21:14:21:31":12,"b:22:4:25:Infinity:undefined:undefined:undefined:undefined":3,"s:22:4:25:Infinity":13,"b:22:8:22:10:22:14:22:35":4,"s:23:6:23:Infinity":14,"s:24:6:24:Infinity":15,"b:26:4:29:Infinity:undefined:undefined:undefined:undefined":5,"s:26:4:29:Infinity":16,"s:27:6:27:Infinity":17,"s:28:6:28:Infinity":18,"s:30:4:47:Infinity":19,"s:30:18:30:19":20,"s:31:16:31:31":21,"b:32:6:35:Infinity:undefined:undefined:undefined:undefined":6,"s:32:6:35:Infinity":22,"b:32:10:32:12:32:16:32:37:32:41:32:62":7,"s:33:8:33:Infinity":23,"s:34:8:34:Infinity":24,"s:36:6:46:Infinity":25,"s:36:20:36:21":26,"s:37:18:37:27":27,"b:38:8:41:Infinity:undefined:undefined:undefined:undefined":8,"s:38:8:41:Infinity":28,"b:38:12:38:14:38:18:38:39":9,"s:39:10:39:Infinity":29,"s:40:10:40:Infinity":30,"b:42:8:45:Infinity:undefined:undefined:undefined:undefined":10,"s:42:8:45:Infinity":31,"s:43:10:43:Infinity":32,"b:43:44:43:49:43:53:43:56":11,"s:44:10:44:Infinity":33,"s:49:2:49:Infinity":34,"f:52:9:52:22":1,"b:53:2:56:Infinity:undefined:undefined:undefined:undefined":12,"s:53:2:56:Infinity":35,"b:53:6:53:17:53:21:53:32":13,"s:54:4:54:Infinity":36,"s:55:4:55:Infinity":37,"b:57:2:57:Infinity:undefined:undefined:undefined:undefined":14,"s:57:2:57:Infinity":38,"s:57:19:57:Infinity":39,"b:59:2:59:Infinity:undefined:undefined:undefined:undefined":15,"s:59:2:59:Infinity":40,"s:59:19:59:Infinity":41,"s:61:2:103:Infinity":42,"b:62:4:62:Infinity:undefined:undefined:undefined:undefined":16,"s:62:4:62:Infinity":43,"s:62:16:62:Infinity":44,"b:63:4:63:Infinity:undefined:undefined:undefined:undefined":17,"s:63:4:63:Infinity":45,"s:63:22:63:Infinity":46,"s:64:4:102:Infinity":47,"b:65:6:65:Infinity:undefined:undefined:undefined:undefined":18,"s:65:6:65:Infinity":48,"s:65:18:65:Infinity":49,"s:66:6:101:Infinity":50,"s:67:8:67:Infinity":51,"b:67:44:67:51:67:55:67:56":19,"b:68:8:68:Infinity:undefined:undefined:undefined:undefined":20,"s:68:8:68:Infinity":52,"s:68:26:68:Infinity":53,"s:69:8:100:Infinity":54,"s:70:10:70:Infinity":55,"b:70:51:70:64:70:68:70:69":21,"s:71:10:71:Infinity":56,"b:71:45:71:51:71:55:71:56":22,"s:72:10:72:Infinity":57,"b:72:45:72:51:72:55:72:56":23,"s:73:10:73:Infinity":58,"b:73:45:73:51:73:55:73:56":24,"b:75:10:75:Infinity:undefined:undefined:undefined:undefined":25,"s:75:10:75:Infinity":59,"s:75:26:75:Infinity":60,"s:76:10:81:Infinity":61,"s:77:12:77:Infinity":62,"b:77:52:77:62:77:66:77:67":26,"b:78:12:80:Infinity:undefined:undefined:undefined:undefined":27,"s:78:12:80:Infinity":63,"b:78:16:78:30:78:35:78:55:78:59:78:85":28,"s:79:14:79:Infinity":64,"b:83:10:83:Infinity:undefined:undefined:undefined:undefined":29,"s:83:10:83:Infinity":65,"s:83:26:83:Infinity":66,"s:84:10:87:Infinity":67,"s:85:12:85:Infinity":68,"b:85:49:85:56:85:60:85:61":30,"s:86:12:86:Infinity":69,"b:86:61:86:79:86:83:86:84":31,"b:89:10:89:Infinity:undefined:undefined:undefined:undefined":32,"s:89:10:89:Infinity":70,"s:89:26:89:Infinity":71,"s:90:10:93:Infinity":72,"s:91:12:91:Infinity":73,"b:91:49:91:56:91:60:91:61":33,"s:92:12:92:Infinity":74,"b:92:61:92:79:92:83:92:84":34,"b:95:10:95:Infinity:undefined:undefined:undefined:undefined":35,"s:95:10:95:Infinity":75,"s:95:31:95:Infinity":76,"s:96:10:99:Infinity":77,"s:97:12:97:Infinity":78,"b:97:49:97:56:97:60:97:61":36,"s:98:12:98:Infinity":79,"b:98:61:98:79:98:83:98:84":37,"s:104:2:104:Infinity":80,"f:107:9:107:18":2,"b:107:30:107:40":38,"s:108:2:120:Infinity":81,"b:109:4:109:Infinity:undefined:undefined:undefined:undefined":39,"s:109:4:109:Infinity":82,"s:109:34:109:Infinity":83,"s:110:16:110:49":84,"s:111:19:111:34":85,"b:112:4:115:Infinity:undefined:undefined:undefined:undefined":40,"s:112:4:115:Infinity":86,"s:113:6:113:Infinity":87,"s:114:6:114:Infinity":88,"s:116:4:116:Infinity":89,"s:118:4:118:Infinity":90,"s:119:4:119:Infinity":91,"f:127:9:127:25":3,"s:128:17:128:54":92,"b:129:2:132:Infinity:undefined:undefined:undefined:undefined":41,"s:129:2:132:Infinity":93,"b:129:6:129:27:129:31:129:67":42,"s:130:4:130:Infinity":94,"b:130:23:130:48:130:52:130:54":43,"s:131:4:131:Infinity":95,"s:134:2:185:Infinity":96,"f:134:46:134:47":4,"s:135:24:135:90":97,"b:135:25:135:50:135:54:135:83:135:88:135:90":44,"s:136:22:136:51":98,"b:137:4:140:Infinity:undefined:undefined:undefined:undefined":45,"s:137:4:140:Infinity":99,"b:137:8:137:19:137:23:137:49":46,"s:138:6:138:Infinity":100,"b:138:22:138:37:138:41:138:43":47,"s:139:6:139:Infinity":101,"s:142:4:183:Infinity":102,"f:142:35:142:36":5,"s:143:25:143:71":103,"b:143:26:143:41:143:45:143:64:143:69:143:71":48,"s:144:23:144:50":104,"b:145:6:148:Infinity:undefined:undefined:undefined:undefined":49,"s:145:6:148:Infinity":105,"b:145:10:145:25:145:29:145:59":50,"s:146:8:146:Infinity":106,"b:146:28:146:47:146:51:146:53":51,"s:147:8:147:Infinity":107,"s:150:6:181:Infinity":108,"f:150:45:150:46":6,"s:151:28:151:82":109,"b:151:29:151:48:151:52:151:75:151:80:151:82":52,"s:154:26:154:55":110,"b:156:8:161:Infinity:undefined:undefined:undefined:undefined":53,"s:156:8:161:Infinity":111,"s:157:10:160:Infinity":112,"f:157:49:157:50":7,"s:158:31:158:85":113,"b:158:32:158:51:158:55:158:78:158:83:158:85":54,"s:159:12:159:Infinity":114,"b:162:8:167:Infinity:undefined:undefined:undefined:undefined":55,"s:162:8:167:Infinity":115,"s:163:10:166:Infinity":116,"f:163:49:163:50":8,"s:164:31:164:85":117,"b:164:32:164:51:164:55:164:78:164:83:164:85":56,"s:165:12:165:Infinity":118,"b:168:8:173:Infinity:undefined:undefined:undefined:undefined":57,"s:168:8:173:Infinity":119,"s:169:10:172:Infinity":120,"f:169:49:169:50":9,"s:170:31:170:85":121,"b:170:32:170:51:170:55:170:78:170:83:170:85":58,"s:171:12:171:Infinity":122,"b:174:8:179:Infinity:undefined:undefined:undefined:undefined":59,"s:174:8:179:Infinity":123,"s:175:10:178:Infinity":124,"f:175:59:175:60":10,"s:176:32:176:96":125,"b:176:33:176:57:176:61:176:89:176:94:176:96":60,"s:177:12:177:Infinity":126,"s:180:8:180:Infinity":127,"s:182:6:182:Infinity":128,"s:184:4:184:Infinity":129,"s:186:2:186:Infinity":130,"f:189:9:189:18":11,"b:189:43:189:53":61,"s:192:19:192:38":131,"b:195:2:198:Infinity:undefined:undefined:undefined:undefined":62,"s:195:2:198:Infinity":132,"b:195:6:195:27:195:31:195:67":63,"s:196:4:196:Infinity":133,"s:197:4:197:Infinity":134,"s:201:25:204:4":135,"f:201:50:201:51":12,"s:202:28:202:78":136,"b:202:29:202:46:202:50:202:71:202:76:202:78":64,"s:203:4:203:Infinity":137,"s:206:18:206:61":138,"b:209:2:212:Infinity:undefined:undefined:undefined:undefined":65,"s:209:2:212:Infinity":139,"s:210:4:210:Infinity":140,"s:211:4:211:Infinity":141,"s:214:15:214:47":142,"s:215:18:215:35":143,"s:217:2:226:Infinity":144,"s:218:4:218:Infinity":145,"b:219:4:219:Infinity:undefined:undefined:undefined:undefined":66,"s:219:4:219:Infinity":146,"s:219:33:219:Infinity":147,"s:220:4:220:Infinity":148,"s:221:4:221:Infinity":149,"s:223:4:223:Infinity":150,"s:224:4:224:Infinity":151,"b:224:10:224:61:undefined:undefined:undefined:undefined":67,"s:224:10:224:61":152,"s:224:38:224:61":153,"s:225:4:225:Infinity":154,"s:229:0:229:Infinity":155},"fnNames":{}}}
,"C:\\Users\\User\\Desktop\\ELPIS\\interface\\bridge\\moteur\\intelligence.js": {"path":"C:\\Users\\User\\Desktop\\ELPIS\\interface\\bridge\\moteur\\intelligence.js","statementMap":{"0":{"start":{"line":6,"column":21},"end":{"line":6,"column":94}},"1":{"start":{"line":9,"column":12},"end":{"line":9,"column":22}},"2":{"start":{"line":10,"column":2},"end":{"line":10,"column":null}},"3":{"start":{"line":11,"column":2},"end":{"line":11,"column":null}},"4":{"start":{"line":15,"column":2},"end":{"line":15,"column":null}},"5":{"start":{"line":19,"column":2},"end":{"line":19,"column":null}},"6":{"start":{"line":19,"column":16},"end":{"line":19,"column":null}},"7":{"start":{"line":20,"column":16},"end":{"line":20,"column":34}},"8":{"start":{"line":21,"column":2},"end":{"line":21,"column":null}},"9":{"start":{"line":21,"column":26},"end":{"line":21,"column":null}},"10":{"start":{"line":22,"column":2},"end":{"line":26,"column":null}},"11":{"start":{"line":23,"column":4},"end":{"line":23,"column":null}},"12":{"start":{"line":25,"column":4},"end":{"line":25,"column":null}},"13":{"start":{"line":34,"column":2},"end":{"line":34,"column":null}},"14":{"start":{"line":34,"column":16},"end":{"line":34,"column":null}},"15":{"start":{"line":35,"column":16},"end":{"line":35,"column":34}},"16":{"start":{"line":36,"column":2},"end":{"line":36,"column":null}},"17":{"start":{"line":36,"column":26},"end":{"line":36,"column":null}},"18":{"start":{"line":37,"column":2},"end":{"line":37,"column":null}},"19":{"start":{"line":45,"column":2},"end":{"line":45,"column":null}},"20":{"start":{"line":45,"column":79},"end":{"line":45,"column":null}},"21":{"start":{"line":46,"column":19},"end":{"line":46,"column":20}},"22":{"start":{"line":47,"column":18},"end":{"line":47,"column":19}},"23":{"start":{"line":48,"column":2},"end":{"line":54,"column":null}},"24":{"start":{"line":49,"column":4},"end":{"line":53,"column":null}},"25":{"start":{"line":50,"column":16},"end":{"line":50,"column":35}},"26":{"start":{"line":51,"column":6},"end":{"line":51,"column":null}},"27":{"start":{"line":52,"column":6},"end":{"line":52,"column":null}},"28":{"start":{"line":55,"column":2},"end":{"line":55,"column":null}},"29":{"start":{"line":62,"column":14},"end":{"line":62,"column":16}},"30":{"start":{"line":63,"column":2},"end":{"line":63,"column":null}},"31":{"start":{"line":63,"column":29},"end":{"line":63,"column":null}},"32":{"start":{"line":65,"column":2},"end":{"line":106,"column":null}},"33":{"start":{"line":66,"column":4},"end":{"line":105,"column":null}},"34":{"start":{"line":67,"column":21},"end":{"line":67,"column":23}},"35":{"start":{"line":68,"column":6},"end":{"line":81,"column":null}},"36":{"start":{"line":69,"column":26},"end":{"line":69,"column":27}},"37":{"start":{"line":70,"column":25},"end":{"line":70,"column":26}},"38":{"start":{"line":71,"column":8},"end":{"line":78,"column":null}},"39":{"start":{"line":72,"column":25},"end":{"line":72,"column":45}},"40":{"start":{"line":73,"column":10},"end":{"line":77,"column":null}},"41":{"start":{"line":74,"column":25},"end":{"line":74,"column":43}},"42":{"start":{"line":75,"column":12},"end":{"line":75,"column":null}},"43":{"start":{"line":76,"column":12},"end":{"line":76,"column":null}},"44":{"start":{"line":79,"column":22},"end":{"line":79,"column":71}},"45":{"start":{"line":80,"column":8},"end":{"line":80,"column":null}},"46":{"start":{"line":83,"column":25},"end":{"line":83,"column":26}},"47":{"start":{"line":84,"column":24},"end":{"line":84,"column":25}},"48":{"start":{"line":85,"column":6},"end":{"line":90,"column":null}},"49":{"start":{"line":86,"column":8},"end":{"line":89,"column":null}},"50":{"start":{"line":87,"column":10},"end":{"line":87,"column":null}},"51":{"start":{"line":88,"column":10},"end":{"line":88,"column":null}},"52":{"start":{"line":91,"column":21},"end":{"line":91,"column":73}},"53":{"start":{"line":93,"column":6},"end":{"line":104,"column":null}},"54":{"start":{"line":94,"column":8},"end":{"line":103,"column":null}},"55":{"start":{"line":95,"column":10},"end":{"line":102,"column":null}},"56":{"start":{"line":96,"column":12},"end":{"line":101,"column":null}},"57":{"start":{"line":107,"column":2},"end":{"line":107,"column":null}},"58":{"start":{"line":114,"column":14},"end":{"line":114,"column":16}},"59":{"start":{"line":115,"column":2},"end":{"line":115,"column":null}},"60":{"start":{"line":115,"column":29},"end":{"line":115,"column":null}},"61":{"start":{"line":117,"column":2},"end":{"line":136,"column":null}},"62":{"start":{"line":118,"column":4},"end":{"line":135,"column":null}},"63":{"start":{"line":119,"column":6},"end":{"line":134,"column":null}},"64":{"start":{"line":120,"column":8},"end":{"line":133,"column":null}},"65":{"start":{"line":121,"column":10},"end":{"line":121,"column":null}},"66":{"start":{"line":121,"column":63},"end":{"line":121,"column":null}},"67":{"start":{"line":122,"column":26},"end":{"line":122,"column":27}},"68":{"start":{"line":123,"column":30},"end":{"line":123,"column":31}},"69":{"start":{"line":124,"column":10},"end":{"line":130,"column":null}},"70":{"start":{"line":125,"column":22},"end":{"line":125,"column":41}},"71":{"start":{"line":126,"column":12},"end":{"line":126,"column":null}},"72":{"start":{"line":127,"column":12},"end":{"line":129,"column":null}},"73":{"start":{"line":128,"column":14},"end":{"line":128,"column":null}},"74":{"start":{"line":131,"column":33},"end":{"line":131,"column":92}},"75":{"start":{"line":132,"column":10},"end":{"line":132,"column":null}},"76":{"start":{"line":137,"column":2},"end":{"line":137,"column":null}},"77":{"start":{"line":144,"column":14},"end":{"line":144,"column":16}},"78":{"start":{"line":145,"column":2},"end":{"line":145,"column":null}},"79":{"start":{"line":145,"column":46},"end":{"line":145,"column":null}},"80":{"start":{"line":147,"column":24},"end":{"line":147,"column":26}},"81":{"start":{"line":148,"column":2},"end":{"line":152,"column":null}},"82":{"start":{"line":149,"column":4},"end":{"line":149,"column":null}},"83":{"start":{"line":149,"column":20},"end":{"line":149,"column":null}},"84":{"start":{"line":150,"column":4},"end":{"line":150,"column":null}},"85":{"start":{"line":150,"column":35},"end":{"line":150,"column":null}},"86":{"start":{"line":151,"column":4},"end":{"line":151,"column":null}},"87":{"start":{"line":154,"column":2},"end":{"line":154,"column":null}},"88":{"start":{"line":154,"column":29},"end":{"line":154,"column":null}},"89":{"start":{"line":156,"column":2},"end":{"line":191,"column":null}},"90":{"start":{"line":157,"column":4},"end":{"line":190,"column":null}},"91":{"start":{"line":158,"column":6},"end":{"line":189,"column":null}},"92":{"start":{"line":159,"column":8},"end":{"line":188,"column":null}},"93":{"start":{"line":160,"column":24},"end":{"line":160,"column":50}},"94":{"start":{"line":161,"column":29},"end":{"line":161,"column":63}},"95":{"start":{"line":161,"column":47},"end":{"line":161,"column":62}},"96":{"start":{"line":162,"column":31},"end":{"line":162,"column":88}},"97":{"start":{"line":162,"column":56},"end":{"line":162,"column":84}},"98":{"start":{"line":163,"column":30},"end":{"line":163,"column":135}},"99":{"start":{"line":163,"column":61},"end":{"line":163,"column":127}},"100":{"start":{"line":164,"column":27},"end":{"line":164,"column":51}},"101":{"start":{"line":166,"column":36},"end":{"line":166,"column":40}},"102":{"start":{"line":167,"column":10},"end":{"line":169,"column":null}},"103":{"start":{"line":168,"column":12},"end":{"line":168,"column":null}},"104":{"start":{"line":171,"column":39},"end":{"line":173,"column":16}},"105":{"start":{"line":175,"column":32},"end":{"line":175,"column":87}},"106":{"start":{"line":176,"column":32},"end":{"line":176,"column":54}},"107":{"start":{"line":177,"column":44},"end":{"line":177,"column":109}},"108":{"start":{"line":179,"column":10},"end":{"line":187,"column":null}},"109":{"start":{"line":192,"column":2},"end":{"line":192,"column":null}},"110":{"start":{"line":199,"column":19},"end":{"line":199,"column":37}},"111":{"start":{"line":202,"column":16},"end":{"line":202,"column":26}},"112":{"start":{"line":203,"column":2},"end":{"line":203,"column":null}},"113":{"start":{"line":208,"column":24},"end":{"line":208,"column":25}},"114":{"start":{"line":209,"column":2},"end":{"line":229,"column":null}},"115":{"start":{"line":209,"column":15},"end":{"line":209,"column":16}},"116":{"start":{"line":210,"column":22},"end":{"line":210,"column":37}},"117":{"start":{"line":211,"column":4},"end":{"line":211,"column":null}},"118":{"start":{"line":212,"column":20},"end":{"line":212,"column":154}},"119":{"start":{"line":215,"column":4},"end":{"line":215,"column":null}},"120":{"start":{"line":215,"column":36},"end":{"line":215,"column":null}},"121":{"start":{"line":218,"column":26},"end":{"line":223,"column":6}},"122":{"start":{"line":219,"column":8},"end":{"line":219,"column":null}},"123":{"start":{"line":219,"column":26},"end":{"line":219,"column":null}},"124":{"start":{"line":220,"column":22},"end":{"line":220,"column":43}},"125":{"start":{"line":221,"column":8},"end":{"line":221,"column":null}},"126":{"start":{"line":222,"column":8},"end":{"line":222,"column":null}},"127":{"start":{"line":226,"column":4},"end":{"line":226,"column":39}},"128":{"start":{"line":226,"column":33},"end":{"line":226,"column":39}},"129":{"start":{"line":228,"column":4},"end":{"line":228,"column":null}},"130":{"start":{"line":231,"column":23},"end":{"line":231,"column":38}},"131":{"start":{"line":232,"column":2},"end":{"line":232,"column":null}},"132":{"start":{"line":233,"column":21},"end":{"line":233,"column":105}},"133":{"start":{"line":233,"column":52},"end":{"line":233,"column":104}},"134":{"start":{"line":234,"column":29},"end":{"line":234,"column":91}},"135":{"start":{"line":234,"column":59},"end":{"line":234,"column":87}},"136":{"start":{"line":235,"column":26},"end":{"line":235,"column":48}},"137":{"start":{"line":237,"column":22},"end":{"line":237,"column":76}},"138":{"start":{"line":238,"column":27},"end":{"line":242,"column":11}},"139":{"start":{"line":239,"column":4},"end":{"line":239,"column":null}},"140":{"start":{"line":239,"column":22},"end":{"line":239,"column":null}},"141":{"start":{"line":240,"column":17},"end":{"line":240,"column":49}},"142":{"start":{"line":241,"column":4},"end":{"line":241,"column":null}},"143":{"start":{"line":244,"column":18},"end":{"line":244,"column":24}},"144":{"start":{"line":245,"column":24},"end":{"line":245,"column":29}},"145":{"start":{"line":246,"column":15},"end":{"line":246,"column":17}},"146":{"start":{"line":248,"column":2},"end":{"line":262,"column":null}},"147":{"start":{"line":249,"column":4},"end":{"line":249,"column":null}},"148":{"start":{"line":250,"column":4},"end":{"line":250,"column":null}},"149":{"start":{"line":251,"column":4},"end":{"line":255,"column":null}},"150":{"start":{"line":252,"column":6},"end":{"line":252,"column":null}},"151":{"start":{"line":254,"column":6},"end":{"line":254,"column":null}},"152":{"start":{"line":256,"column":9},"end":{"line":262,"column":null}},"153":{"start":{"line":257,"column":4},"end":{"line":257,"column":null}},"154":{"start":{"line":258,"column":4},"end":{"line":258,"column":null}},"155":{"start":{"line":259,"column":9},"end":{"line":262,"column":null}},"156":{"start":{"line":260,"column":4},"end":{"line":260,"column":null}},"157":{"start":{"line":261,"column":4},"end":{"line":261,"column":null}},"158":{"start":{"line":264,"column":2},"end":{"line":264,"column":null}},"159":{"start":{"line":271,"column":14},"end":{"line":271,"column":16}},"160":{"start":{"line":272,"column":2},"end":{"line":272,"column":null}},"161":{"start":{"line":272,"column":29},"end":{"line":272,"column":null}},"162":{"start":{"line":274,"column":2},"end":{"line":314,"column":null}},"163":{"start":{"line":275,"column":4},"end":{"line":313,"column":null}},"164":{"start":{"line":276,"column":6},"end":{"line":312,"column":null}},"165":{"start":{"line":277,"column":8},"end":{"line":311,"column":null}},"166":{"start":{"line":278,"column":26},"end":{"line":278,"column":28}},"167":{"start":{"line":280,"column":27},"end":{"line":280,"column":29}},"168":{"start":{"line":281,"column":10},"end":{"line":283,"column":null}},"169":{"start":{"line":282,"column":12},"end":{"line":282,"column":null}},"170":{"start":{"line":282,"column":51},"end":{"line":282,"column":137}},"171":{"start":{"line":282,"column":148},"end":{"line":282,"column":166}},"172":{"start":{"line":284,"column":10},"end":{"line":290,"column":null}},"173":{"start":{"line":285,"column":12},"end":{"line":289,"column":null}},"174":{"start":{"line":286,"column":14},"end":{"line":288,"column":null}},"175":{"start":{"line":287,"column":16},"end":{"line":287,"column":null}},"176":{"start":{"line":292,"column":10},"end":{"line":294,"column":null}},"177":{"start":{"line":293,"column":12},"end":{"line":293,"column":null}},"178":{"start":{"line":293,"column":52},"end":{"line":293,"column":57}},"179":{"start":{"line":296,"column":24},"end":{"line":296,"column":42}},"180":{"start":{"line":297,"column":27},"end":{"line":297,"column":28}},"181":{"start":{"line":298,"column":10},"end":{"line":301,"column":null}},"182":{"start":{"line":299,"column":33},"end":{"line":299,"column":67}},"183":{"start":{"line":300,"column":12},"end":{"line":300,"column":null}},"184":{"start":{"line":303,"column":30},"end":{"line":303,"column":31}},"185":{"start":{"line":304,"column":10},"end":{"line":304,"column":null}},"186":{"start":{"line":304,"column":30},"end":{"line":304,"column":null}},"187":{"start":{"line":304,"column":74},"end":{"line":304,"column":102}},"188":{"start":{"line":305,"column":10},"end":{"line":305,"column":null}},"189":{"start":{"line":305,"column":25},"end":{"line":305,"column":null}},"190":{"start":{"line":305,"column":64},"end":{"line":305,"column":92}},"191":{"start":{"line":306,"column":28},"end":{"line":306,"column":60}},"192":{"start":{"line":308,"column":26},"end":{"line":308,"column":62}},"193":{"start":{"line":309,"column":10},"end":{"line":309,"column":null}},"194":{"start":{"line":310,"column":10},"end":{"line":310,"column":null}},"195":{"start":{"line":315,"column":2},"end":{"line":315,"column":null}},"196":{"start":{"line":322,"column":14},"end":{"line":322,"column":16}},"197":{"start":{"line":323,"column":2},"end":{"line":323,"column":null}},"198":{"start":{"line":323,"column":29},"end":{"line":323,"column":null}},"199":{"start":{"line":325,"column":2},"end":{"line":346,"column":null}},"200":{"start":{"line":326,"column":4},"end":{"line":345,"column":null}},"201":{"start":{"line":327,"column":6},"end":{"line":344,"column":null}},"202":{"start":{"line":328,"column":8},"end":{"line":343,"column":null}},"203":{"start":{"line":329,"column":24},"end":{"line":329,"column":25}},"204":{"start":{"line":330,"column":22},"end":{"line":330,"column":23}},"205":{"start":{"line":331,"column":10},"end":{"line":336,"column":null}},"206":{"start":{"line":332,"column":12},"end":{"line":335,"column":null}},"207":{"start":{"line":333,"column":14},"end":{"line":333,"column":null}},"208":{"start":{"line":334,"column":14},"end":{"line":334,"column":null}},"209":{"start":{"line":337,"column":24},"end":{"line":337,"column":57}},"210":{"start":{"line":338,"column":30},"end":{"line":338,"column":38}},"211":{"start":{"line":339,"column":10},"end":{"line":340,"column":null}},"212":{"start":{"line":339,"column":27},"end":{"line":339,"column":null}},"213":{"start":{"line":340,"column":15},"end":{"line":340,"column":null}},"214":{"start":{"line":340,"column":32},"end":{"line":340,"column":null}},"215":{"start":{"line":342,"column":10},"end":{"line":342,"column":null}},"216":{"start":{"line":347,"column":2},"end":{"line":347,"column":null}},"217":{"start":{"line":354,"column":14},"end":{"line":354,"column":16}},"218":{"start":{"line":355,"column":2},"end":{"line":355,"column":null}},"219":{"start":{"line":355,"column":29},"end":{"line":355,"column":null}},"220":{"start":{"line":357,"column":16},"end":{"line":357,"column":26}},"221":{"start":{"line":358,"column":2},"end":{"line":358,"column":null}},"222":{"start":{"line":360,"column":2},"end":{"line":408,"column":null}},"223":{"start":{"line":361,"column":4},"end":{"line":407,"column":null}},"224":{"start":{"line":362,"column":6},"end":{"line":406,"column":null}},"225":{"start":{"line":363,"column":8},"end":{"line":405,"column":null}},"226":{"start":{"line":364,"column":10},"end":{"line":364,"column":null}},"227":{"start":{"line":364,"column":25},"end":{"line":364,"column":null}},"228":{"start":{"line":366,"column":24},"end":{"line":366,"column":32}},"229":{"start":{"line":368,"column":10},"end":{"line":382,"column":null}},"230":{"start":{"line":369,"column":12},"end":{"line":381,"column":null}},"231":{"start":{"line":370,"column":14},"end":{"line":370,"column":null}},"232":{"start":{"line":370,"column":24},"end":{"line":370,"column":null}},"233":{"start":{"line":372,"column":28},"end":{"line":372,"column":42}},"234":{"start":{"line":373,"column":14},"end":{"line":376,"column":null}},"235":{"start":{"line":374,"column":16},"end":{"line":375,"column":null}},"236":{"start":{"line":374,"column":45},"end":{"line":374,"column":58}},"237":{"start":{"line":374,"column":59},"end":{"line":374,"column":72}},"238":{"start":{"line":374,"column":73},"end":{"line":374,"column":86}},"239":{"start":{"line":375,"column":23},"end":{"line":375,"column":36}},"240":{"start":{"line":375,"column":37},"end":{"line":375,"column":50}},"241":{"start":{"line":37
[...]
":2},"end":{"line":114,"column":null}},"54":{"start":{"line":100,"column":4},"end":{"line":113,"column":null}},"55":{"start":{"line":101,"column":6},"end":{"line":112,"column":null}},"56":{"start":{"line":102,"column":8},"end":{"line":102,"column":null}},"57":{"start":{"line":102,"column":37},"end":{"line":102,"column":null}},"58":{"start":{"line":103,"column":18},"end":{"line":103,"column":38}},"59":{"start":{"line":104,"column":8},"end":{"line":111,"column":null}},"60":{"start":{"line":105,"column":24},"end":{"line":105,"column":50}},"61":{"start":{"line":106,"column":10},"end":{"line":110,"column":null}},"62":{"start":{"line":107,"column":12},"end":{"line":107,"column":null}},"63":{"start":{"line":108,"column":17},"end":{"line":110,"column":null}},"64":{"start":{"line":109,"column":12},"end":{"line":109,"column":null}},"65":{"start":{"line":116,"column":2},"end":{"line":116,"column":null}},"66":{"start":{"line":117,"column":2},"end":{"line":117,"column":null}},"67":{"start":{"line":119,"column":2},"end":{"line":119,"column":null}},"68":{"start":{"line":127,"column":2},"end":{"line":127,"column":null}},"69":{"start":{"line":127,"column":32},"end":{"line":127,"column":null}},"70":{"start":{"line":129,"column":16},"end":{"line":129,"column":42}},"71":{"start":{"line":130,"column":21},"end":{"line":130,"column":53}},"72":{"start":{"line":132,"column":18},"end":{"line":132,"column":21}},"73":{"start":{"line":133,"column":19},"end":{"line":133,"column":27}},"74":{"start":{"line":135,"column":2},"end":{"line":148,"column":null}},"75":{"start":{"line":136,"column":4},"end":{"line":136,"column":null}},"76":{"start":{"line":137,"column":4},"end":{"line":137,"column":null}},"77":{"start":{"line":140,"column":20},"end":{"line":140,"column":92}},"78":{"start":{"line":140,"column":66},"end":{"line":140,"column":91}},"79":{"start":{"line":141,"column":4},"end":{"line":147,"column":null}},"80":{"start":{"line":142,"column":6},"end":{"line":146,"column":null}},"81":{"start":{"line":143,"column":8},"end":{"line":143,"column":null}},"82":{"start":{"line":144,"column":8},"end":{"line":144,"column":null}},"83":{"start":{"line":145,"column":8},"end":{"line":145,"column":null}},"84":{"start":{"line":152,"column":2},"end":{"line":154,"column":null}},"85":{"start":{"line":153,"column":4},"end":{"line":153,"column":null}},"86":{"start":{"line":156,"column":2},"end":{"line":156,"column":null}},"87":{"start":{"line":159,"column":0},"end":{"line":159,"column":null}}},"fnMap":{"0":{"name":"getDifficultyMultiplier","decl":{"start":{"line":11,"column":9},"end":{"line":11,"column":32}},"loc":{"start":{"line":11,"column":45},"end":{"line":20,"column":null}},"line":11},"1":{"name":"getPrioScore","decl":{"start":{"line":33,"column":9},"end":{"line":33,"column":21}},"loc":{"start":{"line":33,"column":108},"end":{"line":120,"column":null}},"line":33},"2":{"name":"(anonymous_2)","decl":{"start":{"line":51,"column":58},"end":{"line":51,"column":59}},"loc":{"start":{"line":51,"column":68},"end":{"line":51,"column":93}},"line":51},"3":{"name":"getSubjectExamBoost","decl":{"start":{"line":126,"column":9},"end":{"line":126,"column":28}},"loc":{"start":{"line":126,"column":54},"end":{"line":157,"column":null}},"line":126},"4":{"name":"(anonymous_4)","decl":{"start":{"line":140,"column":56},"end":{"line":140,"column":57}},"loc":{"start":{"line":140,"column":66},"end":{"line":140,"column":91}},"line":140}},"branchMap":{"0":{"loc":{"start":{"line":12,"column":2},"end":{"line":19,"column":null}},"type":"switch","locations":[{"start":{"line":13,"column":4},"end":{"line":13,"column":null}},{"start":{"line":14,"column":4},"end":{"line":14,"column":null}},{"start":{"line":15,"column":4},"end":{"line":15,"column":null}},{"start":{"line":16,"column":4},"end":{"line":16,"column":null}},{"start":{"line":17,"column":4},"end":{"line":17,"column":null}},{"start":{"line":18,"column":4},"end":{"line":18,"column":null}}],"line":12},"1":{"loc":{"start":{"line":33,"column":88},"end":{"line":33,"column":106}},"type":"default-arg","locations":[{"start":{"line":33,"column":102},"end":{"line":33,"column":106}}],"line":33},"2":{"loc":{"start":{"line":34,"column":30},"end":{"line":34,"column":53}},"type":"binary-expr","locations":[{"start":{"line":34,"column":30},"end":{"line":34,"column":48}},{"start":{"line":34,"column":52},"end":{"line":34,"column":53}}],"line":34},"3":{"loc":{"start":{"line":35,"column":2},"end":{"line":38,"column":null}},"type":"if","locations":[{"start":{"line":35,"column":2},"end":{"line":38,"column":null}},{"start":{"line":36,"column":7},"end":{"line":38,"column":null}}],"line":35},"4":{"loc":{"start":{"line":36,"column":7},"end":{"line":38,"column":null}},"type":"if","locations":[{"start":{"line":36,"column":7},"end":{"line":38,"column":null}},{"start":{"line":37,"column":7},"end":{"line":38,"column":null}}],"line":36},"5":{"loc":{"start":{"line":37,"column":7},"end":{"line":38,"column":null}},"type":"if","locations":[{"start":{"line":37,"column":7},"end":{"line":38,"column":null}},{"start":{"line":38,"column":7},"end":{"line":38,"column":null}}],"line":37},"6":{"loc":{"start":{"line":38,"column":7},"end":{"line":38,"column":null}},"type":"if","locations":[{"start":{"line":38,"column":7},"end":{"line":38,"column":null}},{"start":{},"end":{}}],"line":38},"7":{"loc":{"start":{"line":41,"column":2},"end":{"line":43,"column":null}},"type":"if","locations":[{"start":{"line":41,"column":2},"end":{"line":43,"column":null}},{"start":{},"end":{}}],"line":41},"8":{"loc":{"start":{"line":41,"column":6},"end":{"line":41,"column":59}},"type":"binary-expr","locations":[{"start":{"line":41,"column":6},"end":{"line":41,"column":13}},{"start":{"line":41,"column":17},"end":{"line":41,"column":44}},{"start":{"line":41,"column":48},"end":{"line":41,"column":59}}],"line":41},"9":{"loc":{"start":{"line":46,"column":2},"end":{"line":60,"column":null}},"type":"if","locations":[{"start":{"line":46,"column":2},"end":{"line":60,"column":null}},{"start":{},"end":{}}],"line":46},"10":{"loc":{"start":{"line":46,"column":6},"end":{"line":46,"column":34}},"type":"binary-expr","locations":[{"start":{"line":46,"column":6},"end":{"line":46,"column":20}},{"start":{"line":46,"column":24},"end":{"line":46,"column":34}}],"line":46},"11":{"loc":{"start":{"line":49,"column":4},"end":{"line":58,"column":null}},"type":"if","locations":[{"start":{"line":49,"column":4},"end":{"line":58,"column":null}},{"start":{},"end":{}}],"line":49},"12":{"loc":{"start":{"line":53,"column":8},"end":{"line":56,"column":null}},"type":"if","locations":[{"start":{"line":53,"column":8},"end":{"line":56,"column":null}},{"start":{},"end":{}}],"line":53},"13":{"loc":{"start":{"line":53,"column":12},"end":{"line":53,"column":76}},"type":"binary-expr","locations":[{"start":{"line":53,"column":12},"end":{"line":53,"column":42}},{"start":{"line":53,"column":46},"end":{"line":53,"column":76}}],"line":53},"14":{"loc":{"start":{"line":59,"column":4},"end":{"line":59,"column":null}},"type":"if","locations":[{"start":{"line":59,"column":4},"end":{"line":59,"column":null}},{"start":{},"end":{}}],"line":59},"15":{"loc":{"start":{"line":63,"column":2},"end":{"line":93,"column":null}},"type":"if","locations":[{"start":{"line":63,"column":2},"end":{"line":93,"column":null}},{"start":{},"end":{}}],"line":63},"16":{"loc":{"start":{"line":63,"column":6},"end":{"line":63,"column":44}},"type":"binary-expr","locations":[{"start":{"line":63,"column":6},"end":{"line":63,"column":13}},{"start":{"line":63,"column":17},"end":{"line":63,"column":44}}],"line":63},"17":{"loc":{"start":{"line":65,"column":4},"end":{"line":75,"column":null}},"type":"if","locations":[{"start":{"line":65,"column":4},"end":{"line":75,"column":null}},{"start":{},"end":{}}],"line":65},"18":{"loc":{"start":{"line":67,"column":20},"end":{"line":67,"column":46}},"type":"binary-expr","locations":[{"start":{"line":67,"column":20},"end":{"line":67,"column":39}},{"start":{"line":67,"column":43},"end":{"line":67,"column":46}}],"line":67},"19":{"loc":{"start":{"line":69,"column":6},"end":{"line":73,"column":null}},"type":"if","locations":[{"start":{"line":69,"column":6},"end":{"line":73,"column":null}},{"start":{"line":71,"column":13},"end":{"line":73,"column":null}}],"line":69},"20":{"loc":{"start":{"line":71,"column":13},"end":{"line":73,"column":null}},"type":"if","locations":[{"start":{"line":71,"column":13},"end":{"line":73,"column":null}},{"start":{},"end":{}}],"line":71},"21":{"loc":{"start":{"line":78,"column":4},"end":{"line":84,"column":null}},"type":"if","locations":[{"start":{"line":78,"column":4},"end":{"line":84,"column":null}},{"start":{},"end":{}}],"line":78},"22":{"loc":{"start":{"line":78,"column":8},"end":{"line":78,"column":72}},"type":"binary-expr","locations":[{"start":{"line":78,"column":8},"end":{"line":78,"column":26}},{"start":{"line":78,"column":30},"end":{"line":78,"column":57}},{"start":{"line":78,"column":61},"end":{"line":78,"column":72}}],"line":78},"23":{"loc":{"start":{"line":80,"column":6},"end":{"line":83,"column":null}},"type":"if","locations":[{"start":{"line":80,"column":6},"end":{"line":83,"column":null}},{"start":{},"end":{}}],"line":80},"24":{"loc":{"start":{"line":80,"column":10},"end":{"line":80,"column":48}},"type":"binary-expr","locations":[{"start":{"line":80,"column":10},"end":{"line":80,"column":16}},{"start":{"line":80,"column":20},"end":{"line":80,"column":48}}],"line":80},"25":{"loc":{"start":{"line":87,"column":4},"end":{"line":92,"column":null}},"type":"if","locations":[{"start":{"line":87,"column":4},"end":{"line":92,"column":null}},{"start":{},"end":{}}],"line":87},"26":{"loc":{"start":{"line":87,"column":8},"end":{"line":87,"column":69}},"type":"binary-expr","locations":[{"start":{"line":87,"column":8},"end":{"line":87,"column":23}},{"start":{"line":87,"column":27},"end":{"line":87,"column":54}},{"start":{"line":87,"column":58},"end":{"line":87,"column":69}}],"line":87},"27":{"loc":{"start":{"line":89,"column":6},"end":{"line":91,"column":null}},"type":"if","locations":[{"start":{"line":89,"column":6},"end":{"line":91,"column":null}},{"start":{},"end":{}}],"line":89},"28":{"loc":{"start":{"line":89,"column":10},"end":{"line":89,"column":66}},"type":"binary-expr","locations":[{"start":{"line":89,"column":10},"end":{"line":89,"column":18}},{"start":{"line":89,"column":22},"end":{"line":89,"column":42}},{"start":{"line":89,"column":46},"end":{"line":89,"column":66}}],"line":89},"29":{"loc":{"start":{"line":97,"column":2},"end":{"line":114,"column":null}},"type":"if","locations":[{"start":{"line":97,"column":2},"end":{"line":114,"column":null}},{"start":{},"end":{}}],"line":97},"30":{"loc":{"start":{"line":97,"column":6},"end":{"line":97,"column":74}},"type":"binary-expr","locations":[{"start":{"line":97,"column":6},"end":{"line":97,"column":13}},{"start":{"line":97,"column":17},"end":{"line":97,"column":44}},{"start":{"line":97,"column":48},"end":{"line":97,"column":59}},{"start":{"line":97,"column":63},"end":{"line":97,"column":74}}],"line":97},"31":{"loc":{"start":{"line":100,"column":4},"end":{"line":113,"column":null}},"type":"if","locations":[{"start":{"line":100,"column":4},"end":{"line":113,"column":null}},{"start":{},"end":{}}],"line":100},"32":{"loc":{"start":{"line":102,"column":8},"end":{"line":102,"column":null}},"type":"if","locations":[{"start":{"line":102,"column":8},"end":{"line":102,"column":null}},{"start":{},"end":{}}],"line":102},"33":{"loc":{"start":{"line":104,"column":8},"end":{"line":111,"column":null}},"type":"if","locations":[{"start":{"line":104,"column":8},"end":{"line":111,"column":null}},{"start":{},"end":{}}],"line":104},"34":{"loc":{"start":{"line":104,"column":12},"end":{"line":104,"column":31}},"type":"binary-expr","locations":[{"start":{"line":104,"column":12},"end":{"line":104,"column":13}},{"start":{"line":104,"column":17},"end":{"line":104,"column":31}}],"line":104},"35":{"loc":{"start":{"line":106,"column":10},"end":{"line":110,"column":null}},"type":"if","locations":[{"start":{"line":106,"column":10},"end":{"line":110,"column":null}},{"start":{"line":108,"column":17},"end":{"line":110,"column":null}}],"line":106},"36":{"loc":{"start":{"line":108,"column":17},"end":{"line":110,"column":null}},"type":"if","locations":[{"start":{"line":108,"column":17},"end":{"line":110,"column":null}},{"start":{},"end":{}}],"line":108},"37":{"loc":{"start":{"line":127,"column":2},"end":{"line":127,"column":null}},"type":"if","locations":[{"start":{"line":127,"column":2},"end":{"line":127,"column":null}},{"start":{},"end":{}}],"line":127},"38":{"loc":{"start":{"line":127,"column":6},"end":{"line":127,"column":30}},"type":"binary-expr","locations":[{"start":{"line":127,"column":6},"end":{"line":127,"column":14}},{"start":{"line":127,"column":18},"end":{"line":127,"column":30}}],"line":127},"39":{"loc":{"start":{"line":129,"column":16},"end":{"line":129,"column":42}},"type":"binary-expr","locations":[{"start":{"line":129,"column":16},"end":{"line":129,"column":35}},{"start":{"line":129,"column":39},"end":{"line":129,"column":42}}],"line":129},"40":{"loc":{"start":{"line":135,"column":2},"end":{"line":148,"column":null}},"type":"if","locations":[{"start":{"line":135,"column":2},"end":{"line":148,"column":null}},{"start":{"line":138,"column":9},"end":{"line":148,"column":null}}],"line":135},"41":{"loc":{"start":{"line":142,"column":6},"end":{"line":146,"column":null}},"type":"if","locations":[{"start":{"line":142,"column":6},"end":{"line":146,"column":null}},{"start":{},"end":{}}],"line":142},"42":{"loc":{"start":{"line":142,"column":10},"end":{"line":142,"column":74}},"type":"binary-expr","locations":[{"start":{"line":142,"column":10},"end":{"line":142,"column":40}},{"start":{"line":142,"column":44},"end":{"line":142,"column":74}}],"line":142},"43":{"loc":{"start":{"line":152,"column":2},"end":{"line":154,"column":null}},"type":"if","locations":[{"start":{"line":152,"column":2},"end":{"line":154,"column":null}},{"start":{},"end":{}}],"line":152},"44":{"loc":{"start":{"line":152,"column":6},"end":{"line":152,"column":52}},"type":"binary-expr","locations":[{"start":{"line":152,"column":6},"end":{"line":152,"column":16}},{"start":{"line":152,"column":20},"end":{"line":152,"column":52}}],"line":152}},"s":{"0":1,"1":5,"2":2,"3":0,"4":3,"5":0,"6":0,"7":0,"8":2,"9":2,"10":2,"11":0,"12":0,"13":0,"14":0,"15":0,"16":0,"17":2,"18":2,"19":2,"20":2,"21":2,"22":2,"23":2,"24":0,"25":0,"26":0,"27":0,"28":0,"29":0,"30":2,"31":2,"32":2,"33":2,"34":2,"35":0,"36":0,"37":0,"38":0,"39":0,"40":0,"41":0,"42":0,"43":2,"44":2,"45":2,"46":2,"47":2,"48":2,"49":2,"50":2,"51":0,"52":2,"53":2,"54":2,"55":2,"56":2,"57":2,"58":0,"59":0,"60":0,"61":0,"62":0,"63":0,"64":0,"65":2,"66":2,"67":2,"68":4,"69":0,"70":4,"71":4,"72":4,"73":4,"74":4,"75":1,"76":1,"77":3,"78":0,"79":3,"80":0,"81":0,"82":0,"83":0,"84":4,"85":1,"86":4,"87":1},"f":{"0":5,"1":2,"2":0,"3":4,"4":0},"b":{"0":[2,0,3,0,0,0],"1":[2],"2":[2,2],"3":[2,0],"4":[0,0],"5":[0,0],"6":[0,0],"7":[2,0],"8":[2,2,2],"9":[2,0],"10":[2,2],"11":[0,2],"12":[0,0],"13":[0,0],"14":[2,0],"15":[2,0],"16":[2,2],"17":[0,2],"18":[0,0],"19":[0,0],"20":[0,0],"21":[2,0],"22":[2,2,2],"23":[2,0],"24":[2,2],"25":[2,0],"26":[2,2,2],"27":[0,2],"28":[2,0,0],"29":[2,0],"30":[2,2,2,2],"31":[2,0],"32":[2,0],"33":[0,0],"34":[0,0],"35":[0,0],"36":[0,0],"37":[0,4],"38":[4,4],"39":[4,4],"40":[1,3],"41":[0,0],"42":[0,0],"43":[1,3],"44":[4,4]},"meta":{"lastBranch":45,"lastFunction":5,"lastStatement":88,"seen":{"s:6:30:6:55":0,"f:11:9:11:32":0,"b:13:4:13:Infinity:14:4:14:Infinity:15:4:15:Infinity:16:4:16:Infinity:17:4:17:Infinity:18:4:18:Infinity":0,"s:12:2:19:Infinity":1,"s:13:22:13:Infinity":2,"s:14:28:14:Infinity":3,"s:15:18:15:Infinity":4,"s:16:19:16:Infinity":5,"s:17:24:17:Infinity":6,"s:18:13:18:Infinity":7,"f:33:9:33:21":1,"b:33:102:33:106":1,"s:34:13:34:61":8,"b:34:30:34:48:34:52:34:53":2,"b:35:2:38:Infinity:36:7:38:Infinity":3,"s:35:2:38:Infinity":9,"s:35:37:35:Infinity":10,"b:36:7:38:Infinity:37:7:38:Infinity":4,"s:36:7:38:Infinity":11,"s:36:48:36:Infinity":12,"b:37:7:38:Infinity:38:7:38:Infinity":5,"s:37:7:38:Infinity":13,"s:37:39:37:Infinity":14,"b:38:7:38:Infinity:undefined:undefined:undefined:undefined":6,"s:38:7:38:Infinity":15,"s:38:44:38:Infinity":16,"s:40:19:40:26":17,"b:41:2:43:Infinity:undefined:undefined:undefined:undefined":7,"s:41:2:43:Infinity":18,"b:41:6:41:13:41:17:41:44:41:48:41:59":8,"s:42:4:42:Infinity":19,"b:46:2:60:Infinity:undefined:undefined:undefined:undefined":9,"s:46:2:60:Infinity":20,"b:46:6:46:20:46:24:46:34":10,"s:47:23:47:54":21,"s:48:20:48:46":22,"b:49:4:58:Infinity:undefined:undefined:undefined:undefined":11,"s:49:4:58:Infinity":23,"s:51:22:51:94":24,"f:51:58:51:59":2,"s:51:68:51:93":25,"s:52:6:57:Infinity":26,"b:53:8:56:Infinity:undefined:undefined:undefined:undefined":12,"s:53:8:56:Infinity":27,"b:53:12:53:42:53:46:53:76":13,"s:54:10:54:Infinity":28,"s:55:10:55:Infinity":29,"b:59:4:59:Infinity:undefined:undefined:undefined:undefined":14,"s:59:4:59:Infinity":30,"s:59:19:59:Infinity":31,"b:63:2:93:Infinity:undefined:undefined:undefined:undefined":15,"s:63:2:93:Infinity":32,"b:63:6:63:13:63:17:63:44":16,"s:64:19:64:45":33,"b:65:4:75:Infinity:undefined:undefined:undefined:undefined":17,"s:65:4:75:Infinity":34,"s:66:22:66:32":35,"s:67:20:67:46":36,"b:67:20:67:39:67:43:67:46":18,"s:68:23:68:26":37,"b:69:6:73:Infinity:71:13:73:Infinity":19,"s:69:6:73:Infinity":38,"s:70:8:70:Infinity":39,"b:71:13:73:Infinity:undefined:undefined:undefined:undefined":20,"s:71:13:73:Infinity":40,"s:72:8:72:Infinity":41,"s:74:6:74:Infinity":42,"b:78:4:84:Infinity:undefined:undefined:undefined:undefined":21,"s:78:4:84:Infinity":43,"b:78:8:78:26:78:30:78:57:78:61:78:72":22,"s:79:21:79:52":44,"b:80:6:83:Infinity:undefined:undefined:undefined:undefined":23,"s:80:6:83:Infinity":45,"b:80:10:80:16:80:20:80:48":24,"s:81:24:81:65":46,"s:82:8:82:Infinity":47,"b:87:4:92:Infinity:undefined:undefined:undefined:undefined":25,"s:87:4:92:Infinity":48,"b:87:8:87:23:87:27:87:54:87:58:87:69":26,"s:88:23:88:51":49,"b:89:6:91:Infinity:undefined:undefined:undefined:undefined":27,"s:89:6:91:Infinity":50,"b:89:10:89:18:89:22:89:42:89:46:89:66":28,"s:90:8:90:Infinity":51,"s:96:21:96:24":52,"b:97:2:114:Infinity:undefined:undefined:undefined:undefined":29,"s:97:2:114:Infinity":53,"b:97:6:97:13:97:17:97:44:97:48:97:59:97:63:97:74":30,"b:100:4:113:Infinity:undefined:undefined:undefined:undefined":31,"s:100:4:113:Infinity":54,"s:101:6:112:Infinity":55,"b:102:8:102:Infinity:undefined:undefined:undefined:undefined":32,"s:102:8:102:Infinity":56,"s:102:37:102:Infinity":57,"s:103:18:103:38":58,"b:104:8:111:Infinity:undefined:undefined:undefined:undefined":33,"s:104:8:111:Infinity":59,"b:104:12:104:13:104:17:104:31":34,"s:105:24:105:50":60,"b:106:10:110:Infinity:108:17:110:Infinity":35,"s:106:10:110:Infinity":61,"s:107:12:107:Infinity":62,"b:108:17:110:Infinity:undefined:undefined:undefined:undefined":36,"s:108:17:110:Infinity":63,"s:109:12:109:Infinity":64,"s:116:2:116:Infinity":65,"s:117:2:117:Infinity":66,"s:119:2:119:Infinity":67,"f:126:9:126:28":3,"b:127:2:127:Infinity:undefined:undefined:undefined:undefined":37,"s:127:2:127:Infinity":68,"b:127:6:127:14:127:18:127:30":38,"s:127:32:127:Infinity":69,"s:129:16:129:42":70,"b:129:16:129:35:129:39:129:42":39,"s:130:21:130:53":71,"s:132:18:132:21":72,"s:133:19:133:27":73,"b:135:2:148:Infinity:138:9:148:Infinity":40,"s:135:2:148:Infinity":74,"s:136:4:136:Infinity":75,"s:137:4:137:Infinity":76,"s:140:20:140:92":77,"f:140:56:140:57":4,"s:140:66:140:91":78,"s:141:4:147:Infinity":79,"b:142:6:146:Infinity:undefined:undefined:undefined:undefined":41,"s:142:6:146:Infinity":80,"b:142:10:142:40:142:44:142:74":42,"s:143:8:143:Infinity":81,"s:144:8:144:Infinity":82,"s:145:8:145:Infinity":83,"b:152:2:154:Infinity:undefined:undefined:undefined:undefined":43,"s:152:2:154:Infinity":84,"b:152:6:152:16:152:20:152:52":44,"s:153:4:153:Infinity":85,"s:156:2:156:Infinity":86,"s:159:0:159:Infinity":87},"fnNames":{}}}
}
