{"C:\\Users\\User\\Desktop\\ELPIS\\interface\\bridge\\moteur\\config.js": {"path":"C:\\Users\\User\\Desktop\\ELPIS\\interface\\bridge\\moteur\\config.js","statementMap":{"0":{"start":{"line":1,"column":11},"end":{"line":1,"column":24}},"1":{"start":{"line":2,"column":13},"end":{"line":2,"column":28}},"2":{"start":{"line":4,"column":17},"end":{"line":4,"column":55}},"3":{"start":{"line":5,"column":20},"end":{"line":5,"column":61}},"4":{"start":{"line":7,"column":23},"end":{"line":42,"column":1}},"5":{"start":{"line":49,"column":2},"end":{"line":52,"column":null}},"6":{"start":{"line":50,"column":4},"end":{"line":50,"column":null}},"7":{"start":{"line":51,"column":4},"end":{"line":51,"column":null}},"8":{"start":{"line":54,"column":20},"end":{"line":59,"column":3}},"9":{"start":{"line":60,"column":2},"end":{"line":65,"column":null}},"10":{"start":{"line":61,"column":4},"end":{"line":64,"column":null}},"11":{"start":{"line":62,"column":6},"end":{"line":62,"column":null}},"12":{"start":{"line":63,"column":6},"end":{"line":63,"column":null}},"13":{"start":{"line":67,"column":2},"end":{"line":70,"column":null}},"14":{"start":{"line":68,"column":4},"end":{"line":68,"column":null}},"15":{"start":{"line":69,"column":4},"end":{"line":69,"column":null}},"16":{"start":{"line":71,"column":2},"end":{"line":74,"column":null}},"17":{"start":{"line":72,"column":4},"end":{"line":72,"column":null}},"18":{"start":{"line":73,"column":4},"end":{"line":73,"column":null}},"19":{"start":{"line":75,"column":2},"end":{"line":78,"column":null}},"20":{"start":{"line":76,"column":4},"end":{"line":76,"column":null}},"21":{"start":{"line":77,"column":4},"end":{"line":77,"column":null}},"22":{"start":{"line":79,"column":2},"end":{"line":79,"column":null}},"23":{"start":{"line":83,"column":2},"end":{"line":83,"column":null}},"24":{"start":{"line":84,"column":2},"end":{"line":84,"column":null}},"25":{"start":{"line":85,"column":2},"end":{"line":85,"column":null}},"26":{"start":{"line":86,"column":2},"end":{"line":86,"column":null}},"27":{"start":{"line":87,"column":2},"end":{"line":87,"column":null}},"28":{"start":{"line":88,"column":2},"end":{"line":88,"column":null}},"29":{"start":{"line":90,"column":2},"end":{"line":90,"column":null}},"30":{"start":{"line":91,"column":2},"end":{"line":91,"column":null}},"31":{"start":{"line":92,"column":2},"end":{"line":92,"column":null}},"32":{"start":{"line":93,"column":2},"end":{"line":93,"column":null}},"33":{"start":{"line":94,"column":2},"end":{"line":94,"column":null}},"34":{"start":{"line":95,"column":2},"end":{"line":95,"column":null}},"35":{"start":{"line":96,"column":2},"end":{"line":96,"column":null}},"36":{"start":{"line":97,"column":2},"end":{"line":97,"column":null}},"37":{"start":{"line":98,"column":2},"end":{"line":98,"column":null}},"38":{"start":{"line":99,"column":2},"end":{"line":99,"column":null}},"39":{"start":{"line":100,"column":2},"end":{"line":100,"column":null}},"40":{"start":{"line":101,"column":2},"end":{"line":101,"column":null}},"41":{"start":{"line":102,"column":2},"end":{"line":102,"column":null}},"42":{"start":{"line":103,"column":2},"end":{"line":103,"column":null}},"43":{"start":{"line":104,"column":2},"end":{"line":104,"column":null}},"44":{"start":{"line":105,"column":2},"end":{"line":105,"column":null}},"45":{"start":{"line":106,"column":2},"end":{"line":106,"column":null}},"46":{"start":{"line":108,"column":2},"end":{"line":108,"column":null}},"47":{"start":{"line":108,"column":49},"end":{"line":108,"column":null}},"48":{"start":{"line":111,"column":2},"end":{"line":111,"column":null}},"49":{"start":{"line":111,"column":34},"end":{"line":111,"column":null}},"50":{"start":{"line":112,"column":2},"end":{"line":112,"column":null}},"51":{"start":{"line":112,"column":42},"end":{"line":112,"column":null}},"52":{"start":{"line":113,"column":2},"end":{"line":113,"column":null}},"53":{"start":{"line":113,"column":34},"end":{"line":113,"column":null}},"54":{"start":{"line":115,"column":2},"end":{"line":115,"column":null}},"55":{"start":{"line":119,"column":2},"end":{"line":133,"column":null}},"56":{"start":{"line":120,"column":4},"end":{"line":120,"column":null}},"57":{"start":{"line":120,"column":34},"end":{"line":120,"column":null}},"58":{"start":{"line":121,"column":16},"end":{"line":121,"column":49}},"59":{"start":{"line":122,"column":19},"end":{"line":122,"column":34}},"60":{"start":{"line":123,"column":4},"end":{"line":126,"column":null}},"61":{"start":{"line":124,"column":6},"end":{"line":124,"column":null}},"62":{"start":{"line":125,"column":6},"end":{"line":125,"column":null}},"63":{"start":{"line":128,"column":19},"end":{"line":128,"column":51}},"64":{"start":{"line":129,"column":4},"end":{"line":129,"column":null}},"65":{"start":{"line":131,"column":4},"end":{"line":131,"column":null}},"66":{"start":{"line":132,"column":4},"end":{"line":132,"column":null}},"67":{"start":{"line":138,"column":19},"end":{"line":138,"column":39}},"68":{"start":{"line":139,"column":17},"end":{"line":139,"column":43}},"69":{"start":{"line":140,"column":18},"end":{"line":140,"column":34}},"70":{"start":{"line":143,"column":2},"end":{"line":146,"column":null}},"71":{"start":{"line":144,"column":4},"end":{"line":144,"column":null}},"72":{"start":{"line":145,"column":4},"end":{"line":145,"column":null}},"73":{"start":{"line":148,"column":15},"end":{"line":148,"column":47}},"74":{"start":{"line":149,"column":18},"end":{"line":149,"column":35}},"75":{"start":{"line":151,"column":2},"end":{"line":161,"column":null}},"76":{"start":{"line":152,"column":4},"end":{"line":152,"column":null}},"77":{"start":{"line":154,"column":4},"end":{"line":154,"column":null}},"78":{"start":{"line":154,"column":33},"end":{"line":154,"column":null}},"79":{"start":{"line":155,"column":4},"end":{"line":155,"column":null}},"80":{"start":{"line":156,"column":4},"end":{"line":156,"column":null}},"81":{"start":{"line":158,"column":4},"end":{"line":158,"column":null}},"82":{"start":{"line":159,"column":4},"end":{"line":159,"column":null}},"83":{"start":{"line":159,"column":10},"end":{"line":159,"column":61}},"84":{"start":{"line":159,"column":38},"end":{"line":159,"column":61}},"85":{"start":{"line":160,"column":4},"end":{"line":160,"column":null}},"86":{"start":{"line":164,"column":0},"end":{"line":164,"column":null}}},"fnMap":{"0":{"name":"validateConfigSchema","decl":{"start":{"line":48,"column":9},"end":{"line":48,"column":29}},"loc":{"start":{"line":48,"column":36},"end":{"line":80,"column":null}},"line":48},"1":{"name":"sanitize","decl":{"start":{"line":82,"column":9},"end":{"line":82,"column":17}},"loc":{"start":{"line":82,"column":21},"end":{"line":116,"column":null}},"line":82},"2":{"name":"loadConfig","decl":{"start":{"line":118,"column":9},"end":{"line":118,"column":19}},"loc":{"start":{"line":118,"column":44},"end":{"line":134,"column":null}},"line":118},"3":{"name":"saveConfig","decl":{"start":{"line":136,"column":9},"end":{"line":136,"column":19}},"loc":{"start":{"line":136,"column":52},"end":{"line":162,"column":null}},"line":136}},"branchMap":{"0":{"loc":{"start":{"line":49,"column":2},"end":{"line":52,"column":null}},"type":"if","locations":[{"start":{"line":49,"column":2},"end":{"line":52,"column":null}},{"start":{},"end":{}}],"line":49},"1":{"loc":{"start":{"line":49,"column":6},"end":{"line":49,"column":62}},"type":"binary-expr","locations":[{"start":{"line":49,"column":6},"end":{"line":49,"column":11}},{"start":{"line":49,"column":15},"end":{"line":49,"column":39}},{"start":{"line":49,"column":43},"end":{"line":49,"column":62}}],"line":49},"2":{"loc":{"start":{"line":61,"column":4},"end":{"line":64,"column":null}},"type":"if","locations":[{"start":{"line":61,"column":4},"end":{"line":64,"column":null}},{"start":{},"end":{}}],"line":61},"3":{"loc":{"start":{"line":61,"column":8},"end":{"line":61,"column":112}},"type":"binary-expr","locations":[{"start":{"line":61,"column":8},"end":{"line":61,"column":33}},{"start":{"line":61,"column":38},"end":{"line":61,"column":69}},{"start":{"line":61,"column":73},"end":{"line":61,"column":90}},{"start":{"line":61,"column":94},"end":{"line":61,"column":111}}],"line":61},"4":{"loc":{"start":{"line":67,"column":2},"end":{"line":70,"column":null}},"type":"if","locations":[{"start":{"line":67,"column":2},"end":{"line":70,"column":null}},{"start":{},"end":{}}],"line":67},"5":{"loc":{"start":{"line":67,"column":6},"end":{"line":67,"column":66}},"type":"binary-expr","locations":[{"start":{"line":67,"column":6},"end":{"line":67,"column":33}},{"start":{"line":67,"column":37},"end":{"line":67,"column":66}}],"line":67},"6":{"loc":{"start":{"line":71,"column":2},"end":{"line":74,"column":null}},"type":"if","locations":[{"start":{"line":71,"column":2},"end":{"line":74,"column":null}},{"start":{},"end":{}}],"line":71},"7":{"loc":{"start":{"line":71,"column":6},"end":{"line":71,"column":82}},"type":"binary-expr","locations":[{"start":{"line":71,"column":6},"end":{"line":71,"column":41}},{"start":{"line":71,"column":45},"end":{"line":71,"column":82}}],"line":71},"8":{"loc":{"start":{"line":75,"column":2},"end":{"line":78,"column":null}},"type":"if","locations":[{"start":{"line":75,"column":2},"end":{"line":78,"column":null}},{"start":{},"end":{}}],"line":75},"9":{"loc":{"start":{"line":75,"column":6},"end":{"line":75,"column":66}},"type":"binary-expr","locations":[{"start":{"line":75,"column":6},"end":{"line":75,"column":33}},{"start":{"line":75,"column":37},"end":{"line":75,"column":66}}],"line":75},"10":{"loc":{"start":{"line":83,"column":51},"end":{"line":83,"column":77}},"type":"binary-expr","locations":[{"start":{"line":83,"column":51},"end":{"line":83,"column":72}},{"start":{"line":83,"column":76},"end":{"line":83,"column":77}}],"line":83},"11":{"loc":{"start":{"line":84,"column":43},"end":{"line":84,"column":62}},"type":"binary-expr","locations":[{"start":{"line":84,"column":43},"end":{"line":84,"column":56}},{"start":{"line":84,"column":60},"end":{"line":84,"column":62}}],"line":84},"12":{"loc":{"start":{"line":85,"column":44},"end":{"line":85,"column":76}},"type":"binary-expr","locations":[{"start":{"line":85,"column":44},"end":{"line":85,"column":71}},{"start":{"line":85,"column":75},"end":{"line":85,"column":76}}],"line":85},"13":{"loc":{"start":{"line":86,"column":36},"end":{"line":86,"column":60}},"type":"binary-expr","locations":[{"start":{"line":86,"column":36},"end":{"line":86,"column":55}},{"start":{"line":86,"column":59},"end":{"line":86,"column":60}}],"line":86},"14":{"loc":{"start":{"line":87,"column":59},"end":{"line":87,"column":92}},"type":"binary-expr","locations":[{"start":{"line":87,"column":59},"end":{"line":87,"column":86}},{"start":{"line":87,"column":90},"end":{"line":87,"column":92}}],"line":87},"15":{"loc":{"start":{"line":88,"column":44},"end":{"line":88,"column":77}},"type":"binary-expr","locations":[{"start":{"line":88,"column":44},"end":{"line":88,"column":71}},{"start":{"line":88,"column":75},"end":{"line":88,"column":77}}],"line":88},"16":{"loc":{"start":{"line":90,"column":39},"end":{"line":90,"column":68}},"type":"binary-expr","locations":[{"start":{"line":90,"column":39},"end":{"line":90,"column":61}},{"start":{"line":90,"column":65},"end":{"line":90,"column":68}}],"line":90},"17":{"loc":{"start":{"line":91,"column":39},"end":{"line":91,"column":67}},"type":"binary-expr","locations":[{"start":{"line":91,"column":39},"end":{"line":91,"column":61}},{"start":{"line":91,"column":65},"end":{"line":91,"column":67}}],"line":91},"18":{"loc":{"start":{"line":92,"column":36},"end":{"line":92,"column":61}},"type":"binary-expr","locations":[{"start":{"line":92,"column":36},"end":{"line":92,"column":55}},{"start":{"line":92,"column":59},"end":{"line":92,"column":61}}],"line":92},"19":{"loc":{"start":{"line":93,"column":36},"end":{"line":93,"column":61}},"type":"binary-expr","locations":[{"start":{"line":93,"column":36},"end":{"line":93,"column":55}},{"start":{"line":93,"column":59},"end":{"line":93,"column":61}}],"line":93},"20":{"loc":{"start":{"line":94,"column":41},"end":{"line":94,"column":71}},"type":"binary-expr","locations":[{"start":{"line":94,"column":41},"end":{"line":94,"column":65}},{"start":{"line":94,"column":69},"end":{"line":94,"column":71}}],"line":94},"21":{"loc":{"start":{"line":95,"column":38},"end":{"line":95,"column":65}},"type":"binary-expr","locations":[{"start":{"line":95,"column":38},"end":{"line":95,"column":59}},{"start":{"line":95,"column":63},"end":{"line":95,"column":65}}],"line":95},"22":{"loc":{"start":{"line":96,"column":43},"end":{"line":96,"column":75}},"type":"binary-expr","locations":[{"start":{"line":96,"column":43},"end":{"line":96,"column":69}},{"start":{"line":96,"column":73},"end":{"line":96,"column":75}}],"line":96},"23":{"loc":{"start":{"line":97,"column":43},"end":{"line":97,"column":76}},"type":"binary-expr","locations":[{"start":{"line":97,"column":43},"end":{"line":97,"column":69}},{"start":{"line":97,"column":73},"end":{"line":97,"column":76}}],"line":97},"24":{"loc":{"start":{"line":98,"column":43},"end":{"line":98,"column":75}},"type":"binary-expr","locations":[{"start":{"line":98,"column":43},"end":{"line":98,"column":69}},{"start":{"line":98,"column":73},"end":{"line":98,"column":75}}],"line":98},"25":{"loc":{"start":{"line":99,"column":43},"end":{"line":99,"column":75}},"type":"binary-expr","locations":[{"start":{"line":99,"column":43},"end":{"line":99,"column":69}},{"start":{"line":99,"column":73},"end":{"line":99,"column":75}}],"line":99},"26":{"loc":{"start":{"line":100,"column":43},"end":{"line":100,"column":74}},"type":"binary-expr","locations":[{"start":{"line":100,"column":43},"end":{"line":100,"column":69}},{"start":{"line":100,"column":73},"end":{"line":100,"column":74}}],"line":100},"27":{"loc":{"start":{"line":101,"column":44},"end":{"line":101,"column":76}},"type":"binary-expr","locations":[{"start":{"line":101,"column":44},"end":{"line":101,"column":71}},{"start":{"line":101,"column":75},"end":{"line":101,"column":76}}],"line":101},"28":{"loc":{"start":{"line":102,"column":40},"end":{"line":102,"column":68}},"type":"binary-expr","locations":[{"start":{"line":102,"column":40},"end":{"line":102,"column":61}},{"start":{"line":102,"column":65},"end":{"line":102,"column":68}}],"line":102},"29":{"loc":{"start":{"line":103,"column":41},"end":{"line":103,"column":57}},"type":"binary-expr","locations":[{"start":{"line":103,"column":41},"end":{"line":103,"column":51}},{"start":{"line":103,"column":55},"end":{"line":103,"column":57}}],"line":103},"30":{"loc":{"start":{"line":104,"column":41},"end":{"line":104,"column":57}},"type":"binary-expr","locations":[{"start":{"line":104,"column":41},"end":{"line":104,"column":52}},{"start":{"line":104,"column":56},"end":{"line":104,"column":57}}],"line":104},"31":{"loc":{"start":{"line":105,"column":32},"end":{"line":105,"column":52}},"type":"binary-expr","locations":[{"start":{"line":105,"column":32},"end":{"line":105,"column":47}},{"start":{"line":105,"column":51},"end":{"line":105,"column":52}}],"line":105},"32":{"loc":{"start":{"line":106,"column":29},"end":{"line":106,"column":46}},"type":"binary-expr","locations":[{"start":{"line":106,"column":29},"end":{"line":106,"column":41}},{"start":{"line":106,"column":45},"end":{"line":106,"column":46}}],"line":106},"33":{"loc":{"start":{"line":108,"column":2},"end":{"line":108,"column":null}},"type":"if","locations":[{"start":{"line":108,"column":2},"end":{"line":108,"column":null}},{"start":{},"end":{}}],"line":108},"34":{"loc":{"start":{"line":108,"column":6},"end":{"line":108,"column":47}},"type":"binary-expr","locations":[{"start":{"line":108,"column":6},"end":{"line":108,"column":25}},{"start":{"line":108,"column":29},"end":{"line":108,"column":47}}],"line":108},"35":{"loc":{"start":{"line":111,"column":2},"end":{"line":111,"column":null}},"type":"if","locations":[{"start":{"line":111,"column":2},"end":{"line":111,"column":null}},{"start":{},"end":{}}],"line":111},"36":{"loc":{"start":{"line":112,"column":2},"end":{"line":112,"column":null}},"type":"if","locations":[{"start":{"line":112,"column":2},"end":{"line":112,"column":null}},{"start":{},"end":{}}],"line":112},"37":{"loc":{"start":{"line":113,"column":2},"end":{"line":113,"column":null}},"type":"if","locations":[{"start":{"line":113,"column":2},"end":{"line":113,"column":null}},{"start":{},"end":{}}],"line":113},"38":{"loc":{"start":{"line":118,"column":20},"end":{"line":118,"column":42}},"type":"default-arg","locations":[{"start":{"line":118,"column":31},"end":{"line":118,"column":42}}],"line":118},"39":{"loc":{"start":{"line":120,"column":4},"end":{"line":120,"column":null}},"type":"if","locations":[{"start":{"line":120,"column":4},"end":{"line":120,"column":null}},{"start":{},"end":{}}],"line":120},"40":{"loc":{"start":{"line":123,"column":4},"end":{"line":126,"column":null}},"type":"if","locations":[{"start":{"line":123,"column":4},"end":{"line":126,"column":null}},{"start":{},"end":{}}],"line":123},"41":{"loc":{"start":{"line":136,"column":28},"end":{"line":136,"column":50}},"type":"default-arg","locations":[{"start":{"line":136,"column":39},"end":{"line":136,"column":50}}],"line":136},"42":{"loc":{"start":{"line":143,"column":2},"end":{"line":146,"column":null}},"type":"if","locations":[{"start":{"line":143,"column":2},"end":{"line":146,"column":null}},{"start":{},"end":{}}],"line":143},"43":{"loc":{"start":{"line":154,"column":4},"end":{"line":154,"column":null}},"type":"if","locations":[{"start":{"line":154,"column":4},"end":{"line":154,"column":null}},{"start":{},"end":{}}],"line":154},"44":{"loc":{"start":{"line":159,"column":10},"end":{"line":159,"column":61}},"type":"if","locations":[{"start":{"line":159,"column":10},"end":{"line":159,"column":61}},{"start":{},"end":{}}],"line":159}},"s":{"0":3,"1":3,"2":3,"3":3,"4":3,"5":329,"6":0,"7":0,"8":329,"9":18,"10":1316,"11":0,"12":0,"13":30,"14":0,"15":12,"16":12,"17":7,"18":1,"19":1,"20":7,"21":0,"22":1,"23":10,"24":1,"25":1,"26":22,"27":22,"28":22,"29":22,"30":22,"31":22,"32":22,"33":14,"34":14,"35":22,"36":22,"37":22,"38":22,"39":22,"40":22,"41":22,"42":22,"43":22,"44":22,"45":22,"46":22,"47":0,"48":22,"49":0,"50":22,"51":0,"52":22,"53":0,"54":14,"55":332,"56":15,"57":3,"58":15,"59":15,"60":329,"61":0,"62":4,"63":4,"64":0,"65":0,"66":0,"67":2,"68":2,"69":2,"70":0,"71":0,"72":0,"73":0,"74":0,"75":0,"76":0,"77":0,"78":0,"79":0,"80":0,"81":0,"82":0,"83":0,"84":0,"85":4,"86":4},"f":{"0":329,"1":1,"2":332,"3":2},"b":{"0":[0,329],"1":[329,329,329],"2":[0,1316],"3":[1316,987,987,987],"4":[0,30],"5":[30,0],"6":[7,5],"7":[12,0],"8":[7,-6],"9":[1,11],"10":[7,1],"11":[1,1],"12":[22,22],"13":[22,13],"14":[14,22],"15":[15,22],"16":[22,22],"17":[22,22],"18":[22,15],"19":[22,22],"20":[22,22],"21":[22,15],"22":[22,22],"23":[22,22],"24":[22,22],"25":[22,22],"26":[22,22],"27":[22,22],"28":[22,22],"29":[22,15],"30":[22,22],"31":[22,22],"32":[14,22],"33":[0,22],"34":[22,22],"35":[0,22],"36":[0,22],"37":[0,22],"38":[332],"39":[3,12],"40":[0,329],"41":[2],"42":[0,0],"43":[0,0],"44":[0,0]},"meta":{"lastBranch":45,"lastFunction":4,"lastStatement":87,"seen":{"s:1:11:1:24":0,"s:2:13:2:28":1,"s:4:17:4:55":2,"s:5:20:5:61":3,"s:7:23:42:1":4,"f:48:9:48:29":0,"b:49:2:52:Infinity:undefined:undefined:undefined:undefined":0,"s:49:2:52:Infinity":5,"b:49:6:49:11:49:15:49:39:49:43:49:62":1,"s:50:4:50:Infinity":6,"s:51:4:51:Infinity":7,"s:54:20:59:3":8,"s:60:2:65:Infinity":9,"b:61:4:64:Infinity:undefined:undefined:undefined:undefined":2,"s:61:4:64:Infinity":10,"b:61:8:61:33:61:38:61:69:61:73:61:90:61:94:61:111":3,"s:62:6:62:Infinity":11,"s:63:6:63:Infinity":12,"b:67:2:70:Infinity:undefined:undefined:undefined:undefined":4,"s:67:2:70:Infinity":13,"b:67:6:67:33:67:37:67:66":5,"s:68:4:68:Infinity":14,"s:69:4:69:Infinity":15,"b:71:2:74:Infinity:undefined:undefined:undefined:undefined":6,"s:71:2:74:Infinity":16,"b:71:6:71:41:71:45:71:82":7,"s:72:4:72:Infinity":17,"s:73:4:73:Infinity":18,"b:75:2:78:Infinity:undefined:undefined:undefined:undefined":8,"s:75:2:78:Infinity":19,"b:75:6:75:33:75:37:75:66":9,"s:76:4:76:Infinity":20,"s:77:4:77:Infinity":21,"s:79:2:79:Infinity":22,"f:82:9:82:17":1,"s:83:2:83:Infinity":23,"b:83:51:83:72:83:76:83:77":10,"s:84:2:84:Infinity":24,"b:84:43:84:56:84:60:84:62":11,"s:85:2:85:Infinity":25,"b:85:44:85:71:85:75:85:76":12,"s:86:2:86:Infinity":26,"b:86:36:86:55:86:59:86:60":13,"s:87:2:87:Infinity":27,"b:87:59:87:86:87:90:87:92":14,"s:88:2:88:Infinity":28,"b:88:44:88:71:88:75:88:77":15,"s:90:2:90:Infinity":29,"b:90:39:90:61:90:65:90:68":16,"s:91:2:91:Infinity":30,"b:91:39:91:61:91:65:91:67":17,"s:92:2:92:Infinity":31,"b:92:36:92:55:92:59:92:61":18,"s:93:2:93:Infinity":32,"b:93:36:93:55:93:59:93:61":19,"s:94:2:94:Infinity":33,"b:94:41:94:65:94:69:94:71":20,"s:95:2:95:Infinity":34,"b:95:38:95:59:95:63:95:65":21,"s:96:2:96:Infinity":35,"b:96:43:96:69:96:73:96:75":22,"s:97:2:97:Infinity":36,"b:97:43:97:69:97:73:97:76":23,"s:98:2:98:Infinity":37,"b:98:43:98:69:98:73:98:75":24,"s:99:2:99:Infinity":38,"b:99:43:99:69:99:73:99:75":25,"s:100:2:100:Infinity":39,"b:100:43:100:69:100:73:100:74":26,"s:101:2:101:Infinity":40,"b:101:44:101:71:101:75:101:76":27,"s:102:2:102:Infinity":41,"b:102:40:102:61:102:65:102:68":28,"s:103:2:103:Infinity":42,"b:103:41:103:51:103:55:103:57":29,"s:104:2:104:Infinity":43,"b:104:41:104:52:104:56:104:57":30,"s:105:2:105:Infinity":44,"b:105:32:105:47:105:51:105:52":31,"s:106:2:106:Infinity":45,"b:106:29:106:41:106:45:106:46":32,"b:108:2:108:Infinity:undefined:undefined:undefined:undefined":33,"s:108:2:108:Infinity":46,"b:108:6:108:25:108:29:108:47":34,"s:108:49:108:Infinity":47,"b:111:2:111:Infinity:undefined:undefined:undefined:undefined":35,"s:111:2:111:Infinity":48,"s:111:34:111:Infinity":49,"b:112:2:112:Infinity:undefined:undefined:undefined:undefined":36,"s:112:2:112:Infinity":50,"s:112:42:112:Infinity":51,"b:113:2:113:Infinity:undefined:undefined:undefined:undefined":37,"s:113:2:113:Infinity":52,"s:113:34:113:Infinity":53,"s:115:2:115:Infinity":54,"f:118:9:118:19":2,"b:118:31:118:42":38,"s:119:2:133:Infinity":55,"b:120:4:120:Infinity:undefined:undefined:undefined:undefined":39,"s:120:4:120:Infinity":56,"s:120:34:120:Infinity":57,"s:121:16:121:49":58,"s:122:19:122:34":59,"b:123:4:126:Infinity:undefined:undefined:undefined:undefined":40,"s:123:4:126:Infinity":60,"s:124:6:124:Infinity":61,"s:125:6:125:Infinity":62,"s:128:19:128:51":63,"s:129:4:129:Infinity":64,"s:131:4:131:Infinity":65,"s:132:4:132:Infinity":66,"f:136:9:136:19":3,"b:136:39:136:50":41,"s:138:19:138:39":67,"s:139:17:139:43":68,"s:140:18:140:34":69,"b:143:2:146:Infinity:undefined:undefined:undefined:undefined":42,"s:143:2:146:Infinity":70,"s:144:4:144:Infinity":71,"s:145:4:145:Infinity":72,"s:148:15:148:47":73,"s:149:18:149:35":74,"s:151:2:161:Infinity":75,"s:152:4:152:Infinity":76,"b:154:4:154:Infinity:undefined:undefined:undefined:undefined":43,"s:154:4:154:Infinity":77,"s:154:33:154:Infinity":78,"s:155:4:155:Infinity":79,"s:156:4:156:Infinity":80,"s:158:4:158:Infinity":81,"s:159:4:159:Infinity":82,"b:159:10:159:61:undefined:undefined:undefined:undefined":44,"s:159:10:159:61":83,"s:159:38:159:61":84,"s:160:4:160:Infinity":85,"s:164:0:164:Infinity":86},"fnNames":{}}}
,"C:\\Users\\User\\Desktop\\ELPIS\\interface\\bridge\\moteur\\cours.js": {"path":"C:\\Users\\User\\Desktop\\ELPIS\\interface\\bridge\\moteur\\cours.js","statementMap":{"0":{"start":{"line":1,"column":11},"end":{"line":1,"column":24}},"1":{"start":{"line":2,"column":13},"end":{"line":2,"column":28}},"2":{"start":{"line":4,"column":17},"end":{"line":4,"column":55}},"3":{"start":{"line":5,"column":19},"end":{"line":5,"column":59}},"4":{"start":{"line":12,"column":2},"end":{"line":15,"column":null}},"5":{"start":{"line":13,"column":4},"end":{"line":13,"column":null}},"6":{"start":{"line":14,"column":4},"end":{"line":14,"column":null}},"7":{"start":{"line":16,"column":2},"end":{"line":19,"column":null}},"8":{"start":{"line":17,"column":4},"end":{"line":17,"column":null}},"9":{"start":{"line":18,"column":4},"end":{"line":18,"column":null}},"10":{"start":{"line":20,"column":2},"end":{"line":48,"column":null}},"11":{"start":{"line":20,"column":16},"end":{"line":20,"column":17}},"12":{"start":{"line":21,"column":14},"end":{"line":21,"column":31}},"13":{"start":{"line":22,"column":4},"end":{"line":25,"column":null}},"14":{"start":{"line":23,"column":6},"end":{"line":23,"column":null}},"15":{"start":{"line":24,"column":6},"end":{"line":24,"column":null}},"16":{"start":{"line":26,"column":4},"end":{"line":29,"column":null}},"17":{"start":{"line":27,"column":6},"end":{"line":27,"column":null}},"18":{"start":{"line":28,"column":6},"end":{"line":28,"column":null}},"19":{"start":{"line":30,"column":4},"end":{"line":47,"column":null}},"20":{"start":{"line":30,"column":18},"end":{"line":30,"column":19}},"21":{"start":{"line":31,"column":16},"end":{"line":31,"column":31}},"22":{"start":{"line":32,"column":6},"end":{"line":35,"column":null}},"23":{"start":{"line":33,"column":8},"end":{"line":33,"column":null}},"24":{"start":{"line":34,"column":8},"end":{"line":34,"column":null}},"25":{"start":{"line":36,"column":6},"end":{"line":46,"column":null}},"26":{"start":{"line":36,"column":20},"end":{"line":36,"column":21}},"27":{"start":{"line":37,"column":18},"end":{"line":37,"column":27}},"28":{"start":{"line":38,"column":8},"end":{"line":41,"column":null}},"29":{"start":{"line":39,"column":10},"end":{"line":39,"column":null}},"30":{"start":{"line":40,"column":10},"end":{"line":40,"column":null}},"31":{"start":{"line":42,"column":8},"end":{"line":45,"column":null}},"32":{"start":{"line":43,"column":10},"end":{"line":43,"column":null}},"33":{"start":{"line":44,"column":10},"end":{"line":44,"column":null}},"34":{"start":{"line":49,"column":2},"end":{"line":49,"column":null}},"35":{"start":{"line":53,"column":2},"end":{"line":56,"column":null}},"36":{"start":{"line":54,"column":4},"end":{"line":54,"column":null}},"37":{"start":{"line":55,"column":4},"end":{"line":55,"column":null}},"38":{"start":{"line":57,"column":2},"end":{"line":57,"column":null}},"39":{"start":{"line":57,"column":19},"end":{"line":57,"column":null}},"40":{"start":{"line":59,"column":2},"end":{"line":59,"column":null}},"41":{"start":{"line":59,"column":19},"end":{"line":59,"column":null}},"42":{"start":{"line":61,"column":2},"end":{"line":103,"column":null}},"43":{"start":{"line":62,"column":4},"end":{"line":62,"column":null}},"44":{"start":{"line":62,"column":16},"end":{"line":62,"column":null}},"45":{"start":{"line":63,"column":4},"end":{"line":63,"column":null}},"46":{"start":{"line":63,"column":22},"end":{"line":63,"column":null}},"47":{"start":{"line":64,"column":4},"end":{"line":102,"column":null}},"48":{"start":{"line":65,"column":6},"end":{"line":65,"column":null}},"49":{"start":{"line":65,"column":18},"end":{"line":65,"column":null}},"50":{"start":{"line":66,"column":6},"end":{"line":101,"column":null}},"51":{"start":{"line":67,"column":8},"end":{"line":67,"column":null}},"52":{"start":{"line":68,"column":8},"end":{"line":68,"column":null}},"53":{"start":{"line":68,"column":26},"end":{"line":68,"column":null}},"54":{"start":{"line":69,"column":8},"end":{"line":100,"column":null}},"55":{"start":{"line":70,"column":10},"end":{"line":70,"column":null}},"56":{"start":{"line":71,"column":10},"end":{"line":71,"column":null}},"57":{"start":{"line":72,"column":10},"end":{"line":72,"column":null}},"58":{"start":{"line":73,"column":10},"end":{"line":73,"column":null}},"59":{"start":{"line":75,"column":10},"end":{"line":75,"column":null}},"60":{"start":{"line":75,"column":26},"end":{"line":75,"column":null}},"61":{"start":{"line":76,"column":10},"end":{"line":81,"column":null}},"62":{"start":{"line":77,"column":12},"end":{"line":77,"column":null}},"63":{"start":{"line":78,"column":12},"end":{"line":80,"column":null}},"64":{"start":{"line":79,"column":14},"end":{"line":79,"column":null}},"65":{"start":{"line":83,"column":10},"end":{"line":83,"column":null}},"66":{"start":{"line":83,"column":26},"end":{"line":83,"column":null}},"67":{"start":{"line":84,"column":10},"end":{"line":87,"column":null}},"68":{"start":{"line":85,"column":12},"end":{"line":85,"column":null}},"69":{"start":{"line":86,"column":12},"end":{"line":86,"column":null}},"70":{"start":{"line":89,"column":10},"end":{"line":89,"column":null}},"71":{"start":{"line":89,"column":26},"end":{"line":89,"column":null}},"72":{"start":{"line":90,"column":10},"end":{"line":93,"column":null}},"73":{"start":{"line":91,"column":12},"end":{"line":91,"column":null}},"74":{"start":{"line":92,"column":12},"end":{"line":92,"column":null}},"75":{"start":{"line":95,"column":10},"end":{"line":95,"column":null}},"76":{"start":{"line":95,"column":31},"end":{"line":95,"column":null}},"77":{"start":{"line":96,"column":10},"end":{"line":99,"column":null}},"78":{"start":{"line":97,"column":12},"end":{"line":97,"column":null}},"79":{"start":{"line":98,"column":12},"end":{"line":98,"column":null}},"80":{"start":{"line":104,"column":2},"end":{"line":104,"column":null}},"81":{"start":{"line":108,"column":2},"end":{"line":120,"column":null}},"82":{"start":{"line":109,"column":4},"end":{"line":109,"column":null}},"83":{"start":{"line":109,"column":34},"end":{"line":109,"column":null}},"84":{"start":{"line":110,"column":16},"end":{"line":110,"column":49}},"85":{"start":{"line":111,"column":19},"end":{"line":111,"column":34}},"86":{"start":{"line":112,"column":4},"end":{"line":115,"column":null}},"87":{"start":{"line":113,"column":6},"end":{"line":113,"column":null}},"88":{"start":{"line":114,"column":6},"end":{"line":114,"column":null}},"89":{"start":{"line":116,"column":4},"end":{"line":116,"column":null}},"90":{"start":{"line":118,"column":4},"end":{"line":118,"column":null}},"91":{"start":{"line":119,"column":4},"end":{"line":119,"column":null}},"92":{"start":{"line":128,"column":17},"end":{"line":128,"column":54}},"93":{"start":{"line":129,"column":2},"end":{"line":132,"column":null}},"94":{"start":{"line":130,"column":4},"end":{"line":130,"column":null}},"95":{"start":{"line":131,"column":4},"end":{"line":131,"column":null}},"96":{"start":{"line":134,"column":2},"end":{"line":185,"column":null}},"97":{"start":{"line":135,"column":24},"end":{"line":135,"column":90}},"98":{"start":{"line":136,"column":22},"end":{"line":136,"column":51}},"99":{"start":{"line":137,"column":4},"end":{"line":140,"column":null}},"100":{"start":{"line":138,"column":6},"end":{"line":138,"column":null}},"101":{"start":{"line":139,"column":6},"end":{"line":139,"column":null}},"102":{"start":{"line":142,"column":4},"end":{"line":183,"column":null}},"103":{"start":{"line":143,"column":25},"end":{"line":143,"column":71}},"104":{"start":{"line":144,"column":23},"end":{"line":144,"column":50}},"105":{"start":{"line":145,"column":6},"end":{"line":148,"column":null}},"106":{"start":{"line":146,"column":8},"end":{"line":146,"column":null}},"107":{"start":{"line":147,"column":8},"end":{"line":147,"column":null}},"108":{"start":{"line":150,"column":6},"end":{"line":181,"column":null}},"109":{"start":{"line":151,"column":28},"end":{"line":151,"column":82}},"110":{"start":{"line":154,"column":26},"end":{"line":154,"column":55}},"111":{"start":{"line":156,"column":8},"end":{"line":161,"column":null}},"112":{"start":{"line":157,"column":10},"end":{"line":160,"column":null}},"113":{"start":{"line":158,"column":31},"end":{"line":158,"column":85}},"114":{"start":{"line":159,"column":12},"end":{"line":159,"column":null}},"115":{"start":{"line":162,"column":8},"end":{"line":167,"column":null}},"116":{"start":{"line":163,"column":10},"end":{"line":166,"column":null}},"117":{"start":{"line":164,"column":31},"end":{"line":164,"column":85}},"118":{"start":{"line":165,"column":12},"end":{"line":165,"column":null}},"119":{"start":{"line":168,"column":8},"end":{"line":173,"column":null}},"120":{"start":{"line":169,"column":10},"end":{"line":172,"column":null}},"121":{"start":{"line":170,"column":31},"end":{"line":170,"column":85}},"122":{"start":{"line":171,"column":12},"end":{"line":171,"column":null}},"123":{"start":{"line":174,"column":8},"end":{"line":179,"column":null}},"124":{"start":{"line":175,"column":10},"end":{"line":178,"column":null}},"125":{"start":{"line":176,"column":32},"end":{"line":176,"column":96}},"126":{"start":{"line":177,"column":12},"end":{"line":177,"column":null}},"127":{"start":{"line":180,"column":8},"end":{"line":180,"column":null}},"128":{"start":{"line":182,"column":6},"end":{"line":182,"column":null}},"129":{"start":{"line":184,"column":4},"end":{"line":184,"column":null}},"130":{"start":{"line":186,"column":2},"end":{"line":186,"column":null}},"131":{"start":{"line":192,"column":19},"end":{"line":192,"column":38}},"132":{"start":{"line":195,"column":2},"end":{"line":198,"column":null}},"133":{"start":{"line":196,"column":4},"end":{"line":196,"column":null}},"134":{"start":{"line":197,"column":4},"end":{"line":197,"column":null}},"135":{"start":{"line":201,"column":25},"end":{"line":204,"column":4}},"136":{"start":{"line":202,"column":28},"end":{"line":202,"column":78}},"137":{"start":{"line":203,"column":4},"end":{"line":203,"column":null}},"138":{"start":{"line":206,"column":18},"end":{"line":206,"column":61}},"139":{"start":{"line":209,"column":2},"end":{"line":212,"column":null}},"140":{"start":{"line":210,"column":4},"end":{"line":210,"column":null}},"141":{"start":{"line":211,"column":4},"end":{"line":211,"column":null}},"142":{"start":{"line":214,"column":15},"end":{"line":214,"column":47}},"143":{"start":{"line":215,"column":18},"end":{"line":215,"column":35}},"144":{"start":{"line":217,"column":2},"end":{"line":226,"column":null}},"145":{"start":{"line":218,"column":4},"end":{"line":218,"column":null}},"146":{"start":{"line":219,"column":4},"end":{"line":219,"column":null}},"147":{"start":{"line":219,"column":33},"end":{"line":219,"column":null}},"148":{"start":{"line":220,"column":4},"end":{"line":220,"column":null}},"149":{"start":{"line":221,"column":4},"end":{"line":221,"column":null}},"150":{"start":{"line":223,"column":4},"end":{"line":223,"column":null}},"151":{"start":{"line":224,"column":4},"end":{"line":224,"column":null}},"152":{"start":{"line":224,"column":10},"end":{"line":224,"column":61}},"153":{"start":{"line":224,"column":38},"end":{"line":224,"column":61}},"154":{"start":{"line":225,"column":4},"end":{"line":225,"column":null}},"155":{"start":{"line":229,"column":0},"end":{"line":229,"column":null}}},"fnMap":{"0":{"name":"validateCoursSchema","decl":{"start":{"line":11,"column":9},"end":{"line":11,"column":28}},"loc":{"start":{"line":11,"column":35},"end":{"line":50,"column":null}},"line":11},"1":{"name":"sanitizeCours","decl":{"start":{"line":52,"column":9},"end":{"line":52,"column":22}},"loc":{"start":{"line":52,"column":26},"end":{"line":105,"column":null}},"line":52},"2":{"name":"loadCours","decl":{"start":{"line":107,"column":9},"end":{"line":107,"column":18}},"loc":{"start":{"line":107,"column":42},"end":{"line":121,"column":null}},"line":107},"3":{"name":"deepMergeLicence","decl":{"start":{"line":127,"column":9},"end":{"line":127,"column":25}},"loc":{"start":{"line":127,"column":55},"end":{"line":187,"column":null}},"line":127},"4":{"name":"(anonymous_4)","decl":{"start":{"line":134,"column":46},"end":{"line":134,"column":47}},"loc":{"start":{"line":134,"column":62},"end":{"line":185,"column":3}},"line":134},"5":{"name":"(anonymous_5)","decl":{"start":{"line":142,"column":35},"end":{"line":142,"column":36}},"loc":{"start":{"line":142,"column":50},"end":{"line":183,"column":5}},"line":142},"6":{"name":"(anonymous_6)","decl":{"start":{"line":150,"column":45},"end":{"line":150,"column":46}},"loc":{"start":{"line":150,"column":61},"end":{"line":181,"column":7}},"line":150},"7":{"name":"(anonymous_7)","decl":{"start":{"line":157,"column":49},"end":{"line":157,"column":50}},"loc":{"start":{"line":157,"column":64},"end":{"line":160,"column":11}},"line":157},"8":{"name":"(anonymous_8)","decl":{"start":{"line":163,"column":49},"end":{"line":163,"column":50}},"loc":{"start":{"line":163,"column":64},"end":{"line":166,"column":11}},"line":163},"9":{"name":"(anonymous_9)","decl":{"start":{"line":169,"column":49},"end":{"line":169,"column":50}},"loc":{"start":{"line":169,"column":64},"end":{"line":172,"column":11}},"line":169},"10":{"name":"(anonymous_10)","decl":{"start":{"line":175,"column":59},"end":{"line":175,"column":60}},"loc":{"start":{"line":175,"column":75},"end":{"line":178,"column":11}},"line":175},"11":{"name":"saveCours","decl":{"start":{"line":189,"column":9},"end":{"line":189,"column":18}},"loc":{"start":{"line":189,"column":55},"end":{"line":227,"column":null}},"line":189},"12":{"name":"(anonymous_12)","decl":{"start":{"line":201,"column":50},"end":{"line":201,"column":51}},"loc":{"start":{"line":201,"column":70},"end":{"line":204,"column":3}},"line":201}},"branchMap":{"0":{"loc":{"start":{"line":12,"column":2},"end":{"line":15,"column":null}},"type":"if","locations":[{"start":{"line":12,"column":2},"end":{"line":15,"column":null}},{"start":{},"end":{}}],"line":12},"1":{"loc":{"start":{"line":12,"column":6},"end":{"line":12,"column":39}},"type":"binary-expr","locations":[{"start":{"line":12,"column":6},"end":{"line":12,"column":11}},{"start":{"line":12,"column":15},"end":{"line":12,"column":39}}],"line":12},"2":{"loc":{"start":{"line":16,"column":2},"end":{"line":19,"column":null}},"type":"if","locations":[{"start":{"line":16,"column":2},"end":{"line":19,"column":null}},{"start":{},"end":{}}],"line":16},"3":{"loc":{"start":{"line":22,"column":4},"end":{"line":25,"column":null}},"type":"if","locations":[{"start":{"line":22,"column":4},"end":{"line":25,"column":null}},{"start":{},"end":{}}],"line":22},"4":{"loc":{"start":{"line":22,"column":8},"end":{"line":22,"column":35}},"type":"binary-expr","locations":[{"start":{"line":22,"column":8},"end":{"line":22,"column":10}},{"start":{"line":22,"column":14},"end":{"line":22,"column":35}}],"line":22},"5":{"loc":{"start":{"line":26,"column":4},"end":{"line":29,"column":null}},"type":"if","locations":[{"start":{"line":26,"column":4},"end":{"line":29,"column":null}},{"start":{},"end":{}}],"line":26},"6":{"loc":{"start":{"line":32,"column":6},"end":{"line":35,"column":null}},"type":"if","locations":[{"start":{"line":32,"column":6},"end":{"line":35,"column":null}},{"start":{},"end":{}}],"line":32},"7":{"loc":{"start":{"line":32,"column":10},"end":{"line":32,"column":62}},"type":"binary-expr","locations":[{"start":{"line":32,"column":10},"end":{"line":32,"column":12}},{"start":{"line":32,"column":16},"end":{"line":32,"column":37}},{"start":{"line":32,"column":41},"end":{"line":32,"column":62}}],"line":32},"8":{"loc":{"start":{"line":38,"column":8},"end":{"line":41,"column":null}},"type":"if","locations":[{"start":{"line":38,"column":8},"end":{"line":41,"column":null}},{"start":{},"end":{}}],"line":38},"9":{"loc":{"start":{"line":38,"column":12},"end":{"line":38,"column":39}},"type":"binary-expr","locations":[{"start":{"line":38,"column":12},"end":{"line":38,"column":14}},{"start":{"line":38,"column":18},"end":{"line":38,"column":39}}],"line":38},"10":{"loc":{"start":{"line":42,"column":8},"end":{"line":45,"column":null}},"type":"if","locations":[{"start":{"line":42,"column":8},"end":{"line":45,"column":null}},{"start":{},"end":{}}],"line":42},"11":{"loc":{"start":{"line":43,"column":44},"end":{"line":43,"column":56}},"type":"binary-expr","locations":[{"start":{"line":43,"column":44},"end":{"line":43,"column":49}},{"start":{"line":43,"column":53},"end":{"line":43,"column":56}}],"line":43},"12":{"loc":{"start":{"line":53,"column":2},"end":{"line":56,"column":null}},"type":"if","locations":[{"start":{"line":53,"column":2},"end":{"line":56,"column":null}},{"start":{},"end":{}}],"line":53},"13":{"loc":{"start":{"line":53,"column":6},"end":{"line":53,"column":32}},"type":"binary-expr","locations":[{"start":{"line":53,"column":6},"end":{"line":53,"column":17}},{"start":{"line":53,"column":21},"end":{"line":53,"column":32}}],"line":53},"14":{"loc":{"start":{"line":57,"column":2},"end":{"line":57,"column":null}},"type":"if","locations":[{"start":{"line":57,"column":2},"end":{"line":57,"column":null}},{"start":{},"end":{}}],"line":57},"15":{"loc":{"start":{"line":59,"column":2},"end":{"line":59,"column":null}},"type":"if","locations":[{"start":{"line":59,"column":2},"end":{"line":59,"column":null}},{"start":{},"end":{}}],"line":59},"16":{"loc":{"start":{"line":62,"column":4},"end":{"line":62,"column":null}},"type":"if","locations":[{"start":{"line":62,"column":4},"end":{"line":62,"column":null}},{"start":{},"end":{}}],"line":62},"17":{"loc":{"start":{"line":63,"column":4},"end":{"line":63,"column":null}},"type":"if","locations":[{"start":{"line":63,"column":4},"end":{"line":63,"column":null}},{"start":{},"end":{}}],"line":63},"18":{"loc":{"start":{"line":65,"column":6},"end":{"line":65,"column":null}},"type":"if","locations":[{"start":{"line":65,"column":6},"end":{"line":65,"column":null}},{"start":{},"end":{}}],"line":65},"19":{"loc":{"start":{"line":67,"column":44},"end":{"line":67,"column":56}},"type":"binary-expr","locations":[{"start":{"line":67,"column":44},"end":{"line":67,"column":51}},{"start":{"line":67,"column":55},"end":{"line":67,"column":56}}],"line":67},"20":{"loc":{"start":{"line":68,"column":8},"end":{"line":68,"column":null}},"type":"if","locations":[{"start":{"line":68,"column":8},"end":{"line":68,"column":null}},{"start":{},"end":{}}],"line":68},"21":{"loc":{"start":{"line":70,"column":51},"end":{"line":70,"column":69}},"type":"binary-expr","locations":[{"start":{"line":70,"column":51},"end":{"line":70,"column":64}},{"start":{"line":70,"column":68},"end":{"line":70,"column":69}}],"line":70},"22":{"loc":{"start":{"line":71,"column":45},"end":{"line":71,"column":56}},"type":"binary-expr","locations":[{"start":{"line":71,"column":45},"end":{"line":71,"column":51}},{"start":{"line":71,"column":55},"end":{"line":71,"column":56}}],"line":71},"23":{"loc":{"start":{"line":72,"column":45},"end":{"line":72,"column":56}},"type":"binary-expr","locations":[{"start":{"line":72,"column":45},"end":{"line":72,"column":51}},{"start":{"line":72,"column":55},"end":{"line":72,"column":56}}],"line":72},"24":{"loc":{"start":{"line":73,"column":45},"end":{"line":73,"column":56}},"type":"binary-expr","locations":[{"start":{"line":73,"column":45},"end":{"line":73,"column":51}},{"start":{"line":73,"column":55},"end":{"line":73,"column":56}}],"line":73},"25":{"loc":{"start":{"line":75,"column":10},"end":{"line":75,"column":null}},"type":"if","locations":[{"start":{"line":75,"column":10},"end":{"line":75,"column":null}},{"start":{},"end":{}}],"line":75},"26":{"loc":{"start":{"line":77,"column":52},"end":{"line":77,"column":67}},"type":"binary-expr","locations":[{"start":{"line":77,"column":52},"end":{"line":77,"column":62}},{"start":{"line":77,"column":66},"end":{"line":77,"column":67}}],"line":77},"27":{"loc":{"start":{"line":78,"column":12},"end":{"line":80,"column":null}},"type":"if","locations":[{"start":{"line":78,"column":12},"end":{"line":80,"column":null}},{"start":{},"end":{}}],"line":78},"28":{"loc":{"start":{"line":78,"column":16},"end":{"line":78,"column":86}},"type":"binary-expr","locations":[{"start":{"line":78,"column":16},"end":{"line":78,"column":30}},{"start":{"line":78,"column":35},"end":{"line":78,"column":55}},{"start":{"line":78,"column":59},"end":{"line":78,"column":85}}],"line":78},"29":{"loc":{"start":{"line":83,"column":10},"end":{"line":83,"column":null}},"type":"if","locations":[{"start":{"line":83,"column":10},"end":{"line":83,"column":null}},{"start":{},"end":{}}],"line":83},"30":{"loc":{"start":{"line":85,"column":49},"end":{"line":85,"column":61}},"type":"binary-expr","locations":[{"start":{"line":85,"column":49},"end":{"line":85,"column":56}},{"start":{"line":85,"column":60},"end":{"line":85,"column":61}}],"line":85},"31":{"loc":{"start":{"line":86,"column":61},"end":{"line":86,"column":84}},"type":"binary-expr","locations":[{"start":{"line":86,"column":61},"end":{"line":86,"column":79}},{"start":{"line":86,"column":83},"end":{"line":86,"column":84}}],"line":86},"32":{"loc":{"start":{"line":89,"column":10},"end":{"line":89,"column":null}},"type":"if","locations":[{"start":{"line":89,"column":10},"end":{"line":89,"column":null}},{"start":{},"end":{}}],"line":89},"33":{"loc":{"start":{"line":91,"column":49},"end":{"line":91,"column":61}},"type":"binary-expr","locations":[{"start":{"line":91,"column":49},"end":{"line":91,"column":56}},{"start":{"line":91,"column":60},"end":{"line":91,"column":61}}],"line":91},"34":{"loc":{"start":{"line":92,"column":61},"end":{"line":92,"column":84}},"type":"binary-expr","locations":[{"start":{"line":92,"column":61},"end":{"line":92,"column":79}},{"start":{"line":92,"column":83},"end":{"line":92,"column":84}}],"line":92},"35":{"loc":{"start":{"line":95,"column":10},"end":{"line":95,"column":null}},"type":"if","locations":[{"start":{"line":95,"column":10},"end":{"line":95,"column":null}},{"start":{},"end":{}}],"line":95},"36":{"loc":{"start":{"line":97,"column":49},"end":{"line":97,"column":61}},"type":"binary-expr","locations":[{"start":{"line":97,"column":49},"end":{"line":97,"column":56}},{"start":{"line":97,"column":60},"end":{"line":97,"column":61}}],"line":97},"37":{"loc":{"start":{"line":98,"column":61},"end":{"line":98,"column":84}},"type":"binary-expr","locations":[{"start":{"line":98,"column":61},"end":{"line":98,"column":79}},{"start":{"line":98,"column":83},"end":{"line":98,"column":84}}],"line":98},"38":{"loc":{"start":{"line":107,"column":19},"end":{"line":107,"column":40}},"type":"default-arg","locations":[{"start":{"line":107,"column":30},"end":{"line":107,"column":40}}],"line":107},"39":{"loc":{"start":{"line":109,"column":4},"end":{"line":109,"column":null}},"type":"if","locations":[{"start":{"line":109,"column":4},"end":{"line":109,"column":null}},{"start":{},"end":{}}],"line":109},"40":{"loc":{"start":{"line":112,"column":4},"end":{"line":115,"column":null}},"type":"if","locations":[{"start":{"line":112,"column":4},"end":{"line":115,"column":null}},{"start":{},"end":{}}],"line":112},"41":{"loc":{"start":{"line":129,"column":2},"end":{"line":132,"column":null}},"type":"if","locations":[{"start":{"line":129,"column":2},"end":{"line":132,"column":null}},{"start":{},"end":{}}],"line":129},"42":{"loc":{"start":{"line":129,"column":6},"end":{"line":129,"column":67}},"type":"binary-expr","locations":[{"start":{"line":129,"column":6},"end":{"line":129,"column":27}},{"start":{"line":129,"column":31},"end":{"line":129,"column":67}}],"line":129},"43":{"loc":{"start":{"line":130,"column":23},"end":{"line":130,"column":54}},"type":"binary-expr","locations":[{"start":{"line":130,"column":23},"end":{"line":130,"column":48}},{"start":{"line":130,"column":52},"end":{"line":130,"column":54}}],"line":130},"44":{"loc":{"start":{"line":135,"column":24},"end":{"line":135,"column":90}},"type":"binary-expr","locations":[{"start":{"line":135,"column":25},"end":{"line":135,"column":50}},{"start":{"line":135,"column":54},"end":{"line":135,"column":83}},{"start":{"line":135,"column":88},"end":{"line":135,"column":90}}],"line":135},"45":{"loc":{"start":{"line":137,"column":4},"end":{"line":140,"column":null}},"type":"if","locations":[{"start":{"line":137,"column":4},"end":{"line":140,"column":null}},{"start":{},"end":{}}],"line":137},"46":{"loc":{"start":{"line":137,"column":8},"end":{"line":137,"column":49}},"type":"binary-expr","locations":[{"start":{"line":137,"column":8},"end":{"line":137,"column":19}},{"start":{"line":137,"column":23},"end":{"line":137,"column":49}}],"line":137},"47":{"loc":{"start":{"line":138,"column":22},"end":{"line":138,"column":43}},"type":"binary-expr","locations":[{"start":{"line":138,"column":22},"end":{"line":138,"column":37}},{"start":{"line":138,"column":41},"end":{"line":138,"column":43}}],"line":138},"48":{"loc":{"start":{"line":143,"column":25},"end":{"line":143,"column":71}},"type":"binary-expr","locations":[{"start":{"line":143,"column":26},"end":{"line":143,"column":41}},{"start":{"line":143,"column":45},"end":{"line":143,"column":64}},{"start":{"line":143,"column":69},"end":{"line":143,"column":71}}],"line":143},"49":{"loc":{"start":{"line":145,"column":6},"end":{"line":148,"column":null}},"type":"if","locations":[{"start":{"line":145,"column":6},"end":{"line":148,"column":null}},{"start":{},"end":{}}],"line":145},"50":{"loc":{"start":{"line":145,"column":10},"end":{"line":145,"column":59}},"type":"binary-expr","locations":[{"start":{"line":145,"column":10},"end":{"line":145,"column":25}},{"start":{"line":145,"column":29},"end":{"line":145,"column":59}}],"line":145},"51":{"loc":{"start":{"line":146,"column":28},"end":{"line":146,"column":53}},"type":"binary-expr","locations":[{"start":{"line":146,"column":28},"end":{"line":146,"column":47}},{"start":{"line":146,"column":51},"end":{"line":146,"column":53}}],"line":146},"52":{"loc":{"start":{"line":151,"column":28},"end":{"line":151,"column":82}},"type":"binary-expr","locations":[{"start":{"line":151,"column":29},"end":{"line":151,"column":48}},{"start":{"line":151,"column":52},"end":{"line":151,"column":75}},{"start":{"line":151,"column":80},"end":{"line":151,"column":82}}],"line":151},"53":{"loc":{"start":{"line":156,"column":8},"end":{"line":161,"column":null}},"type":"if","locations":[{"start":{"line":156,"column":8},"end":{"line":161,"column":null}},{"start":{},"end":{}}],"line":156},"54":{"loc":{"start":{"line":158,"column":31},"end":{"line":158,"column":85}},"type":"binary-expr","locations":[{"start":{"line":158,"column":32},"end":{"line":158,"column":51}},{"start":{"line":158,"column":55},"end":{"line":158,"column":78}},{"start":{"line":158,"column":83},"end":{"line":158,"column":85}}],"line":158},"55":{"loc":{"start":{"line":162,"column":8},"end":{"line":167,"column":null}},"type":"if","locations":[{"start":{"line":162,"column":8},"end":{"line":167,"column":null}},{"start":{},"end":{}}],"line":162},"56":{"loc":{"start":{"line":164,"column":31},"end":{"line":164,"column":85}},"type":"binary-expr","locations":[{"start":{"line":164,"column":32},"end":{"line":164,"column":51}},{"start":{"line":164,"column":55},"end":{"line":164,"column":78}},{"start":{"line":164,"column":83},"end":{"line":164,"column":85}}],"line":164},"57":{"loc":{"start":{"line":168,"column":8},"end":{"line":173,"column":null}},"type":"if","locations":[{"start":{"line":168,"column":8},"end":{"line":173,"column":null}},{"start":{},"end":{}}],"line":168},"58":{"loc":{"start":{"line":170,"column":31},"end":{"line":170,"column":85}},"type":"binary-expr","locations":[{"start":{"line":170,"column":32},"end":{"line":170,"column":51}},{"start":{"line":170,"column":55},"end":{"line":170,"column":78}},{"start":{"line":170,"column":83},"end":{"line":170,"column":85}}],"line":170},"59":{"loc":{"start":{"line":174,"column":8},"end":{"line":179,"column":null}},"type":"if","locations":[{"start":{"line":174,"column":8},"end":{"line":179,"column":null}},{"start":{},"end":{}}],"line":174},"60":{"loc":{"start":{"line":176,"column":32},"end":{"line":176,"column":96}},"type":"binary-expr","locations":[{"start":{"line":176,"column":33},"end":{"line":176,"column":57}},{"start":{"line":176,"column":61},"end":{"line":176,"column":89}},{"start":{"line":176,"column":94},"end":{"line":176,"column":96}}],"line":176},"61":{"loc":{"start":{"line":189,"column":32},"end":{"line":189,"column":53}},"type":"default-arg","locations":[{"start":{"line":189,"column":43},"end":{"line":189,"column":53}}],"line":189},"62":{"loc":{"start":{"line":195,"column":2},"end":{"line":198,"column":null}},"type":"if","locations":[{"start":{"line":195,"column":2},"end":{"line":198,"column":null}},{"start":{},"end":{}}],"line":195},"63":{"loc":{"start":{"line":195,"column":6},"end":{"line":195,"column":67}},"type":"binary-expr","locations":[{"start":{"line":195,"column":6},"end":{"line":195,"column":27}},{"start":{"line":195,"column":31},"end":{"line":195,"column":67}}],"line":195},"64":{"loc":{"start":{"line":202,"column":28},"end":{"line":202,"column":78}},"type":"binary-expr","locations":[{"start":{"line":202,"column":29},"end":{"line":202,"column":46}},{"start":{"line":202,"column":50},"end":{"line":202,"column":71}},{"start":{"line":202,"column":76},"end":{"line":202,"column":78}}],"line":202},"65":{"loc":{"start":{"line":209,"column":2},"end":{"line":212,"column":null}},"type":"if","locations":[{"start":{"line":209,"column":2},"end":{"line":212,"column":null}},{"start":{},"end":{}}],"line":209},"66":{"loc":{"start":{"line":219,"column":4},"end":{"line":219,"column":null}},"type":"if","locations":[{"start":{"line":219,"column":4},"end":{"line":219,"column":null}},{"start":{},"end":{}}],"line":219},"67":{"loc":{"start":{"line":224,"column":10},"end":{"line":224,"column":61}},"type":"if","locations":[{"start":{"line":224,"column":10},"end":{"line":224,"column":61}},{"start":{},"end":{}}],"line":224}},"s":{"0":3,"1":3,"2":3,"3":3,"4":329,"5":0,"6":0,"7":329,"8":0,"9":2,"10":2,"11":2,"12":19,"13":3,"14":0,"15":0,"16":16,"17":16,"18":1,"19":1,"20":1,"21":16,"22":16,"23":1,"24":0,"25":15,"26":15,"27":15,"28":1,"29":0,"30":0,"31":14,"32":0,"33":1,"34":1,"35":13,"36":0,"37":0,"38":1,"39":0,"40":2,"41":0,"42":1,"43":1,"44":1,"45":1,"46":0,"47":329,"48":329,"49":0,"50":1,"51":329,"52":9,"53":0,"54":329,"55":329,"56":20,"57":20,"58":20,"59":13,"60":0,"61":22,"62":22,"63":22,"64":0,"65":9,"66":50,"67":2,"68":2,"69":2,"70":22,"71":50,"72":8,"73":279,"74":279,"75":22,"76":50,"77":1,"78":279,"79":279,"80":22,"81":1,"82":1,"83":3,"84":1,"85":329,"86":329,"87":0,"88":4,"89":4,"90":0,"91":0,"92":0,"93":0,"94":0,"95":0,"96":0,"97":0,"98":0,"99":0,"100":7,"101":7,"102":1,"103":7,"104":0,"105":0,"106":7,"107":1,"108":7,"109":7,"110":7,"111":7,"112":7,"113":7,"114":7,"115":5,"116":5,"117":1,"118":5,"119":5,"120":5,"121":1,"122":5,"123":5,"124":0,"125":0,"126":7,"127":5,"128":0,"129":0,"130":0,"131":0,"132":0,"133":0,"134":0,"135":2,"136":2,"137":6,"138":6,"139":7,"140":7,"141":6,"142":6,"143":6,"144":0,"145":0,"146":0,"147":0,"148":0,"149":6,"150":6,"151":6,"152":6,"153":6,"154":5,"155":5},"f":{"0":329,"1":1,"2":1,"3":2,"4":0,"5":7,"6":7,"7":7,"8":5,"9":5,"10":0,"11":0,"12":2},"b":{"0":[0,329],"1":[329,329],"2":[0,329],"3":[0,3],"4":[3,3],"5":[16,0],"6":[1,15],"7":[16,16,1],"8":[0,1],"9":[1,1],"10":[0,14],"11":[13,13],"12":[0,13],"13":[13,0],"14":[0,1],"15":[0,2],"16":[1,0],"17":[0,1],"18":[0,329],"19":[9,9],"20":[0,9],"21":[329,20],"22":[11,20],"23":[20,20],"24":[22,22],"25":[0,13],"26":[19,22],"27":[13,9],"28":[22,219,219],"29":[50,-41],"30":[2,2],"31":[279,279],"32":[50,-28],"33":[279,279],"34":[279,279],"35":[50,-28],"36":[279,279],"37":[279,14],"38":[1],"39":[3,-2],"40":[0,329],"41":[0,0],"42":[0,0],"43":[0,0],"44":[0,0,0],"45":[7,-7],"46":[0,0],"47":[7,7],"48":[7,7,7],"49":[7,-7],"50":[0,0],"51":[7,7],"52":[7,7,0],"53":[7,0],"54":[7,7,7],"55":[5,0],"56":[5,5,5],"57":[5,0],"58":[5,5,5],"59":[0,5],"60":[0,0,5],"61":[0],"62":[0,0],"63":[0,0],"64":[2,2,6],"65":[7,0],"66":[0,0],"67":[6,0]},"meta":{"lastBranch":68,"lastFunction":13,"lastStatement":156,"seen":{"s:1:11:1:24":0,"s:2:13:2:28":1,"s:4:17:4:55":2,"s:5:19:5:59":3,"f:11:9:11:28":0,"b:12:2:15:Infinity:undefined:undefined:undefined:undefined":0,"s:12:2:15:Infinity":4,"b:12:6:12:11:12:15:12:39":1,"s:13:4:13:Infinity":5,"s:14:4:14:Infinity":6,"b:16:2:19:Infinity:undefined:undefined:undefined:undefined":2,"s:16:2:19:Infinity":7,"s:17:4:17:Infinity":8,"s:18:4:18:Infinity":9,"s:20:2:48:Infinity":10,"s:20:16:20:17":11,"s:21:14:21:31":12,"b:22:4:25:Infinity:undefined:undefined:undefined:undefined":3,"s:22:4:25:Infinity":13,"b:22:8:22:10:22:14:22:35":4,"s:23:6:23:Infinity":14,"s:24:6:24:Infinity":15,"b:26:4:29:Infinity:undefined:undefined:undefined:undefined":5,"s:26:4:29:Infinity":16,"s:27:6:27:Infinity":17,"s:28:6:28:Infinity":18,"s:30:4:47:Infinity":19,"s:30:18:30:19":20,"s:31:16:31:31":21,"b:32:6:35:Infinity:undefined:undefined:undefined:undefined":6,"s:32:6:35:Infinity":22,"b:32:10:32:12:32:16:32:37:32:41:32:62":7,"s:33:8:33:Infinity":23,"s:34:8:34:Infinity":24,"s:36:6:46:Infinity":25,"s:36:20:36:21":26,"s:37:18:37:27":27,"b:38:8:41:Infinity:undefined:undefined:undefined:undefined":8,"s:38:8:41:Infinity":28,"b:38:12:38:14:38:18:38:39":9,"s:39:10:39:Infinity":29,"s:40:10:40:Infinity":30,"b:42:8:45:Infinity:undefined:undefined:undefined:undefined":10,"s:42:8:45:Infinity":31,"s:43:10:43:Infinity":32,"b:43:44:43:49:43:53:43:56":11,"s:44:10:44:Infinity":33,"s:49:2:49:Infinity":34,"f:52:9:52:22":1,"b:53:2:56:Infinity:undefined:undefined:undefined:undefined":12,"s:53:2:56:Infinity":35,"b:53:6:53:17:53:21:53:32":13,"s:54:4:54:Infinity":36,"s:55:4:55:Infinity":37,"b:57:2:57:Infinity:undefined:undefined:undefined:undefined":14,"s:57:2:57:Infinity":38,"s:57:19:57:Infinity":39,"b:59:2:59:Infinity:undefined:undefined:undefined:undefined":15,"s:59:2:59:Infinity":40,"s:59:19:59:Infinity":41,"s:61:2:103:Infinity":42,"b:62:4:62:Infinity:undefined:undefined:undefined:undefined":16,"s:62:4:62:Infinity":43,"s:62:16:62:Infinity":44,"b:63:4:63:Infinity:undefined:undefined:undefined:undefined":17,"s:63:4:63:Infinity":45,"s:63:22:63:Infinity":46,"s:64:4:102:Infinity":47,"b:65:6:65:Infinity:undefined:undefined:undefined:undefined":18,"s:65:6:65:Infinity":48,"s:65:18:65:Infinity":49,"s:66:6:101:Infinity":50,"s:67:8:67:Infinity":51,"b:67:44:67:51:67:55:67:56":19,"b:68:8:68:Infinity:undefined:undefined:undefined:undefined":20,"s:68:8:68:Infinity":52,"s:68:26:68:Infinity":53,"s:69:8:100:Infinity":54,"s:70:10:70:Infinity":55,"b:70:51:70:64:70:68:70:69":21,"s:71:10:71:Infinity":56,"b:71:45:71:51:71:55:71:56":22,"s:72:10:72:Infinity":57,"b:72:45:72:51:72:55:72:56":23,"s:73:10:73:Infinity":58,"b:73:45:73:51:73:55:73:56":24,"b:75:10:75:Infinity:undefined:undefined:undefined:undefined":25,"s:75:10:75:Infinity":59,"s:75:26:75:Infinity":60,"s:76:10:81:Infinity":61,"s:77:12:77:Infinity":62,"b:77:52:77:62:77:66:77:67":26,"b:78:12:80:Infinity:undefined:undefined:undefined:undefined":27,"s:78:12:80:Infinity":63,"b:78:16:78:30:78:35:78:55:78:59:78:85":28,"s:79:14:79:Infinity":64,"b:83:10:83:Infinity:undefined:undefined:undefined:undefined":29,"s:83:10:83:Infinity":65,"s:83:26:83:Infinity":66,"s:84:10:87:Infinity":67,"s:85:12:85:Infinity":68,"b:85:49:85:56:85:60:85:61":30,"s:86:12:86:Infinity":69,"b:86:61:86:79:86:83:86:84":31,"b:89:10:89:Infinity:undefined:undefined:undefined:undefined":32,"s:89:10:89:Infinity":70,"s:89:26:89:Infinity":71,"s:90:10:93:Infinity":72,"s:91:12:91:Infinity":73,"b:91:49:91:56:91:60:91:61":33,"s:92:12:92:Infinity":74,"b:92:61:92:79:92:83:92:84":34,"b:95:10:95:Infinity:undefined:undefined:undefined:undefined":35,"s:95:10:95:Infinity":75,"s:95:31:95:Infinity":76,"s:96:10:99:Infinity":77,"s:97:12:97:Infinity":78,"b:97:49:97:56:97:60:97:61":36,"s:98:12:98:Infinity":79,"b:98:61:98:79:98:83:98:84":37,"s:104:2:104:Infinity":80,"f:107:9:107:18":2,"b:107:30:107:40":38,"s:108:2:120:Infinity":81,"b:109:4:109:Infinity:undefined:undefined:undefined:undefined":39,"s:109:4:109:Infinity":82,"s:109:34:109:Infinity":83,"s:110:16:110:49":84,"s:111:19:111:34":85,"b:112:4:115:Infinity:undefined:undefined:undefined:undefined":40,"s:112:4:115:Infinity":86,"s:113:6:113:Infinity":87,"s:114:6:114:Infinity":88,"s:116:4:116:Infinity":89,"s:118:4:118:Infinity":90,"s:119:4:119:Infinity":91,"f:127:9:127:25":3,"s:128:17:128:54":92,"b:129:2:132:Infinity:undefined:undefined:undefined:undefined":41,"s:129:2:132:Infinity":93,"b:129:6:129:27:129:31:129:67":42,"s:130:4:130:Infinity":94,"b:130:23:130:48:130:52:130:54":43,"s:131:4:131:Infinity":95,"s:134:2:185:Infinity":96,"f:134:46:134:47":4,"s:135:24:135:90":97,"b:135:25:135:50:135:54:135:83:135:88:135:90":44,"s:136:22:136:51":98,"b:137:4:140:Infinity:undefined:undefined:undefined:undefined":45,"s:137:4:140:Infinity":99,"b:137:8:137:19:137:23:137:49":46,"s:138:6:138:Infinity":100,"b:138:22:138:37:138:41:138:43":47,"s:139:6:139:Infinity":101,"s:142:4:183:Infinity":102,"f:142:35:142:36":5,"s:143:25:143:71":103,"b:143:26:143:41:143:45:143:64:143:69:143:71":48,"s:144:23:144:50":104,"b:145:6:148:Infinity:undefined:undefined:undefined:undefined":49,"s:145:6:148:Infinity":105,"b:145:10:145:25:145:29:145:59":50,"s:146:8:146:Infinity":106,"b:146:28:146:47:146:51:146:53":51,"s:147:8:147:Infinity":107,"s:150:6:181:Infinity":108,"f:150:45:150:46":6,"s:151:28:151:82":109,"b:151:29:151:48:151:52:151:75:151:80:151:82":52,"s:154:26:154:55":110,"b:156:8:161:Infinity:undefined:undefined:undefined:undefined":53,"s:156:8:161:Infinity":111,"s:157:10:160:Infinity":112,"f:157:49:157:50":7,"s:158:31:158:85":113,"b:158:32:158:51:158:55:158:78:158:83:158:85":54,"s:159:12:159:Infinity":114,"b:162:8:167:Infinity:undefined:undefined:undefined:undefined":55,"s:162:8:167:Infinity":115,"s:163:10:166:Infinity":116,"f:163:49:163:50":8,"s:164:31:164:85":117,"b:164:32:164:51:164:55:164:78:164:83:164:85":56,"s:165:12:165:Infinity":118,"b:168:8:173:Infinity:undefined:undefined:undefined:undefined":57,"s:168:8:173:Infinity":119,"s:169:10:172:Infinity":120,"f:169:49:169:50":9,"s:170:31:170:85":121,"b:170:32:170:51:170:55:170:78:170:83:170:85":58,"s:171:12:171:Infinity":122,"b:174:8:179:Infinity:undefined:undefined:undefined:undefined":59,"s:174:8:179:Infinity":123,"s:175:10:178:Infinity":124,"f:175:59:175:60":10,"s:176:32:176:96":125,"b:176:33:176:57:176:61:176:89:176:94:176:96":60,"s:177:12:177:Infinity":126,"s:180:8:180:Infinity":127,"s:182:6:182:Infinity":128,"s:184:4:184:Infinity":129,"s:186:2:186:Infinity":130,"f:189:9:189:18":11,"b:189:43:189:53":61,"s:192:19:192:38":131,"b:195:2:198:Infinity:undefined:undefined:undefined:undefined":62,"s:195:2:198:Infinity":132,"b:195:6:195:27:195:31:195:67":63,"s:196:4:196:Infinity":133,"s:197:4:197:Infinity":134,"s:201:25:204:4":135,"f:201:50:201:51":12,"s:202:28:202:78":136,"b:202:29:202:46:202:50:202:71:202:76:202:78":64,"s:203:4:203:Infinity":137,"s:206:18:206:61":138,"b:209:2:212:Infinity:undefined:undefined:undefined:undefined":65,"s:209:2:212:Infinity":139,"s:210:4:210:Infinity":140,"s:211:4:211:Infinity":141,"s:214:15:214:47":142,"s:215:18:215:35":143,"s:217:2:226:Infinity":144,"s:218:4:218:Infinity":145,"b:219:4:219:Infinity:undefined:undefined:undefined:undefined":66,"s:219:4:219:Infinity":146,"s:219:33:219:Infinity":147,"s:220:4:220:Infinity":148,"s:221:4:221:Infinity":149,"s:223:4:223:Infinity":150,"s:224:4:224:Infinity":151,"b:224:10:224:61:undefined:undefined:undefined:undefined":67,"s:224:10:224:61":152,"s:224:38:224:61":153,"s:225:4:225:Infinity":154,"s:229:0:229:Infinity":155},"fnNames":{}}}
,"C:\\Users\\User\\Desktop\\ELPIS\\interface\\bridge\\moteur\\intelligence.js": {"path":"C:\\Users\\User\\Desktop\\ELPIS\\interface\\bridge\\moteur\\intelligence.js","statementMap":{"0":{"start":{"line":6,"column":21},"end":{"line":6,"column":94}},"1":{"start":{"line":9,"column":12},"end":{"line":9,"column":22}},"2":{"start":{"line":10,"column":2},"end":{"line":10,"column":null}},"3":{"start":{"line":11,"column":2},"end":{"line":11,"column":null}},"4":{"start":{"line":15,"column":2},"end":{"line":15,"column":null}},"5":{"start":{"line":19,"column":2},"end":{"line":19,"column":null}},"6":{"start":{"line":19,"column":16},"end":{"line":19,"column":null}},"7":{"start":{"line":20,"column":16},"end":{"line":20,"column":34}},"8":{"start":{"line":21,"column":2},"end":{"line":21,"column":null}},"9":{"start":{"line":21,"column":26},"end":{"line":21,"column":null}},"10":{"start":{"line":22,"column":2},"end":{"line":26,"column":null}},"11":{"start":{"line":23,"column":4},"end":{"line":23,"column":null}},"12":{"start":{"line":25,"column":4},"end":{"line":25,"column":null}},"13":{"start":{"line":34,"column":2},"end":{"line":34,"column":null}},"14":{"start":{"line":34,"column":79},"end":{"line":34,"column":null}},"15":{"start":{"line":35,"column":19},"end":{"line":35,"column":20}},"16":{"start":{"line":36,"column":18},"end":{"line":36,"column":19}},"17":{"start":{"line":37,"column":2},"end":{"line":43,"column":null}},"18":{"start":{"line":38,"column":4},"end":{"line":42,"column":null}},"19":{"start":{"line":39,"column":16},"end":{"line":39,"column":35}},"20":{"start":{"line":40,"column":6},"end":{"line":40,"column":null}},"21":{"start":{"line":41,"column":6},"end":{"line":41,"column":null}},"22":{"start":{"line":44,"column":2},"end":{"line":44,"column":null}},"23":{"start":{"line":51,"column":14},"end":{"line":51,"column":16}},"24":{"start":{"line":52,"column":2},"end":{"line":52,"column":null}},"25":{"start":{"line":52,"column":29},"end":{"line":52,"column":null}},"26":{"start":{"line":54,"column":2},"end":{"line":95,"column":null}},"27":{"start":{"line":55,"column":4},"end":{"line":94,"column":null}},"28":{"start":{"line":56,"column":21},"end":{"line":56,"column":23}},"29":{"start":{"line":57,"column":6},"end":{"line":70,"column":null}},"30":{"start":{"line":58,"column":26},"end":{"line":58,"column":27}},"31":{"start":{"line":59,"column":25},"end":{"line":59,"column":26}},"32":{"start":{"line":60,"column":8},"end":{"line":67,"column":null}},"33":{"start":{"line":61,"column":25},"end":{"line":61,"column":45}},"34":{"start":{"line":62,"column":10},"end":{"line":66,"column":null}},"35":{"start":{"line":63,"column":25},"end":{"line":63,"column":43}},"36":{"start":{"line":64,"column":12},"end":{"line":64,"column":null}},"37":{"start":{"line":65,"column":12},"end":{"line":65,"column":null}},"38":{"start":{"line":68,"column":22},"end":{"line":68,"column":71}},"39":{"start":{"line":69,"column":8},"end":{"line":69,"column":null}},"40":{"start":{"line":72,"column":25},"end":{"line":72,"column":26}},"41":{"start":{"line":73,"column":24},"end":{"line":73,"column":25}},"42":{"start":{"line":74,"column":6},"end":{"line":79,"column":null}},"43":{"start":{"line":75,"column":8},"end":{"line":78,"column":null}},"44":{"start":{"line":76,"column":10},"end":{"line":76,"column":null}},"45":{"start":{"line":77,"column":10},"end":{"line":77,"column":null}},"46":{"start":{"line":80,"column":21},"end":{"line":80,"column":73}},"47":{"start":{"line":82,"column":6},"end":{"line":93,"column":null}},"48":{"start":{"line":83,"column":8},"end":{"line":92,"column":null}},"49":{"start":{"line":84,"column":10},"end":{"line":91,"column":null}},"50":{"start":{"line":85,"column":12},"end":{"line":90,"column":null}},"51":{"start":{"line":96,"column":2},"end":{"line":96,"column":null}},"52":{"start":{"line":103,"column":14},"end":{"line":103,"column":16}},"53":{"start":{"line":104,"column":2},"end":{"line":104,"column":null}},"54":{"start":{"line":104,"column":29},"end":{"line":104,"column":null}},"55":{"start":{"line":106,"column":2},"end":{"line":125,"column":null}},"56":{"start":{"line":107,"column":4},"end":{"line":124,"column":null}},"57":{"start":{"line":108,"column":6},"end":{"line":123,"column":null}},"58":{"start":{"line":109,"column":8},"end":{"line":122,"column":null}},"59":{"start":{"line":110,"column":10},"end":{"line":110,"column":null}},"60":{"start":{"line":110,"column":63},"end":{"line":110,"column":null}},"61":{"start":{"line":111,"column":26},"end":{"line":111,"column":27}},"62":{"start":{"line":112,"column":30},"end":{"line":112,"column":31}},"63":{"start":{"line":113,"column":10},"end":{"line":119,"column":null}},"64":{"start":{"line":114,"column":22},"end":{"line":114,"column":41}},"65":{"start":{"line":115,"column":12},"end":{"line":115,"column":null}},"66":{"start":{"line":116,"column":12},"end":{"line":118,"column":null}},"67":{"start":{"line":117,"column":14},"end":{"line":117,"column":null}},"68":{"start":{"line":120,"column":33},"end":{"line":120,"column":92}},"69":{"start":{"line":121,"column":10},"end":{"line":121,"column":null}},"70":{"start":{"line":126,"column":2},"end":{"line":126,"column":null}},"71":{"start":{"line":133,"column":14},"end":{"line":133,"column":16}},"72":{"start":{"line":134,"column":2},"end":{"line":134,"column":null}},"73":{"start":{"line":134,"column":46},"end":{"line":134,"column":null}},"74":{"start":{"line":136,"column":24},"end":{"line":136,"column":26}},"75":{"start":{"line":137,"column":2},"end":{"line":141,"column":null}},"76":{"start":{"line":138,"column":4},"end":{"line":138,"column":null}},"77":{"start":{"line":138,"column":20},"end":{"line":138,"column":null}},"78":{"start":{"line":139,"column":4},"end":{"line":139,"column":null}},"79":{"start":{"line":139,"column":35},"end":{"line":139,"column":null}},"80":{"start":{"line":140,"column":4},"end":{"line":140,"column":null}},"81":{"start":{"line":143,"column":2},"end":{"line":143,"column":null}},"82":{"start":{"line":143,"column":29},"end":{"line":143,"column":null}},"83":{"start":{"line":145,"column":2},"end":{"line":180,"column":null}},"84":{"start":{"line":146,"column":4},"end":{"line":179,"column":null}},"85":{"start":{"line":147,"column":6},"end":{"line":178,"column":null}},"86":{"start":{"line":148,"column":8},"end":{"line":177,"column":null}},"87":{"start":{"line":149,"column":24},"end":{"line":149,"column":50}},"88":{"start":{"line":150,"column":29},"end":{"line":150,"column":63}},"89":{"start":{"line":150,"column":47},"end":{"line":150,"column":62}},"90":{"start":{"line":151,"column":31},"end":{"line":151,"column":88}},"91":{"start":{"line":151,"column":56},"end":{"line":151,"column":84}},"92":{"start":{"line":152,"column":30},"end":{"line":152,"column":135}},"93":{"start":{"line":152,"column":61},"end":{"line":152,"column":127}},"94":{"start":{"line":153,"column":27},"end":{"line":153,"column":51}},"95":{"start":{"line":155,"column":36},"end":{"line":155,"column":40}},"96":{"start":{"line":156,"column":10},"end":{"line":158,"column":null}},"97":{"start":{"line":157,"column":12},"end":{"line":157,"column":null}},"98":{"start":{"line":160,"column":39},"end":{"line":162,"column":16}},"99":{"start":{"line":164,"column":32},"end":{"line":164,"column":87}},"100":{"start":{"line":165,"column":32},"end":{"line":165,"column":54}},"101":{"start":{"line":166,"column":44},"end":{"line":166,"column":109}},"102":{"start":{"line":168,"column":10},"end":{"line":176,"column":null}},"103":{"start":{"line":181,"column":2},"end":{"line":181,"column":null}},"104":{"start":{"line":188,"column":19},"end":{"line":188,"column":37}},"105":{"start":{"line":192,"column":16},"end":{"line":192,"column":26}},"106":{"start":{"line":193,"column":2},"end":{"line":193,"column":null}},"107":{"start":{"line":194,"column":24},"end":{"line":194,"column":25}},"108":{"start":{"line":195,"column":2},"end":{"line":201,"column":null}},"109":{"start":{"line":195,"column":15},"end":{"line":195,"column":16}},"110":{"start":{"line":196,"column":22},"end":{"line":196,"column":37}},"111":{"start":{"line":197,"column":4},"end":{"line":197,"column":null}},"112":{"start":{"line":198,"column":20},"end":{"line":198,"column":154}},"113":{"start":{"line":199,"column":4},"end":{"line":199,"column":null}},"114":{"start":{"line":199,"column":36},"end":{"line":199,"column":null}},"115":{"start":{"line":200,"column":4},"end":{"line":200,"column":null}},"116":{"start":{"line":203,"column":23},"end":{"line":203,"column":38}},"117":{"start":{"line":204,"column":2},"end":{"line":204,"column":null}},"118":{"start":{"line":205,"column":21},"end":{"line":205,"column":105}},"119":{"start":{"line":205,"column":52},"end":{"line":205,"column":104}},"120":{"start":{"line":206,"column":29},"end":{"line":206,"column":91}},"121":{"start":{"line":206,"column":59},"end":{"line":206,"column":87}},"122":{"start":{"line":207,"column":26},"end":{"line":207,"column":48}},"123":{"start":{"line":209,"column":22},"end":{"line":209,"column":76}},"124":{"start":{"line":210,"column":27},"end":{"line":214,"column":11}},"125":{"start":{"line":211,"column":4},"end":{"line":211,"column":null}},"126":{"start":{"line":211,"column":22},"end":{"line":211,"column":null}},"127":{"start":{"line":212,"column":17},"end":{"line":212,"column":49}},"128":{"start":{"line":213,"column":4},"end":{"line":213,"column":null}},"129":{"start":{"line":216,"column":18},"end":{"line":216,"column":24}},"130":{"start":{"line":217,"column":24},"end":{"line":217,"column":29}},"131":{"start":{"line":218,"column":15},"end":{"line":218,"column":17}},"132":{"start":{"line":220,"column":2},"end":{"line":234,"column":null}},"133":{"start":{"line":221,"column":4},"end":{"line":221,"column":null}},"134":{"start":{"line":222,"column":4},"end":{"line":222,"column":null}},"135":{"start":{"line":223,"column":4},"end":{"line":227,"column":null}},"136":{"start":{"line":224,"column":6},"end":{"line":224,"column":null}},"137":{"start":{"line":226,"column":6},"end":{"line":226,"column":null}},"138":{"start":{"line":228,"column":9},"end":{"line":234,"column":null}},"139":{"start":{"line":229,"column":4},"end":{"line":229,"column":null}},"140":{"start":{"line":230,"column":4},"end":{"line":230,"column":null}},"141":{"start":{"line":231,"column":9},"end":{"line":234,"column":null}},"142":{"start":{"line":232,"column":4},"end":{"line":232,"column":null}},"143":{"start":{"line":233,"column":4},"end":{"line":233,"column":null}},"144":{"start":{"line":236,"column":2},"end":{"line":236,"column":null}},"145":{"start":{"line":243,"column":14},"end":{"line":243,"column":16}},"146":{"start":{"line":244,"column":2},"end":{"line":244,"column":null}},"147":{"start":{"line":244,"column":29},"end":{"line":244,"column":null}},"148":{"start":{"line":246,"column":2},"end":{"line":286,"column":null}},"149":{"start":{"line":247,"column":4},"end":{"line":285,"column":null}},"150":{"start":{"line":248,"column":6},"end":{"line":284,"column":null}},"151":{"start":{"line":249,"column":8},"end":{"line":283,"column":null}},"152":{"start":{"line":250,"column":26},"end":{"line":250,"column":28}},"153":{"start":{"line":252,"column":27},"end":{"line":252,"column":29}},"154":{"start":{"line":253,"column":10},"end":{"line":255,"column":null}},"155":{"start":{"line":254,"column":12},"end":{"line":254,"column":null}},"156":{"start":{"line":254,"column":51},"end":{"line":254,"column":137}},"157":{"start":{"line":254,"column":148},"end":{"line":254,"column":166}},"158":{"start":{"line":256,"column":10},"end":{"line":262,"column":null}},"159":{"start":{"line":257,"column":12},"end":{"line":261,"column":null}},"160":{"start":{"line":258,"column":14},"end":{"line":260,"column":null}},"161":{"start":{"line":259,"column":16},"end":{"line":259,"column":null}},"162":{"start":{"line":264,"column":10},"end":{"line":266,"column":null}},"163":{"start":{"line":265,"column":12},"end":{"line":265,"column":null}},"164":{"start":{"line":265,"column":52},"end":{"line":265,"column":57}},"165":{"start":{"line":268,"column":24},"end":{"line":268,"column":42}},"166":{"start":{"line":269,"column":27},"end":{"line":269,"column":28}},"167":{"start":{"line":270,"column":10},"end":{"line":273,"column":null}},"168":{"start":{"line":271,"column":33},"end":{"line":271,"column":67}},"169":{"start":{"line":272,"column":12},"end":{"line":272,"column":null}},"170":{"start":{"line":275,"column":30},"end":{"line":275,"column":31}},"171":{"start":{"line":276,"column":10},"end":{"line":276,"column":null}},"172":{"start":{"line":276,"column":30},"end":{"line":276,"column":null}},"173":{"start":{"line":276,"column":74},"end":{"line":276,"column":102}},"174":{"start":{"line":277,"column":10},"end":{"line":277,"column":null}},"175":{"start":{"line":277,"column":25},"end":{"line":277,"column":null}},"176":{"start":{"line":277,"column":64},"end":{"line":277,"column":92}},"177":{"start":{"line":278,"column":28},"end":{"line":278,"column":60}},"178":{"start":{"line":280,"column":26},"end":{"line":280,"column":62}},"179":{"start":{"line":281,"column":10},"end":{"line":281,"column":null}},"180":{"start":{"line":282,"column":10},"end":{"line":282,"column":null}},"181":{"start":{"line":287,"column":2},"end":{"line":287,"column":null}},"182":{"start":{"line":294,"column":14},"end":{"line":294,"column":16}},"183":{"start":{"line":295,"column":2},"end":{"line":295,"column":null}},"184":{"start":{"line":295,"column":29},"end":{"line":295,"column":null}},"185":{"start":{"line":297,"column":2},"end":{"line":318,"column":null}},"186":{"start":{"line":298,"column":4},"end":{"line":317,"column":null}},"187":{"start":{"line":299,"column":6},"end":{"line":316,"column":null}},"188":{"start":{"line":300,"column":8},"end":{"line":315,"column":null}},"189":{"start":{"line":301,"column":24},"end":{"line":301,"column":25}},"190":{"start":{"line":302,"column":22},"end":{"line":302,"column":23}},"191":{"start":{"line":303,"column":10},"end":{"line":308,"column":null}},"192":{"start":{"line":304,"column":12},"end":{"line":307,"column":null}},"193":{"start":{"line":305,"column":14},"end":{"line":305,"column":null}},"194":{"start":{"line":306,"column":14},"end":{"line":306,"column":null}},"195":{"start":{"line":309,"column":24},"end":{"line":309,"column":57}},"196":{"start":{"line":310,"column":30},"end":{"line":310,"column":38}},"197":{"start":{"line":311,"column":10},"end":{"line":312,"column":null}},"198":{"start":{"line":311,"column":27},"end":{"line":311,"column":null}},"199":{"start":{"line":312,"column":15},"end":{"line":312,"column":null}},"200":{"start":{"line":312,"column":32},"end":{"line":312,"column":null}},"201":{"start":{"line":314,"column":10},"end":{"line":314,"column":null}},"202":{"start":{"line":319,"column":2},"end":{"line":319,"column":null}},"203":{"start":{"line":326,"column":14},"end":{"line":326,"column":16}},"204":{"start":{"line":327,"column":2},"end":{"line":327,"column":null}},"205":{"start":{"line":327,"column":29},"end":{"line":327,"column":null}},"206":{"start":{"line":329,"column":16},"end":{"line":329,"column":26}},"207":{"start":{"line":330,"column":2},"end":{"line":330,"column":null}},"208":{"start":{"line":332,"column":2},"end":{"line":380,"column":null}},"209":{"start":{"line":333,"column":4},"end":{"line":379,"column":null}},"210":{"start":{"line":334,"column":6},"end":{"line":378,"column":null}},"211":{"start":{"line":335,"column":8},"end":{"line":377,"column":null}},"212":{"start":{"line":336,"column":10},"end":{"line":336,"column":null}},"213":{"start":{"line":336,"column":25},"end":{"line":336,"column":null}},"214":{"start":{"line":338,"column":24},"end":{"line":338,"column":32}},"215":{"start":{"line":340,"column":10},"end":{"line":354,"column":null}},"216":{"start":{"line":341,"column":12},"end":{"line":353,"column":null}},"217":{"start":{"line":342,"column":14},"end":{"line":342,"column":null}},"218":{"start":{"line":342,"column":24},"end":{"line":342,"column":null}},"219":{"start":{"line":344,"column":28},"end":{"line":344,"column":42}},"220":{"start":{"line":345,"column":14},"end":{"line":348,"column":null}},"221":{"start":{"line":346,"column":16},"end":{"line":347,"column":null}},"222":{"start":{"line":346,"column":45},"end":{"line":346,"column":58}},"223":{"start":{"line":346,"column":59},"end":{"line":346,"column":72}},"224":{"start":{"line":346,"column":73},"end":{"line":346,"column":86}},"225":{"start":{"line":347,"column":23},"end":{"line":347,"column":36}},"226":{"start":{"line":347,"column":37},"end":{"line":347,"column":50}},"227":{"start":{"line":347,"column":51},"end":{"line":347,"column":64}},"228":{"start":{"line":348,"column":23},"end":{"line":348,"column":32}},"229":{"start":{"line":349,"column":31},"end":{"line":349,"column":52}},"230":{"start":{"line":350,"column":14},"end":{"line":350,"column":null}},"231":{"start":{"line":350,"column":45},"end":{"line":350,"column":null}},"232":{"start":{"line":351,"column":31},"end":{"line":351,"column":84}},"233":{"start":{"line":352,"column":14},"end":{"line":352,"column":null}},"234":{"start":{"line":352,"column":55},"end":{"line":352,"column":null}},"235":{"start":{"line":356,"column":10},"end":{"line":365,"column":null}},"236":{"start":{"line":357,"column":12},"end":{"line":364,"column":null}},"237":{"start":{"line":358,"column":14},"end":{"line":358,"colu
[...]
{"line":80,"column":8},"end":{"line":80,"column":null}},"46":{"start":{"line":85,"column":4},"end":{"line":90,"column":null}},"47":{"start":{"line":86,"column":23},"end":{"line":86,"column":51}},"48":{"start":{"line":87,"column":6},"end":{"line":89,"column":null}},"49":{"start":{"line":88,"column":8},"end":{"line":88,"column":null}},"50":{"start":{"line":94,"column":21},"end":{"line":94,"column":24}},"51":{"start":{"line":95,"column":2},"end":{"line":112,"column":null}},"52":{"start":{"line":98,"column":4},"end":{"line":111,"column":null}},"53":{"start":{"line":99,"column":6},"end":{"line":110,"column":null}},"54":{"start":{"line":100,"column":8},"end":{"line":100,"column":null}},"55":{"start":{"line":100,"column":37},"end":{"line":100,"column":null}},"56":{"start":{"line":101,"column":18},"end":{"line":101,"column":38}},"57":{"start":{"line":102,"column":8},"end":{"line":109,"column":null}},"58":{"start":{"line":103,"column":24},"end":{"line":103,"column":50}},"59":{"start":{"line":104,"column":10},"end":{"line":108,"column":null}},"60":{"start":{"line":105,"column":12},"end":{"line":105,"column":null}},"61":{"start":{"line":106,"column":17},"end":{"line":108,"column":null}},"62":{"start":{"line":107,"column":12},"end":{"line":107,"column":null}},"63":{"start":{"line":114,"column":2},"end":{"line":114,"column":null}},"64":{"start":{"line":115,"column":2},"end":{"line":115,"column":null}},"65":{"start":{"line":117,"column":2},"end":{"line":117,"column":null}},"66":{"start":{"line":125,"column":2},"end":{"line":125,"column":null}},"67":{"start":{"line":125,"column":32},"end":{"line":125,"column":null}},"68":{"start":{"line":127,"column":16},"end":{"line":127,"column":42}},"69":{"start":{"line":128,"column":21},"end":{"line":128,"column":53}},"70":{"start":{"line":130,"column":18},"end":{"line":130,"column":21}},"71":{"start":{"line":131,"column":19},"end":{"line":131,"column":27}},"72":{"start":{"line":133,"column":2},"end":{"line":144,"column":null}},"73":{"start":{"line":134,"column":4},"end":{"line":134,"column":null}},"74":{"start":{"line":135,"column":4},"end":{"line":135,"column":null}},"75":{"start":{"line":137,"column":4},"end":{"line":143,"column":null}},"76":{"start":{"line":138,"column":6},"end":{"line":142,"column":null}},"77":{"start":{"line":139,"column":8},"end":{"line":139,"column":null}},"78":{"start":{"line":140,"column":8},"end":{"line":140,"column":null}},"79":{"start":{"line":141,"column":8},"end":{"line":141,"column":null}},"80":{"start":{"line":148,"column":2},"end":{"line":150,"column":null}},"81":{"start":{"line":149,"column":4},"end":{"line":149,"column":null}},"82":{"start":{"line":152,"column":2},"end":{"line":152,"column":null}},"83":{"start":{"line":155,"column":0},"end":{"line":155,"column":null}}},"fnMap":{"0":{"name":"getDifficultyMultiplier","decl":{"start":{"line":11,"column":9},"end":{"line":11,"column":32}},"loc":{"start":{"line":11,"column":45},"end":{"line":20,"column":null}},"line":11},"1":{"name":"getPrioScore","decl":{"start":{"line":33,"column":9},"end":{"line":33,"column":21}},"loc":{"start":{"line":33,"column":108},"end":{"line":118,"column":null}},"line":33},"2":{"name":"getSubjectExamBoost","decl":{"start":{"line":124,"column":9},"end":{"line":124,"column":28}},"loc":{"start":{"line":124,"column":54},"end":{"line":153,"column":null}},"line":124}},"branchMap":{"0":{"loc":{"start":{"line":12,"column":2},"end":{"line":19,"column":null}},"type":"switch","locations":[{"start":{"line":13,"column":4},"end":{"line":13,"column":null}},{"start":{"line":14,"column":4},"end":{"line":14,"column":null}},{"start":{"line":15,"column":4},"end":{"line":15,"column":null}},{"start":{"line":16,"column":4},"end":{"line":16,"column":null}},{"start":{"line":17,"column":4},"end":{"line":17,"column":null}},{"start":{"line":18,"column":4},"end":{"line":18,"column":null}}],"line":12},"1":{"loc":{"start":{"line":33,"column":88},"end":{"line":33,"column":106}},"type":"default-arg","locations":[{"start":{"line":33,"column":102},"end":{"line":33,"column":106}}],"line":33},"2":{"loc":{"start":{"line":34,"column":30},"end":{"line":34,"column":53}},"type":"binary-expr","locations":[{"start":{"line":34,"column":30},"end":{"line":34,"column":48}},{"start":{"line":34,"column":52},"end":{"line":34,"column":53}}],"line":34},"3":{"loc":{"start":{"line":35,"column":2},"end":{"line":38,"column":null}},"type":"if","locations":[{"start":{"line":35,"column":2},"end":{"line":38,"column":null}},{"start":{"line":36,"column":7},"end":{"line":38,"column":null}}],"line":35},"4":{"loc":{"start":{"line":36,"column":7},"end":{"line":38,"column":null}},"type":"if","locations":[{"start":{"line":36,"column":7},"end":{"line":38,"column":null}},{"start":{"line":37,"column":7},"end":{"line":38,"column":null}}],"line":36},"5":{"loc":{"start":{"line":37,"column":7},"end":{"line":38,"column":null}},"type":"if","locations":[{"start":{"line":37,"column":7},"end":{"line":38,"column":null}},{"start":{"line":38,"column":7},"end":{"line":38,"column":null}}],"line":37},"6":{"loc":{"start":{"line":38,"column":7},"end":{"line":38,"column":null}},"type":"if","locations":[{"start":{"line":38,"column":7},"end":{"line":38,"column":null}},{"start":{},"end":{}}],"line":38},"7":{"loc":{"start":{"line":41,"column":2},"end":{"line":43,"column":null}},"type":"if","locations":[{"start":{"line":41,"column":2},"end":{"line":43,"column":null}},{"start":{},"end":{}}],"line":41},"8":{"loc":{"start":{"line":41,"column":6},"end":{"line":41,"column":59}},"type":"binary-expr","locations":[{"start":{"line":41,"column":6},"end":{"line":41,"column":13}},{"start":{"line":41,"column":17},"end":{"line":41,"column":44}},{"start":{"line":41,"column":48},"end":{"line":41,"column":59}}],"line":41},"9":{"loc":{"start":{"line":46,"column":2},"end":{"line":58,"column":null}},"type":"if","locations":[{"start":{"line":46,"column":2},"end":{"line":58,"column":null}},{"start":{},"end":{}}],"line":46},"10":{"loc":{"start":{"line":46,"column":6},"end":{"line":46,"column":34}},"type":"binary-expr","locations":[{"start":{"line":46,"column":6},"end":{"line":46,"column":20}},{"start":{"line":46,"column":24},"end":{"line":46,"column":34}}],"line":46},"11":{"loc":{"start":{"line":49,"column":4},"end":{"line":56,"column":null}},"type":"if","locations":[{"start":{"line":49,"column":4},"end":{"line":56,"column":null}},{"start":{},"end":{}}],"line":49},"12":{"loc":{"start":{"line":51,"column":8},"end":{"line":54,"column":null}},"type":"if","locations":[{"start":{"line":51,"column":8},"end":{"line":54,"column":null}},{"start":{},"end":{}}],"line":51},"13":{"loc":{"start":{"line":51,"column":12},"end":{"line":51,"column":102}},"type":"binary-expr","locations":[{"start":{"line":51,"column":12},"end":{"line":51,"column":34}},{"start":{"line":51,"column":38},"end":{"line":51,"column":68}},{"start":{"line":51,"column":72},"end":{"line":51,"column":102}}],"line":51},"14":{"loc":{"start":{"line":57,"column":4},"end":{"line":57,"column":null}},"type":"if","locations":[{"start":{"line":57,"column":4},"end":{"line":57,"column":null}},{"start":{},"end":{}}],"line":57},"15":{"loc":{"start":{"line":61,"column":2},"end":{"line":91,"column":null}},"type":"if","locations":[{"start":{"line":61,"column":2},"end":{"line":91,"column":null}},{"start":{},"end":{}}],"line":61},"16":{"loc":{"start":{"line":61,"column":6},"end":{"line":61,"column":44}},"type":"binary-expr","locations":[{"start":{"line":61,"column":6},"end":{"line":61,"column":13}},{"start":{"line":61,"column":17},"end":{"line":61,"column":44}}],"line":61},"17":{"loc":{"start":{"line":63,"column":4},"end":{"line":73,"column":null}},"type":"if","locations":[{"start":{"line":63,"column":4},"end":{"line":73,"column":null}},{"start":{},"end":{}}],"line":63},"18":{"loc":{"start":{"line":65,"column":20},"end":{"line":65,"column":46}},"type":"binary-expr","locations":[{"start":{"line":65,"column":20},"end":{"line":65,"column":39}},{"start":{"line":65,"column":43},"end":{"line":65,"column":46}}],"line":65},"19":{"loc":{"start":{"line":67,"column":6},"end":{"line":71,"column":null}},"type":"if","locations":[{"start":{"line":67,"column":6},"end":{"line":71,"column":null}},{"start":{"line":69,"column":13},"end":{"line":71,"column":null}}],"line":67},"20":{"loc":{"start":{"line":69,"column":13},"end":{"line":71,"column":null}},"type":"if","locations":[{"start":{"line":69,"column":13},"end":{"line":71,"column":null}},{"start":{},"end":{}}],"line":69},"21":{"loc":{"start":{"line":76,"column":4},"end":{"line":82,"column":null}},"type":"if","locations":[{"start":{"line":76,"column":4},"end":{"line":82,"column":null}},{"start":{},"end":{}}],"line":76},"22":{"loc":{"start":{"line":76,"column":8},"end":{"line":76,"column":72}},"type":"binary-expr","locations":[{"start":{"line":76,"column":8},"end":{"line":76,"column":26}},{"start":{"line":76,"column":30},"end":{"line":76,"column":57}},{"start":{"line":76,"column":61},"end":{"line":76,"column":72}}],"line":76},"23":{"loc":{"start":{"line":78,"column":6},"end":{"line":81,"column":null}},"type":"if","locations":[{"start":{"line":78,"column":6},"end":{"line":81,"column":null}},{"start":{},"end":{}}],"line":78},"24":{"loc":{"start":{"line":78,"column":10},"end":{"line":78,"column":48}},"type":"binary-expr","locations":[{"start":{"line":78,"column":10},"end":{"line":78,"column":16}},{"start":{"line":78,"column":20},"end":{"line":78,"column":48}}],"line":78},"25":{"loc":{"start":{"line":85,"column":4},"end":{"line":90,"column":null}},"type":"if","locations":[{"start":{"line":85,"column":4},"end":{"line":90,"column":null}},{"start":{},"end":{}}],"line":85},"26":{"loc":{"start":{"line":85,"column":8},"end":{"line":85,"column":69}},"type":"binary-expr","locations":[{"start":{"line":85,"column":8},"end":{"line":85,"column":23}},{"start":{"line":85,"column":27},"end":{"line":85,"column":54}},{"start":{"line":85,"column":58},"end":{"line":85,"column":69}}],"line":85},"27":{"loc":{"start":{"line":87,"column":6},"end":{"line":89,"column":null}},"type":"if","locations":[{"start":{"line":87,"column":6},"end":{"line":89,"column":null}},{"start":{},"end":{}}],"line":87},"28":{"loc":{"start":{"line":87,"column":10},"end":{"line":87,"column":66}},"type":"binary-expr","locations":[{"start":{"line":87,"column":10},"end":{"line":87,"column":18}},{"start":{"line":87,"column":22},"end":{"line":87,"column":42}},{"start":{"line":87,"column":46},"end":{"line":87,"column":66}}],"line":87},"29":{"loc":{"start":{"line":95,"column":2},"end":{"line":112,"column":null}},"type":"if","locations":[{"start":{"line":95,"column":2},"end":{"line":112,"column":null}},{"start":{},"end":{}}],"line":95},"30":{"loc":{"start":{"line":95,"column":6},"end":{"line":95,"column":74}},"type":"binary-expr","locations":[{"start":{"line":95,"column":6},"end":{"line":95,"column":13}},{"start":{"line":95,"column":17},"end":{"line":95,"column":44}},{"start":{"line":95,"column":48},"end":{"line":95,"column":59}},{"start":{"line":95,"column":63},"end":{"line":95,"column":74}}],"line":95},"31":{"loc":{"start":{"line":98,"column":4},"end":{"line":111,"column":null}},"type":"if","locations":[{"start":{"line":98,"column":4},"end":{"line":111,"column":null}},{"start":{},"end":{}}],"line":98},"32":{"loc":{"start":{"line":100,"column":8},"end":{"line":100,"column":null}},"type":"if","locations":[{"start":{"line":100,"column":8},"end":{"line":100,"column":null}},{"start":{},"end":{}}],"line":100},"33":{"loc":{"start":{"line":102,"column":8},"end":{"line":109,"column":null}},"type":"if","locations":[{"start":{"line":102,"column":8},"end":{"line":109,"column":null}},{"start":{},"end":{}}],"line":102},"34":{"loc":{"start":{"line":102,"column":12},"end":{"line":102,"column":31}},"type":"binary-expr","locations":[{"start":{"line":102,"column":12},"end":{"line":102,"column":13}},{"start":{"line":102,"column":17},"end":{"line":102,"column":31}}],"line":102},"35":{"loc":{"start":{"line":104,"column":10},"end":{"line":108,"column":null}},"type":"if","locations":[{"start":{"line":104,"column":10},"end":{"line":108,"column":null}},{"start":{"line":106,"column":17},"end":{"line":108,"column":null}}],"line":104},"36":{"loc":{"start":{"line":106,"column":17},"end":{"line":108,"column":null}},"type":"if","locations":[{"start":{"line":106,"column":17},"end":{"line":108,"column":null}},{"start":{},"end":{}}],"line":106},"37":{"loc":{"start":{"line":125,"column":2},"end":{"line":125,"column":null}},"type":"if","locations":[{"start":{"line":125,"column":2},"end":{"line":125,"column":null}},{"start":{},"end":{}}],"line":125},"38":{"loc":{"start":{"line":125,"column":6},"end":{"line":125,"column":30}},"type":"binary-expr","locations":[{"start":{"line":125,"column":6},"end":{"line":125,"column":14}},{"start":{"line":125,"column":18},"end":{"line":125,"column":30}}],"line":125},"39":{"loc":{"start":{"line":127,"column":16},"end":{"line":127,"column":42}},"type":"binary-expr","locations":[{"start":{"line":127,"column":16},"end":{"line":127,"column":35}},{"start":{"line":127,"column":39},"end":{"line":127,"column":42}}],"line":127},"40":{"loc":{"start":{"line":133,"column":2},"end":{"line":144,"column":null}},"type":"if","locations":[{"start":{"line":133,"column":2},"end":{"line":144,"column":null}},{"start":{"line":136,"column":9},"end":{"line":144,"column":null}}],"line":133},"41":{"loc":{"start":{"line":138,"column":6},"end":{"line":142,"column":null}},"type":"if","locations":[{"start":{"line":138,"column":6},"end":{"line":142,"column":null}},{"start":{},"end":{}}],"line":138},"42":{"loc":{"start":{"line":138,"column":10},"end":{"line":138,"column":100}},"type":"binary-expr","locations":[{"start":{"line":138,"column":10},"end":{"line":138,"column":32}},{"start":{"line":138,"column":36},"end":{"line":138,"column":66}},{"start":{"line":138,"column":70},"end":{"line":138,"column":100}}],"line":138},"43":{"loc":{"start":{"line":148,"column":2},"end":{"line":150,"column":null}},"type":"if","locations":[{"start":{"line":148,"column":2},"end":{"line":150,"column":null}},{"start":{},"end":{}}],"line":148},"44":{"loc":{"start":{"line":148,"column":6},"end":{"line":148,"column":52}},"type":"binary-expr","locations":[{"start":{"line":148,"column":6},"end":{"line":148,"column":16}},{"start":{"line":148,"column":20},"end":{"line":148,"column":52}}],"line":148}},"s":{"0":3,"1":0,"2":0,"3":0,"4":0,"5":0,"6":6,"7":6,"8":0,"9":0,"10":0,"11":0,"12":0,"13":0,"14":0,"15":0,"16":0,"17":0,"18":11,"19":1,"20":44,"21":0,"22":62,"23":62,"24":0,"25":52,"26":52,"27":51,"28":51,"29":51,"30":0,"31":0,"32":52,"33":1,"34":0,"35":0,"36":62,"37":62,"38":2,"39":2,"40":2,"41":2,"42":1,"43":2,"44":62,"45":2,"46":1,"47":1,"48":1,"49":62,"50":2,"51":2,"52":62,"53":62,"54":4,"55":4,"56":4,"57":4,"58":4,"59":4,"60":8,"61":4,"62":4,"63":1,"64":1,"65":2,"66":329,"67":0,"68":329,"69":329,"70":329,"71":329,"72":329,"73":0,"74":0,"75":329,"76":0,"77":3,"78":0,"79":0,"80":1,"81":0,"82":329,"83":5},"f":{"0":0,"1":0,"2":329},"b":{"0":[0,0,0,0,6,6],"1":[0],"2":[0,0],"3":[0,0],"4":[0,0],"5":[0,0],"6":[0,0],"7":[1,10],"8":[11,56,56],"9":[0,44],"10":[44,11],"11":[0,62],"12":[52,0],"13":[52,52,52],"14":[51,0],"15":[0,0],"16":[0,0],"17":[1,51],"18":[0,0],"19":[62,2],"20":[2,0],"21":[1,1],"22":[1,1,1],"23":[62,-60],"24":[2,2],"25":[1,0],"26":[1,1,1],"27":[62,-61],"28":[2,62,62],"29":[1,1],"30":[2,1,1,1],"31":[62,0],"32":[4,0],"33":[4,0],"34":[4,4],"35":[4,4],"36":[4,0],"37":[0,329],"38":[329,329],"39":[329,329],"40":[0,329],"41":[3,-3],"42":[0,3,3],"43":[0,1],"44":[1,1]},"meta":{"lastBranch":45,"lastFunction":3,"lastStatement":84,"seen":{"s:6:30:6:55":0,"f:11:9:11:32":0,"b:13:4:13:Infinity:14:4:14:Infinity:15:4:15:Infinity:16:4:16:Infinity:17:4:17:Infinity:18:4:18:Infinity":0,"s:12:2:19:Infinity":1,"s:13:22:13:Infinity":2,"s:14:28:14:Infinity":3,"s:15:18:15:Infinity":4,"s:16:19:16:Infinity":5,"s:17:24:17:Infinity":6,"s:18:13:18:Infinity":7,"f:33:9:33:21":1,"b:33:102:33:106":1,"s:34:13:34:61":8,"b:34:30:34:48:34:52:34:53":2,"b:35:2:38:Infinity:36:7:38:Infinity":3,"s:35:2:38:Infinity":9,"s:35:37:35:Infinity":10,"b:36:7:38:Infinity:37:7:38:Infinity":4,"s:36:7:38:Infinity":11,"s:36:48:36:Infinity":12,"b:37:7:38:Infinity:38:7:38:Infinity":5,"s:37:7:38:Infinity":13,"s:37:39:37:Infinity":14,"b:38:7:38:Infinity:undefined:undefined:undefined:undefined":6,"s:38:7:38:Infinity":15,"s:38:44:38:Infinity":16,"s:40:19:40:26":17,"b:41:2:43:Infinity:undefined:undefined:undefined:undefined":7,"s:41:2:43:Infinity":18,"b:41:6:41:13:41:17:41:44:41:48:41:59":8,"s:42:4:42:Infinity":19,"b:46:2:58:Infinity:undefined:undefined:undefined:undefined":9,"s:46:2:58:Infinity":20,"b:46:6:46:20:46:24:46:34":10,"s:47:23:47:54":21,"s:48:20:48:46":22,"b:49:4:56:Infinity:undefined:undefined:undefined:undefined":11,"s:49:4:56:Infinity":23,"s:50:6:55:Infinity":24,"b:51:8:54:Infinity:undefined:undefined:undefined:undefined":12,"s:51:8:54:Infinity":25,"b:51:12:51:34:51:38:51:68:51:72:51:102":13,"s:52:10:52:Infinity":26,"s:53:10:53:Infinity":27,"b:57:4:57:Infinity:undefined:undefined:undefined:undefined":14,"s:57:4:57:Infinity":28,"s:57:19:57:Infinity":29,"b:61:2:91:Infinity:undefined:undefined:undefined:undefined":15,"s:61:2:91:Infinity":30,"b:61:6:61:13:61:17:61:44":16,"s:62:19:62:45":31,"b:63:4:73:Infinity:undefined:undefined:undefined:undefined":17,"s:63:4:73:Infinity":32,"s:64:22:64:32":33,"s:65:20:65:46":34,"b:65:20:65:39:65:43:65:46":18,"s:66:23:66:26":35,"b:67:6:71:Infinity:69:13:71:Infinity":19,"s:67:6:71:Infinity":36,"s:68:8:68:Infinity":37,"b:69:13:71:Infinity:undefined:undefined:undefined:undefined":20,"s:69:13:71:Infinity":38,"s:70:8:70:Infinity":39,"s:72:6:72:Infinity":40,"b:76:4:82:Infinity:undefined:undefined:undefined:undefined":21,"s:76:4:82:Infinity":41,"b:76:8:76:26:76:30:76:57:76:61:76:72":22,"s:77:21:77:52":42,"b:78:6:81:Infinity:undefined:undefined:undefined:undefined":23,"s:78:6:81:Infinity":43,"b:78:10:78:16:78:20:78:48":24,"s:79:24:79:65":44,"s:80:8:80:Infinity":45,"b:85:4:90:Infinity:undefined:undefined:undefined:undefined":25,"s:85:4:90:Infinity":46,"b:85:8:85:23:85:27:85:54:85:58:85:69":26,"s:86:23:86:51":47,"b:87:6:89:Infinity:undefined:undefined:undefined:undefined":27,"s:87:6:89:Infinity":48,"b:87:10:87:18:87:22:87:42:87:46:87:66":28,"s:88:8:88:Infinity":49,"s:94:21:94:24":50,"b:95:2:112:Infinity:undefined:undefined:undefined:undefined":29,"s:95:2:112:Infinity":51,"b:95:6:95:13:95:17:95:44:95:48:95:59:95:63:95:74":30,"b:98:4:111:Infinity:undefined:undefined:undefined:undefined":31,"s:98:4:111:Infinity":52,"s:99:6:110:Infinity":53,"b:100:8:100:Infinity:undefined:undefined:undefined:undefined":32,"s:100:8:100:Infinity":54,"s:100:37:100:Infinity":55,"s:101:18:101:38":56,"b:102:8:109:Infinity:undefined:undefined:undefined:undefined":33,"s:102:8:109:Infinity":57,"b:102:12:102:13:102:17:102:31":34,"s:103:24:103:50":58,"b:104:10:108:Infinity:106:17:108:Infinity":35,"s:104:10:108:Infinity":59,"s:105:12:105:Infinity":60,"b:106:17:108:Infinity:undefined:undefined:undefined:undefined":36,"s:106:17:108:Infinity":61,"s:107:12:107:Infinity":62,"s:114:2:114:Infinity":63,"s:115:2:115:Infinity":64,"s:117:2:117:Infinity":65,"f:124:9:124:28":2,"b:125:2:125:Infinity:undefined:undefined:undefined:undefined":37,"s:125:2:125:Infinity":66,"b:125:6:125:14:125:18:125:30":38,"s:125:32:125:Infinity":67,"s:127:16:127:42":68,"b:127:16:127:35:127:39:127:42":39,"s:128:21:128:53":69,"s:130:18:130:21":70,"s:131:19:131:27":71,"b:133:2:144:Infinity:136:9:144:Infinity":40,"s:133:2:144:Infinity":72,"s:134:4:134:Infinity":73,"s:135:4:135:Infinity":74,"s:137:4:143:Infinity":75,"b:138:6:142:Infinity:undefined:undefined:undefined:undefined":41,"s:138:6:142:Infinity":76,"b:138:10:138:32:138:36:138:66:138:70:138:100":42,"s:139:8:139:Infinity":77,"s:140:8:140:Infinity":78,"s:141:8:141:Infinity":79,"b:148:2:150:Infinity:undefined:undefined:undefined:undefined":43,"s:148:2:150:Infinity":80,"b:148:6:148:16:148:20:148:52":44,"s:149:4:149:Infinity":81,"s:152:2:152:Infinity":82,"s:155:0:155:Infinity":83},"fnNames":{}}}
}
